2018-09-05 09:16:53: == 分析比较具有相同大小但文件修改时间不同的文件校验和
2018-09-05 09:16:54: FTP [class 0]: Listing one file is not supported (returns nothing): cannot start transfer: 550: Not a directory
2018-09-05 09:16:54: -- 分析开始 User Command
2018-09-05 09:16:54: 左侧: State file does not exist: F:/blog/public/_gsdata_/_file_state_v4._gs
2018-09-05 09:18:51: 变更：231， 冲突：0， 复制时间：0， 复制状态：81， 错误： 0, All: 313
2018-09-05 09:18:51: Left to Right: Copy File: 231 
2018-09-05 09:18:51: -- 分析已结束。历时 00:02:02, 速度： 156 文件/秒
2018-09-05 09:18:51: 
2018-09-05 09:19:17: == 同步开始由 User Command
2018-09-05 09:19:18: FTP [class 0]: Listing one file is not supported (returns nothing): cannot start transfer: 550: Not a directory
2018-09-05 09:19:19: 创建文件夹 'ftp://v0.ftp.upyun.com/tags/教程'
2018-09-05 09:19:19: 覆盖复制 'F:/blog/public/404.html' -> 'ftp://v0.ftp.upyun.com/404.html' (727)
- 错误: Copying file: server says after data transfer: 550: {"msg":"too many requests of the same uri","code":42900002,"id":"2b50fdd12bf011c81dde316f1b30ceaa"}
2018-09-05 09:19:20: 覆盖复制 'F:/blog/public/about/index.html' -> 'ftp://v0.ftp.upyun.com/about/index.html' (34,851)
- 错误: Copying file: server says after data transfer: 550: {"msg":"too many requests of the same uri","code":42900002,"id":"9833ef1519821e671c521348f2e993d9"}
2018-09-05 09:19:21: Copy Confirmed by CheckSum: ftp://v0.ftp.upyun.com/archives/index.html
2018-09-05 09:19:21: 覆盖复制 'F:/blog/public/archives/index.html' -> 'ftp://v0.ftp.upyun.com/archives/index.html' (62,535)
2018-09-05 09:19:21: 覆盖复制 'F:/blog/public/assets/css/APlayer.min.css' -> 'ftp://v0.ftp.upyun.com/assets/css/APlayer.min.css' (12,528)
- 错误: Copying file: server says after data transfer: 550: {"msg":"too many requests of the same uri","code":42900002,"id":"b42044808ba75fe79932347d46a1cf48"}
2018-09-05 09:19:22: 覆盖复制 'F:/blog/public/assets/js/APlayer.min.js' -> 'ftp://v0.ftp.upyun.com/assets/js/APlayer.min.js' (59,325)
- 错误: Copying file: server says after data transfer: 550: {"msg":"too many requests of the same uri","code":42900002,"id":"223ce770b2b6937eba523e565d55717e"}
2018-09-05 09:19:22: 覆盖复制 'F:/blog/public/assets/js/Meting.min.js' -> 'ftp://v0.ftp.upyun.com/assets/js/Meting.min.js' (1,795)
- 错误: Copying file: server says after data transfer: 550: {"msg":"too many requests of the same uri","code":42900002,"id":"646a2b2486a30c7235dbc33b009d0686"}
2018-09-05 09:19:22: 覆盖复制 'F:/blog/public/atom.xml' -> 'ftp://v0.ftp.upyun.com/atom.xml' (437,983)
- 错误: Copying file: server says after data transfer: 550: {"msg":"too many requests of the same uri","code":42900002,"id":"6cfd76bfc73981d579190d4146d83897"}
2018-09-05 09:19:23: 覆盖复制 'F:/blog/public/baidusitemap.xml' -> 'ftp://v0.ftp.upyun.com/baidusitemap.xml' (18,934)
- 错误: Copying file: server says after data transfer: 550: {"msg":"too many requests of the same uri","code":42900002,"id":"18ea281174354d078a148eea50cdac5e"}
2018-09-05 09:19:24: Copy Confirmed by CheckSum: ftp://v0.ftp.upyun.com/categories/Android/index.html
2018-09-05 09:19:24: 覆盖复制 'F:/blog/public/categories/Android/index.html' -> 'ftp://v0.ftp.upyun.com/categories/Android/index.html' (34,393)
2018-09-05 09:19:25: 覆盖复制 'F:/blog/public/categories/C语言/index.html' -> 'ftp://v0.ftp.upyun.com/categories/C语言/index.html' (32,918)
- 错误: Copying file: server says after data transfer: 550: {"msg":"too many requests of the same uri","code":42900002,"id":"5516e90078b1471f8f9d8656d0228bda"}
2018-09-05 09:19:26: Copy Confirmed by CheckSum: ftp://v0.ftp.upyun.com/categories/hexo/index.html
2018-09-05 09:19:26: 覆盖复制 'F:/blog/public/categories/hexo/index.html' -> 'ftp://v0.ftp.upyun.com/categories/hexo/index.html' (37,777)
2018-09-05 09:19:27: Copy Confirmed by CheckSum: ftp://v0.ftp.upyun.com/categories/index.html
2018-09-05 09:19:27: 覆盖复制 'F:/blog/public/categories/index.html' -> 'ftp://v0.ftp.upyun.com/categories/index.html' (35,456)
2018-09-05 09:19:27: 覆盖复制 'F:/blog/public/categories/Java/index.html' -> 'ftp://v0.ftp.upyun.com/categories/Java/index.html' (33,614)
- 错误: Copying file: server says after data transfer: 550: {"msg":"too many requests of the same uri","code":42900002,"id":"0392d4b4d1f61b89e7f47ff0e826b134"}
2018-09-05 09:19:28: 覆盖复制 'F:/blog/public/categories/python/index.html' -> 'ftp://v0.ftp.upyun.com/categories/python/index.html' (33,633)
- 错误: Copying file: server says after data transfer: 550: {"msg":"too many requests of the same uri","code":42900002,"id":"88b8c585588a874a4a5c806005aaa9f7"}
2018-09-05 09:19:28: 覆盖复制 'F:/blog/public/categories/vps/index.html' -> 'ftp://v0.ftp.upyun.com/categories/vps/index.html' (32,928)
- 错误: Copying file: server says after data transfer: 550: {"msg":"too many requests of the same uri","code":42900002,"id":"afeabac7cf975fdd7effd56ce0f6c90f"}
2018-09-05 09:19:28: 覆盖复制 'F:/blog/public/categories/数据库/index.html' -> 'ftp://v0.ftp.upyun.com/categories/数据库/index.html' (32,945)
- 错误: Copying file: server says after data transfer: 550: {"msg":"too many requests of the same uri","code":42900002,"id":"60b4330967e405d700a82465a37d782e"}
2018-09-05 09:19:29: Copy Confirmed by CheckSum: ftp://v0.ftp.upyun.com/categories/比特币/index.html
2018-09-05 09:19:29: 覆盖复制 'F:/blog/public/categories/比特币/index.html' -> 'ftp://v0.ftp.upyun.com/categories/比特币/index.html' (32,956)
2018-09-05 09:19:30: Copy Confirmed by CheckSum: ftp://v0.ftp.upyun.com/categories/系统/index.html
2018-09-05 09:19:30: 覆盖复制 'F:/blog/public/categories/系统/index.html' -> 'ftp://v0.ftp.upyun.com/categories/系统/index.html' (33,677)
2018-09-05 09:19:32: Copy Confirmed by CheckSum: ftp://v0.ftp.upyun.com/categories/网络/index.html
2018-09-05 09:19:32: 覆盖复制 'F:/blog/public/categories/网络/index.html' -> 'ftp://v0.ftp.upyun.com/categories/网络/index.html' (35,095)
2018-09-05 09:19:32: 覆盖复制 'F:/blog/public/categories/转载/index.html' -> 'ftp://v0.ftp.upyun.com/categories/转载/index.html' (33,000)
- 错误: Copying file: server says after data transfer: 550: {"msg":"too many requests of the same uri","code":42900002,"id":"9b73d682b95b46aed1b86b1517e4da2c"}
2018-09-05 09:19:33: Copy Confirmed by CheckSum: ftp://v0.ftp.upyun.com/categories/闲读/index.html
2018-09-05 09:19:33: 覆盖复制 'F:/blog/public/categories/闲读/index.html' -> 'ftp://v0.ftp.upyun.com/categories/闲读/index.html' (33,652)
2018-09-05 09:19:33: 覆盖复制 'F:/blog/public/categories/音乐/index.html' -> 'ftp://v0.ftp.upyun.com/categories/音乐/index.html' (32,913)
- 错误: Copying file: server says after data transfer: 550: {"msg":"too many requests of the same uri","code":42900002,"id":"70fc30045b5181c400dbdbe7acbcf81a"}
2018-09-05 09:19:34: Copy Confirmed by CheckSum: ftp://v0.ftp.upyun.com/CNAME
2018-09-05 09:19:34: 覆盖复制 'F:/blog/public/CNAME' -> 'ftp://v0.ftp.upyun.com/CNAME' (19)
2018-09-05 09:19:35: Copy Confirmed by CheckSum: ftp://v0.ftp.upyun.com/css/blog-encrypt.css
2018-09-05 09:19:35: 新建复制 'F:/blog/public/css/blog-encrypt.css' -> 'ftp://v0.ftp.upyun.com/css/blog-encrypt.css' (1,748)
2018-09-05 09:19:37: Copy Confirmed by CheckSum: ftp://v0.ftp.upyun.com/css/main.css
2018-09-05 09:19:37: 覆盖复制 'F:/blog/public/css/main.css' -> 'ftp://v0.ftp.upyun.com/css/main.css' (68,193)
2018-09-05 09:19:38: Copy Confirmed by CheckSum: ftp://v0.ftp.upyun.com/images/algolia_logo.svg
2018-09-05 09:19:38: 覆盖复制 'F:/blog/public/images/algolia_logo.svg' -> 'ftp://v0.ftp.upyun.com/images/algolia_logo.svg' (4,410)
2018-09-05 09:19:38: 覆盖复制 'F:/blog/public/images/apple-touch-icon-next.ico' -> 'ftp://v0.ftp.upyun.com/images/apple-touch-icon-next.ico' (67,646)
- 错误: Copying file: server says after data transfer: 550: {"msg":"too many requests of the same uri","code":42900002,"id":"2d8addb0690b966a4bda3c44c8a8ea60"}
2018-09-05 09:19:39: 覆盖复制 'F:/blog/public/images/apple-touch-icon-next.png' -> 'ftp://v0.ftp.upyun.com/images/apple-touch-icon-next.png' (1,544)
- 错误: Copying file: server says after data transfer: 550: {"msg":"too many requests of the same uri","code":42900002,"id":"b54a1fe6256b0bd8450ce649cdc98bf1"}
2018-09-05 09:19:40: Copy Confirmed by CheckSum: ftp://v0.ftp.upyun.com/images/avatar.gif
2018-09-05 09:19:40: 覆盖复制 'F:/blog/public/images/avatar.gif' -> 'ftp://v0.ftp.upyun.com/images/avatar.gif' (2,926)
2018-09-05 09:19:41: Copy Confirmed by CheckSum: ftp://v0.ftp.upyun.com/images/background1.jpg
2018-09-05 09:19:41: 覆盖复制 'F:/blog/public/images/background1.jpg' -> 'ftp://v0.ftp.upyun.com/images/background1.jpg' (218,301)
2018-09-05 09:19:41: 覆盖复制 'F:/blog/public/images/background2.jpg' -> 'ftp://v0.ftp.upyun.com/images/background2.jpg' (343,176)
- 错误: Copying file: server says after data transfer: 550: {"msg":"too many requests of the same uri","code":42900002,"id":"00780739a5a04d77815777da3ade2dac"}
2018-09-05 09:19:42: 覆盖复制 'F:/blog/public/images/background3.jpg' -> 'ftp://v0.ftp.upyun.com/images/background3.jpg' (443,034)
- 错误: Copying file: server says after data transfer: 550: {"msg":"too many requests of the same uri","code":42900002,"id":"a0106edc55a48220ef689d9205e776bf"}
2018-09-05 09:19:42: 覆盖复制 'F:/blog/public/images/background4.jpg' -> 'ftp://v0.ftp.upyun.com/images/background4.jpg' (397,628)
- 错误: Copying file: server says after data transfer: 550: {"msg":"too many requests of the same uri","code":42900002,"id":"598da1ea27e811e1ad714806b3a1fc41"}
2018-09-05 09:19:43: 覆盖复制 'F:/blog/public/images/background5.jpg' -> 'ftp://v0.ftp.upyun.com/images/background5.jpg' (339,444)
- 错误: Copying file: server says after data transfer: 550: {"msg":"too many requests of the same uri","code":42900002,"id":"dc85ef9a042105d0c9d2c8919387e7da"}
2018-09-05 09:19:43: 覆盖复制 'F:/blog/public/images/background6.jpg' -> 'ftp://v0.ftp.upyun.com/images/background6.jpg' (321,373)
- 错误: Copying file: server says after data transfer: 550: {"msg":"too many requests of the same uri","code":42900002,"id":"bf10b9492959174de3978e5234be108e"}
2018-09-05 09:19:44: 覆盖复制 'F:/blog/public/images/cc-by-nc-nd.svg' -> 'ftp://v0.ftp.upyun.com/images/cc-by-nc-nd.svg' (11,043)
- 错误: Copying file: server says after data transfer: 550: {"msg":"too many requests of the same uri","code":42900002,"id":"98774102b14d9b53ab1bddee7e7b0196"}
2018-09-05 09:19:44: Copy Confirmed by CheckSum: ftp://v0.ftp.upyun.com/images/cc-by-nc-sa.svg
2018-09-05 09:19:44: 覆盖复制 'F:/blog/public/images/cc-by-nc-sa.svg' -> 'ftp://v0.ftp.upyun.com/images/cc-by-nc-sa.svg' (11,780)
2018-09-05 09:19:45: 覆盖复制 'F:/blog/public/images/cc-by-nc.svg' -> 'ftp://v0.ftp.upyun.com/images/cc-by-nc.svg' (9,794)
- 错误: Copying file: server says after data transfer: 550: {"msg":"too many requests of the same uri","code":42900002,"id":"7d91bcc356873f588a0f2518745173eb"}
2018-09-05 09:19:45: 覆盖复制 'F:/blog/public/images/cc-by-nd.svg' -> 'ftp://v0.ftp.upyun.com/images/cc-by-nd.svg' (9,500)
- 错误: Copying file: server says after data transfer: 550: {"msg":"too many requests of the same uri","code":42900002,"id":"a8450dd9c620f3377b5603572f0e1e0a"}
2018-09-05 09:19:45: 覆盖复制 'F:/blog/public/images/cc-by-sa.svg' -> 'ftp://v0.ftp.upyun.com/images/cc-by-sa.svg' (10,382)
- 错误: Copying file: server says after data transfer: 550: {"msg":"too many requests of the same uri","code":42900002,"id":"b6ed8ffab23121b5c455da668c1157b6"}
2018-09-05 09:19:46: 覆盖复制 'F:/blog/public/images/cc-by.svg' -> 'ftp://v0.ftp.upyun.com/images/cc-by.svg' (8,400)
- 错误: Copying file: server says after data transfer: 550: {"msg":"too many requests of the same uri","code":42900002,"id":"bb15f2450aa3712793fb8595645f607a"}
2018-09-05 09:19:46: 覆盖复制 'F:/blog/public/images/cc-zero.svg' -> 'ftp://v0.ftp.upyun.com/images/cc-zero.svg' (6,287)
- 错误: Copying file: server says after data transfer: 550: {"msg":"too many requests of the same uri","code":42900002,"id":"29b90d6acd8409f1a96dcadb0fee714e"}
2018-09-05 09:19:46: 覆盖复制 'F:/blog/public/images/favicon-16x16-next.ico' -> 'ftp://v0.ftp.upyun.com/images/favicon-16x16-next.ico' (1,150)
- 错误: Copying file: server says after data transfer: 550: {"msg":"too many requests of the same uri","code":42900002,"id":"24f4440aece4c119b60856015686b82f"}
2018-09-05 09:19:47: 覆盖复制 'F:/blog/public/images/favicon-16x16-next.png' -> 'ftp://v0.ftp.upyun.com/images/favicon-16x16-next.png' (435)
- 错误: Copying file: server says after data transfer: 550: {"msg":"too many requests of the same uri","code":42900002,"id":"0f83394f04745e34aa1426b83f4fda7e"}
2018-09-05 09:19:48: Copy Confirmed by CheckSum: ftp://v0.ftp.upyun.com/images/favicon-32x32-next.ico
2018-09-05 09:19:48: 覆盖复制 'F:/blog/public/images/favicon-32x32-next.ico' -> 'ftp://v0.ftp.upyun.com/images/favicon-32x32-next.ico' (4,286)
2018-09-05 09:19:49: 覆盖复制 'F:/blog/public/images/favicon-32x32-next.png' -> 'ftp://v0.ftp.upyun.com/images/favicon-32x32-next.png' (640)
- 错误: Copying file: server says after data transfer: 550: {"msg":"too many requests of the same uri","code":42900002,"id":"49e44bd484749199b6b9869759a9b4bf"}
2018-09-05 09:19:49: 覆盖复制 'F:/blog/public/images/favicon-48x48-next.ico' -> 'ftp://v0.ftp.upyun.com/images/favicon-48x48-next.ico' (9,662)
- 错误: Copying file: server says after data transfer: 550: {"msg":"too many requests of the same uri","code":42900002,"id":"44e087c16277d6954861d67f6a5235a2"}
2018-09-05 09:19:50: Copy Confirmed by CheckSum: ftp://v0.ftp.upyun.com/images/head.png
2018-09-05 09:19:50: 覆盖复制 'F:/blog/public/images/head.png' -> 'ftp://v0.ftp.upyun.com/images/head.png' (31,689)
2018-09-05 09:19:51: 覆盖复制 'F:/blog/public/images/loading.gif' -> 'ftp://v0.ftp.upyun.com/images/loading.gif' (35)
- 错误: Copying file: server says after data transfer: 550: {"msg":"too many requests of the same uri","code":42900002,"id":"5a071a7000e485a7e5ef46ec8436d303"}
2018-09-05 09:19:51: 覆盖复制 'F:/blog/public/images/logo.svg' -> 'ftp://v0.ftp.upyun.com/images/logo.svg' (1,059)
- 错误: Copying file: server says after data transfer: 550: {"msg":"too many requests of the same uri","code":42900002,"id":"ed9012ac891c580a85f09a074da0048d"}
2018-09-05 09:19:51: 覆盖复制 'F:/blog/public/images/placeholder.gif' -> 'ftp://v0.ftp.upyun.com/images/placeholder.gif' (35)
- 错误: Copying file: server says after data transfer: 550: {"msg":"too many requests of the same uri","code":42900002,"id":"d06e709df2ef07f133aa21f479234e73"}
2018-09-05 09:19:52: 覆盖复制 'F:/blog/public/images/quote-l.svg' -> 'ftp://v0.ftp.upyun.com/images/quote-l.svg' (892)
- 错误: Copying file: server says after data transfer: 550: {"msg":"too many requests of the same uri","code":42900002,"id":"605dc8972a7f2856705055e36093081b"}
2018-09-05 09:19:53: Copy Confirmed by CheckSum: ftp://v0.ftp.upyun.com/images/quote-r.svg
2018-09-05 09:19:53: 覆盖复制 'F:/blog/public/images/quote-r.svg' -> 'ftp://v0.ftp.upyun.com/images/quote-r.svg' (880)
2018-09-05 09:19:54: Copy Confirmed by CheckSum: ftp://v0.ftp.upyun.com/images/searchicon.png
2018-09-05 09:19:54: 覆盖复制 'F:/blog/public/images/searchicon.png' -> 'ftp://v0.ftp.upyun.com/images/searchicon.png' (766)
2018-09-05 09:19:55: Copy Confirmed by CheckSum: ftp://v0.ftp.upyun.com/index.html
2018-09-05 09:19:55: 覆盖复制 'F:/blog/public/index.html' -> 'ftp://v0.ftp.upyun.com/index.html' (81,076)
2018-09-05 09:19:56: Copy Confirmed by CheckSum: ftp://v0.ftp.upyun.com/js/src/affix.js
2018-09-05 09:19:56: 覆盖复制 'F:/blog/public/js/src/affix.js' -> 'ftp://v0.ftp.upyun.com/js/src/affix.js' (5,100)
2018-09-05 09:19:56: 覆盖复制 'F:/blog/public/js/src/algolia-search.js' -> 'ftp://v0.ftp.upyun.com/js/src/algolia-search.js' (3,297)
- 错误: Copying file: server says after data transfer: 550: {"msg":"too many requests of the same uri","code":42900002,"id":"074039e75fa90acd32df64ef6914cc5a"}
2018-09-05 09:19:56: 覆盖复制 'F:/blog/public/js/src/av-min.js' -> 'ftp://v0.ftp.upyun.com/js/src/av-min.js' (142,297)
- 错误: Copying file: server says after data transfer: 550: {"msg":"too many requests of the same uri","code":42900002,"id":"7ac25d8377a50d59e5fecfd62ab4b2fe"}
2018-09-05 09:19:57: Copy Confirmed by CheckSum: ftp://v0.ftp.upyun.com/js/src/bootstrap.js
2018-09-05 09:19:57: 覆盖复制 'F:/blog/public/js/src/bootstrap.js' -> 'ftp://v0.ftp.upyun.com/js/src/bootstrap.js' (1,602)
2018-09-05 09:19:58: 覆盖复制 'F:/blog/public/js/src/clicklove.js' -> 'ftp://v0.ftp.upyun.com/js/src/clicklove.js' (1,559)
- 错误: Copying file: server says after data transfer: 550: {"msg":"too many requests of the same uri","code":42900002,"id":"66da8817ce628b0c7200d09f53f9c756"}
2018-09-05 09:19:59: Copy Confirmed by CheckSum: ftp://v0.ftp.upyun.com/js/src/exturl.js
2018-09-05 09:19:59: 覆盖复制 'F:/blog/public/js/src/exturl.js' -> 'ftp://v0.ftp.upyun.com/js/src/exturl.js' (1,846)
2018-09-05 09:20:00: Copy Confirmed by CheckSum: ftp://v0.ftp.upyun.com/js/src/js.cookie.js
2018-09-05 09:20:00: 覆盖复制 'F:/blog/public/js/src/js.cookie.js' -> 'ftp://v0.ftp.upyun.com/js/src/js.cookie.js' (3,872)
2018-09-05 09:20:00: Copy Confirmed by CheckSum: ftp://v0.ftp.upyun.com/js/src/motion.js
2018-09-05 09:20:00: 覆盖复制 'F:/blog/public/js/src/motion.js' -> 'ftp://v0.ftp.upyun.com/js/src/motion.js' (10,560)
2018-09-05 09:20:01: 覆盖复制 'F:/blog/public/js/src/post-details.js' -> 'ftp://v0.ftp.upyun.com/js/src/post-details.js' (3,424)
- 错误: Copying file: server says after data transfer: 550: {"msg":"too many requests of the same uri","code":42900002,"id":"ab8ee818327db3093a4dacb2c3ce796a"}
2018-09-05 09:20:01: 覆盖复制 'F:/blog/public/js/src/schemes/pisces.js' -> 'ftp://v0.ftp.upyun.com/js/src/schemes/pisces.js' (1,596)
- 错误: Copying file: server says after data transfer: 550: {"msg":"too many requests of the same uri","code":42900002,"id":"77a2d42508d33d8ee4bc50e4e5d41f14"}
2018-09-05 09:20:02: 覆盖复制 'F:/blog/public/js/src/scroll-cookie.js' -> 'ftp://v0.ftp.upyun.com/js/src/scroll-cookie.js' (671)
- 错误: Copying file: server says after data transfer: 550: {"msg":"too many requests of the same uri","code":42900002,"id":"14c6109f1a064f5ec4694a860d959fa7"}
2018-09-05 09:20:02: 覆盖复制 'F:/blog/public/js/src/scrollspy.js' -> 'ftp://v0.ftp.upyun.com/js/src/scrollspy.js' (5,081)
- 错误: Copying file: server says after data transfer: 550: {"msg":"too many requests of the same uri","code":42900002,"id":"a23162b8acd5e88bc2912dab8369d4f8"}
2018-09-05 09:20:02: 覆盖复制 'F:/blog/public/js/src/utils.js' -> 'ftp://v0.ftp.upyun.com/js/src/utils.js' (10,204)
- 错误: Copying file: server says after data transfer: 550: {"msg":"too many requests of the same uri","code":42900002,"id":"31ef7d77fea935e8be4a8666c086e146"}
2018-09-05 09:20:03: 覆盖复制 'F:/blog/public/js/src/Valine.min.js' -> 'ftp://v0.ftp.upyun.com/js/src/Valine.min.js' (71,806)
- 错误: Copying file: server says after data transfer: 550: {"msg":"too many requests of the same uri","code":42900002,"id":"f4c9b7378a24b7bb9c1112db6835cd76"}
2018-09-05 09:20:04: Copy Confirmed by CheckSum: ftp://v0.ftp.upyun.com/lib/blog-encrypt.js
2018-09-05 09:20:04: 新建复制 'F:/blog/public/lib/blog-encrypt.js' -> 'ftp://v0.ftp.upyun.com/lib/blog-encrypt.js' (2,361)
2018-09-05 09:20:04: Copy Confirmed by CheckSum: ftp://v0.ftp.upyun.com/lib/bookmark/bookmark.min.js
2018-09-05 09:20:04: 覆盖复制 'F:/blog/public/lib/bookmark/bookmark.min.js' -> 'ftp://v0.ftp.upyun.com/lib/bookmark/bookmark.min.js' (1,742)
2018-09-05 09:20:05: Copy Confirmed by CheckSum: ftp://v0.ftp.upyun.com/lib/bookmark/index.js
2018-09-05 09:20:05: 覆盖复制 'F:/blog/public/lib/bookmark/index.js' -> 'ftp://v0.ftp.upyun.com/lib/bookmark/index.js' (4,039)
2018-09-05 09:20:06: Copy Confirmed by CheckSum: ftp://v0.ftp.upyun.com/lib/bookmark/LICENSE
2018-09-05 09:20:06: 覆盖复制 'F:/blog/public/lib/bookmark/LICENSE' -> 'ftp://v0.ftp.upyun.com/lib/bookmark/LICENSE' (1,093)
2018-09-05 09:20:07: 覆盖复制 'F:/blog/public/lib/bookmark/package.json' -> 'ftp://v0.ftp.upyun.com/lib/bookmark/package.json' (674)
- 错误: Copying file: server says after data transfer: 550: {"msg":"too many requests of the same uri","code":42900002,"id":"6229f06ab4a8116e1b09b04aaf464476"}
2018-09-05 09:20:08: Copy Confirmed by CheckSum: ftp://v0.ftp.upyun.com/lib/bookmark/README.html
2018-09-05 09:20:08: 覆盖复制 'F:/blog/public/lib/bookmark/README.html' -> 'ftp://v0.ftp.upyun.com/lib/bookmark/README.html' (1,794)
2018-09-05 09:20:08: Copy Confirmed by CheckSum: ftp://v0.ftp.upyun.com/lib/canvas-nest/canvas-nest.min.js
2018-09-05 09:20:08: 覆盖复制 'F:/blog/public/lib/canvas-nest/canvas-nest.min.js' -> 'ftp://v0.ftp.upyun.com/lib/canvas-nest/canvas-nest.min.js' (1,700)
2018-09-05 09:20:09: 覆盖复制 'F:/blog/public/lib/canvas-nest/LICENSE' -> 'ftp://v0.ftp.upyun.com/lib/canvas-nest/LICENSE' (1,084)
- 错误: Copying file: server says after data transfer: 550: {"msg":"too many requests of the same uri","code":42900002,"id":"6e188a4b82a595c308dbd3f1d199875b"}
2018-09-05 09:20:09: 覆盖复制 'F:/blog/public/lib/canvas-nest/README.html' -> 'ftp://v0.ftp.upyun.com/lib/canvas-nest/README.html' (1,156)
- 错误: Copying file: server says after data transfer: 550: {"msg":"too many requests of the same uri","code":42900002,"id":"845f019804e425582353df090a46956a"}
2018-09-05 09:20:10: Copy Confirmed by CheckSum: ftp://v0.ftp.upyun.com/lib/crypto-js.js
2018-09-05 09:20:10: 新建复制 'F:/blog/public/lib/crypto-js.js' -> 'ftp://v0.ftp.upyun.com/lib/crypto-js.js' (191,936)
2018-09-05 09:20:11: Copy Confirmed by CheckSum: ftp://v0.ftp.upyun.com/lib/fancybox/LICENSE
2018-09-05 09:20:11: 覆盖复制 'F:/blog/public/lib/fancybox/LICENSE' -> 'ftp://v0.ftp.upyun.com/lib/fancybox/LICENSE' (35,821)
2018-09-05 09:20:12: Copy Confirmed by CheckSum: ftp://v0.ftp.upyun.com/lib/fancybox/README.html
2018-09-05 09:20:12: 覆盖复制 'F:/blog/public/lib/fancybox/README.html' -> 'ftp://v0.ftp.upyun.com/lib/fancybox/README.html' (1,475)
2018-09-05 09:20:13: 覆盖复制 'F:/blog/public/lib/fancybox/source/blank.gif' -> 'ftp://v0.ftp.upyun.com/lib/fancybox/source/blank.gif' (43)
- 错误: Copying file: server says after data transfer: 550: {"msg":"too many requests of the same uri","code":42900002,"id":"92e6b0e6fe0afabc2543a01743741fbc"}
2018-09-05 09:20:14: Copy Confirmed by CheckSum: ftp://v0.ftp.upyun.com/lib/fancybox/source/fancybox_loading.gif
2018-09-05 09:20:14: 覆盖复制 'F:/blog/public/lib/fancybox/source/fancybox_loading.gif' -> 'ftp://v0.ftp.upyun.com/lib/fancybox/source/fancybox_loading.gif' (6,567)
2018-09-05 09:20:14: 覆盖复制 'F:/blog/public/lib/fancybox/source/fancybox_loading@2x.gif' -> 'ftp://v0.ftp.upyun.com/lib/fancybox/source/fancybox_loading@2x.gif' (13,984)
- 错误: Copying file: server says after data transfer: 550: {"msg":"too many requests of the same uri","code":42900002,"id":"65dfd02134f8b35342cbf10e24b9b439"}
2018-09-05 09:20:14: 覆盖复制 'F:/blog/public/lib/fancybox/source/fancybox_overlay.png' -> 'ftp://v0.ftp.upyun.com/lib/fancybox/source/fancybox_overlay.png' (1,003)
- 错误: Copying file: server says after data transfer: 550: {"msg":"too many requests of the same uri","code":42900002,"id":"0379bfb07fb1cdce9017f3e433adc16a"}
2018-09-05 09:20:16: Copy Confirmed by CheckSum: ftp://v0.ftp.upyun.com/lib/fancybox/source/fancybox_sprite.png
2018-09-05 09:20:16: 覆盖复制 'F:/blog/public/lib/fancybox/source/fancybox_sprite.png' -> 'ftp://v0.ftp.upyun.com/lib/fancybox/source/fancybox_sprite.png' (1,362)
2018-09-05 09:20:17: Copy Confirmed by CheckSum: ftp://v0.ftp.upyun.com/lib/fancybox/source/fancybox_sprite@2x.png
2018-09-05 09:20:17: 覆盖复制 'F:/blog/public/lib/fancybox/source/fancybox_sprite@2x.png' -> 'ftp://v0.ftp.upyun.com/lib/fancybox/source/fancybox_sprite@2x.png' (6,553)
2018-09-05 09:20:18: Copy Confirmed by CheckSum: ftp://v0.ftp.upyun.com/lib/fancybox/source/helpers/fancybox_buttons.png
2018-09-05 09:20:18: 覆盖复制 'F:/blog/public/lib/fancybox/source/helpers/fancybox_buttons.png' -> 'ftp://v0.ftp.upyun.com/lib/fancybox/source/helpers/fancybox_buttons.png' (1,080)
2018-09-05 09:20:18: 覆盖复制 'F:/blog/public/lib/fancybox/source/helpers/jquery.fancybox-buttons.css' -> 'ftp://v0.ftp.upyun.com/lib/fancybox/source/helpers/jquery.fancybox-buttons.css' (2,447)
- 错误: Copying file: server says after data transfer: 550: {"msg":"too many requests of the same uri","code":42900002,"id":"93854359004541c534d5b65362fe9e7b"}
2018-09-05 09:20:18: 覆盖复制 'F:/blog/public/lib/fancybox/source/helpers/jquery.fancybox-buttons.js' -> 'ftp://v0.ftp.upyun.com/lib/fancybox/source/helpers/jquery.fancybox-buttons.js' (3,041)
- 错误: Copying file: server says after data transfer: 550: {"msg":"too many requests of the same uri","code":42900002,"id":"3c7924aa1d0361070596c452fd01fa12"}
2018-09-05 09:20:19: 覆盖复制 'F:/blog/public/lib/fancybox/source/helpers/jquery.fancybox-media.js' -> 'ftp://v0.ftp.upyun.com/lib/fancybox/source/helpers/jquery.fancybox-media.js' (5,305)
- 错误: Copying file: server says after data transfer: 550: {"msg":"too many requests of the same uri","code":42900002,"id":"1cef826c2113f4c07815720ad6f44372"}
2018-09-05 09:20:20: Copy Confirmed by CheckSum: ftp://v0.ftp.upyun.com/lib/fancybox/source/helpers/jquery.fancybox-thumbs.css
2018-09-05 09:20:20: 覆盖复制 'F:/blog/public/lib/fancybox/source/helpers/jquery.fancybox-thumbs.css' -> 'ftp://v0.ftp.upyun.com/lib/fancybox/source/helpers/jquery.fancybox-thumbs.css' (735)
2018-09-05 09:20:20: 覆盖复制 'F:/blog/public/lib/fancybox/source/helpers/jquery.fancybox-thumbs.js' -> 'ftp://v0.ftp.upyun.com/lib/fancybox/source/helpers/jquery.fancybox-thumbs.js' (3,836)
- 错误: Copying file: server says after data transfer: 550: {"msg":"too many requests of the same uri","code":42900002,"id":"e4c67693d4a67cebb4bf918bce6f1d8d"}
2018-09-05 09:20:20: 覆盖复制 'F:/blog/public/lib/fancybox/source/jquery.fancybox.css' -> 'ftp://v0.ftp.upyun.com/lib/fancybox/source/jquery.fancybox.css' (4,895)
- 错误: Copying file: server says after data transfer: 550: {"msg":"too many requests of the same uri","code":42900002,"id":"7f21116fd1c48a202162435b3b148ce8"}
2018-09-05 09:20:21: 覆盖复制 'F:/blog/public/lib/fancybox/source/jquery.fancybox.js' -> 'ftp://v0.ftp.upyun.com/lib/fancybox/source/jquery.fancybox.js' (48,706)
- 错误: Copying file: server says after data transfer: 550: {"msg":"too many requests of the same uri","code":42900002,"id":"994f0015f3fe72d5a07c20c22c5f2f91"}
2018-09-05 09:20:21: 覆盖复制 'F:/blog/public/lib/fancybox/source/jquery.fancybox.pack.js' -> 'ftp://v0.ftp.upyun.com/lib/fancybox/source/jquery.fancybox.pack.js' (23,135)
- 错误: Copying file: server says after data transfer: 550: {"msg":"too many requests of the same uri","code":42900002,"id":"b17a934c03eec0aa16f15e7ce2f06f15"}
2018-09-05 09:20:22: 覆盖复制 'F:/blog/public/lib/font-awesome/bower.json' -> 'ftp://v0.ftp.upyun.com/lib/font-awesome/bower.json' (312)
- 错误: Copying file: server says after data transfer: 550: {"msg":"too many requests of the same uri","code":42900002,"id":"e15a961b7e4efff086eef7982ef0b538"}
2018-09-05 09:20:23: Copy Confirmed by CheckSum: ftp://v0.ftp.upyun.com/lib/font-awesome/css/font-awesome.css
2018-09-05 09:20:23: 覆盖复制 'F:/blog/public/lib/font-awesome/css/font-awesome.css' -> 'ftp://v0.ftp.upyun.com/lib/font-awesome/css/font-awesome.css' (37,414)
2018-09-05 09:20:23: 覆盖复制 'F:/blog/public/lib/font-awesome/css/font-awesome.css.map' -> 'ftp://v0.ftp.upyun.com/lib/font-awesome/css/font-awesome.css.map' (21,785)
- 错误: Copying file: server says after data transfer: 550: {"msg":"too many requests of the same uri","code":42900002,"id":"ec69ef13648f050d1ab04a419ea179a4"}
2018-09-05 09:20:23: 覆盖复制 'F:/blog/public/lib/font-awesome/css/font-awesome.min.css' -> 'ftp://v0.ftp.upyun.com/lib/font-awesome/css/font-awesome.min.css' (31,000)
- 错误: Copying file: server says after data transfer: 550: {"msg":"too many requests of the same uri","code":42900002,"id":"9e27fcb2d147e79493fc4ac4d15a5937"}
2018-09-05 09:20:24: 覆盖复制 'F:/blog/public/lib/font-awesome/fonts/fontawesome-webfont.eot' -> 'ftp://v0.ftp.upyun.com/lib/font-awesome/fonts/fontawesome-webfont.eot' (165,742)
- 错误: Copying file: server says after data transfer: 550: {"msg":"too many requests of the same uri","code":42900002,"id":"383c89cc892a1fabedcc632d6a5fdbd5"}
2018-09-05 09:20:24: 覆盖复制 'F:/blog/public/lib/font-awesome/fonts/fontawesome-webfont.woff' -> 'ftp://v0.ftp.upyun.com/lib/font-awesome/fonts/fontawesome-webfont.woff' (98,024)
- 错误: Copying file: server says after data transfer: 550: {"msg":"too many requests of the same uri","code":42900002,"id":"2638e0ede1002ec65ae319acdec64a41"}
2018-09-05 09:20:25: 覆盖复制 'F:/blog/public/lib/font-awesome/fonts/fontawesome-webfont.woff2' -> 'ftp://v0.ftp.upyun.com/lib/font-awesome/fonts/fontawesome-webfont.woff2' (77,160)
- 错误: Copying file: server says after data transfer: 550: {"msg":"too many requests of the same uri","code":42900002,"id":"0375cb69e2c30abbb78527dc8b104d85"}
2018-09-05 09:20:26: Copy Confirmed by CheckSum: ftp://v0.ftp.upyun.com/lib/font-awesome/HELP-US-OUT.txt
2018-09-05 09:20:26: 覆盖复制 'F:/blog/public/lib/font-awesome/HELP-US-OUT.txt' -> 'ftp://v0.ftp.upyun.com/lib/font-awesome/HELP-US-OUT.txt' (330)
2018-09-05 09:20:27: Copy Confirmed by CheckSum: ftp://v0.ftp.upyun.com/lib/jquery/index.js
2018-09-05 09:20:27: 覆盖复制 'F:/blog/public/lib/jquery/index.js' -> 'ftp://v0.ftp.upyun.com/lib/jquery/index.js' (84,320)
2018-09-05 09:20:28: Copy Confirmed by CheckSum: ftp://v0.ftp.upyun.com/lib/pace/LICENSE
2018-09-05 09:20:28: 覆盖复制 'F:/blog/public/lib/pace/LICENSE' -> 'ftp://v0.ftp.upyun.com/lib/pace/LICENSE' (1,084)
2018-09-05 09:20:30: Copy Confirmed by CheckSum: ftp://v0.ftp.upyun.com/lib/pace/pace-theme-barber-shop.min.css
2018-09-05 09:20:30: 覆盖复制 'F:/blog/public/lib/pace/pace-theme-barber-shop.min.css' -> 'ftp://v0.ftp.upyun.com/lib/pace/pace-theme-barber-shop.min.css' (2,714)
2018-09-05 09:20:32: Copy Confirmed by CheckSum: ftp://v0.ftp.upyun.com/lib/pace/pace-theme-big-counter.min.css
2018-09-05 09:20:32: 覆盖复制 'F:/blog/public/lib/pace/pace-theme-big-counter.min.css' -> 'ftp://v0.ftp.upyun.com/lib/pace/pace-theme-big-counter.min.css' (635)
2018-09-05 09:20:33: 覆盖复制 'F:/blog/public/lib/pace/pace-theme-bounce.min.css' -> 'ftp://v0.ftp.upyun.com/lib/pace/pace-theme-bounce.min.css' (3,607)
- 错误: Copying file: server says after data transfer: 550: {"msg":"too many requests of the same uri","code":42900002,"id":"0f2347ba3ea756dc28b3230cf66891c3"}
2018-09-05 09:20:33: 覆盖复制 'F:/blog/public/lib/pace/pace-theme-center-atom.min.css' -> 'ftp://v0.ftp.upyun.com/lib/pace/pace-theme-center-atom.min.css' (2,105)
- 错误: Copying file: server says after data transfer: 550: {"msg":"too many requests of the same uri","code":42900002,"id":"f0f0e3349ee50de55037a108ee8cc5f8"}
2018-09-05 09:20:34: Copy Confirmed by CheckSum: ftp://v0.ftp.upyun.com/lib/pace/pace-theme-center-circle.min.css
2018-09-05 09:20:34: 覆盖复制 'F:/blog/public/lib/pace/pace-theme-center-circle.min.css' -> 'ftp://v0.ftp.upyun.com/lib/pace/pace-theme-center-circle.min.css' (1,730)
2018-09-05 09:20:34: 覆盖复制 'F:/blog/public/lib/pace/pace-theme-center-radar.min.css' -> 'ftp://v0.ftp.upyun.com/lib/pace/pace-theme-center-radar.min.css' (1,000)
- 错误: Copying file: server says after data transfer: 550: {"msg":"too many requests of the same uri","code":42900002,"id":"b75ce87405ae1e651aa8c73010f18493"}
2018-09-05 09:20:34: 覆盖复制 'F:/blog/public/lib/pace/pace-theme-center-simple.min.css' -> 'ftp://v0.ftp.upyun.com/lib/pace/pace-theme-center-simple.min.css' (731)
- 错误: Copying file: server says after data transfer: 550: {"msg":"too many requests of the same uri","code":42900002,"id":"debdae3a84b69ff798f17b226e5730c3"}
2018-09-05 09:20:35: 覆盖复制 'F:/blog/public/lib/pace/pace-theme-corner-indicator.min.css' -> 'ftp://v0.ftp.upyun.com/lib/pace/pace-theme-corner-indicator.min.css' (1,582)
- 错误: Copying file: server says after data transfer: 550: {"msg":"too many requests of the same uri","code":42900002,"id":"7521d546f3e621c558cf2b4a0e160036"}
2018-09-05 09:20:36: Copy Confirmed by CheckSum: ftp://v0.ftp.upyun.com/lib/pace/pace-theme-fill-left.min.css
2018-09-05 09:20:36: 覆盖复制 'F:/blog/public/lib/pace/pace-theme-fill-left.min.css' -> 'ftp://v0.ftp.upyun.com/lib/pace/pace-theme-fill-left.min.css' (283)
2018-09-05 09:20:37: Copy Confirmed by CheckSum: ftp://v0.ftp.upyun.com/lib/pace/pace-theme-flash.min.css
2018-09-05 09:20:37: 覆盖复制 'F:/blog/public/lib/pace/pace-theme-flash.min.css' -> 'ftp://v0.ftp.upyun.com/lib/pace/pace-theme-flash.min.css' (1,678)
2018-09-05 09:20:37: 覆盖复制 'F:/blog/public/lib/pace/pace-theme-loading-bar.min.css' -> 'ftp://v0.ftp.upyun.com/lib/pace/pace-theme-loading-bar.min.css' (8,442)
- 错误: Copying file: server says after data transfer: 550: {"msg":"too many requests of the same uri","code":42900002,"id":"550fe576b8af1a48f8ac5b1f32609e73"}
2018-09-05 09:20:38: Copy Confirmed by CheckSum: ftp://v0.ftp.upyun.com/lib/pace/pace-theme-mac-osx.min.css
2018-09-05 09:20:38: 覆盖复制 'F:/blog/public/lib/pace/pace-theme-mac-osx.min.css' -> 'ftp://v0.ftp.upyun.com/lib/pace/pace-theme-mac-osx.min.css' (2,474)
2018-09-05 09:20:38: 覆盖复制 'F:/blog/public/lib/pace/pace-theme-minimal.min.css' -> 'ftp://v0.ftp.upyun.com/lib/pace/pace-theme-minimal.min.css' (250)
- 错误: Copying file: server says after data transfer: 550: {"msg":"too many requests of the same uri","code":42900002,"id":"3f0150348522e50472819313b5c7bc68"}
2018-09-05 09:20:39: 覆盖复制 'F:/blog/public/lib/pace/pace.min.js' -> 'ftp://v0.ftp.upyun.com/lib/pace/pace.min.js' (12,507)
- 错误: Copying file: server says after data transfer: 550: {"msg":"too many requests of the same uri","code":42900002,"id":"7e59824c88f79b078fd812b6c2ac86ba"}
2018-09-05 09:20:39: Copy Confirmed by CheckSum: ftp://v0.ftp.upyun.com/lib/pace/README.html
2018-09-05 09:20:39: 覆盖复制 'F:/blog/public/lib/pace/README.html' -> 'ftp://v0.ftp.upyun.com/lib/pace/README.html' (1,124)
2018-09-05 09:20:41: Copy Confirmed by CheckSum: ftp://v0.ftp.upyun.com/lib/pangu/dist/pangu.js
2018-09-05 09:20:41: 覆盖复制 'F:/blog/public/lib/pangu/dist/pangu.js' -> 'ftp://v0.ftp.upyun.com/lib/pangu/dist/pangu.js' (20,237)
2018-09-05 09:20:42: Copy Confirmed by CheckSum: ftp://v0.ftp.upyun.com/lib/pangu/dist/pangu.js.map
2018-09-05 09:20:42: 覆盖复制 'F:/blog/public/lib/pangu/dist/pangu.js.map' -> 'ftp://v0.ftp.upyun.com/lib/pangu/dist/pangu.js.map' (23,033)
2018-09-05 09:20:42: 覆盖复制 'F:/blog/public/lib/pangu/dist/pangu.min.js' -> 'ftp://v0.ftp.upyun.com/lib/pangu/dist/pangu.min.js' (8,620)
- 错误: Copying file: server says after data transfer: 550: {"msg":"too many requests of the same uri","code":42900002,"id":"e4778b62a121bf3568a94b2c141971a6"}
2018-09-05 09:20:43: 覆盖复制 'F:/blog/public/lib/pangu/dist/pangu.min.js.map' -> 'ftp://v0.ftp.upyun.com/lib/pangu/dist/pangu.min.js.map' (45,857)
- 错误: Copying file: server says after data transfer: 550: {"msg":"too many requests of the same uri","code":42900002,"id":"f8996c6d7b65f0a7f94744c81ada6e68"}
2018-09-05 09:20:44: Copy Confirmed by CheckSum: ftp://v0.ftp.upyun.com/lib/pangu/LICENSE
2018-09-05 09:20:44: 覆盖复制 'F:/blog/public/lib/pangu/LICENSE' -> 'ftp://v0.ftp.upyun.com/lib/pangu/LICENSE' (1,092)
2018-09-05 09:20:44: 覆盖复制 'F:/blog/public/lib/pangu/README.html' -> 'ftp://v0.ftp.upyun.com/lib/pangu/README.html' (1,123)
- 错误: Copying file: server says after data transfer: 550: {"msg":"too many requests of the same uri","code":42900002,"id":"bf66f77a224ebb4a5f554ac5f4f7b343"}
2018-09-05 09:20:45: 覆盖复制 'F:/blog/public/lib/reading_progress/LICENSE' -> 'ftp://v0.ftp.upyun.com/lib/reading_progress/LICENSE' (1,084)
- 错误: Copying file: server says after data transfer: 550: {"msg":"too many requests of the same uri","code":42900002,"id":"9711e231e431b7ca26571c59ea7fc368"}
2018-09-05 09:20:45: 覆盖复制 'F:/blog/public/lib/reading_progress/package.json' -> 'ftp://v0.ftp.upyun.com/lib/reading_progress/package.json' (639)
- 错误: Copying file: server says after data transfer: 550: {"msg":"too many requests of the same uri","code":42900002,"id":"31194d3beeb7a4bc3fa392ff182769f8"}
2018-09-05 09:20:45: 覆盖复制 'F:/blog/public/lib/reading_progress/reading_progress.js' -> 'ftp://v0.ftp.upyun.com/lib/reading_progress/reading_progress.js' (927)
- 错误: Copying file: server says after data transfer: 550: {"msg":"too many requests of the same uri","code":42900002,"id":"33cdc2e2c1339a42d8b7fcbf90c227b1"}
2018-09-05 09:20:46: 覆盖复制 'F:/blog/public/lib/reading_progress/reading_progress.min.js' -> 'ftp://v0.ftp.upyun.com/lib/reading_progress/reading_progress.min.js' (512)
- 错误: Copying file: server says after data transfer: 550: {"msg":"too many requests of the same uri","code":42900002,"id":"205d803162fc6ae393ce52a5f7c772a4"}
2018-09-05 09:20:46: 覆盖复制 'F:/blog/public/lib/reading_progress/README.html' -> 'ftp://v0.ftp.upyun.com/lib/reading_progress/README.html' (1,176)
- 错误: Copying file: server says after data transfer: 550: {"msg":"too many requests of the same uri","code":42900002,"id":"a8035c9b47e9f40a5fab581f5f727284"}
2018-09-05 09:20:46: 覆盖复制 'F:/blog/public/lib/ua-parser-js/dist/ua-parser.min.js' -> 'ftp://v0.ftp.upyun.com/lib/ua-parser-js/dist/ua-parser.min.js' (12,949)
- 错误: Copying file: server says after data transfer: 550: {"msg":"too many requests of the same uri","code":42900002,"id":"9a8e651b7ba4433528a1824d3137f74f"}
2018-09-05 09:20:47: 覆盖复制 'F:/blog/public/lib/ua-parser-js/dist/ua-parser.pack.js' -> 'ftp://v0.ftp.upyun.com/lib/ua-parser-js/dist/ua-parser.pack.js' (10,523)
- 错误: Copying file: server says after data transfer: 550: {"msg":"too many requests of the same uri","code":42900002,"id":"4f55f67931fecd33d811fc3e1f423a69"}
2018-09-05 09:20:48: Copy Confirmed by CheckSum: ftp://v0.ftp.upyun.com/lib/velocity/velocity.js
2018-09-05 09:20:48: 覆盖复制 'F:/blog/public/lib/velocity/velocity.js' -> 'ftp://v0.ftp.upyun.com/lib/velocity/velocity.js' (213,757)
2018-09-05 09:20:48: 覆盖复制 'F:/blog/public/lib/velocity/velocity.min.js' -> 'ftp://v0.ftp.upyun.com/lib/velocity/velocity.min.js' (34,856)
- 错误: Copying file: server says after data transfer: 550: {"msg":"too many requests of the same uri","code":42900002,"id":"7fe792fd4e23d1e120f402307b3128e5"}
2018-09-05 09:20:49: 覆盖复制 'F:/blog/public/lib/velocity/velocity.ui.js' -> 'ftp://v0.ftp.upyun.com/lib/velocity/velocity.ui.js' (34,762)
- 错误: Copying file: server says after data transfer: 550: {"msg":"too many requests of the same uri","code":42900002,"id":"6b662f14e38f8e518392e360effa9fef"}
2018-09-05 09:20:49: 覆盖复制 'F:/blog/public/lib/velocity/velocity.ui.min.js' -> 'ftp://v0.ftp.upyun.com/lib/velocity/velocity.ui.min.js' (13,257)
- 错误: Copying file: server says after data transfer: 550: {"msg":"too many requests of the same uri","code":42900002,"id":"6a35321577e2bc0a2bd888e3e03e7a79"}
2018-09-05 09:20:49: 覆盖复制 'F:/blog/public/live2dw/assets/miku.model.json' -> 'ftp://v0.ftp.upyun.com/live2dw/assets/miku.model.json' (392)
- 错误: Copying file: server says after data transfer: 550: {"msg":"too many requests of the same uri","code":42900002,"id":"262e2ea9dc710d369bee36a71b581c05"}
2018-09-05 09:20:51: Copy Confirmed by CheckSum: ftp://v0.ftp.upyun.com/live2dw/assets/miku.physics.json
2018-09-05 09:20:51: 覆盖复制 'F:/blog/public/live2dw/assets/miku.physics.json' -> 'ftp://v0.ftp.upyun.com/live2dw/assets/miku.physics.json' (1,206)
2018-09-05 09:20:51: 覆盖复制 'F:/blog/public/live2dw/assets/moc/miku.2048/texture_00.png' -> 'ftp://v0.ftp.upyun.com/live2dw/assets/moc/miku.2048/texture_00.png' (776,587)
- 错误: Copying file: server says after data transfer: 550: {"msg":"too many requests of the same uri","code":42900002,"id":"b2b9ffdf0254c5b4e8a06302d45aee99"}
2018-09-05 09:20:52: 覆盖复制 'F:/blog/public/live2dw/assets/moc/miku.moc' -> 'ftp://v0.ftp.upyun.com/live2dw/assets/moc/miku.moc' (192,026)
- 错误: Copying file: server says after data transfer: 550: {"msg":"too many requests of the same uri","code":42900002,"id":"3e83ad5e2716ef9f343aec82b4357b54"}
2018-09-05 09:20:53: Copy Confirmed by CheckSum: ftp://v0.ftp.upyun.com/live2dw/assets/mtn/miku_idle_01.mtn
2018-09-05 09:20:53: 覆盖复制 'F:/blog/public/live2dw/assets/mtn/miku_idle_01.mtn' -> 'ftp://v0.ftp.upyun.com/live2dw/assets/mtn/miku_idle_01.mtn' (12,276)
2018-09-05 09:20:53: 覆盖复制 'F:/blog/public/live2dw/assets/mtn/miku_m_01.mtn' -> 'ftp://v0.ftp.upyun.com/live2dw/assets/mtn/miku_m_01.mtn' (1,090)
- 错误: Copying file: server says after data transfer: 550: {"msg":"too many requests of the same uri","code":42900002,"id":"100fc84027aa5124d18b17030e0e9e45"}
2018-09-05 09:20:53: 覆盖复制 'F:/blog/public/live2dw/assets/mtn/miku_m_02.mtn' -> 'ftp://v0.ftp.upyun.com/live2dw/assets/mtn/miku_m_02.mtn' (2,682)
- 错误: Copying file: server says after data transfer: 550: {"msg":"too many requests of the same uri","code":42900002,"id":"8a812199c7453e62454b07db14501d1b"}
2018-09-05 09:20:54: Copy Confirmed by CheckSum: ftp://v0.ftp.upyun.com/live2dw/assets/mtn/miku_m_03.mtn
2018-09-05 09:20:54: 覆盖复制 'F:/blog/public/live2dw/assets/mtn/miku_m_03.mtn' -> 'ftp://v0.ftp.upyun.com/live2dw/assets/mtn/miku_m_03.mtn' (1,844)
2018-09-05 09:20:55: 覆盖复制 'F:/blog/public/live2dw/assets/mtn/miku_m_04.mtn' -> 'ftp://v0.ftp.upyun.com/live2dw/assets/mtn/miku_m_04.mtn' (1,859)
- 错误: Copying file: server says after data transfer: 550: {"msg":"too many requests of the same uri","code":42900002,"id":"ac09771e488be915016ae29d0986d5d3"}
2018-09-05 09:20:55: 覆盖复制 'F:/blog/public/live2dw/assets/mtn/miku_m_05.mtn' -> 'ftp://v0.ftp.upyun.com/live2dw/assets/mtn/miku_m_05.mtn' (3,980)
- 错误: Copying file: server says after data transfer: 550: {"msg":"too many requests of the same uri","code":42900002,"id":"e8962f8517ad836664b3931532794644"}
2018-09-05 09:20:55: 覆盖复制 'F:/blog/public/live2dw/assets/mtn/miku_m_06.mtn' -> 'ftp://v0.ftp.upyun.com/live2dw/assets/mtn/miku_m_06.mtn' (1,700)
- 错误: Copying file: server says after data transfer: 550: {"msg":"too many requests of the same uri","code":42900002,"id":"cd7b6e0986d298c0a2772f31682949e9"}
2018-09-05 09:20:56: 覆盖复制 'F:/blog/public/live2dw/assets/mtn/miku_shake_01.mtn' -> 'ftp://v0.ftp.upyun.com/live2dw/assets/mtn/miku_shake_01.mtn' (4,134)
- 错误: Copying file: server says after data transfer: 550: {"msg":"too many requests of the same uri","code":42900002,"id":"f0e33c14e20514631abb56748da41dbc"}
2018-09-05 09:20:57: Copy Confirmed by CheckSum: ftp://v0.ftp.upyun.com/live2dw/lib/L2Dwidget.0.min.js
2018-09-05 09:20:57: 覆盖复制 'F:/blog/public/live2dw/lib/L2Dwidget.0.min.js' -> 'ftp://v0.ftp.upyun.com/live2dw/lib/L2Dwidget.0.min.js' (149,036)
2018-09-05 09:20:58: 覆盖复制 'F:/blog/public/live2dw/lib/L2Dwidget.0.min.js.map' -> 'ftp://v0.ftp.upyun.com/live2dw/lib/L2Dwidget.0.min.js.map' (547,017)
- 错误: Copying file: server says after data transfer: 550: {"msg":"too many requests of the same uri","code":42900002,"id":"5f10a816ef7436c5ce1649b174f1aca8"}
2018-09-05 09:20:58: 覆盖复制 'F:/blog/public/live2dw/lib/L2Dwidget.min.js' -> 'ftp://v0.ftp.upyun.com/live2dw/lib/L2Dwidget.min.js' (32,560)
- 错误: Copying file: server says after data transfer: 550: {"msg":"too many requests of the same uri","code":42900002,"id":"4b58fb9699ed61c5eb1be44c4d9e80de"}
2018-09-05 09:20:58: 覆盖复制 'F:/blog/public/live2dw/lib/L2Dwidget.min.js.map' -> 'ftp://v0.ftp.upyun.com/live2dw/lib/L2Dwidget.min.js.map' (176,224)
- 错误: Copying file: server says after data transfer: 550: {"msg":"too many requests of the same uri","code":42900002,"id":"8632b37920de9bb50df8599f3154ccd7"}
2018-09-05 09:21:00: Copy Confirmed by CheckSum: ftp://v0.ftp.upyun.com/page/2/index.html
2018-09-05 09:21:00: 覆盖复制 'F:/blog/public/page/2/index.html' -> 'ftp://v0.ftp.upyun.com/page/2/index.html' (86,878)
2018-09-05 09:21:01: Copy Confirmed by CheckSum: ftp://v0.ftp.upyun.com/page/3/index.html
2018-09-05 09:21:01: 覆盖复制 'F:/blog/public/page/3/index.html' -> 'ftp://v0.ftp.upyun.com/page/3/index.html' (90,393)
2018-09-05 09:21:02: Copy Confirmed by CheckSum: ftp://v0.ftp.upyun.com/page/4/index.html
2018-09-05 09:21:02: 覆盖复制 'F:/blog/public/page/4/index.html' -> 'ftp://v0.ftp.upyun.com/page/4/index.html' (82,064)
2018-09-05 09:21:03: Copy Confirmed by CheckSum: ftp://v0.ftp.upyun.com/post/106fc1c3.html
2018-09-05 09:21:03: 覆盖复制 'F:/blog/public/post/106fc1c3.html' -> 'ftp://v0.ftp.upyun.com/post/106fc1c3.html' (44,442)
2018-09-05 09:21:03: 覆盖复制 'F:/blog/public/post/12acf01b.html' -> 'ftp://v0.ftp.upyun.com/post/12acf01b.html' (47,104)
- 错误: Copying file: server says after data transfer: 550: {"msg":"too many requests of the same uri","code":42900002,"id":"39200424ff029a4f453ffed2b6ec12e8"}
2018-09-05 09:21:04: 覆盖复制 'F:/blog/public/post/13c8d3a0.html' -> 'ftp://v0.ftp.upyun.com/post/13c8d3a0.html' (93,323)
- 错误: Copying file: server says after data transfer: 550: {"msg":"too many requests of the same uri","code":42900002,"id":"03feda732b5048246a083f5aac3da875"}
2018-09-05 09:21:04: 覆盖复制 'F:/blog/public/post/16dd4349.html' -> 'ftp://v0.ftp.upyun.com/post/16dd4349.html' (46,394)
- 错误: Copying file: server says after data transfer: 550: {"msg":"too many requests of the same uri","code":42900002,"id":"be3071be29caa8d729592697b1cd90fc"}
2018-09-05 09:21:05: 覆盖复制 'F:/blog/public/post/1bb05bfb.html' -> 'ftp://v0.ftp.upyun.com/post/1bb05bfb.html' (44,309)
- 错误: Copying file: server says after data transfer: 550: {"msg":"too many requests of the same uri","code":42900002,"id":"c27b1fdfa5d977875d15e52744906d95"}
2018-09-05 09:21:06: Copy Confirmed by CheckSum: ftp://v0.ftp.upyun.com/post/23e28675.html
2018-09-05 09:21:06: 覆盖复制 'F:/blog/public/post/23e28675.html' -> 'ftp://v0.ftp.upyun.com/post/23e28675.html' (45,627)
2018-09-05 09:21:07: Copy Confirmed by CheckSum: ftp://v0.ftp.upyun.com/post/29cebcea.html
2018-09-05 09:21:07: 覆盖复制 'F:/blog/public/post/29cebcea.html' -> 'ftp://v0.ftp.upyun.com/post/29cebcea.html' (59,607)
2018-09-05 09:21:08: Copy Confirmed by CheckSum: ftp://v0.ftp.upyun.com/post/30631cd4.html
2018-09-05 09:21:08: 覆盖复制 'F:/blog/public/post/30631cd4.html' -> 'ftp://v0.ftp.upyun.com/post/30631cd4.html' (48,413)
2018-09-05 09:21:09: Copy Confirmed by CheckSum: ftp://v0.ftp.upyun.com/post/38df1aba.html
2018-09-05 09:21:09: 新建复制 'F:/blog/public/post/38df1aba.html' -> 'ftp://v0.ftp.upyun.com/post/38df1aba.html' (48,920)
2018-09-05 09:21:10: Copy Confirmed by CheckSum: ftp://v0.ftp.upyun.com/post/40ae08c3.html
2018-09-05 09:21:10: 覆盖复制 'F:/blog/public/post/40ae08c3.html' -> 'ftp://v0.ftp.upyun.com/post/40ae08c3.html' (49,516)
2018-09-05 09:21:10: 覆盖复制 'F:/blog/public/post/47112e7a.html' -> 'ftp://v0.ftp.upyun.com/post/47112e7a.html' (51,131)
- 错误: Copying file: server says after data transfer: 550: {"msg":"too many requests of the same uri","code":42900002,"id":"13dc336121d3cb9fd6c8abdfbd57d10c"}
2018-09-05 09:21:11: 覆盖复制 'F:/blog/public/post/4a17b156.html' -> 'ftp://v0.ftp.upyun.com/post/4a17b156.html' (42,363)
- 错误: Copying file: server says after data transfer: 550: {"msg":"too many requests of the same uri","code":42900002,"id":"e946f422300f63d4d354a5edffc3eb0c"}
2018-09-05 09:21:12: Copy Confirmed by CheckSum: ftp://v0.ftp.upyun.com/post/5133767d.html
2018-09-05 09:21:12: 覆盖复制 'F:/blog/public/post/5133767d.html' -> 'ftp://v0.ftp.upyun.com/post/5133767d.html' (42,167)
2018-09-05 09:21:13: Copy Confirmed by CheckSum: ftp://v0.ftp.upyun.com/post/51937609.html
2018-09-05 09:21:13: 覆盖复制 'F:/blog/public/post/51937609.html' -> 'ftp://v0.ftp.upyun.com/post/51937609.html' (45,133)
2018-09-05 09:21:13: 覆盖复制 'F:/blog/public/post/53b2030c.html' -> 'ftp://v0.ftp.upyun.com/post/53b2030c.html' (43,969)
- 错误: Copying file: server says after data transfer: 550: {"msg":"too many requests of the same uri","code":42900002,"id":"2855eb514fc4335133098aef1485c6d5"}
2018-09-05 09:21:13: 覆盖复制 'F:/blog/public/post/60a25379.html' -> 'ftp://v0.ftp.upyun.com/post/60a25379.html' (58,566)
- 错误: Copying file: server says after data transfer: 550: {"msg":"too many requests of the same uri","code":42900002,"id":"45c3addb73fd49c98d1d4f649a49f714"}
2018-09-05 09:21:14: Copy Confirmed by CheckSum: ftp://v0.ftp.upyun.com/post/60cd4fc4.html
2018-09-05 09:21:14: 覆盖复制 'F:/blog/public/post/60cd4fc4.html' -> 'ftp://v0.ftp.upyun.com/post/60cd4fc4.html' (43,378)
2018-09-05 09:21:16: Copy Confirmed by CheckSum: ftp://v0.ftp.upyun.com/post/63840324.html
2018-09-05 09:21:16: 覆盖复制 'F:/blog/public/post/63840324.html' -> 'ftp://v0.ftp.upyun.com/post/63840324.html' (47,757)
2018-09-05 09:21:17: Copy Confirmed by CheckSum: ftp://v0.ftp.upyun.com/post/65a05ef.html
2018-09-05 09:21:17: 覆盖复制 'F:/blog/public/post/65a05ef.html' -> 'ftp://v0.ftp.upyun.com/post/65a05ef.html' (52,013)
2018-09-05 09:21:17: 覆盖复制 'F:/blog/public/post/6d7b9178.html' -> 'ftp://v0.ftp.upyun.com/post/6d7b9178.html' (60,066)
- 错误: Copying file: server says after data transfer: 550: {"msg":"too many requests of the same uri","code":42900002,"id":"67c668f759e2762dc0ca98b80520733b"}
2018-09-05 09:21:17: 覆盖复制 'F:/blog/public/post/72dd6893.html' -> 'ftp://v0.ftp.upyun.com/post/72dd6893.html' (53,919)
- 错误: Copying file: server says after data transfer: 550: {"msg":"too many requests of the same uri","code":42900002,"id":"aecaac45b675dcce38e77a66d4ee4423"}
2018-09-05 09:21:18: Copy Confirmed by CheckSum: ftp://v0.ftp.upyun.com/post/74b1112a.html
2018-09-05 09:21:18: 覆盖复制 'F:/blog/public/post/74b1112a.html' -> 'ftp://v0.ftp.upyun.com/post/74b1112a.html' (50,843)
2018-09-05 09:21:19: Copy Confirmed by CheckSum: ftp://v0.ftp.upyun.com/post/8b3b02a7.html
2018-09-05 09:21:19: 覆盖复制 'F:/blog/public/post/8b3b02a7.html' -> 'ftp://v0.ftp.upyun.com/post/8b3b02a7.html' (46,762)
2018-09-05 09:21:21: Copy Confirmed by CheckSum: ftp://v0.ftp.upyun.com/post/8c8e25d.html
2018-09-05 09:21:21: 覆盖复制 'F:/blog/public/post/8c8e25d.html' -> 'ftp://v0.ftp.upyun.com/post/8c8e25d.html' (68,869)
2018-09-05 09:21:22: Copy Confirmed by CheckSum: ftp://v0.ftp.upyun.com/post/936c5fbe.html
2018-09-05 09:21:22: 覆盖复制 'F:/blog/public/post/936c5fbe.html' -> 'ftp://v0.ftp.upyun.com/post/936c5fbe.html' (59,579)
2018-09-05 09:21:23: Copy Confirmed by CheckSum: ftp://v0.ftp.upyun.com/post/98bc273a.html
2018-09-05 09:21:23: 覆盖复制 'F:/blog/public/post/98bc273a.html' -> 'ftp://v0.ftp.upyun.com/post/98bc273a.html' (46,967)
2018-09-05 09:21:24: Copy Confirmed by CheckSum: ftp://v0.ftp.upyun.com/post/9a8cdc59.html
2018-09-05 09:21:24: 覆盖复制 'F:/blog/public/post/9a8cdc59.html' -> 'ftp://v0.ftp.upyun.com/post/9a8cdc59.html' (106,380)
2018-09-05 09:21:25: Copy Confirmed by CheckSum: ftp://v0.ftp.upyun.com/post/a033ab3f.html
2018-09-05 09:21:25: 覆盖复制 'F:/blog/public/post/a033ab3f.html' -> 'ftp://v0.ftp.upyun.com/post/a033ab3f.html' (49,834)
2018-09-05 09:21:25: 覆盖复制 'F:/blog/public/post/a11ee691.html' -> 'ftp://v0.ftp.upyun.com/post/a11ee691.html' (40,981)
- 错误: Copying file: server says after data transfer: 550: {"msg":"too many requests of the same uri","code":42900002,"id":"b2ddcd9833ca189723694c44b347ac2b"}
2018-09-05 09:21:26: 覆盖复制 'F:/blog/public/post/a84d1ef1.html' -> 'ftp://v0.ftp.upyun.com/post/a84d1ef1.html' (58,812)
- 错误: Copying file: server says after data transfer: 550: {"msg":"too many requests of the same uri","code":42900002,"id":"457a602633ce0c6ec3196f2aa4db3d2b"}
2018-09-05 09:21:27: Copy Confirmed by CheckSum: ftp://v0.ftp.upyun.com/post/b04d82e3.html
2018-09-05 09:21:27: 覆盖复制 'F:/blog/public/post/b04d82e3.html' -> 'ftp://v0.ftp.upyun.com/post/b04d82e3.html' (43,939)
2018-09-05 09:21:27: 覆盖复制 'F:/blog/public/post/c9feff90.html' -> 'ftp://v0.ftp.upyun.com/post/c9feff90.html' (43,077)
- 错误: Copying file: server says after data transfer: 550: {"msg":"too many requests of the same uri","code":42900002,"id":"050bafe09430f7b1ea579fe227a279b2"}
2018-09-05 09:21:29: Copy Confirmed by CheckSum: ftp://v0.ftp.upyun.com/post/cd12463.html
2018-09-05 09:21:29: 覆盖复制 'F:/blog/public/post/cd12463.html' -> 'ftp://v0.ftp.upyun.com/post/cd12463.html' (48,305)
2018-09-05 09:21:30: Copy Confirmed by CheckSum: ftp://v0.ftp.upyun.com/post/cf1235a7.html
2018-09-05 09:21:30: 覆盖复制 'F:/blog/public/post/cf1235a7.html' -> 'ftp://v0.ftp.upyun.com/post/cf1235a7.html' (43,767)
2018-09-05 09:21:31: Copy Confirmed by CheckSum: ftp://v0.ftp.upyun.com/post/d87f7e0c.html
2018-09-05 09:21:31: 覆盖复制 'F:/blog/public/post/d87f7e0c.html' -> 'ftp://v0.ftp.upyun.com/post/d87f7e0c.html' (42,198)
2018-09-05 09:21:32: Copy Confirmed by CheckSum: ftp://v0.ftp.upyun.com/post/e07f2122.html
2018-09-05 09:21:32: 覆盖复制 'F:/blog/public/post/e07f2122.html' -> 'ftp://v0.ftp.upyun.com/post/e07f2122.html' (71,554)
2018-09-05 09:21:33: Copy Confirmed by CheckSum: ftp://v0.ftp.upyun.com/post/fa0e7c88.html
2018-09-05 09:21:33: 覆盖复制 'F:/blog/public/post/fa0e7c88.html' -> 'ftp://v0.ftp.upyun.com/post/fa0e7c88.html' (47,847)
2018-09-05 09:21:33: 覆盖复制 'F:/blog/public/post/fa20dd9d.html' -> 'ftp://v0.ftp.upyun.com/post/fa20dd9d.html' (69,438)
- 错误: Copying file: server says after data transfer: 550: {"msg":"too many requests of the same uri","code":42900002,"id":"de93c73047e87e28bbec484e4f5cfc48"}
2018-09-05 09:21:33: 覆盖复制 'F:/blog/public/post/fdf0e152.html' -> 'ftp://v0.ftp.upyun.com/post/fdf0e152.html' (40,900)
- 错误: Copying file: server says after data transfer: 550: {"msg":"too many requests of the same uri","code":42900002,"id":"0e69e71129fd7e3b2b02bfe6763dda2e"}
2018-09-05 09:21:34: 覆盖复制 'F:/blog/public/post/fec62b1b.html' -> 'ftp://v0.ftp.upyun.com/post/fec62b1b.html' (48,967)
- 错误: Copying file: server says after data transfer: 550: {"msg":"too many requests of the same uri","code":42900002,"id":"fff50c96058e5f4586491065e26801d8"}
2018-09-05 09:21:34: 覆盖复制 'F:/blog/public/README.md' -> 'ftp://v0.ftp.upyun.com/README.md' (68)
- 错误: Copying file: server says after data transfer: 550: {"msg":"too many requests of the same uri","code":42900002,"id":"3cf554dc37fc5d8fa28ae14e793a1627"}
2018-09-05 09:21:35: 覆盖复制 'F:/blog/public/search.xml' -> 'ftp://v0.ftp.upyun.com/search.xml' (247,610)
- 错误: Copying file: server says after data transfer: 550: {"msg":"too many requests of the same uri","code":42900002,"id":"25f17dc9ceaaf13b96dacfb5850bb5b1"}
2018-09-05 09:21:35: Copy Confirmed by CheckSum: ftp://v0.ftp.upyun.com/sitemap.xml
2018-09-05 09:21:35: 覆盖复制 'F:/blog/public/sitemap.xml' -> 'ftp://v0.ftp.upyun.com/sitemap.xml' (6,220)
2018-09-05 09:21:36: Copy Confirmed by CheckSum: ftp://v0.ftp.upyun.com/tags/Android/index.html
2018-09-05 09:21:36: 覆盖复制 'F:/blog/public/tags/Android/index.html' -> 'ftp://v0.ftp.upyun.com/tags/Android/index.html' (34,375)
2018-09-05 09:21:37: 覆盖复制 'F:/blog/public/tags/C语言/index.html' -> 'ftp://v0.ftp.upyun.com/tags/C语言/index.html' (32,900)
- 错误: Copying file: server says after data transfer: 550: {"msg":"too many requests of the same uri","code":42900002,"id":"96273380bad05681f5e3cd8b6a741620"}
2018-09-05 09:21:38: Copy Confirmed by CheckSum: ftp://v0.ftp.upyun.com/tags/eNSP/index.html
2018-09-05 09:21:38: 覆盖复制 'F:/blog/public/tags/eNSP/index.html' -> 'ftp://v0.ftp.upyun.com/tags/eNSP/index.html' (34,385)
2018-09-05 09:21:39: Copy Confirmed by CheckSum: ftp://v0.ftp.upyun.com/tags/hexo/index.html
2018-09-05 09:21:39: 覆盖复制 'F:/blog/public/tags/hexo/index.html' -> 'ftp://v0.ftp.upyun.com/tags/hexo/index.html' (37,759)
2018-09-05 09:21:40: 覆盖复制 'F:/blog/public/tags/ICT/index.html' -> 'ftp://v0.ftp.upyun.com/tags/ICT/index.html' (34,381)
- 错误: Copying file: server says after data transfer: 550: {"msg":"too many requests of the same uri","code":42900002,"id":"1523128ebaecba3f6d64108afe91fdcd"}
2018-09-05 09:21:41: Copy Confirmed by CheckSum: ftp://v0.ftp.upyun.com/tags/index.html
2018-09-05 09:21:41: 覆盖复制 'F:/blog/public/tags/index.html' -> 'ftp://v0.ftp.upyun.com/tags/index.html' (36,773)
2018-09-05 09:21:42: 覆盖复制 'F:/blog/public/tags/Java/index.html' -> 'ftp://v0.ftp.upyun.com/tags/Java/index.html' (33,596)
- 错误: Copying file: server says after data transfer: 550: {"msg":"too many requests of the same uri","code":42900002,"id":"592fbf8bdc1843745503a4fc8769686e"}
2018-09-05 09:21:43: Copy Confirmed by CheckSum: ftp://v0.ftp.upyun.com/tags/Linux/index.html
2018-09-05 09:21:43: 覆盖复制 'F:/blog/public/tags/Linux/index.html' -> 'ftp://v0.ftp.upyun.com/tags/Linux/index.html' (32,919)
2018-09-05 09:21:44: Copy Confirmed by CheckSum: ftp://v0.ftp.upyun.com/tags/MySQL/index.html
2018-09-05 09:21:44: 覆盖复制 'F:/blog/public/tags/MySQL/index.html' -> 'ftp://v0.ftp.upyun.com/tags/MySQL/index.html' (32,911)
2018-09-05 09:21:45: Copy Confirmed by CheckSum: ftp://v0.ftp.upyun.com/tags/python/index.html
2018-09-05 09:21:45: 覆盖复制 'F:/blog/public/tags/python/index.html' -> 'ftp://v0.ftp.upyun.com/tags/python/index.html' (35,686)
2018-09-05 09:21:46: Copy Confirmed by CheckSum: ftp://v0.ftp.upyun.com/tags/Testing/index.html
2018-09-05 09:21:46: 覆盖复制 'F:/blog/public/tags/Testing/index.html' -> 'ftp://v0.ftp.upyun.com/tags/Testing/index.html' (32,896)
2018-09-05 09:21:47: Copy Confirmed by CheckSum: ftp://v0.ftp.upyun.com/tags/Ubuntu/index.html
2018-09-05 09:21:47: 覆盖复制 'F:/blog/public/tags/Ubuntu/index.html' -> 'ftp://v0.ftp.upyun.com/tags/Ubuntu/index.html' (32,923)
2018-09-05 09:21:47: 覆盖复制 'F:/blog/public/tags/uefi/index.html' -> 'ftp://v0.ftp.upyun.com/tags/uefi/index.html' (32,915)
- 错误: Copying file: server says after data transfer: 550: {"msg":"too many requests of the same uri","code":42900002,"id":"3e0737551089cc67aa744904e0ec9950"}
2018-09-05 09:21:48: 覆盖复制 'F:/blog/public/tags/vps/index.html' -> 'ftp://v0.ftp.upyun.com/tags/vps/index.html' (32,910)
- 错误: Copying file: server says after data transfer: 550: {"msg":"too many requests of the same uri","code":42900002,"id":"1da8e000c29889a0b23ebb9ba8e5185c"}
2018-09-05 09:21:49: Copy Confirmed by CheckSum: ftp://v0.ftp.upyun.com/tags/windows/index.html
2018-09-05 09:21:49: 覆盖复制 'F:/blog/public/tags/windows/index.html' -> 'ftp://v0.ftp.upyun.com/tags/windows/index.html' (32,952)
2018-09-05 09:21:50: Copy Confirmed by CheckSum: ftp://v0.ftp.upyun.com/tags/免流/index.html
2018-09-05 09:21:50: 覆盖复制 'F:/blog/public/tags/免流/index.html' -> 'ftp://v0.ftp.upyun.com/tags/免流/index.html' (32,896)
2018-09-05 09:21:51: Copy Confirmed by CheckSum: ftp://v0.ftp.upyun.com/tags/励志/index.html
2018-09-05 09:21:51: 覆盖复制 'F:/blog/public/tags/励志/index.html' -> 'ftp://v0.ftp.upyun.com/tags/励志/index.html' (32,919)
2018-09-05 09:21:52: Copy Confirmed by CheckSum: ftp://v0.ftp.upyun.com/tags/区块链/index.html
2018-09-05 09:21:52: 覆盖复制 'F:/blog/public/tags/区块链/index.html' -> 'ftp://v0.ftp.upyun.com/tags/区块链/index.html' (32,938)
2018-09-05 09:21:53: Copy Confirmed by CheckSum: ftp://v0.ftp.upyun.com/tags/学习/index.html
2018-09-05 09:21:53: 覆盖复制 'F:/blog/public/tags/学习/index.html' -> 'ftp://v0.ftp.upyun.com/tags/学习/index.html' (32,932)
2018-09-05 09:21:54: Copy Confirmed by CheckSum: ftp://v0.ftp.upyun.com/tags/情感/index.html
2018-09-05 09:21:54: 覆盖复制 'F:/blog/public/tags/情感/index.html' -> 'ftp://v0.ftp.upyun.com/tags/情感/index.html' (32,919)
2018-09-05 09:21:55: Copy Confirmed by CheckSum: ftp://v0.ftp.upyun.com/tags/教程/index.html
2018-09-05 09:21:55: 新建复制 'F:/blog/public/tags/教程/index.html' -> 'ftp://v0.ftp.upyun.com/tags/教程/index.html' (32,909)
2018-09-05 09:21:55: 覆盖复制 'F:/blog/public/tags/数据库/index.html' -> 'ftp://v0.ftp.upyun.com/tags/数据库/index.html' (32,927)
- 错误: Copying file: server says after data transfer: 550: {"msg":"too many requests of the same uri","code":42900002,"id":"31c20c9816aadafc3509a4311bf41e75"}
2018-09-05 09:21:56: 覆盖复制 'F:/blog/public/tags/数据通信/index.html' -> 'ftp://v0.ftp.upyun.com/tags/数据通信/index.html' (34,417)
- 错误: Copying file: server says after data transfer: 550: {"msg":"too many requests of the same uri","code":42900002,"id":"83dd2e3390999133f8adc4997e5b7ab2"}
2018-09-05 09:21:57: Copy Confirmed by CheckSum: ftp://v0.ftp.upyun.com/tags/梦想/index.html
2018-09-05 09:21:57: 覆盖复制 'F:/blog/public/tags/梦想/index.html' -> 'ftp://v0.ftp.upyun.com/tags/梦想/index.html' (32,926)
2018-09-05 09:21:58: Copy Confirmed by CheckSum: ftp://v0.ftp.upyun.com/tags/比特币/index.html
2018-09-05 09:21:58: 覆盖复制 'F:/blog/public/tags/比特币/index.html' -> 'ftp://v0.ftp.upyun.com/tags/比特币/index.html' (32,938)
2018-09-05 09:21:59: Copy Confirmed by CheckSum: ftp://v0.ftp.upyun.com/tags/爬虫/index.html
2018-09-05 09:21:59: 覆盖复制 'F:/blog/public/tags/爬虫/index.html' -> 'ftp://v0.ftp.upyun.com/tags/爬虫/index.html' (34,283)
2018-09-05 09:22:00: Copy Confirmed by CheckSum: ftp://v0.ftp.upyun.com/tags/生活/index.html
2018-09-05 09:22:00: 覆盖复制 'F:/blog/public/tags/生活/index.html' -> 'ftp://v0.ftp.upyun.com/tags/生活/index.html' (32,926)
2018-09-05 09:22:00: 覆盖复制 'F:/blog/public/tags/网络/index.html' -> 'ftp://v0.ftp.upyun.com/tags/网络/index.html' (32,896)
- 错误: Copying file: server says after data transfer: 550: {"msg":"too many requests of the same uri","code":42900002,"id":"369337be25b7e2f35e787a236212f27d"}
2018-09-05 09:22:01: 覆盖复制 'F:/blog/public/tags/课程设计/index.html' -> 'ftp://v0.ftp.upyun.com/tags/课程设计/index.html' (32,920)
- 错误: Copying file: server says after data transfer: 550: {"msg":"too many requests of the same uri","code":42900002,"id":"806ec16922b04d4bb2931dca7760e9de"}
2018-09-05 09:22:01: 覆盖复制 'F:/blog/public/top/index.html' -> 'ftp://v0.ftp.upyun.com/top/index.html' (32,761)
- 错误: Copying file: server says after data transfer: 550: {"msg":"too many requests of the same uri","code":42900002,"id":"8abdf289655ec68ecab0e4179a5f68d4"}
2018-09-05 09:22:02: == 同步完成. 历时: 00:02:45, 速度: 27.8 KB/s, 完成: 188, 错误: 124
2018-09-05 09:22:02: 
