2018-08-23 16:37:20: == 分析比较具有相同大小但文件修改时间不同的文件校验和
2018-08-23 16:37:21: FTP [class 0]: Listing one file is not supported (returns nothing): cannot start transfer: 550: Not a directory
2018-08-23 16:37:21: -- 分析开始 User Command
2018-08-23 16:38:52: 变更：15， 冲突：0， 复制时间：0， 复制状态：0， 错误： 0, All: 307
2018-08-23 16:38:52: Left to Right: Copy File: 15 
2018-08-23 16:38:52: -- 分析已结束。历时 00:01:32, 速度： 9 文件/秒
2018-08-23 16:38:52: 
2018-08-23 19:45:08: == 同步开始由 User Command
2018-08-23 19:45:08: FTP [class 0]: Listing one file is not supported (returns nothing): cannot start transfer: 550: Not a directory
2018-08-23 19:45:10: Copy Confirmed by CheckSum: ftp://v0.ftp.upyun.com/about/index.html
2018-08-23 19:45:10: 新建复制 'F:/blog/public/about/index.html' -> 'ftp://v0.ftp.upyun.com/about/index.html' (35,219)
2018-08-23 19:45:10: Copy Confirmed by CheckSum: ftp://v0.ftp.upyun.com/baidusitemap.xml
2018-08-23 19:45:10: 新建复制 'F:/blog/public/baidusitemap.xml' -> 'ftp://v0.ftp.upyun.com/baidusitemap.xml' (18,419)
2018-08-23 19:45:11: Copy Confirmed by CheckSum: ftp://v0.ftp.upyun.com/categories/index.html
2018-08-23 19:45:11: 新建复制 'F:/blog/public/categories/index.html' -> 'ftp://v0.ftp.upyun.com/categories/index.html' (35,832)
2018-08-23 19:45:12: Copy Confirmed by CheckSum: ftp://v0.ftp.upyun.com/index.html
2018-08-23 19:45:12: 新建复制 'F:/blog/public/index.html' -> 'ftp://v0.ftp.upyun.com/index.html' (81,145)
2018-08-23 19:45:13: Copy Confirmed by CheckSum: ftp://v0.ftp.upyun.com/post/106fc1c3.html
2018-08-23 19:45:13: 新建复制 'F:/blog/public/post/106fc1c3.html' -> 'ftp://v0.ftp.upyun.com/post/106fc1c3.html' (44,814)
2018-08-23 19:45:14: Copy Confirmed by CheckSum: ftp://v0.ftp.upyun.com/post/63840324.html
2018-08-23 19:45:14: 新建复制 'F:/blog/public/post/63840324.html' -> 'ftp://v0.ftp.upyun.com/post/63840324.html' (48,129)
2018-08-23 19:45:15: Copy Confirmed by CheckSum: ftp://v0.ftp.upyun.com/post/72dd6893.html
2018-08-23 19:45:15: 新建复制 'F:/blog/public/post/72dd6893.html' -> 'ftp://v0.ftp.upyun.com/post/72dd6893.html' (44,377)
2018-08-23 19:45:16: Copy Confirmed by CheckSum: ftp://v0.ftp.upyun.com/post/8c8e25d.html
2018-08-23 19:45:16: 新建复制 'F:/blog/public/post/8c8e25d.html' -> 'ftp://v0.ftp.upyun.com/post/8c8e25d.html' (69,241)
2018-08-23 19:45:17: Copy Confirmed by CheckSum: ftp://v0.ftp.upyun.com/post/98bc273a.html
2018-08-23 19:45:17: 新建复制 'F:/blog/public/post/98bc273a.html' -> 'ftp://v0.ftp.upyun.com/post/98bc273a.html' (47,339)
2018-08-23 19:45:18: Copy Confirmed by CheckSum: ftp://v0.ftp.upyun.com/post/a033ab3f.html
2018-08-23 19:45:18: 新建复制 'F:/blog/public/post/a033ab3f.html' -> 'ftp://v0.ftp.upyun.com/post/a033ab3f.html' (50,206)
2018-08-23 19:45:19: Copy Confirmed by CheckSum: ftp://v0.ftp.upyun.com/post/a11ee691.html
2018-08-23 19:45:19: 新建复制 'F:/blog/public/post/a11ee691.html' -> 'ftp://v0.ftp.upyun.com/post/a11ee691.html' (41,353)
2018-08-23 19:45:20: Copy Confirmed by CheckSum: ftp://v0.ftp.upyun.com/post/cd12463.html
2018-08-23 19:45:20: 新建复制 'F:/blog/public/post/cd12463.html' -> 'ftp://v0.ftp.upyun.com/post/cd12463.html' (48,677)
2018-08-23 19:45:21: Copy Confirmed by CheckSum: ftp://v0.ftp.upyun.com/post/d87f7e0c.html
2018-08-23 19:45:21: 新建复制 'F:/blog/public/post/d87f7e0c.html' -> 'ftp://v0.ftp.upyun.com/post/d87f7e0c.html' (42,570)
2018-08-23 19:45:21: Copy Confirmed by CheckSum: ftp://v0.ftp.upyun.com/post/fdf0e152.html
2018-08-23 19:45:21: 新建复制 'F:/blog/public/post/fdf0e152.html' -> 'ftp://v0.ftp.upyun.com/post/fdf0e152.html' (41,272)
2018-08-23 19:45:22: Copy Confirmed by CheckSum: ftp://v0.ftp.upyun.com/sitemap.xml
2018-08-23 19:45:22: 新建复制 'F:/blog/public/sitemap.xml' -> 'ftp://v0.ftp.upyun.com/sitemap.xml' (6,081)
2018-08-23 19:45:23: == 同步完成. 历时: 00:00:16, 速度: 42.6 KB/s, 完成: 15, 错误: 0
2018-08-23 19:45:24: 
