2018-10-08 16:40:07: FTP [class 0]: Listing one file is not supported (returns nothing): cannot start transfer: 550: Not a directory
2018-10-08 16:40:07: -- 分析开始 User Command
2018-10-08 16:40:08: Not using/deleting cached state file, because remote state file has changed since last Sync:
State file: ftp://v0.ftp.upyun.com/_gsdata_/_file_state_v4._gs
name= folder=0 link=0 file=0 attrs=0 size=-1 mod-time=(null-time) cre-time=(null-time) ab=0 ckt=0 cks= dsply= cmnt= != 
name=_file_state_v4._gs folder=0 link=0 file=1 attrs=0 size=2454 mod-time=2018-10-08 16:39:00 cre-time=2018-10-08 16:39:00 ab=0 ckt=0 cks= dsply= cmnt=
2018-10-08 16:40:08: 右侧: State file does not exist: ftp://v0.ftp.upyun.com/_gsdata_/_file_state_v4._gs
2018-10-08 16:40:33: /about/index.html: 警告：较旧的文件将替换较新的文件
2018-10-08 16:40:33: /archives/index.html: 警告：较旧的文件将替换较新的文件
2018-10-08 16:40:33: /assets/css/APlayer.min.css: 警告：较旧的文件将替换较新的文件
2018-10-08 16:40:33: /baidusitemap.xml: 警告：较旧的文件将替换较新的文件
2018-10-08 16:40:33: /categories/Android/index.html: 警告：较旧的文件将替换较新的文件
2018-10-08 16:40:33: /categories/C语言/index.html: 警告：较旧的文件将替换较新的文件
2018-10-08 16:40:33: /categories/hexo/index.html: 警告：较旧的文件将替换较新的文件
2018-10-08 16:40:33: /categories/index.html: 警告：较旧的文件将替换较新的文件
2018-10-08 16:40:33: /categories/Java/index.html: 警告：较旧的文件将替换较新的文件
2018-10-08 16:40:33: /categories/python/index.html: 警告：较旧的文件将替换较新的文件
2018-10-08 16:40:33: /categories/vps/index.html: 警告：较旧的文件将替换较新的文件
2018-10-08 16:40:33: /categories/比特币/index.html: 警告：较旧的文件将替换较新的文件
2018-10-08 16:40:33: /categories/汇编/index.html: 警告：较旧的文件将替换较新的文件
2018-10-08 16:40:33: /categories/系统/index.html: 警告：较旧的文件将替换较新的文件
2018-10-08 16:40:33: /categories/网络/index.html: 警告：较旧的文件将替换较新的文件
2018-10-08 16:40:33: /categories/转载/index.html: 警告：较旧的文件将替换较新的文件
2018-10-08 16:40:33: /categories/闲读/index.html: 警告：较旧的文件将替换较新的文件
2018-10-08 16:40:33: /categories/音乐/index.html: 警告：较旧的文件将替换较新的文件
2018-10-08 16:40:33: /css/main.css: 警告：较旧的文件将替换较新的文件
2018-10-08 16:40:33: /images/algolia_logo.svg: 警告：较旧的文件将替换较新的文件
2018-10-08 16:40:33: /images/avatar.gif: 警告：较旧的文件将替换较新的文件
2018-10-08 16:40:33: /images/background3.jpg: 警告：较旧的文件将替换较新的文件
2018-10-08 16:40:33: /images/background4.jpg: 警告：较旧的文件将替换较新的文件
2018-10-08 16:40:33: /images/background5.jpg: 警告：较旧的文件将替换较新的文件
2018-10-08 16:40:33: /images/background6.jpg: 警告：较旧的文件将替换较新的文件
2018-10-08 16:40:33: /images/cc-by-nc-nd.svg: 警告：较旧的文件将替换较新的文件
2018-10-08 16:40:33: /images/cc-by-nc-sa.svg: 警告：较旧的文件将替换较新的文件
2018-10-08 16:40:33: /images/cc-by-nc.svg: 警告：较旧的文件将替换较新的文件
2018-10-08 16:40:33: /images/cc-by-nd.svg: 警告：较旧的文件将替换较新的文件
2018-10-08 16:40:33: /images/cc-by-sa.svg: 警告：较旧的文件将替换较新的文件
2018-10-08 16:40:33: /images/cc-by.svg: 警告：较旧的文件将替换较新的文件
2018-10-08 16:40:33: /images/cc-zero.svg: 警告：较旧的文件将替换较新的文件
2018-10-08 16:40:33: /images/favicon-32x32-next.ico: 警告：较旧的文件将替换较新的文件
2018-10-08 16:40:33: /images/favicon-32x32-next.png: 警告：较旧的文件将替换较新的文件
2018-10-08 16:40:33: /images/head.png: 警告：较旧的文件将替换较新的文件
2018-10-08 16:40:33: /images/loading.gif: 警告：较旧的文件将替换较新的文件
2018-10-08 16:40:33: /images/placeholder.gif: 警告：较旧的文件将替换较新的文件
2018-10-08 16:40:33: /images/quote-l.svg: 警告：较旧的文件将替换较新的文件
2018-10-08 16:40:33: /images/searchicon.png: 警告：较旧的文件将替换较新的文件
2018-10-08 16:40:33: /js/src/affix.js: 警告：较旧的文件将替换较新的文件
2018-10-08 16:40:33: /js/src/algolia-search.js: 警告：较旧的文件将替换较新的文件
2018-10-08 16:40:33: /js/src/av-min.js: 警告：较旧的文件将替换较新的文件
2018-10-08 16:40:33: /js/src/clicklove.js: 警告：较旧的文件将替换较新的文件
2018-10-08 16:40:33: /js/src/exturl.js: 警告：较旧的文件将替换较新的文件
2018-10-08 16:40:33: /js/src/js.cookie.js: 警告：较旧的文件将替换较新的文件
2018-10-08 16:40:33: /js/src/post-details.js: 警告：较旧的文件将替换较新的文件
2018-10-08 16:40:33: /js/src/schemes/pisces.js: 警告：较旧的文件将替换较新的文件
2018-10-08 16:40:33: /js/src/scrollspy.js: 警告：较旧的文件将替换较新的文件
2018-10-08 16:40:33: /js/src/utils.js: 警告：较旧的文件将替换较新的文件
2018-10-08 16:40:33: /js/src/Valine.min.js: 警告：较旧的文件将替换较新的文件
2018-10-08 16:40:33: /lib/bookmark/bookmark.min.js: 警告：较旧的文件将替换较新的文件
2018-10-08 16:40:33: /lib/bookmark/LICENSE: 警告：较旧的文件将替换较新的文件
2018-10-08 16:40:33: /lib/bookmark/README.html: 警告：较旧的文件将替换较新的文件
2018-10-08 16:40:33: /lib/canvas-nest/canvas-nest.min.js: 警告：较旧的文件将替换较新的文件
2018-10-08 16:40:33: /lib/canvas-nest/README.html: 警告：较旧的文件将替换较新的文件
2018-10-08 16:40:33: /lib/crypto-js.js: 警告：较旧的文件将替换较新的文件
2018-10-08 16:40:33: /lib/fancybox/LICENSE: 警告：较旧的文件将替换较新的文件
2018-10-08 16:40:33: /lib/fancybox/README.html: 警告：较旧的文件将替换较新的文件
2018-10-08 16:40:33: /lib/fancybox/source/blank.gif: 警告：较旧的文件将替换较新的文件
2018-10-08 16:40:33: /lib/fancybox/source/fancybox_loading.gif: 警告：较旧的文件将替换较新的文件
2018-10-08 16:40:33: /lib/fancybox/source/fancybox_sprite.png: 警告：较旧的文件将替换较新的文件
2018-10-08 16:40:33: /lib/fancybox/source/fancybox_sprite@2x.png: 警告：较旧的文件将替换较新的文件
2018-10-08 16:40:33: /lib/fancybox/source/helpers/jquery.fancybox-buttons.js: 警告：较旧的文件将替换较新的文件
2018-10-08 16:40:33: /lib/fancybox/source/helpers/jquery.fancybox-media.js: 警告：较旧的文件将替换较新的文件
2018-10-08 16:40:33: /lib/fancybox/source/helpers/jquery.fancybox-thumbs.css: 警告：较旧的文件将替换较新的文件
2018-10-08 16:40:33: /lib/fancybox/source/helpers/jquery.fancybox-thumbs.js: 警告：较旧的文件将替换较新的文件
2018-10-08 16:40:33: /lib/fancybox/source/jquery.fancybox.css: 警告：较旧的文件将替换较新的文件
2018-10-08 16:40:33: /lib/fancybox/source/jquery.fancybox.js: 警告：较旧的文件将替换较新的文件
2018-10-08 16:40:33: /lib/font-awesome/css/font-awesome.css: 警告：较旧的文件将替换较新的文件
2018-10-08 16:40:33: /lib/font-awesome/css/font-awesome.css.map: 警告：较旧的文件将替换较新的文件
2018-10-08 16:40:33: /lib/font-awesome/css/font-awesome.min.css: 警告：较旧的文件将替换较新的文件
2018-10-08 16:40:33: /lib/font-awesome/fonts/fontawesome-webfont.eot: 警告：较旧的文件将替换较新的文件
2018-10-08 16:40:33: /lib/font-awesome/fonts/fontawesome-webfont.woff: 警告：较旧的文件将替换较新的文件
2018-10-08 16:40:33: /lib/font-awesome/fonts/fontawesome-webfont.woff2: 警告：较旧的文件将替换较新的文件
2018-10-08 16:40:33: /lib/font-awesome/HELP-US-OUT.txt: 警告：较旧的文件将替换较新的文件
2018-10-08 16:40:33: /lib/jquery/index.js: 警告：较旧的文件将替换较新的文件
2018-10-08 16:40:33: /lib/pace/pace-theme-barber-shop.min.css: 警告：较旧的文件将替换较新的文件
2018-10-08 16:40:33: /lib/pace/pace-theme-big-counter.min.css: 警告：较旧的文件将替换较新的文件
2018-10-08 16:40:33: /lib/pace/pace-theme-center-atom.min.css: 警告：较旧的文件将替换较新的文件
2018-10-08 16:40:33: /lib/pace/pace-theme-center-radar.min.css: 警告：较旧的文件将替换较新的文件
2018-10-08 16:40:33: /lib/pace/pace-theme-center-simple.min.css: 警告：较旧的文件将替换较新的文件
2018-10-08 16:40:33: /lib/pace/pace-theme-corner-indicator.min.css: 警告：较旧的文件将替换较新的文件
2018-10-08 16:40:33: /lib/pace/pace-theme-flash.min.css: 警告：较旧的文件将替换较新的文件
2018-10-08 16:40:33: /lib/pace/pace-theme-loading-bar.min.css: 警告：较旧的文件将替换较新的文件
2018-10-08 16:40:33: /lib/pace/pace-theme-mac-osx.min.css: 警告：较旧的文件将替换较新的文件
2018-10-08 16:40:33: /lib/pace/pace-theme-minimal.min.css: 警告：较旧的文件将替换较新的文件
2018-10-08 16:40:33: /lib/pace/pace.min.js: 警告：较旧的文件将替换较新的文件
2018-10-08 16:40:33: /lib/pace/README.html: 警告：较旧的文件将替换较新的文件
2018-10-08 16:40:33: /lib/pangu/dist/pangu.js.map: 警告：较旧的文件将替换较新的文件
2018-10-08 16:40:33: /lib/pangu/dist/pangu.min.js: 警告：较旧的文件将替换较新的文件
2018-10-08 16:40:33: /lib/pangu/LICENSE: 警告：较旧的文件将替换较新的文件
2018-10-08 16:40:33: /lib/pangu/README.html: 警告：较旧的文件将替换较新的文件
2018-10-08 16:40:33: /lib/reading_progress/LICENSE: 警告：较旧的文件将替换较新的文件
2018-10-08 16:40:33: /lib/reading_progress/package.json: 警告：较旧的文件将替换较新的文件
2018-10-08 16:40:33: /lib/reading_progress/reading_progress.min.js: 警告：较旧的文件将替换较新的文件
2018-10-08 16:40:33: /lib/reading_progress/README.html: 警告：较旧的文件将替换较新的文件
2018-10-08 16:40:33: /lib/ua-parser-js/dist/ua-parser.min.js: 警告：较旧的文件将替换较新的文件
2018-10-08 16:40:33: /lib/ua-parser-js/dist/ua-parser.pack.js: 警告：较旧的文件将替换较新的文件
2018-10-08 16:40:33: /lib/velocity/velocity.js: 警告：较旧的文件将替换较新的文件
2018-10-08 16:40:33: /lib/velocity/velocity.min.js: 警告：较旧的文件将替换较新的文件
2018-10-08 16:40:33: /lib/velocity/velocity.ui.js: 警告：较旧的文件将替换较新的文件
2018-10-08 16:40:33: /lib/velocity/velocity.ui.min.js: 警告：较旧的文件将替换较新的文件
2018-10-08 16:40:33: /live2dw/assets/miku.model.json: 警告：较旧的文件将替换较新的文件
2018-10-08 16:40:33: /live2dw/assets/miku.physics.json: 警告：较旧的文件将替换较新的文件
2018-10-08 16:40:33: /live2dw/assets/moc/miku.2048/texture_00.png: 警告：较旧的文件将替换较新的文件
2018-10-08 16:40:33: /live2dw/assets/moc/miku.moc: 警告：较旧的文件将替换较新的文件
2018-10-08 16:40:33: /live2dw/assets/mtn/miku_idle_01.mtn: 警告：较旧的文件将替换较新的文件
2018-10-08 16:40:33: /live2dw/assets/mtn/miku_m_01.mtn: 警告：较旧的文件将替换较新的文件
2018-10-08 16:40:33: /live2dw/assets/mtn/miku_m_02.mtn: 警告：较旧的文件将替换较新的文件
2018-10-08 16:40:33: /live2dw/assets/mtn/miku_m_03.mtn: 警告：较旧的文件将替换较新的文件
2018-10-08 16:40:33: /live2dw/assets/mtn/miku_m_05.mtn: 警告：较旧的文件将替换较新的文件
2018-10-08 16:40:33: /live2dw/assets/mtn/miku_m_06.mtn: 警告：较旧的文件将替换较新的文件
2018-10-08 16:40:33: /live2dw/lib/L2Dwidget.0.min.js: 警告：较旧的文件将替换较新的文件
2018-10-08 16:40:33: /live2dw/lib/L2Dwidget.0.min.js.map: 警告：较旧的文件将替换较新的文件
2018-10-08 16:40:33: /live2dw/lib/L2Dwidget.min.js: 警告：较旧的文件将替换较新的文件
2018-10-08 16:40:33: /live2dw/lib/L2Dwidget.min.js.map: 警告：较旧的文件将替换较新的文件
2018-10-08 16:40:33: /page/2/index.html: 警告：较旧的文件将替换较新的文件
2018-10-08 16:40:33: /page/3/index.html: 警告：较旧的文件将替换较新的文件
2018-10-08 16:40:33: /page/4/index.html: 警告：较旧的文件将替换较新的文件
2018-10-08 16:40:33: /post/106fc1c3.html: 警告：较旧的文件将替换较新的文件
2018-10-08 16:40:33: /post/13c8d3a0.html: 警告：较旧的文件将替换较新的文件
2018-10-08 16:40:33: /post/16dd4349.html: 警告：较旧的文件将替换较新的文件
2018-10-08 16:40:33: /post/1bb05bfb.html: 警告：较旧的文件将替换较新的文件
2018-10-08 16:40:33: /post/23e28675.html: 警告：较旧的文件将替换较新的文件
2018-10-08 16:40:33: /post/29cebcea.html: 警告：较旧的文件将替换较新的文件
2018-10-08 16:40:33: /post/30631cd4.html: 警告：较旧的文件将替换较新的文件
2018-10-08 16:40:33: /post/47112e7a.html: 警告：较旧的文件将替换较新的文件
2018-10-08 16:40:33: /post/5133767d.html: 警告：较旧的文件将替换较新的文件
2018-10-08 16:40:33: /post/53b2030c.html: 警告：较旧的文件将替换较新的文件
2018-10-08 16:40:33: /post/60a25379.html: 警告：较旧的文件将替换较新的文件
2018-10-08 16:40:33: /post/60cd4fc4.html: 警告：较旧的文件将替换较新的文件
2018-10-08 16:40:33: /post/63840324.html: 警告：较旧的文件将替换较新的文件
2018-10-08 16:40:33: /post/6d7b9178.html: 警告：较旧的文件将替换较新的文件
2018-10-08 16:40:33: /post/72dd6893.html: 警告：较旧的文件将替换较新的文件
2018-10-08 16:40:33: /post/74b1112a.html: 警告：较旧的文件将替换较新的文件
2018-10-08 16:40:33: /post/8b3b02a7.html: 警告：较旧的文件将替换较新的文件
2018-10-08 16:40:33: /post/8c8e25d.html: 警告：较旧的文件将替换较新的文件
2018-10-08 16:40:33: /post/936c5fbe.html: 警告：较旧的文件将替换较新的文件
2018-10-08 16:40:33: /post/98bc273a.html: 警告：较旧的文件将替换较新的文件
2018-10-08 16:40:33: /post/9a8cdc59.html: 警告：较旧的文件将替换较新的文件
2018-10-08 16:40:33: /post/a033ab3f.html: 警告：较旧的文件将替换较新的文件
2018-10-08 16:40:33: /post/a11ee691.html: 警告：较旧的文件将替换较新的文件
2018-10-08 16:40:33: /post/a84d1ef1.html: 警告：较旧的文件将替换较新的文件
2018-10-08 16:40:33: /post/b04d82e3.html: 警告：较旧的文件将替换较新的文件
2018-10-08 16:40:33: /post/bfc7c122.html: 警告：较旧的文件将替换较新的文件
2018-10-08 16:40:33: /post/cd12463.html: 警告：较旧的文件将替换较新的文件
2018-10-08 16:40:33: /post/d87f7e0c.html: 警告：较旧的文件将替换较新的文件
2018-10-08 16:40:33: /post/e07f2122.html: 警告：较旧的文件将替换较新的文件
2018-10-08 16:40:33: /post/fdf0e152.html: 警告：较旧的文件将替换较新的文件
2018-10-08 16:40:33: /search.xml: 警告：较旧的文件将替换较新的文件
2018-10-08 16:40:33: /sitemap.xml: 警告：较旧的文件将替换较新的文件
2018-10-08 16:40:33: /tags/Android/index.html: 警告：较旧的文件将替换较新的文件
2018-10-08 16:40:33: /tags/C语言/index.html: 警告：较旧的文件将替换较新的文件
2018-10-08 16:40:33: /tags/eNSP/index.html: 警告：较旧的文件将替换较新的文件
2018-10-08 16:40:33: /tags/hexo/index.html: 警告：较旧的文件将替换较新的文件
2018-10-08 16:40:33: /tags/ICT/index.html: 警告：较旧的文件将替换较新的文件
2018-10-08 16:40:33: /tags/Java/index.html: 警告：较旧的文件将替换较新的文件
2018-10-08 16:40:33: /tags/Linux/index.html: 警告：较旧的文件将替换较新的文件
2018-10-08 16:40:33: /tags/MySQL/index.html: 警告：较旧的文件将替换较新的文件
2018-10-08 16:40:33: /tags/python/index.html: 警告：较旧的文件将替换较新的文件
2018-10-08 16:40:33: /tags/Testing/index.html: 警告：较旧的文件将替换较新的文件
2018-10-08 16:40:33: /tags/vps/index.html: 警告：较旧的文件将替换较新的文件
2018-10-08 16:40:33: /tags/免流/index.html: 警告：较旧的文件将替换较新的文件
2018-10-08 16:40:33: /tags/励志/index.html: 警告：较旧的文件将替换较新的文件
2018-10-08 16:40:33: /tags/区块链/index.html: 警告：较旧的文件将替换较新的文件
2018-10-08 16:40:33: /tags/学习/index.html: 警告：较旧的文件将替换较新的文件
2018-10-08 16:40:33: /tags/情感/index.html: 警告：较旧的文件将替换较新的文件
2018-10-08 16:40:33: /tags/数据库/index.html: 警告：较旧的文件将替换较新的文件
2018-10-08 16:40:33: /tags/数据通信/index.html: 警告：较旧的文件将替换较新的文件
2018-10-08 16:40:33: /tags/梦想/index.html: 警告：较旧的文件将替换较新的文件
2018-10-08 16:40:33: /tags/爬虫/index.html: 警告：较旧的文件将替换较新的文件
2018-10-08 16:40:33: /tags/生活/index.html: 警告：较旧的文件将替换较新的文件
2018-10-08 16:40:33: /tags/课程设计/index.html: 警告：较旧的文件将替换较新的文件
2018-10-08 16:40:33: /top/index.html: 警告：较旧的文件将替换较新的文件
2018-10-08 16:40:33: 变更：235， 冲突：0， 复制时间：0， 复制状态：85， 错误： 0, All: 321
2018-10-08 16:40:33: Left to Right: Copy File: 235 
2018-10-08 16:40:33: -- 分析已结束。历时 00:00:27, 速度： 11 文件/秒
2018-10-08 16:40:33: 
2018-10-08 16:41:56: == 同步开始由 User Command
2018-10-08 16:41:57: FTP [class 0]: Listing one file is not supported (returns nothing): cannot start transfer: 550: Not a directory
2018-10-08 16:41:59: 新建复制 'F:/blog/public/404.html' -> 'ftp://v0.ftp.upyun.com/404.html' (727)
- 错误: Cannot rename temp file to destination file: Server says: {"msg":"too many requests of the same uri","code":42900002,"id":"b9a0daa6f962b67f27fdb87754d17114"}, Deleting: Server says: {"msg":"too many requests of the same uri","code":42900002,"id":"97136bfa74c33389b6e70f31f71ff136"}
2018-10-08 16:42:00: 覆盖复制 'F:/blog/public/about/index.html' -> 'ftp://v0.ftp.upyun.com/about/index.html' (34,939)
- 错误: Server says: {"msg":"too many requests of the same uri","code":42900002,"id":"92405d937788ba281109f3f45f9910b4"}
2018-10-08 16:42:01: 覆盖复制 'F:/blog/public/archives/index.html' -> 'ftp://v0.ftp.upyun.com/archives/index.html' (64,115)
- 错误: Server says: {"msg":"too many requests of the same uri","code":42900002,"id":"86dbe04cc3a4cec76c620c6891552b47"}
2018-10-08 16:42:02: 覆盖复制 'F:/blog/public/assets/css/APlayer.min.css' -> 'ftp://v0.ftp.upyun.com/assets/css/APlayer.min.css' (12,528)
- 错误: Server says: {"msg":"too many requests of the same uri","code":42900002,"id":"ea5eb85b99560c90740028a0734ca440"}
2018-10-08 16:42:02: 新建复制 'F:/blog/public/assets/js/APlayer.min.js' -> 'ftp://v0.ftp.upyun.com/assets/js/APlayer.min.js' (59,325)
- 错误: Cannot rename temp file to destination file: Server says: {"msg":"too many requests of the same uri","code":42900002,"id":"73f3b5750e8c11943b88fbf1a54457ee"}, Deleting: Server says: {"msg":"too many requests of the same uri","code":42900002,"id":"e9dffd9c67ba19215262ea1c1ad232f8"}
2018-10-08 16:42:03: 新建复制 'F:/blog/public/assets/js/Meting.min.js' -> 'ftp://v0.ftp.upyun.com/assets/js/Meting.min.js' (1,795)
- 错误: Cannot rename temp file to destination file: Server says: {"msg":"too many requests of the same uri","code":42900002,"id":"3ef70dacd09baba429adc8c0dd084a77"}
2018-10-08 16:42:04: 新建复制 'F:/blog/public/atom.xml' -> 'ftp://v0.ftp.upyun.com/atom.xml' (462,118)
- 错误: Cannot rename temp file to destination file: Server says: {"msg":"too many requests of the same uri","code":42900002,"id":"bbb250da35acdfd06d4235511c6bc43c"}, Deleting: Server says: {"msg":"too many requests of the same uri","code":42900002,"id":"2364cc4375139c0d5e452cfe248dd6f2"}
2018-10-08 16:42:06: 覆盖复制 'F:/blog/public/baidusitemap.xml' -> 'ftp://v0.ftp.upyun.com/baidusitemap.xml' (19,928)
2018-10-08 16:42:06: 覆盖复制 'F:/blog/public/categories/Android/index.html' -> 'ftp://v0.ftp.upyun.com/categories/Android/index.html' (34,481)
- 错误: Server says: {"msg":"too many requests of the same uri","code":42900002,"id":"13df5d5412e3618fbfa2eee0a7efd348"}
2018-10-08 16:42:07: 覆盖复制 'F:/blog/public/categories/C语言/index.html' -> 'ftp://v0.ftp.upyun.com/categories/C语言/index.html' (33,006)
- 错误: Server says: {"msg":"too many requests of the same uri","code":42900002,"id":"fc66856f49a92840e44509cd32edc69f"}
2018-10-08 16:42:08: Got error, try again: FtpFileSysSibSock::GetInfo: file/folder not found
2018-10-08 16:42:09: Got error, try again: FtpFileSysSibSock::GetInfo: file/folder not found
2018-10-08 16:42:12: Cannot get file info after Sync: FtpFileSysSibSock::GetInfo: file/folder not found
2018-10-08 16:42:12: 覆盖复制 'F:/blog/public/categories/hexo/index.html' -> 'ftp://v0.ftp.upyun.com/categories/hexo/index.html' (37,865)
- 错误: Cannot get file info after Sync: FtpFileSysSibSock::GetInfo: file/folder not found
2018-10-08 16:42:13: 覆盖复制 'F:/blog/public/categories/index.html' -> 'ftp://v0.ftp.upyun.com/categories/index.html' (35,765)
2018-10-08 16:42:14: 覆盖复制 'F:/blog/public/categories/Java/index.html' -> 'ftp://v0.ftp.upyun.com/categories/Java/index.html' (33,702)
- 错误: Server says: {"msg":"too many requests of the same uri","code":42900002,"id":"39c608a47f7d65635ce0a71eaa693553"}, Deleting: Server says: {"msg":"file or directory not found","code":40400001,"id":"01d9dd0d6ecb922d1b6e2e2577043c9d"}
2018-10-08 16:42:15: 覆盖复制 'F:/blog/public/categories/python/index.html' -> 'ftp://v0.ftp.upyun.com/categories/python/index.html' (33,721)
- 错误: Server says: {"msg":"too many requests of the same uri","code":42900002,"id":"e4779f1108c789bae454330c6c30c80b"}, Deleting: Server says: {"msg":"file or directory not found","code":40400001,"id":"fcacc597c36224b445e2f01e1999f031"}
2018-10-08 16:42:15: 2018/10/8 16:42:15: 暂停
2018-10-08 16:42:17: 2018/10/8 16:42:17: 继续
2018-10-08 16:42:18: 覆盖复制 'F:/blog/public/categories/vps/index.html' -> 'ftp://v0.ftp.upyun.com/categories/vps/index.html' (33,016)
2018-10-08 16:42:19: 新建复制 'F:/blog/public/categories/数据库/index.html' -> 'ftp://v0.ftp.upyun.com/categories/数据库/index.html' (33,033)
- 错误: Cannot rename temp file to destination file: Server says: {"msg":"too many requests of the same uri","code":42900002,"id":"cc857f23d307f4c6ff224705411bda16"}, Deleting: Server says: {"msg":"too many requests of the same uri","code":42900002,"id":"3821904b9756f4a1b425bf69b045afb0"}
2018-10-08 16:42:20: 覆盖复制 'F:/blog/public/categories/比特币/index.html' -> 'ftp://v0.ftp.upyun.com/categories/比特币/index.html' (33,044)
- 错误: Cannot rename temp file to destination file: Server says: {"msg":"too many requests of the same uri","code":42900002,"id":"6a98d2cfee8e2be02d1abd6df4fb0e40"}, Deleting: Server says: {"msg":"file or directory not found","code":40400001,"id":"b80822ce7ee0671066989b045003e2c6"}
2018-10-08 16:42:20: 覆盖复制 'F:/blog/public/categories/汇编/index.html' -> 'ftp://v0.ftp.upyun.com/categories/汇编/index.html' (33,712)
- 错误: Server says: {"msg":"too many requests of the same uri","code":42900002,"id":"69b27a81a00f50e8f6bf97d5c8404163"}, Deleting: Server says: {"msg":"file or directory not found","code":40400001,"id":"fd92bf2a68212987fda0b7179f284c41"}
2018-10-08 16:42:21: 覆盖复制 'F:/blog/public/categories/系统/index.html' -> 'ftp://v0.ftp.upyun.com/categories/系统/index.html' (33,765)
- 错误: Cannot rename temp file to destination file: Server says: {"msg":"too many requests of the same uri","code":42900002,"id":"627b0108b939e46aed41b18b7e226783"}, Deleting: Server says: {"msg":"file or directory not found","code":40400001,"id":"0a5849f11f59a7fbfe476d50ba30cb7c"}
2018-10-08 16:42:22: 覆盖复制 'F:/blog/public/categories/网络/index.html' -> 'ftp://v0.ftp.upyun.com/categories/网络/index.html' (35,183)
- 错误: Cannot rename temp file to destination file: Server says: {"msg":"too many requests of the same uri","code":42900002,"id":"21ece41d468bc2235f0b7d3b1b181746"}, Deleting: Server says: {"msg":"file or directory not found","code":40400001,"id":"19226d4445436bcd88e5e0cbfb75b0f1"}
2018-10-08 16:42:23: 覆盖复制 'F:/blog/public/categories/转载/index.html' -> 'ftp://v0.ftp.upyun.com/categories/转载/index.html' (33,088)
- 错误: Server says: {"msg":"too many requests of the same uri","code":42900002,"id":"47a3f3445ae63a6bf515e5614594293a"}, Deleting: Server says: {"msg":"file or directory not found","code":40400001,"id":"24e6502afabb6aecdd22dafa063ec1f9"}
2018-10-08 16:42:24: 覆盖复制 'F:/blog/public/categories/闲读/index.html' -> 'ftp://v0.ftp.upyun.com/categories/闲读/index.html' (33,740)
- 错误: Server says: {"msg":"too many requests of the same uri","code":42900002,"id":"5f3c2d5f621413fa0bbc82425962cef8"}, Deleting: Server says: {"msg":"file or directory not found","code":40400001,"id":"5afdc9feb4198c7bf37953e46b54841d"}
2018-10-08 16:42:24: 覆盖复制 'F:/blog/public/categories/音乐/index.html' -> 'ftp://v0.ftp.upyun.com/categories/音乐/index.html' (33,001)
- 错误: Server says: {"msg":"too many requests of the same uri","code":42900002,"id":"b130d9e232166203392d503097dd113c"}, Deleting: Server says: {"msg":"file or directory not found","code":40400001,"id":"77dbc863a068a6eb63f21cfd5eb27da1"}
2018-10-08 16:42:25: 新建复制 'F:/blog/public/CNAME' -> 'ftp://v0.ftp.upyun.com/CNAME' (19)
2018-10-08 16:42:26: 新建复制 'F:/blog/public/css/blog-encrypt.css' -> 'ftp://v0.ftp.upyun.com/css/blog-encrypt.css' (1,748)
- 错误: Cannot rename temp file to destination file: Server says: {"msg":"too many requests of the same uri","code":42900002,"id":"55ad4c779afc3b10af4a1daabb40a09e"}, Deleting: Server says: {"msg":"too many requests of the same uri","code":42900002,"id":"06de7ddbf0d1bb9eaccbf359814cc3d4"}
2018-10-08 16:42:26: 覆盖复制 'F:/blog/public/css/main.css' -> 'ftp://v0.ftp.upyun.com/css/main.css' (68,284)
- 错误: Server says: {"msg":"too many requests of the same uri","code":42900002,"id":"efb7aafd3dd6ecee3ccce3f8260663e3"}, Deleting: Server says: {"msg":"file or directory not found","code":40400001,"id":"03d6b02c26e170bcd6677cc01e31cff0"}
2018-10-08 16:42:27: 覆盖复制 'F:/blog/public/images/algolia_logo.svg' -> 'ftp://v0.ftp.upyun.com/images/algolia_logo.svg' (4,410)
- 错误: Server says: {"msg":"too many requests of the same uri","code":42900002,"id":"e6dc74a5078fdeef02817b39f9c7b243"}, Deleting: Server says: {"msg":"file or directory not found","code":40400001,"id":"a0135733e3f25580d677cc53b41090ff"}
2018-10-08 16:42:28: 新建复制 'F:/blog/public/images/apple-touch-icon-next.ico' -> 'ftp://v0.ftp.upyun.com/images/apple-touch-icon-next.ico' (67,646)
- 错误: Cannot rename temp file to destination file: Server says: {"msg":"too many requests of the same uri","code":42900002,"id":"4046bdda81ba49c3e9d437daa1de5843"}, Deleting: Server says: {"msg":"too many requests of the same uri","code":42900002,"id":"6e430cb061582ff5ea9ee4456f627b23"}
2018-10-08 16:42:28: 新建复制 'F:/blog/public/images/apple-touch-icon-next.png' -> 'ftp://v0.ftp.upyun.com/images/apple-touch-icon-next.png' (1,544)
- 错误: Cannot rename temp file to destination file: Server says: {"msg":"too many requests of the same uri","code":42900002,"id":"acd1921c8ff8920b318d71573f003625"}, Deleting: Server says: {"msg":"too many requests of the same uri","code":42900002,"id":"69d55c5b81ec5d3b6ef0405d4b105f1d"}
2018-10-08 16:42:29: 覆盖复制 'F:/blog/public/images/avatar.gif' -> 'ftp://v0.ftp.upyun.com/images/avatar.gif' (2,926)
- 错误: Server says: {"msg":"too many requests of the same uri","code":42900002,"id":"eaa8caa28aef6833dc0c50bce65c7279"}, Deleting: Server says: {"msg":"file or directory not found","code":40400001,"id":"47ecef032a76830b06226da30f30221f"}
2018-10-08 16:42:29: 新建复制 'F:/blog/public/images/background1.jpg' -> 'ftp://v0.ftp.upyun.com/images/background1.jpg' (218,301)
- 错误: Cannot rename temp file to destination file: Server says: {"msg":"too many requests of the same uri","code":42900002,"id":"dc8d76664c1e52c83b2b099a3fa4fc12"}, Deleting: Server says: {"msg":"file or directory not found","code":40400001,"id":"9b4ba4d11724033c74b3c97c44c8e740"}
2018-10-08 16:42:30: 新建复制 'F:/blog/public/images/background2.jpg' -> 'ftp://v0.ftp.upyun.com/images/background2.jpg' (343,176)
- 错误: Cannot rename temp file to destination file: Server says: {"msg":"too many requests of the same uri","code":42900002,"id":"01672db71182432b20c9e4f116ccbb09"}, Deleting: Server says: {"msg":"too many requests of the same uri","code":42900002,"id":"8f4e871a1ee4a2792677f6f045fcf6bb"}
2018-10-08 16:42:31: 覆盖复制 'F:/blog/public/images/background3.jpg' -> 'ftp://v0.ftp.upyun.com/images/background3.jpg' (443,034)
- 错误: Server says: {"msg":"too many requests of the same uri","code":42900002,"id":"ee610364d350f5f9bfab9df51bfe46e8"}, Deleting: Server says: {"msg":"file or directory not found","code":40400001,"id":"478abfc3b6ae8322e2feac18d29fdad7"}
2018-10-08 16:42:32: 覆盖复制 'F:/blog/public/images/background4.jpg' -> 'ftp://v0.ftp.upyun.com/images/background4.jpg' (397,628)
- 错误: Cannot rename temp file to destination file: Server says: {"msg":"too many requests of the same uri","code":42900002,"id":"0d727e53c74ac205e620102d9155ceb5"}, Deleting: Server says: {"msg":"file or directory not found","code":40400001,"id":"37b7024e63bf7a40234ef24e95b991d3"}
2018-10-08 16:42:33: 覆盖复制 'F:/blog/public/images/background5.jpg' -> 'ftp://v0.ftp.upyun.com/images/background5.jpg' (339,444)
- 错误: Server says: {"msg":"too many requests of the same uri","code":42900002,"id":"a9686ad1376286cbda5e6a4c3fa2593d"}, Deleting: Server says: {"msg":"file or directory not found","code":40400001,"id":"7dd34476d2aa6afde1d44e54ef3573f8"}
2018-10-08 16:42:34: 覆盖复制 'F:/blog/public/images/background6.jpg' -> 'ftp://v0.ftp.upyun.com/images/background6.jpg' (321,373)
- 错误: Server says: {"msg":"too many requests of the same uri","code":42900002,"id":"c52855c93da296a07285e25a920531f7"}, Deleting: Server says: {"msg":"file or directory not found","code":40400001,"id":"0c123a537fe13b6b97ed0f96b34199b2"}
2018-10-08 16:42:35: 覆盖复制 'F:/blog/public/images/cc-by-nc-nd.svg' -> 'ftp://v0.ftp.upyun.com/images/cc-by-nc-nd.svg' (11,043)
- 错误: Cannot rename temp file to destination file: Server says: {"msg":"too many requests of the same uri","code":42900002,"id":"4ee9fb328d4182d97ef4a28eee59ae09"}, Deleting: Server says: {"msg":"file or directory not found","code":40400001,"id":"9b2ab42c8f3a8dbd4aaa20fcb72f569b"}
2018-10-08 16:42:35: 覆盖复制 'F:/blog/public/images/cc-by-nc-sa.svg' -> 'ftp://v0.ftp.upyun.com/images/cc-by-nc-sa.svg' (11,780)
- 错误: Server says: {"msg":"too many requests of the same uri","code":42900002,"id":"44cd4a4ad530b0e3023f9073eac303e7"}, Deleting: Server says: {"msg":"file or directory not found","code":40400001,"id":"ab3035b817e1c5019afe61aaaeb3340d"}
2018-10-08 16:42:36: 覆盖复制 'F:/blog/public/images/cc-by-nc.svg' -> 'ftp://v0.ftp.upyun.com/images/cc-by-nc.svg' (9,794)
- 错误: Server says: {"msg":"too many requests of the same uri","code":42900002,"id":"b8274815902792b2df4bc7ca8912b90c"}, Deleting: Server says: {"msg":"file or directory not found","code":40400001,"id":"893d14808170efe0a857bf3ef73f20a1"}
2018-10-08 16:42:37: 覆盖复制 'F:/blog/public/images/cc-by-nd.svg' -> 'ftp://v0.ftp.upyun.com/images/cc-by-nd.svg' (9,500)
2018-10-08 16:42:38: 覆盖复制 'F:/blog/public/images/cc-by-sa.svg' -> 'ftp://v0.ftp.upyun.com/images/cc-by-sa.svg' (10,382)
- 错误: Cannot rename temp file to destination file: Server says: {"msg":"too many requests of the same uri","code":42900002,"id":"f4a3c7d270a3958c669141af7ccaa5a5"}, Deleting: Server says: {"msg":"file or directory not found","code":40400001,"id":"ab78f78404a83526e8ddbc9f7d5735f9"}
2018-10-08 16:42:39: 覆盖复制 'F:/blog/public/images/cc-by.svg' -> 'ftp://v0.ftp.upyun.com/images/cc-by.svg' (8,400)
- 错误: Server says: {"msg":"too many requests of the same uri","code":42900002,"id":"67e7dcf5716a05aeabccba9d78ffd82d"}, Deleting: Server says: {"msg":"file or directory not found","code":40400001,"id":"5f8f2faccb355513de9ca3c174853a49"}
2018-10-08 16:42:40: 覆盖复制 'F:/blog/public/images/cc-zero.svg' -> 'ftp://v0.ftp.upyun.com/images/cc-zero.svg' (6,287)
- 错误: Server says: {"msg":"too many requests of the same uri","code":42900002,"id":"9c0172f52b9a875d4be616986ce39cb1"}, Deleting: Server says: {"msg":"file or directory not found","code":40400001,"id":"bcf8e3382f323a685a92ca3b3764ef5e"}
2018-10-08 16:42:40: 新建复制 'F:/blog/public/images/favicon-16x16-next.ico' -> 'ftp://v0.ftp.upyun.com/images/favicon-16x16-next.ico' (1,150)
- 错误: Cannot rename temp file to destination file: Server says: {"msg":"too many requests of the same uri","code":42900002,"id":"5dce76361447721fc6004b44e797ffb1"}, Deleting: Server says: {"msg":"too many requests of the same uri","code":42900002,"id":"546480584553046eaf853879114497ec"}
2018-10-08 16:42:41: 新建复制 'F:/blog/public/images/favicon-16x16-next.png' -> 'ftp://v0.ftp.upyun.com/images/favicon-16x16-next.png' (435)
- 错误: Cannot rename temp file to destination file: Server says: {"msg":"too many requests of the same uri","code":42900002,"id":"037a3f8d91acbd2f45b5254c27cc040f"}, Deleting: Server says: {"msg":"too many requests of the same uri","code":42900002,"id":"58caba319f59578dc046bae5fc2c5399"}
2018-10-08 16:42:42: 覆盖复制 'F:/blog/public/images/favicon-32x32-next.ico' -> 'ftp://v0.ftp.upyun.com/images/favicon-32x32-next.ico' (4,286)
- 错误: Server says: {"msg":"too many requests of the same uri","code":42900002,"id":"a421f4aa891b9f328c27d3142cd44902"}, Deleting: Server says: {"msg":"file or directory not found","code":40400001,"id":"3e96ddf016105aede8d3558f8460b752"}
2018-10-08 16:42:42: 覆盖复制 'F:/blog/public/images/favicon-32x32-next.png' -> 'ftp://v0.ftp.upyun.com/images/favicon-32x32-next.png' (640)
- 错误: Server says: {"msg":"too many requests of the same uri","code":42900002,"id":"7a37e28c03725dafaf2d5a7a5f88efb5"}, Deleting: Server says: {"msg":"file or directory not found","code":40400001,"id":"e61bd592f24fbe63a9aebdc04cbc77e0"}
2018-10-08 16:42:43: 新建复制 'F:/blog/public/images/favicon-48x48-next.ico' -> 'ftp://v0.ftp.upyun.com/images/favicon-48x48-next.ico' (9,662)
- 错误: Cannot rename temp file to destination file: Server says: {"msg":"too many requests of the same uri","code":42900002,"id":"2ad2e36001ca6caeec564db18742bc5d"}, Deleting: Server says: {"msg":"too many requests of the same uri","code":42900002,"id":"76f79cbc78be91bab784b0ca551a831c"}
2018-10-08 16:42:43: 覆盖复制 'F:/blog/public/images/head.png' -> 'ftp://v0.ftp.upyun.com/images/head.png' (31,689)
- 错误: Server says: {"msg":"too many requests of the same uri","code":42900002,"id":"cdb60d661e9386d5ac68b395bccaba12"}, Deleting: Server says: {"msg":"file or directory not found","code":40400001,"id":"680e32a1de885784a3d8452d5d65e968"}
2018-10-08 16:42:44: 覆盖复制 'F:/blog/public/images/loading.gif' -> 'ftp://v0.ftp.upyun.com/images/loading.gif' (35)
- 错误: Server says: {"msg":"too many requests of the same uri","code":42900002,"id":"abc3907f275d506a79392520401eb2df"}, Deleting: Server says: {"msg":"file or directory not found","code":40400001,"id":"c1c348328f996f0ee2791e33f88f6baa"}
2018-10-08 16:42:44: 新建复制 'F:/blog/public/images/logo.svg' -> 'ftp://v0.ftp.upyun.com/images/logo.svg' (1,059)
- 错误: Cannot rename temp file to destination file: Server says: {"msg":"too many requests of the same uri","code":42900002,"id":"a6256d324ae85fcd73d5e49664817620"}, Deleting: Server says: {"msg":"file or directory not found","code":40400001,"id":"5a0790433c68f05520df4b7e28049b1c"}
2018-10-08 16:42:45: 覆盖复制 'F:/blog/public/images/placeholder.gif' -> 'ftp://v0.ftp.upyun.com/images/placeholder.gif' (35)
- 错误: Server says: {"msg":"too many requests of the same uri","code":42900002,"id":"0bfb3aa94d8cdb5096ef2831428d79da"}, Deleting: Server says: {"msg":"file or directory not found","code":40400001,"id":"a3f1f208d791847ff690e72e1a90be6f"}
2018-10-08 16:42:46: 覆盖复制 'F:/blog/public/images/quote-l.svg' -> 'ftp://v0.ftp.upyun.com/images/quote-l.svg' (892)
- 错误: Cannot rename temp file to destination file: Server says: {"msg":"too many requests of the same uri","code":42900002,"id":"76c126c24d2ba5f8e91385640b5859b8"}, Deleting: Server says: {"msg":"file or directory not found","code":40400001,"id":"a0860f3dffcf6dd6a2c8b774d40f2777"}
2018-10-08 16:42:47: 新建复制 'F:/blog/public/images/quote-r.svg' -> 'ftp://v0.ftp.upyun.com/images/quote-r.svg' (880)
- 错误: Cannot rename temp file to destination file: Server says: {"msg":"too many requests of the same uri","code":42900002,"id":"7645d90d4e564e399fde9f22956b716b"}, Deleting: Server says: {"msg":"too many requests of the same uri","code":42900002,"id":"11540c262a9ccd6dda519e533d6b4a90"}
2018-10-08 16:42:47: 覆盖复制 'F:/blog/public/images/searchicon.png' -> 'ftp://v0.ftp.upyun.com/images/searchicon.png' (766)
- 错误: Server says: {"msg":"too many requests of the same uri","code":42900002,"id":"e12984b7c9f77baff7c4b6e5722ee0fd"}, Deleting: Server says: {"msg":"file or directory not found","code":40400001,"id":"af428d134dd92cab91beb13b4d2a4970"}
2018-10-08 16:42:48: 新建复制 'F:/blog/public/index.html' -> 'ftp://v0.ftp.upyun.com/index.html' (75,771)
- 错误: Cannot rename temp file to destination file: Server says: {"msg":"too many requests of the same uri","code":42900002,"id":"d4f61082cfefdbeeca50ef0727e5b9de"}
2018-10-08 16:42:49: 覆盖复制 'F:/blog/public/js/src/affix.js' -> 'ftp://v0.ftp.upyun.com/js/src/affix.js' (5,100)
2018-10-08 16:42:49: 覆盖复制 'F:/blog/public/js/src/algolia-search.js' -> 'ftp://v0.ftp.upyun.com/js/src/algolia-search.js' (3,297)
- 错误: Server says: {"msg":"too many requests of the same uri","code":42900002,"id":"919d44b432347a4877bf1d70c6fd97e2"}, Deleting: Server says: {"msg":"file or directory not found","code":40400001,"id":"5961368df79357154b5dc3b0378a6328"}
2018-10-08 16:42:50: 覆盖复制 'F:/blog/public/js/src/av-min.js' -> 'ftp://v0.ftp.upyun.com/js/src/av-min.js' (142,297)
- 错误: Server says: {"msg":"too many requests of the same uri","code":42900002,"id":"2ac6e1f606982dde8bb5eb0a1352d577"}, Deleting: Server says: {"msg":"file or directory not found","code":40400001,"id":"4482338bb866bdf101c99d190ac4fcef"}
2018-10-08 16:42:51: 新建复制 'F:/blog/public/js/src/bootstrap.js' -> 'ftp://v0.ftp.upyun.com/js/src/bootstrap.js' (1,602)
- 错误: Cannot rename temp file to destination file: Server says: {"msg":"too many requests of the same uri","code":42900002,"id":"c952826f36ff81ff3614860170bb0d2f"}, Deleting: Server says: {"msg":"file or directory not found","code":40400001,"id":"17b4ed2745e4d082ba49dd7a0e5d52ba"}
2018-10-08 16:42:51: 覆盖复制 'F:/blog/public/js/src/clicklove.js' -> 'ftp://v0.ftp.upyun.com/js/src/clicklove.js' (1,559)
- 错误: Server says: {"msg":"too many requests of the same uri","code":42900002,"id":"d88b5dd59ca05f81fb70830d6f357528"}, Deleting: Server says: {"msg":"file or directory not found","code":40400001,"id":"66276dc378ed56c083ff1824b58189db"}
2018-10-08 16:42:52: 覆盖复制 'F:/blog/public/js/src/exturl.js' -> 'ftp://v0.ftp.upyun.com/js/src/exturl.js' (1,846)
- 错误: Cannot rename temp file to destination file: Server says: {"msg":"too many requests of the same uri","code":42900002,"id":"f42cd0cc81cfac24add20d324d0d35f1"}, Deleting: Server says: {"msg":"file or directory not found","code":40400001,"id":"a0ad0e6adec0d47dd95a0c0bde0ce9de"}
2018-10-08 16:42:53: 覆盖复制 'F:/blog/public/js/src/js.cookie.js' -> 'ftp://v0.ftp.upyun.com/js/src/js.cookie.js' (3,872)
- 错误: Cannot rename temp file to destination file: Server says: {"msg":"too many requests of the same uri","code":42900002,"id":"d5dc48da42cd176b635b8c86f83732d8"}, Deleting: Server says: {"msg":"file or directory not found","code":40400001,"id":"8664939f5e3bafee1a2f3e57dd910a82"}
2018-10-08 16:42:53: 新建复制 'F:/blog/public/js/src/motion.js' -> 'ftp://v0.ftp.upyun.com/js/src/motion.js' (10,560)
- 错误: Cannot rename temp file to destination file: Server says: {"msg":"too many requests of the same uri","code":42900002,"id":"0022b0412a1feac171953e069a927230"}, Deleting: Server says: {"msg":"file or directory not found","code":40400001,"id":"9064f671099b30a22d6f9f09b2019765"}
2018-10-08 16:42:54: 覆盖复制 'F:/blog/public/js/src/post-details.js' -> 'ftp://v0.ftp.upyun.com/js/src/post-details.js' (3,424)
- 错误: Server says: {"msg":"too many requests of the same uri","code":42900002,"id":"10fad7992912e3f1f0f0112ac33fb799"}, Deleting: Server says: {"msg":"file or directory not found","code":40400001,"id":"ebd8638eae56cdccea6e8f876395786d"}
2018-10-08 16:42:54: 覆盖复制 'F:/blog/public/js/src/schemes/pisces.js' -> 'ftp://v0.ftp.upyun.com/js/src/schemes/pisces.js' (1,596)
- 错误: Server says: {"msg":"too many requests of the same uri","code":42900002,"id":"0ac7d34e8255a1b6a7d578f8215f6ed0"}, Deleting: Server says: {"msg":"file or directory not found","code":40400001,"id":"559293b9ce55459bdfa13e7cc500cad0"}
2018-10-08 16:42:55: 新建复制 'F:/blog/public/js/src/scroll-cookie.js' -> 'ftp://v0.ftp.upyun.com/js/src/scroll-cookie.js' (671)
- 错误: Cannot rename temp file to destination file: Server says: {"msg":"too many requests of the same uri","code":42900002,"id":"29ee94247f520df17abef19e99375bf6"}, Deleting: Server says: {"msg":"too many requests of the same uri","code":42900002,"id":"2bb70fc302ad9984a99a2b65e9f8c477"}
2018-10-08 16:42:55: 覆盖复制 'F:/blog/public/js/src/scrollspy.js' -> 'ftp://v0.ftp.upyun.com/js/src/scrollspy.js' (5,081)
- 错误: Cannot rename temp file to destination file: Server says: {"msg":"too many requests of the same uri","code":42900002,"id":"f19b1a6c7423076f7056b0d6d473a722"}, Deleting: Server says: {"msg":"file or directory not found","code":40400001,"id":"6a19ace4ee0e4d324be1613a520f19a2"}
2018-10-08 16:42:56: 覆盖复制 'F:/blog/public/js/src/utils.js' -> 'ftp://v0.ftp.upyun.com/js/src/utils.js' (10,204)
- 错误: Server says: {"msg":"too many requests of the same uri","code":42900002,"id":"dfb84853b33f882ae12508a4cf98dbc0"}, Deleting: Server says: {"msg":"file or directory not found","code":40400001,"id":"703b9e515844d4926966f4c838c68838"}
2018-10-08 16:42:57: 覆盖复制 'F:/blog/public/js/src/Valine.min.js' -> 'ftp://v0.ftp.upyun.com/js/src/Valine.min.js' (71,806)
- 错误: Server says: {"msg":"too many requests of the same uri","code":42900002,"id":"85fc8e04b5fba9d7d3beb080e64150ee"}, Deleting: Server says: {"msg":"file or directory not found","code":40400001,"id":"151cbea3a6486f883d679d28ed08107f"}
2018-10-08 16:42:57: 新建复制 'F:/blog/public/lib/blog-encrypt.js' -> 'ftp://v0.ftp.upyun.com/lib/blog-encrypt.js' (2,361)
- 错误: Cannot rename temp file to destination file: Server says: {"msg":"too many requests of the same uri","code":42900002,"id":"02d0cb85f0d92b612316773e60d2b20a"}, Deleting: Server says: {"msg":"file or directory not found","code":40400001,"id":"9a78761c631f647eaf29f6bc584d6147"}
2018-10-08 16:42:58: 覆盖复制 'F:/blog/public/lib/bookmark/bookmark.min.js' -> 'ftp://v0.ftp.upyun.com/lib/bookmark/bookmark.min.js' (1,742)
- 错误: Server says: {"msg":"too many requests of the same uri","code":42900002,"id":"9d5871ce0e94f54846a9f3c2a35f8e37"}, Deleting: Server says: {"msg":"file or directory not found","code":40400001,"id":"9fac8a46d4aaf9778c24b7ba69c0751c"}
2018-10-08 16:42:58: 新建复制 'F:/blog/public/lib/bookmark/index.js' -> 'ftp://v0.ftp.upyun.com/lib/bookmark/index.js' (4,039)
- 错误: Cannot rename temp file to destination file: Server says: {"msg":"too many requests of the same uri","code":42900002,"id":"426ee0cf917c09f4bc27caf80b2807c8"}, Deleting: Server says: {"msg":"file or directory not found","code":40400001,"id":"81fc5e8c0d341e8d7b7ef65ff9588e86"}
2018-10-08 16:42:59: 覆盖复制 'F:/blog/public/lib/bookmark/LICENSE' -> 'ftp://v0.ftp.upyun.com/lib/bookmark/LICENSE' (1,093)
- 错误: Server says: {"msg":"too many requests of the same uri","code":42900002,"id":"426d523cccc2d3d4da696d18f7338b77"}, Deleting: Server says: {"msg":"file or directory not found","code":40400001,"id":"408a7e547202eca4ffbc6a60f86813b2"}
2018-10-08 16:43:00: 新建复制 'F:/blog/public/lib/bookmark/package.json' -> 'ftp://v0.ftp.upyun.com/lib/bookmark/package.json' (674)
- 错误: Cannot rename temp file to destination file: Server says: {"msg":"too many requests of the same uri","code":42900002,"id":"3609bf52a15c6e7bc511fde7755363a6"}, Deleting: Server says: {"msg":"file or directory not found","code":40400001,"id":"b8c3a8c6c2985d05150b06983e607e59"}
2018-10-08 16:43:00: 覆盖复制 'F:/blog/public/lib/bookmark/README.html' -> 'ftp://v0.ftp.upyun.com/lib/bookmark/README.html' (1,794)
- 错误: Server says: {"msg":"too many requests of the same uri","code":42900002,"id":"dcb6ecba45d7e2422b018fb17364606c"}, Deleting: Server says: {"msg":"file or directory not found","code":40400001,"id":"35d58b3bd708bf09992bae1a09cb31ac"}
2018-10-08 16:43:00: Stop requested by Stop By User: #1
2018-10-08 16:43:00: 覆盖复制 'F:/blog/public/lib/canvas-nest/canvas-nest.min.js' -> 'ftp://v0.ftp.upyun.com/lib/canvas-nest/canvas-nest.min.js' (1,700)
- 错误: Error copying file: cannot open data conn: stopped by Stop By User
2018-10-08 16:43:01: 保持文件状态 
- ERROR: Cannot move state file temp to perm: Server says: {"msg":"too many requests of the same uri","code":42900002,"id":"0a35473dbadd11903602fc13810975ee"}, Deleting: Server says: {"msg":"too many requests of the same uri","code":42900002,"id":"ec3abac1ea5a53eaa8ea8d5ebdfb488f"}
2018-10-08 16:43:01: stopped by Stop By User
2018-10-08 16:43:01: 
