2018-10-08 16:26:09: FTP [class 0]: Listing one file is not supported (returns nothing): cannot start transfer: 550: Not a directory
2018-10-08 16:26:09: -- 分析开始 User Command
2018-10-08 16:26:09: 左侧: State file does not exist: F:/blog/public/_gsdata_/_file_state_v4._gs
2018-10-08 16:26:34: 变更：238， 冲突：0， 复制时间：0， 复制状态：82， 错误： 0, All: 321
2018-10-08 16:26:34: Left to Right: Copy File: 238 
2018-10-08 16:26:34: -- 分析已结束。历时 00:00:27, 速度： 11 文件/秒
2018-10-08 16:26:34: 
2018-10-08 16:27:02: == 同步开始由 User Command
2018-10-08 16:27:03: FTP [class 0]: Listing one file is not supported (returns nothing): cannot start transfer: 550: Not a directory
2018-10-08 16:27:04: 创建文件夹 'ftp://v0.ftp.upyun.com/categories/汇编'
2018-10-08 16:27:04: 创建文件夹 'ftp://v0.ftp.upyun.com/page/5'
2018-10-08 16:27:04: 创建文件夹 'ftp://v0.ftp.upyun.com/tags/汇编'
2018-10-08 16:27:06: 覆盖复制 'F:/blog/public/404.html' -> 'ftp://v0.ftp.upyun.com/404.html' (727)
2018-10-08 16:27:08: 覆盖复制 'F:/blog/public/about/index.html' -> 'ftp://v0.ftp.upyun.com/about/index.html' (34,939)
- 错误: Cannot rename temp file to destination file: Server says: {"msg":"too many requests of the same uri","code":42900002,"id":"4113b4100a99a8e7a840cd26d3d2c05e"}, Deleting: Server says: {"msg":"file or directory not found","code":40400001,"id":"f53ca628eed5d3b5697fd7429fbfb8ba"}
2018-10-08 16:27:09: 覆盖复制 'F:/blog/public/archives/index.html' -> 'ftp://v0.ftp.upyun.com/archives/index.html' (64,115)
- 错误: Cannot rename temp file to destination file: Server says: {"msg":"too many requests of the same uri","code":42900002,"id":"c1c11f49cc9111dd4ca8db5f2c5f78e1"}, Deleting: Server says: {"msg":"file or directory not found","code":40400001,"id":"afc00cab8a9305e43a75fa615a2c936d"}
2018-10-08 16:27:12: 覆盖复制 'F:/blog/public/assets/css/APlayer.min.css' -> 'ftp://v0.ftp.upyun.com/assets/css/APlayer.min.css' (12,528)
2018-10-08 16:27:13: 覆盖复制 'F:/blog/public/assets/js/APlayer.min.js' -> 'ftp://v0.ftp.upyun.com/assets/js/APlayer.min.js' (59,325)
- 错误: Cannot rename temp file to destination file: Server says: {"msg":"too many requests of the same uri","code":42900002,"id":"39bbd37607093c4cb581ddb71d013289"}, Deleting: Server says: {"msg":"file or directory not found","code":40400001,"id":"ca75abf99e379dfde4d5b45f79d5a3e8"}
2018-10-08 16:27:14: 覆盖复制 'F:/blog/public/assets/js/Meting.min.js' -> 'ftp://v0.ftp.upyun.com/assets/js/Meting.min.js' (1,795)
- 错误: Cannot rename temp file to destination file: Server says: {"msg":"too many requests of the same uri","code":42900002,"id":"c02c6b1bd08061b0a6d045e07436d03d"}, Deleting: Server says: {"msg":"file or directory not found","code":40400001,"id":"a540d7e29ad507ab187c76aaba50ab72"}
2018-10-08 16:27:16: 覆盖复制 'F:/blog/public/atom.xml' -> 'ftp://v0.ftp.upyun.com/atom.xml' (462,118)
- 错误: Cannot rename temp file to destination file: Server says: {"msg":"too many requests of the same uri","code":42900002,"id":"2085d30dc580bd12024151775d67e790"}, Deleting: Server says: {"msg":"file or directory not found","code":40400001,"id":"1da810b7da6f41944d74f0569497617b"}
2018-10-08 16:27:17: 覆盖复制 'F:/blog/public/baidusitemap.xml' -> 'ftp://v0.ftp.upyun.com/baidusitemap.xml' (19,928)
2018-10-08 16:27:19: 覆盖复制 'F:/blog/public/categories/Android/index.html' -> 'ftp://v0.ftp.upyun.com/categories/Android/index.html' (34,481)
- 错误: Cannot rename temp file to destination file: Server says: {"msg":"too many requests of the same uri","code":42900002,"id":"a8c779448860d5a3469d0e3ae6dcee07"}, Deleting: Server says: {"msg":"file or directory not found","code":40400001,"id":"ade8c0b4a6ed192c85a26dcee810dcd8"}
2018-10-08 16:27:20: 覆盖复制 'F:/blog/public/categories/C语言/index.html' -> 'ftp://v0.ftp.upyun.com/categories/C语言/index.html' (33,006)
- 错误: Cannot rename temp file to destination file: Server says: {"msg":"too many requests of the same uri","code":42900002,"id":"be959a1a8f1e43deaaf21b500bb7460b"}, Deleting: Server says: {"msg":"file or directory not found","code":40400001,"id":"55b38799637da37a0c6426283b4c9681"}
2018-10-08 16:27:22: 覆盖复制 'F:/blog/public/categories/hexo/index.html' -> 'ftp://v0.ftp.upyun.com/categories/hexo/index.html' (37,865)
- 错误: Cannot rename temp file to destination file: Server says: {"msg":"too many requests of the same uri","code":42900002,"id":"4bc9342e5cf12e3855a1e5561ce9c60b"}, Deleting: Server says: {"msg":"file or directory not found","code":40400001,"id":"4ba98db7338174ad037f9ea2a3e6f885"}
2018-10-08 16:27:23: 覆盖复制 'F:/blog/public/categories/index.html' -> 'ftp://v0.ftp.upyun.com/categories/index.html' (35,765)
- 错误: Cannot rename temp file to destination file: Server says: {"msg":"too many requests of the same uri","code":42900002,"id":"fb651a6ed88c1ca3c675a05cbfd74759"}, Deleting: Server says: {"msg":"file or directory not found","code":40400001,"id":"b5ce32519931fadee1616e9bc08b6971"}
2018-10-08 16:27:24: 覆盖复制 'F:/blog/public/categories/Java/index.html' -> 'ftp://v0.ftp.upyun.com/categories/Java/index.html' (33,702)
- 错误: Cannot rename temp file to destination file: Server says: {"msg":"too many requests of the same uri","code":42900002,"id":"78838e852e390ae259dfee830eae4b44"}, Deleting: Server says: {"msg":"file or directory not found","code":40400001,"id":"0ef035df1ebfd6e4a0c91126ab2c8839"}
2018-10-08 16:27:26: 覆盖复制 'F:/blog/public/categories/python/index.html' -> 'ftp://v0.ftp.upyun.com/categories/python/index.html' (33,721)
- 错误: Cannot rename temp file to destination file: Server says: {"msg":"too many requests of the same uri","code":42900002,"id":"c1dae4148ee9ff855341fa31ec7dacce"}, Deleting: Server says: {"msg":"file or directory not found","code":40400001,"id":"0bb899e165bd9f38f8d23e15880c0040"}
2018-10-08 16:27:27: 覆盖复制 'F:/blog/public/categories/vps/index.html' -> 'ftp://v0.ftp.upyun.com/categories/vps/index.html' (33,016)
2018-10-08 16:27:28: 覆盖复制 'F:/blog/public/categories/数据库/index.html' -> 'ftp://v0.ftp.upyun.com/categories/数据库/index.html' (33,033)
- 错误: Cannot rename temp file to destination file: Server says: {"msg":"too many requests of the same uri","code":42900002,"id":"badda9c976ad0be9a2e8f092def5b73f"}, Deleting: Server says: {"msg":"file or directory not found","code":40400001,"id":"0c23899da61a1a4614d27529cf75b5f8"}
2018-10-08 16:27:30: 覆盖复制 'F:/blog/public/categories/比特币/index.html' -> 'ftp://v0.ftp.upyun.com/categories/比特币/index.html' (33,044)
2018-10-08 16:27:31: 新建复制 'F:/blog/public/categories/汇编/index.html' -> 'ftp://v0.ftp.upyun.com/categories/汇编/index.html' (33,712)
2018-10-08 16:27:32: 覆盖复制 'F:/blog/public/categories/系统/index.html' -> 'ftp://v0.ftp.upyun.com/categories/系统/index.html' (33,765)
- 错误: Cannot rename temp file to destination file: Server says: {"msg":"too many requests of the same uri","code":42900002,"id":"d592222cedb1a6acc946c4eac945aaa3"}, Deleting: Server says: {"msg":"file or directory not found","code":40400001,"id":"d1c5b3bfb17dce321dda970eb47156be"}
2018-10-08 16:27:33: 覆盖复制 'F:/blog/public/categories/网络/index.html' -> 'ftp://v0.ftp.upyun.com/categories/网络/index.html' (35,183)
- 错误: Cannot rename temp file to destination file: Server says: {"msg":"too many requests of the same uri","code":42900002,"id":"f2b4afafa8e04597216610b5c989969f"}, Deleting: Server says: {"msg":"file or directory not found","code":40400001,"id":"1d7e47fda82f20cacb38b56c6d4b4113"}
2018-10-08 16:27:34: 覆盖复制 'F:/blog/public/categories/转载/index.html' -> 'ftp://v0.ftp.upyun.com/categories/转载/index.html' (33,088)
- 错误: Cannot rename temp file to destination file: Server says: {"msg":"too many requests of the same uri","code":42900002,"id":"d37585697a988f816c509b1dbdeb9ebf"}, Deleting: Server says: {"msg":"file or directory not found","code":40400001,"id":"c7d654f2afa9c3d88cdfdd49c4026ba1"}
2018-10-08 16:27:35: 覆盖复制 'F:/blog/public/categories/闲读/index.html' -> 'ftp://v0.ftp.upyun.com/categories/闲读/index.html' (33,740)
- 错误: Cannot rename temp file to destination file: Server says: {"msg":"too many requests of the same uri","code":42900002,"id":"76850cb84508c5be0ff8fcd53b29f8a8"}, Deleting: Server says: {"msg":"file or directory not found","code":40400001,"id":"a5ba0baab44fcf4ab8223ef8a48f01f5"}
2018-10-08 16:27:36: 覆盖复制 'F:/blog/public/categories/音乐/index.html' -> 'ftp://v0.ftp.upyun.com/categories/音乐/index.html' (33,001)
- 错误: Cannot rename temp file to destination file: Server says: {"msg":"too many requests of the same uri","code":42900002,"id":"77a2f6daf45a7ffc184a55fe4062f328"}, Deleting: Server says: {"msg":"file or directory not found","code":40400001,"id":"df60d5e85b4652678eb25a554490892e"}
2018-10-08 16:27:37: 覆盖复制 'F:/blog/public/CNAME' -> 'ftp://v0.ftp.upyun.com/CNAME' (19)
- 错误: Cannot rename temp file to destination file: Server says: {"msg":"too many requests of the same uri","code":42900002,"id":"f41c44793084349dc7a8866d9f31bae1"}, Deleting: Server says: {"msg":"too many requests of the same uri","code":42900002,"id":"d6d271d38d16e506c0679b058df987df"}
2018-10-08 16:27:38: 覆盖复制 'F:/blog/public/css/blog-encrypt.css' -> 'ftp://v0.ftp.upyun.com/css/blog-encrypt.css' (1,748)
2018-10-08 16:27:39: 覆盖复制 'F:/blog/public/css/main.css' -> 'ftp://v0.ftp.upyun.com/css/main.css' (68,284)
- 错误: Cannot rename temp file to destination file: Server says: {"msg":"too many requests of the same uri","code":42900002,"id":"28142504241eddf636d760fb48dff52d"}, Deleting: Server says: {"msg":"file or directory not found","code":40400001,"id":"f304c1b6051d1457b9edb9140359ab26"}
2018-10-08 16:27:41: 覆盖复制 'F:/blog/public/images/algolia_logo.svg' -> 'ftp://v0.ftp.upyun.com/images/algolia_logo.svg' (4,410)
2018-10-08 16:27:43: 覆盖复制 'F:/blog/public/images/apple-touch-icon-next.ico' -> 'ftp://v0.ftp.upyun.com/images/apple-touch-icon-next.ico' (67,646)
2018-10-08 16:27:44: 覆盖复制 'F:/blog/public/images/apple-touch-icon-next.png' -> 'ftp://v0.ftp.upyun.com/images/apple-touch-icon-next.png' (1,544)
- 错误: Cannot rename temp file to destination file: Server says: {"msg":"too many requests of the same uri","code":42900002,"id":"89dcf7bd6a015ed769732c5199a21487"}, Deleting: Server says: {"msg":"file or directory not found","code":40400001,"id":"c04c86882f738f332c828435dca336dd"}
2018-10-08 16:27:45: 覆盖复制 'F:/blog/public/images/avatar.gif' -> 'ftp://v0.ftp.upyun.com/images/avatar.gif' (2,926)
- 错误: Cannot rename temp file to destination file: Server says: {"msg":"too many requests of the same uri","code":42900002,"id":"e581cdeea92d5844cf5f855e9ba2d3a1"}, Deleting: Server says: {"msg":"file or directory not found","code":40400001,"id":"6820c875042e77ce7f14376346d3eea4"}
2018-10-08 16:27:46: 覆盖复制 'F:/blog/public/images/background1.jpg' -> 'ftp://v0.ftp.upyun.com/images/background1.jpg' (218,301)
- 错误: Cannot rename temp file to destination file: Server says: {"msg":"too many requests of the same uri","code":42900002,"id":"a983d90222b54a905eb54c9b8dc65d05"}, Deleting: Server says: {"msg":"file or directory not found","code":40400001,"id":"4ceee8a1b1b8248efc19a687d7373cf2"}
2018-10-08 16:27:48: 覆盖复制 'F:/blog/public/images/background2.jpg' -> 'ftp://v0.ftp.upyun.com/images/background2.jpg' (343,176)
- 错误: Cannot rename temp file to destination file: Server says: {"msg":"too many requests of the same uri","code":42900002,"id":"58c36b33a663b733efc25af9f1e3ca2a"}, Deleting: Server says: {"msg":"file or directory not found","code":40400001,"id":"5163ad2885adade38c9f5482672574b2"}
2018-10-08 16:27:49: 覆盖复制 'F:/blog/public/images/background3.jpg' -> 'ftp://v0.ftp.upyun.com/images/background3.jpg' (443,034)
- 错误: Cannot rename temp file to destination file: Server says: {"msg":"too many requests of the same uri","code":42900002,"id":"e5443f6b61a9ee0ef2f058386713305f"}, Deleting: Server says: {"msg":"file or directory not found","code":40400001,"id":"848c0e4aae84bd7635267d4c2f394f9b"}
2018-10-08 16:27:51: 覆盖复制 'F:/blog/public/images/background4.jpg' -> 'ftp://v0.ftp.upyun.com/images/background4.jpg' (397,628)
- 错误: Cannot rename temp file to destination file: Server says: {"msg":"too many requests of the same uri","code":42900002,"id":"95719d227db83604ddc9c760ceb3088d"}, Deleting: Server says: {"msg":"too many requests of the same uri","code":42900002,"id":"820070124f5a7cdbaf03cab29ee05b1c"}
2018-10-08 16:27:52: 覆盖复制 'F:/blog/public/images/background5.jpg' -> 'ftp://v0.ftp.upyun.com/images/background5.jpg' (339,444)
- 错误: Cannot rename temp file to destination file: Server says: {"msg":"too many requests of the same uri","code":42900002,"id":"e280721ffe53828d03079e5eb4707784"}, Deleting: Server says: {"msg":"file or directory not found","code":40400001,"id":"d0ce611756de800eb34f18e7fca9a3c6"}
2018-10-08 16:27:54: 覆盖复制 'F:/blog/public/images/background6.jpg' -> 'ftp://v0.ftp.upyun.com/images/background6.jpg' (321,373)
- 错误: Cannot rename temp file to destination file: Server says: {"msg":"too many requests of the same uri","code":42900002,"id":"40f1a1386f028efa5c03fe3ecd41270c"}, Deleting: Server says: {"msg":"file or directory not found","code":40400001,"id":"1c0c75e15d30cc2a6863c15c05943f61"}
2018-10-08 16:27:58: 覆盖复制 'F:/blog/public/images/cc-by-nc-nd.svg' -> 'ftp://v0.ftp.upyun.com/images/cc-by-nc-nd.svg' (11,043)
2018-10-08 16:27:59: 覆盖复制 'F:/blog/public/images/cc-by-nc-sa.svg' -> 'ftp://v0.ftp.upyun.com/images/cc-by-nc-sa.svg' (11,780)
- 错误: Cannot rename temp file to destination file: Server says: {"msg":"too many requests of the same uri","code":42900002,"id":"d5f958293ade48efa60fd4fe667b13ee"}, Deleting: Server says: {"msg":"file or directory not found","code":40400001,"id":"57f3c8810f2264e3ced68033c51db99d"}
2018-10-08 16:28:00: 覆盖复制 'F:/blog/public/images/cc-by-nc.svg' -> 'ftp://v0.ftp.upyun.com/images/cc-by-nc.svg' (9,794)
- 错误: Cannot rename temp file to destination file: Server says: {"msg":"too many requests of the same uri","code":42900002,"id":"51756ea06338fbeecedd98dc90411000"}, Deleting: Server says: {"msg":"file or directory not found","code":40400001,"id":"98738927edecbceb6844962171b18839"}
2018-10-08 16:28:01: 覆盖复制 'F:/blog/public/images/cc-by-nd.svg' -> 'ftp://v0.ftp.upyun.com/images/cc-by-nd.svg' (9,500)
- 错误: Cannot rename temp file to destination file: Server says: {"msg":"too many requests of the same uri","code":42900002,"id":"f6f46adb7e4cf63cb50f4266042215e6"}, Deleting: Server says: {"msg":"file or directory not found","code":40400001,"id":"dc9a6549baf7d34594df069e96caea05"}
2018-10-08 16:28:02: 覆盖复制 'F:/blog/public/images/cc-by-sa.svg' -> 'ftp://v0.ftp.upyun.com/images/cc-by-sa.svg' (10,382)
- 错误: Cannot rename temp file to destination file: Server says: {"msg":"too many requests of the same uri","code":42900002,"id":"3cb30ed3759d35bfb446acbb0fabc8dd"}, Deleting: Server says: {"msg":"file or directory not found","code":40400001,"id":"1acb96d9ee27f9b68a6fdfaff49c328e"}
2018-10-08 16:28:03: 覆盖复制 'F:/blog/public/images/cc-by.svg' -> 'ftp://v0.ftp.upyun.com/images/cc-by.svg' (8,400)
- 错误: Cannot rename temp file to destination file: Server says: {"msg":"too many requests of the same uri","code":42900002,"id":"a15e6cb2eafc254b12c5ed713e5f0896"}, Deleting: Server says: {"msg":"file or directory not found","code":40400001,"id":"0ac8d41498032cb3fd022c9b86575999"}
2018-10-08 16:28:04: 覆盖复制 'F:/blog/public/images/cc-zero.svg' -> 'ftp://v0.ftp.upyun.com/images/cc-zero.svg' (6,287)
- 错误: Cannot rename temp file to destination file: Server says: {"msg":"too many requests of the same uri","code":42900002,"id":"e9da22e7b2e8f0c9385feefe5f098123"}, Deleting: Server says: {"msg":"file or directory not found","code":40400001,"id":"09595b8b3ddfd7fa5061ff9a111e48ac"}
2018-10-08 16:28:04: 覆盖复制 'F:/blog/public/images/favicon-16x16-next.ico' -> 'ftp://v0.ftp.upyun.com/images/favicon-16x16-next.ico' (1,150)
- 错误: Cannot rename temp file to destination file: Server says: {"msg":"too many requests of the same uri","code":42900002,"id":"e4ede44fca8bee99d08d5d9be417cff8"}, Deleting: Server says: {"msg":"too many requests of the same uri","code":42900002,"id":"b6dc9a33d90675f4b56fc06c8c0d8e16"}
2018-10-08 16:28:05: 覆盖复制 'F:/blog/public/images/favicon-16x16-next.png' -> 'ftp://v0.ftp.upyun.com/images/favicon-16x16-next.png' (435)
- 错误: Cannot rename temp file to destination file: Server says: {"msg":"too many requests of the same uri","code":42900002,"id":"aa6a4530f32f2dd13681d2f82f39a4e2"}, Deleting: Server says: {"msg":"file or directory not found","code":40400001,"id":"73e19340ccffd918f67802f80e2bee4e"}
2018-10-08 16:28:06: 覆盖复制 'F:/blog/public/images/favicon-32x32-next.ico' -> 'ftp://v0.ftp.upyun.com/images/favicon-32x32-next.ico' (4,286)
- 错误: Cannot rename temp file to destination file: Server says: {"msg":"too many requests of the same uri","code":42900002,"id":"151dd8fa7f88a1e02e859c42ac8776b1"}, Deleting: Server says: {"msg":"file or directory not found","code":40400001,"id":"079ea25df47dfc7a23a3b377cec29de8"}
2018-10-08 16:28:07: 覆盖复制 'F:/blog/public/images/favicon-32x32-next.png' -> 'ftp://v0.ftp.upyun.com/images/favicon-32x32-next.png' (640)
- 错误: Cannot rename temp file to destination file: Server says: {"msg":"too many requests of the same uri","code":42900002,"id":"06efa376f8f7321966e83c1422b8cbd3"}, Deleting: Server says: {"msg":"file or directory not found","code":40400001,"id":"3773c0dc4d692c3e6a257787e2d4719b"}
2018-10-08 16:28:09: 覆盖复制 'F:/blog/public/images/favicon-48x48-next.ico' -> 'ftp://v0.ftp.upyun.com/images/favicon-48x48-next.ico' (9,662)
2018-10-08 16:28:13: 覆盖复制 'F:/blog/public/images/head.png' -> 'ftp://v0.ftp.upyun.com/images/head.png' (31,689)
- 错误: Cannot rename temp file to destination file: Server says: {"msg":"too many requests of the same uri","code":42900002,"id":"d6264f98a9a163375457228244907f0d"}, Deleting: Server says: {"msg":"file or directory not found","code":40400001,"id":"ab1a36f74d97ba9c42e59fe469abdb58"}
2018-10-08 16:28:14: 覆盖复制 'F:/blog/public/images/loading.gif' -> 'ftp://v0.ftp.upyun.com/images/loading.gif' (35)
- 错误: Cannot rename temp file to destination file: Server says: {"msg":"too many requests of the same uri","code":42900002,"id":"e7f1ed023294ca83b0c861be9baf138a"}, Deleting: Server says: {"msg":"file or directory not found","code":40400001,"id":"2e426b4a40d1778355c17e0924c66cd1"}
2018-10-08 16:28:14: 覆盖复制 'F:/blog/public/images/logo.svg' -> 'ftp://v0.ftp.upyun.com/images/logo.svg' (1,059)
- 错误: Cannot rename temp file to destination file: Server says: {"msg":"too many requests of the same uri","code":42900002,"id":"236b9ce20bf39e3faaa0858ddf85b4cb"}, Deleting: Server says: {"msg":"file or directory not found","code":40400001,"id":"c5d13313bd7a13f4277f2b27c69bdd04"}
2018-10-08 16:28:15: 覆盖复制 'F:/blog/public/images/placeholder.gif' -> 'ftp://v0.ftp.upyun.com/images/placeholder.gif' (35)
- 错误: Cannot rename temp file to destination file: Server says: {"msg":"too many requests of the same uri","code":42900002,"id":"79995fc25a64d61b96582f49dd49fc92"}, Deleting: Server says: {"msg":"file or directory not found","code":40400001,"id":"5dd3caba32a9a3908221333ba4f42065"}
2018-10-08 16:28:17: 覆盖复制 'F:/blog/public/images/quote-l.svg' -> 'ftp://v0.ftp.upyun.com/images/quote-l.svg' (892)
2018-10-08 16:28:18: 覆盖复制 'F:/blog/public/images/quote-r.svg' -> 'ftp://v0.ftp.upyun.com/images/quote-r.svg' (880)
- 错误: Cannot rename temp file to destination file: Server says: {"msg":"too many requests of the same uri","code":42900002,"id":"8bf0b2f55ad2310c9a0f33e551af0936"}, Deleting: Server says: {"msg":"file or directory not found","code":40400001,"id":"7c7805912507bd805904ece9f626683e"}
2018-10-08 16:28:19: 覆盖复制 'F:/blog/public/images/searchicon.png' -> 'ftp://v0.ftp.upyun.com/images/searchicon.png' (766)
- 错误: Cannot rename temp file to destination file: Server says: {"msg":"too many requests of the same uri","code":42900002,"id":"13a2403c14c213a4e88cf9413a560659"}, Deleting: Server says: {"msg":"file or directory not found","code":40400001,"id":"be42a36e16b82c716d5d006ed3d73414"}
2018-10-08 16:28:20: 覆盖复制 'F:/blog/public/index.html' -> 'ftp://v0.ftp.upyun.com/index.html' (75,771)
- 错误: Cannot rename temp file to destination file: Server says: {"msg":"too many requests of the same uri","code":42900002,"id":"2d5b46c5162af94b551d4d7bbb4bcfd0"}, Deleting: Server says: {"msg":"file or directory not found","code":40400001,"id":"af95ed858f31cfbd8d5c2e317fa94bac"}
2018-10-08 16:28:21: 覆盖复制 'F:/blog/public/js/src/affix.js' -> 'ftp://v0.ftp.upyun.com/js/src/affix.js' (5,100)
- 错误: Cannot rename temp file to destination file: Server says: {"msg":"too many requests of the same uri","code":42900002,"id":"08df1b7f4cfcaa965f1232ffba3ff39d"}, Deleting: Server says: {"msg":"file or directory not found","code":40400001,"id":"a241aed5045e1d7f75eb0c587ca8b80b"}
2018-10-08 16:28:22: 覆盖复制 'F:/blog/public/js/src/algolia-search.js' -> 'ftp://v0.ftp.upyun.com/js/src/algolia-search.js' (3,297)
- 错误: Cannot rename temp file to destination file: Server says: {"msg":"too many requests of the same uri","code":42900002,"id":"32ad2f24b47576040474a91f46ecf89b"}, Deleting: Server says: {"msg":"file or directory not found","code":40400001,"id":"bcb56780e8d67dfd4aa76dc9427dacda"}
2018-10-08 16:28:24: 覆盖复制 'F:/blog/public/js/src/av-min.js' -> 'ftp://v0.ftp.upyun.com/js/src/av-min.js' (142,297)
2018-10-08 16:28:25: 覆盖复制 'F:/blog/public/js/src/bootstrap.js' -> 'ftp://v0.ftp.upyun.com/js/src/bootstrap.js' (1,602)
- 错误: Cannot rename temp file to destination file: Server says: {"msg":"too many requests of the same uri","code":42900002,"id":"c3bf3195fa9594812e91b1e2f735de46"}, Deleting: Server says: {"msg":"file or directory not found","code":40400001,"id":"fcb4097f825df656677b428444bebb7d"}
2018-10-08 16:28:26: 覆盖复制 'F:/blog/public/js/src/clicklove.js' -> 'ftp://v0.ftp.upyun.com/js/src/clicklove.js' (1,559)
- 错误: Cannot rename temp file to destination file: Server says: {"msg":"too many requests of the same uri","code":42900002,"id":"deb333cca41ff5a0d5e567d3dff1f9fa"}, Deleting: Server says: {"msg":"file or directory not found","code":40400001,"id":"d0afcdf2b7aa306ba99e4fd61216cc44"}
2018-10-08 16:28:27: 覆盖复制 'F:/blog/public/js/src/exturl.js' -> 'ftp://v0.ftp.upyun.com/js/src/exturl.js' (1,846)
- 错误: Cannot rename temp file to destination file: Server says: {"msg":"too many requests of the same uri","code":42900002,"id":"826ab25d44dc9b51adaeb415de4fd300"}, Deleting: Server says: {"msg":"file or directory not found","code":40400001,"id":"7e571e31edc9887578d3062ba73e2dcc"}
2018-10-08 16:28:27: 覆盖复制 'F:/blog/public/js/src/js.cookie.js' -> 'ftp://v0.ftp.upyun.com/js/src/js.cookie.js' (3,872)
- 错误: Cannot rename temp file to destination file: Server says: {"msg":"too many requests of the same uri","code":42900002,"id":"63add189b38bacdd9e71a3a06fae9d74"}, Deleting: Server says: {"msg":"file or directory not found","code":40400001,"id":"d869fb38f7d8dc041a555c7021f3cb28"}
2018-10-08 16:28:28: 覆盖复制 'F:/blog/public/js/src/motion.js' -> 'ftp://v0.ftp.upyun.com/js/src/motion.js' (10,560)
- 错误: Cannot rename temp file to destination file: Server says: {"msg":"too many requests of the same uri","code":42900002,"id":"2d73b32de20be376ebe8c84e0d68d103"}, Deleting: Server says: {"msg":"file or directory not found","code":40400001,"id":"73696f7f00a2e6cffd304dcd86d3d011"}
2018-10-08 16:28:29: 覆盖复制 'F:/blog/public/js/src/post-details.js' -> 'ftp://v0.ftp.upyun.com/js/src/post-details.js' (3,424)
- 错误: Cannot rename temp file to destination file: Server says: {"msg":"too many requests of the same uri","code":42900002,"id":"a3ecafd294806f9d0090a2aa8498d6b6"}, Deleting: Server says: {"msg":"file or directory not found","code":40400001,"id":"045bb4df5ae04e6bfe4ec4007724b740"}
2018-10-08 16:28:30: 覆盖复制 'F:/blog/public/js/src/schemes/pisces.js' -> 'ftp://v0.ftp.upyun.com/js/src/schemes/pisces.js' (1,596)
- 错误: Cannot rename temp file to destination file: Server says: {"msg":"too many requests of the same uri","code":42900002,"id":"0de8e2227825175cee196c74bcd35e4b"}, Deleting: Server says: {"msg":"file or directory not found","code":40400001,"id":"be980b01d5024660e5a2331783336cda"}
2018-10-08 16:28:31: 覆盖复制 'F:/blog/public/js/src/scroll-cookie.js' -> 'ftp://v0.ftp.upyun.com/js/src/scroll-cookie.js' (671)
- 错误: Cannot rename temp file to destination file: Server says: {"msg":"too many requests of the same uri","code":42900002,"id":"8bdd0b54a575dc65c599519c361965b0"}, Deleting: Server says: {"msg":"file or directory not found","code":40400001,"id":"f4bd66029cf1ad5c70f95dd58964aae2"}
2018-10-08 16:28:32: 覆盖复制 'F:/blog/public/js/src/scrollspy.js' -> 'ftp://v0.ftp.upyun.com/js/src/scrollspy.js' (5,081)
2018-10-08 16:28:33: 覆盖复制 'F:/blog/public/js/src/utils.js' -> 'ftp://v0.ftp.upyun.com/js/src/utils.js' (10,204)
- 错误: Cannot rename temp file to destination file: Server says: {"msg":"too many requests of the same uri","code":42900002,"id":"3e431e499b8b26b738b750fe94727bee"}, Deleting: Server says: {"msg":"file or directory not found","code":40400001,"id":"59614bb4b0e84841ef6bff7b8ff4d812"}
2018-10-08 16:28:34: 覆盖复制 'F:/blog/public/js/src/Valine.min.js' -> 'ftp://v0.ftp.upyun.com/js/src/Valine.min.js' (71,806)
- 错误: Cannot rename temp file to destination file: Server says: {"msg":"too many requests of the same uri","code":42900002,"id":"78d782019c852812736ce083add10dc9"}, Deleting: Server says: {"msg":"file or directory not found","code":40400001,"id":"4274ea72dd0da0572eb619385e89d1a7"}
2018-10-08 16:28:35: 覆盖复制 'F:/blog/public/lib/blog-encrypt.js' -> 'ftp://v0.ftp.upyun.com/lib/blog-encrypt.js' (2,361)
- 错误: Cannot rename temp file to destination file: Server says: {"msg":"too many requests of the same uri","code":42900002,"id":"d49e314d085f3775cf4bda7c63e2819f"}, Deleting: Server says: {"msg":"file or directory not found","code":40400001,"id":"0588ca3812f1d39c17337f8b45fe800a"}
2018-10-08 16:28:36: 覆盖复制 'F:/blog/public/lib/bookmark/bookmark.min.js' -> 'ftp://v0.ftp.upyun.com/lib/bookmark/bookmark.min.js' (1,742)
- 错误: Cannot rename temp file to destination file: Server says: {"msg":"too many requests of the same uri","code":42900002,"id":"342f1551baa4ae24d843b187449242dc"}, Deleting: Server says: {"msg":"file or directory not found","code":40400001,"id":"e727096fa5d3bf2d280f2cdea4e62400"}
2018-10-08 16:28:37: 覆盖复制 'F:/blog/public/lib/bookmark/index.js' -> 'ftp://v0.ftp.upyun.com/lib/bookmark/index.js' (4,039)
- 错误: Cannot rename temp file to destination file: Server says: {"msg":"too many requests of the same uri","code":42900002,"id":"f24fccb12f834fe419ec7eb35b1f79d5"}, Deleting: Server says: {"msg":"file or directory not found","code":40400001,"id":"d31782714c3f7e394a267caa48fae31a"}
2018-10-08 16:28:38: 覆盖复制 'F:/blog/public/lib/bookmark/LICENSE' -> 'ftp://v0.ftp.upyun.com/lib/bookmark/LICENSE' (1,093)
- 错误: Cannot rename temp file to destination file: Server says: {"msg":"too many requests of the same uri","code":42900002,"id":"881b0ae41e57ab851a8aab29050fcec9"}, Deleting: Server says: {"msg":"file or directory not found","code":40400001,"id":"3cff987ce77605dc66e7a02fa64b29e4"}
2018-10-08 16:28:39: 覆盖复制 'F:/blog/public/lib/bookmark/package.json' -> 'ftp://v0.ftp.upyun.com/lib/bookmark/package.json' (674)
- 错误: Cannot rename temp file to destination file: Server says: {"msg":"too many requests of the same uri","code":42900002,"id":"cf4898ce91948e8a623b61b210e53209"}, Deleting: Server says: {"msg":"file or directory not found","code":40400001,"id":"f595e96bda39c7e9155afcaccf7884d4"}
2018-10-08 16:28:40: 覆盖复制 'F:/blog/public/lib/bookmark/README.html' -> 'ftp://v0.ftp.upyun.com/lib/bookmark/README.html' (1,794)
- 错误: Cannot rename temp file to destination file: Server says: {"msg":"too many requests of the same uri","code":42900002,"id":"bb2a9b4215592ccdc2cf71876d6ea58d"}, Deleting: Server says: {"msg":"file or directory not found","code":40400001,"id":"4d82e5048011e030ba1bbfa64330162a"}
2018-10-08 16:28:41: 覆盖复制 'F:/blog/public/lib/canvas-nest/canvas-nest.min.js' -> 'ftp://v0.ftp.upyun.com/lib/canvas-nest/canvas-nest.min.js' (1,700)
- 错误: Cannot rename temp file to destination file: Server says: {"msg":"too many requests of the same uri","code":42900002,"id":"5c6bd467dadad194d2cd42d51d15c643"}, Deleting: Server says: {"msg":"file or directory not found","code":40400001,"id":"ae34923abed59334d5d52ded5791bb5f"}
2018-10-08 16:28:41: 覆盖复制 'F:/blog/public/lib/canvas-nest/LICENSE' -> 'ftp://v0.ftp.upyun.com/lib/canvas-nest/LICENSE' (1,084)
- 错误: Cannot rename temp file to destination file: Server says: {"msg":"too many requests of the same uri","code":42900002,"id":"4b183426369de7bcc2958c7d2798beab"}, Deleting: Server says: {"msg":"too many requests of the same uri","code":42900002,"id":"af15477190a5403a1bd5789f645be7b4"}
2018-10-08 16:28:42: 覆盖复制 'F:/blog/public/lib/canvas-nest/README.html' -> 'ftp://v0.ftp.upyun.com/lib/canvas-nest/README.html' (1,156)
- 错误: Cannot rename temp file to destination file: Server says: {"msg":"too many requests of the same uri","code":42900002,"id":"b317ba775d40a4d3d449f9382c5e228e"}, Deleting: Server says: {"msg":"file or directory not found","code":40400001,"id":"c80f811feafea7f2ebef1c20c4c69ff5"}
2018-10-08 16:28:45: 覆盖复制 'F:/blog/public/lib/crypto-js.js' -> 'ftp://v0.ftp.upyun.com/lib/crypto-js.js' (191,936)
2018-10-08 16:28:46: 覆盖复制 'F:/blog/public/lib/fancybox/LICENSE' -> 'ftp://v0.ftp.upyun.com/lib/fancybox/LICENSE' (35,821)
- 错误: Cannot rename temp file to destination file: Server says: {"msg":"too many requests of the same uri","code":42900002,"id":"6ab1674b8b08022539e7c033bd638a0e"}, Deleting: Server says: {"msg":"file or directory not found","code":40400001,"id":"c043282bbd56b3021fdb974df5f6e4be"}
2018-10-08 16:28:47: 覆盖复制 'F:/blog/public/lib/fancybox/README.html' -> 'ftp://v0.ftp.upyun.com/lib/fancybox/README.html' (1,475)
- 错误: Cannot rename temp file to destination file: Server says: {"msg":"too many requests of the same uri","code":42900002,"id":"98de89ba5db9675c4178e4089d5b1357"}, Deleting: Server says: {"msg":"file or directory not found","code":40400001,"id":"d0d3c90691370a1414f0c76661751a89"}
2018-10-08 16:28:48: 覆盖复制 'F:/blog/public/lib/fancybox/source/blank.gif' -> 'ftp://v0.ftp.upyun.com/lib/fancybox/source/blank.gif' (43)
- 错误: Cannot rename temp file to destination file: Server says: {"msg":"too many requests of the same uri","code":42900002,"id":"23b5c97008113a51dfa20a3bc6f571e6"}, Deleting: Server says: {"msg":"file or directory not found","code":40400001,"id":"2accb2a31b58b3ddf2bc9b94d62c6a8d"}
2018-10-08 16:28:48: 覆盖复制 'F:/blog/public/lib/fancybox/source/fancybox_loading.gif' -> 'ftp://v0.ftp.upyun.com/lib/fancybox/source/fancybox_loading.gif' (6,567)
- 错误: Cannot rename temp file to destination file: Server says: {"msg":"too many requests of the same uri","code":42900002,"id":"28748cefd2758654ce724b1ac9c08e90"}, Deleting: Server says: {"msg":"file or directory not found","code":40400001,"id":"e9b060e40f10264378a1c0249bcc9e10"}
2018-10-08 16:28:49: 覆盖复制 'F:/blog/public/lib/fancybox/source/fancybox_loading@2x.gif' -> 'ftp://v0.ftp.upyun.com/lib/fancybox/source/fancybox_loading@2x.gif' (13,984)
- 错误: Cannot rename temp file to destination file: Server says: {"msg":"too many requests of the same uri","code":42900002,"id":"1143e7fd30d6fcf7746b7f2bac7564d6"}, Deleting: Server says: {"msg":"file or directory not found","code":40400001,"id":"2ee7d13799cd8292ca46b050c8d2b03c"}
2018-10-08 16:28:50: 覆盖复制 'F:/blog/public/lib/fancybox/source/fancybox_overlay.png' -> 'ftp://v0.ftp.upyun.com/lib/fancybox/source/fancybox_overlay.png' (1,003)
- 错误: Cannot rename temp file to destination file: Server says: {"msg":"too many requests of the same uri","code":42900002,"id":"759b16b3b7ff1c66e88881385ef5a1b9"}, Deleting: Server says: {"msg":"too many requests of the same uri","code":42900002,"id":"23e1c82ac041439609d532a38f43c712"}
2018-10-08 16:28:51: 覆盖复制 'F:/blog/public/lib/fancybox/source/fancybox_sprite.png' -> 'ftp://v0.ftp.upyun.com/lib/fancybox/source/fancybox_sprite.png' (1,362)
- 错误: Cannot rename temp file to destination file: Server says: {"msg":"too many requests of the same uri","code":42900002,"id":"e6007543b88a789e373876e67db80fab"}, Deleting: Server says: {"msg":"file or directory not found","code":40400001,"id":"e4fed0147106404844b8968f826c5631"}
2018-10-08 16:28:52: 覆盖复制 'F:/blog/public/lib/fancybox/source/fancybox_sprite@2x.png' -> 'ftp://v0.ftp.upyun.com/lib/fancybox/source/fancybox_sprite@2x.png' (6,553)
- 错误: Cannot rename temp file to destination file: Server says: {"msg":"too many requests of the same uri","code":42900002,"id":"d5a0a1d482e0a2a530ffaecb4424023c"}, Deleting: Server says: {"msg":"file or directory not found","code":40400001,"id":"bad324aa6aaa55d48701a0781afaccd4"}
2018-10-08 16:28:53: 覆盖复制 'F:/blog/public/lib/fancybox/source/helpers/fancybox_buttons.png' -> 'ftp://v0.ftp.upyun.com/lib/fancybox/source/helpers/fancybox_buttons.png' (1,080)
- 错误: Cannot rename temp file to destination file: Server says: {"msg":"too many requests of the same uri","code":42900002,"id":"a4790c081072f891969b24703f128f2c"}, Deleting: Server says: {"msg":"file or directory not found","code":40400001,"id":"a8db9531d7c055ad4f1920ba6e7354c2"}
2018-10-08 16:28:54: 覆盖复制 'F:/blog/public/lib/fancybox/source/helpers/jquery.fancybox-buttons.css' -> 'ftp://v0.ftp.upyun.com/lib/fancybox/source/helpers/jquery.fancybox-buttons.css' (2,447)
- 错误: Cannot rename temp file to destination file: Server says: {"msg":"too many requests of the same uri","code":42900002,"id":"8f53c123416ff837bfe5cba827ff9edb"}, Deleting: Server says: {"msg":"file or directory not found","code":40400001,"id":"009ff221f15fc12a46ae4e82d4b436ac"}
2018-10-08 16:28:55: 覆盖复制 'F:/blog/public/lib/fancybox/source/helpers/jquery.fancybox-buttons.js' -> 'ftp://v0.ftp.upyun.com/lib/fancybox/source/helpers/jquery.fancybox-buttons.js' (3,041)
- 错误: Cannot rename temp file to destination file: Server says: {"msg":"too many requests of the same uri","code":42900002,"id":"7f366ad5bd0963e0145b5de036449f5a"}, Deleting: Server says: {"msg":"file or directory not found","code":40400001,"id":"8e7704f3415c45f5150b8149ce407ce2"}
2018-10-08 16:28:56: 覆盖复制 'F:/blog/public/lib/fancybox/source/helpers/jquery.fancybox-media.js' -> 'ftp://v0.ftp.upyun.com/lib/fancybox/source/helpers/jquery.fancybox-media.js' (5,305)
- 错误: Cannot rename temp file to destination file: Server says: {"msg":"too many requests of the same uri","code":42900002,"id":"19edb2bfce9660b9c295e1856b0e4bf4"}, Deleting: Server says: {"msg":"file or directory not found","code":40400001,"id":"f08ce9715123ad4e22e22d6b42f11f69"}
2018-10-08 16:28:58: 覆盖复制 'F:/blog/public/lib/fancybox/source/helpers/jquery.fancybox-thumbs.css' -> 'ftp://v0.ftp.upyun.com/lib/fancybox/source/helpers/jquery.fancybox-thumbs.css' (735)
- 错误: Cannot rename temp file to destination file: Server says: {"msg":"too many requests of the same uri","code":42900002,"id":"503cda94656f48406978503ea9cef00b"}, Deleting: Server says: {"msg":"file or directory not found","code":40400001,"id":"f890bc87818c52c77ec731043ccd9a50"}
2018-10-08 16:28:59: 覆盖复制 'F:/blog/public/lib/fancybox/source/helpers/jquery.fancybox-thumbs.js' -> 'ftp://v0.ftp.upyun.com/lib/fancybox/source/helpers/jquery.fancybox-thumbs.js' (3,836)
- 错误: Cannot rename temp file to destination file: Server says: {"msg":"too many requests of the same uri","code":42900002,"id":"78a1dae4b825bf022c7de38e9d8a39e8"}, Deleting: Server says: {"msg":"file or directory not found","code":40400001,"id":"c51e7a97ba0ef6c6e5ee42500c6894b4"}
2018-10-08 16:29:00: 覆盖复制 'F:/blog/public/lib/fancybox/source/jquery.fancybox.css' -> 'ftp://v0.ftp.upyun.com/lib/fancybox/source/jquery.fancybox.css' (4,895)
- 错误: Cannot rename temp file to destination file: Server says: {"msg":"too many requests of the same uri","code":42900002,"id":"a074b9b978c91225b7951c0d34135d1b"}, Deleting: Server says: {"msg":"file or directory not found","code":40400001,"id":"0c7ec8b4c77a4e8e3fe8f446cebb8679"}
2018-10-08 16:29:01: 覆盖复制 'F:/blog/public/lib/fancybox/source/jquery.fancybox.js' -> 'ftp://v0.ftp.upyun.com/lib/fancybox/source/jquery.fancybox.js' (48,706)
- 错误: Cannot rename temp file to destination file: Server says: {"msg":"too many requests of the same uri","code":42900002,"id":"bc18525efdc66b3fe47a3e79eb22d856"}, Deleting: Server says: {"msg":"file or directory not found","code":40400001,"id":"8dffca2c3db4e9bf84376c64ceec03c0"}
2018-10-08 16:29:02: 覆盖复制 'F:/blog/public/lib/fancybox/source/jquery.fancybox.pack.js' -> 'ftp://v0.ftp.upyun.com/lib/fancybox/source/jquery.fancybox.pack.js' (23,135)
- 错误: Cannot rename temp file to destination file: Server says: {"msg":"too many requests of the same uri","code":42900002,"id":"e2f57ffcacb77bcbd55980cba67af96d"}, Deleting: Server says: {"msg":"file or directory not found","code":40400001,"id":"eec60e0ff53d81e9989ce10c3f89e461"}
2018-10-08 16:29:03: 覆盖复制 'F:/blog/public/lib/font-awesome/bower.json' -> 'ftp://v0.ftp.upyun.com/lib/font-awesome/bower.json' (312)
2018-10-08 16:29:04: 覆盖复制 'F:/blog/public/lib/font-awesome/css/font-awesome.css' -> 'ftp://v0.ftp.upyun.com/lib/font-awesome/css/font-awesome.css' (37,414)
- 错误: Cannot rename temp file to destination file: Server says: {"msg":"too many requests of the same uri","code":42900002,"id":"7aec209a6b217c2d8204d979d1fa3c7b"}, Deleting: Server says: {"msg":"file or directory not found","code":40400001,"id":"b5ee0edf1a7df111be5e9658d2b20059"}
2018-10-08 16:29:06: 覆盖复制 'F:/blog/public/lib/font-awesome/css/font-awesome.css.map' -> 'ftp://v0.ftp.upyun.com/lib/font-awesome/css/font-awesome.css.map' (21,785)
- 错误: Cannot rename temp file to destination file: Server says: {"msg":"too many requests of the same uri","code":42900002,"id":"06c0f4b812b911c9654741519424af27"}, Deleting: Server says: {"msg":"file or directory not found","code":40400001,"id":"9164bbec8f6215cdbf04b6a334249bd9"}
2018-10-08 16:29:07: 覆盖复制 'F:/blog/public/lib/font-awesome/css/font-awesome.min.css' -> 'ftp://v0.ftp.upyun.com/lib/font-awesome/css/font-awesome.min.css' (31,000)
2018-10-08 16:29:09: 覆盖复制 'F:/blog/public/lib/font-awesome/fonts/fontawesome-webfont.eot' -> 'ftp://v0.ftp.upyun.com/lib/font-awesome/fonts/fontawesome-webfont.eot' (165,742)
- 错误: Cannot rename temp file to destination file: Server says: {"msg":"too many requests of the same uri","code":42900002,"id":"1f9a7834f25e0e27c51dacc6be3fb370"}, Deleting: Server says: {"msg":"file or directory not found","code":40400001,"id":"d2f51d7b9c86fb0f2c19fe557acd2d16"}
2018-10-08 16:29:10: 覆盖复制 'F:/blog/public/lib/font-awesome/fonts/fontawesome-webfont.woff' -> 'ftp://v0.ftp.upyun.com/lib/font-awesome/fonts/fontawesome-webfont.woff' (98,024)
2018-10-08 16:29:12: 覆盖复制 'F:/blog/public/lib/font-awesome/fonts/fontawesome-webfont.woff2' -> 'ftp://v0.ftp.upyun.com/lib/font-awesome/fonts/fontawesome-webfont.woff2' (77,160)
2018-10-08 16:29:13: 覆盖复制 'F:/blog/public/lib/font-awesome/HELP-US-OUT.txt' -> 'ftp://v0.ftp.upyun.com/lib/font-awesome/HELP-US-OUT.txt' (330)
- 错误: Cannot rename temp file to destination file: Server says: {"msg":"too many requests of the same uri","code":42900002,"id":"71d2b18c60d5d3d466aa478c018d8562"}, Deleting: Server says: {"msg":"file or directory not found","code":40400001,"id":"94b77226c90bd3e00c27fb50eefdd7f2"}
2018-10-08 16:29:14: 覆盖复制 'F:/blog/public/lib/jquery/index.js' -> 'ftp://v0.ftp.upyun.com/lib/jquery/index.js' (84,320)
- 错误: Cannot rename temp file to destination file: Server says: {"msg":"too many requests of the same uri","code":42900002,"id":"f7ea46240ae30e1ee5434fac0bd9868f"}, Deleting: Server says: {"msg":"too many requests of the same uri","code":42900002,"id":"b99572c709306dd503bc2464935f555e"}
2018-10-08 16:29:15: 覆盖复制 'F:/blog/public/lib/pace/LICENSE' -> 'ftp://v0.ftp.upyun.com/lib/pace/LICENSE' (1,084)
- 错误: Cannot rename temp file to destination file: Server says: {"msg":"too many requests of the same uri","code":42900002,"id":"f4a423c1046aa95ad0bd38de94d4147f"}, Deleting: Server says: {"msg":"file or directory not found","code":40400001,"id":"63514442174663fabfcb85bcf8f23a1f"}
2018-10-08 16:29:16: 覆盖复制 'F:/blog/public/lib/pace/pace-theme-barber-shop.min.css' -> 'ftp://v0.ftp.upyun.com/lib/pace/pace-theme-barber-shop.min.css' (2,714)
- 错误: Cannot rename temp file to destination file: Server says: {"msg":"too many requests of the same uri","code":42900002,"id":"aee23ad5884452a6e272bf2f3bacd0be"}, Deleting: Server says: {"msg":"file or directory not found","code":40400001,"id":"214fae7e5fe1df911366b775c967f4ba"}
2018-10-08 16:29:17: 覆盖复制 'F:/blog/public/lib/pace/pace-theme-big-counter.min.css' -> 'ftp://v0.ftp.upyun.com/lib/pace/pace-theme-big-counter.min.css' (635)
- 错误: Cannot rename temp file to destination file: Server says: {"msg":"too many requests of the same uri","code":42900002,"id":"1d8c9060c013299cecdeebacf76146f5"}, Deleting: Server says: {"msg":"file or directory not found","code":40400001,"id":"c649996ff6c97eb8b9751d655f930ac3"}
2018-10-08 16:29:17: 覆盖复制 'F:/blog/public/lib/pace/pace-theme-bounce.min.css' -> 'ftp://v0.ftp.upyun.com/lib/pace/pace-theme-bounce.min.css' (3,607)
- 错误: Cannot rename temp file to destination file: Server says: {"msg":"too many requests of the same uri","code":42900002,"id":"d6bff8dd49cab84821dab9a0f3513607"}, Deleting: Server says: {"msg":"file or directory not found","code":40400001,"id":"415d6d7afe9efaa77caf24f416dac187"}
2018-10-08 16:29:18: 覆盖复制 'F:/blog/public/lib/pace/pace-theme-center-atom.min.css' -> 'ftp://v0.ftp.upyun.com/lib/pace/pace-theme-center-atom.min.css' (2,105)
- 错误: Cannot rename temp file to destination file: Server says: {"msg":"too many requests of the same uri","code":42900002,"id":"4d15a6878096e09ec3314042f0810409"}, Deleting: Server says: {"msg":"file or directory not found","code":40400001,"id":"54420f2a9556c372e57e79d51131956e"}
2018-10-08 16:29:19: 覆盖复制 'F:/blog/public/lib/pace/pace-theme-center-circle.min.css' -> 'ftp://v0.ftp.upyun.com/lib/pace/pace-theme-center-circle.min.css' (1,730)
2018-10-08 16:29:20: 覆盖复制 'F:/blog/public/lib/pace/pace-theme-center-radar.min.css' -> 'ftp://v0.ftp.upyun.com/lib/pace/pace-theme-center-radar.min.css' (1,000)
- 错误: Cannot rename temp file to destination file: Server says: {"msg":"too many requests of the same uri","code":42900002,"id":"03f019dda2411f38b05f15af12c1cb52"}, Deleting: Server says: {"msg":"file or directory not found","code":40400001,"id":"8069ea91337724f803a93a7f89d1f316"}
2018-10-08 16:29:21: 覆盖复制 'F:/blog/public/lib/pace/pace-theme-center-simple.min.css' -> 'ftp://v0.ftp.upyun.com/lib/pace/pace-theme-center-simple.min.css' (731)
- 错误: Cannot rename temp file to destination file: Server says: {"msg":"too many requests of the same uri","code":42900002,"id":"53db7e97cf411ac3f7e172b2463feaee"}, Deleting: Server says: {"msg":"file or directory not found","code":40400001,"id":"a62ddbc351d80a2c5fe2a00bef789bec"}
2018-10-08 16:29:22: 覆盖复制 'F:/blog/public/lib/pace/pace-theme-corner-indicator.min.css' -> 'ftp://v0.ftp.upyun.com/lib/pace/pace-theme-corner-indicator.min.css' (1,582)
- 错误: Cannot rename temp file to destination file: Server says: {"msg":"too many requests of the same uri","code":42900002,"id":"d77b566947418e0dc6774e016bc2aa29"}, Deleting: Server says: {"msg":"file or directory not found","code":40400001,"id":"146fc8f9af2999bc41dd01eeb7708c43"}
2018-10-08 16:29:23: 覆盖复制 'F:/blog/public/lib/pace/pace-theme-fill-left.min.css' -> 'ftp://v0.ftp.upyun.com/lib/pace/pace-theme-fill-left.min.css' (283)
2018-10-08 16:29:24: 覆盖复制 'F:/blog/public/lib/pace/pace-theme-flash.min.css' -> 'ftp://v0.ftp.upyun.com/lib/pace/pace-theme-flash.min.css' (1,678)
- 错误: Cannot rename temp file to destination file: Server says: {"msg":"too many requests of the same uri","code":42900002,"id":"fd7bc829d29ef3b81b7ae6a105dcfc2c"}, Deleting: Server says: {"msg":"file or directory not found","code":40400001,"id":"36a22ed0a2ee326dda48e5ed20a10f8f"}
2018-10-08 16:29:25: 覆盖复制 'F:/blog/public/lib/pace/pace-theme-loading-bar.min.css' -> 'ftp://v0.ftp.upyun.com/lib/pace/pace-theme-loading-bar.min.css' (8,442)
- 错误: Cannot rename temp file to destination file: Server says: {"msg":"too many requests of the same uri","code":42900002,"id":"b3893815391db6edbc4192a759be84fe"}, Deleting: Server says: {"msg":"file or directory not found","code":40400001,"id":"95cd642fd411b8e87dde4fec9436c83d"}
2018-10-08 16:29:26: 覆盖复制 'F:/blog/public/lib/pace/pace-theme-mac-osx.min.css' -> 'ftp://v0.ftp.upyun.com/lib/pace/pace-theme-mac-osx.min.css' (2,474)
2018-10-08 16:29:27: 覆盖复制 'F:/blog/public/lib/pace/pace-theme-minimal.min.css' -> 'ftp://v0.ftp.upyun.com/lib/pace/pace-theme-minimal.min.css' (250)
- 错误: Cannot rename temp file to destination file: Server says: {"msg":"too many requests of the same uri","code":42900002,"id":"70406ca5a1810f06dc0626f3fec906cd"}, Deleting: Server says: {"msg":"file or directory not found","code":40400001,"id":"7fe74aa6e444690088e526e947d6be1e"}
2018-10-08 16:29:30: 覆盖复制 'F:/blog/public/lib/pace/pace.min.js' -> 'ftp://v0.ftp.upyun.com/lib/pace/pace.min.js' (12,507)
2018-10-08 16:29:31: 覆盖复制 'F:/blog/public/lib/pace/README.html' -> 'ftp://v0.ftp.upyun.com/lib/pace/README.html' (1,124)
- 错误: Cannot rename temp file to destination file: Server says: {"msg":"too many requests of the same uri","code":42900002,"id":"bfee8c37cd442eaa0216f0613c6bd93f"}, Deleting: Server says: {"msg":"too many requests of the same uri","code":42900002,"id":"1ac3629bc4cffd56f238c0e9132f1367"}
2018-10-08 16:29:32: 覆盖复制 'F:/blog/public/lib/pangu/dist/pangu.js' -> 'ftp://v0.ftp.upyun.com/lib/pangu/dist/pangu.js' (20,237)
- 错误: Cannot rename temp file to destination file: Server says: {"msg":"too many requests of the same uri","code":42900002,"id":"615b365f5be0e1c5410179ecc43027aa"}, Deleting: Server says: {"msg":"file or directory not found","code":40400001,"id":"b91ca1db54a86f6f24f86b7059c720c8"}
2018-10-08 16:29:33: 覆盖复制 'F:/blog/public/lib/pangu/dist/pangu.js.map' -> 'ftp://v0.ftp.upyun.com/lib/pangu/dist/pangu.js.map' (23,033)
- 错误: Cannot rename temp file to destination file: Server says: {"msg":"too many requests of the same uri","code":42900002,"id":"b585cad55f509f1dac5a8238365796f8"}, Deleting: Server says: {"msg":"file or directory not found","code":40400001,"id":"5fc8668fb646c2376e95b2bd64e0ecba"}
2018-10-08 16:29:33: 覆盖复制 'F:/blog/public/lib/pangu/dist/pangu.min.js' -> 'ftp://v0.ftp.upyun.com/lib/pangu/dist/pangu.min.js' (8,620)
- 错误: Cannot rename temp file to destination file: Server says: {"msg":"too many requests of the same uri","code":42900002,"id":"8de1ca9b4f9be25c4b630d4be21778b0"}, Deleting: Server says: {"msg":"too many requests of the same uri","code":42900002,"id":"8e05074d178cd64e9704fc551db97e63"}
2018-10-08 16:29:35: 覆盖复制 'F:/blog/public/lib/pangu/dist/pangu.min.js.map' -> 'ftp://v0.ftp.upyun.com/lib/pangu/dist/pangu.min.js.map' (45,857)
2018-10-08 16:29:36: 覆盖复制 'F:/blog/public/lib/pangu/LICENSE' -> 'ftp://v0.ftp.upyun.com/lib/pangu/LICENSE' (1,092)
- 错误: Cannot rename temp file to destination file: Server says: {"msg":"too many requests of the same uri","code":42900002,"id":"ded858f1e8a9cf7db7cda467bdf65cc6"}, Deleting: Server says: {"msg":"file or directory not found","code":40400001,"id":"6bc4124a82ed4d4484062720544b1b5b"}
2018-10-08 16:29:37: 覆盖复制 'F:/blog/public/lib/pangu/README.html' -> 'ftp://v0.ftp.upyun.com/lib/pangu/README.html' (1,123)
2018-10-08 16:29:38: 覆盖复制 'F:/blog/public/lib/reading_progress/LICENSE' -> 'ftp://v0.ftp.upyun.com/lib/reading_progress/LICENSE' (1,084)
- 错误: Cannot rename temp file to destination file: Server says: {"msg":"too many requests of the same uri","code":42900002,"id":"e0c53359ba79086eed80700723cb3d93"}, Deleting: Server says: {"msg":"file or directory not found","code":40400001,"id":"09bf8afd14fba7f67ed4b1c809fa4af7"}
2018-10-08 16:29:39: 覆盖复制 'F:/blog/public/lib/reading_progress/package.json' -> 'ftp://v0.ftp.upyun.com/lib/reading_progress/package.json' (639)
- 错误: Cannot rename temp file to destination file: Server says: {"msg":"too many requests of the same uri","code":42900002,"id":"21b6ed5f5a4d29c5b188f8e2af621f40"}, Deleting: Server says: {"msg":"file or directory not found","code":40400001,"id":"de783a28dbad0112e64a1be056e91f23"}
2018-10-08 16:29:40: 覆盖复制 'F:/blog/public/lib/reading_progress/reading_progress.js' -> 'ftp://v0.ftp.upyun.com/lib/reading_progress/reading_progress.js' (927)
2018-10-08 16:29:42: 覆盖复制 'F:/blog/public/lib/reading_progress/reading_progress.min.js' -> 'ftp://v0.ftp.upyun.com/lib/reading_progress/reading_progress.min.js' (512)
2018-10-08 16:29:43: 覆盖复制 'F:/blog/public/lib/reading_progress/README.html' -> 'ftp://v0.ftp.upyun.com/lib/reading_progress/README.html' (1,176)
2018-10-08 16:29:44: 覆盖复制 'F:/blog/public/lib/ua-parser-js/dist/ua-parser.min.js' -> 'ftp://v0.ftp.upyun.com/lib/ua-parser-js/dist/ua-parser.min.js' (12,949)
- 错误: Cannot rename temp file to destination file: Server says: {"msg":"too many requests of the same uri","code":42900002,"id":"b9d719d558cf5e9135f0b037f379eea1"}, Deleting: Server says: {"msg":"file or directory not found","code":40400001,"id":"c47b67261a0f23243d051087bfe2851c"}
2018-10-08 16:29:45: 覆盖复制 'F:/blog/public/lib/ua-parser-js/dist/ua-parser.pack.js' -> 'ftp://v0.ftp.upyun.com/lib/ua-parser-js/dist/ua-parser.pack.js' (10,523)
- 错误: Cannot rename temp file to destination file: Server says: {"msg":"too many requests of the same uri","code":42900002,"id":"49bddd9e2d112d89090c2dfc5c41b412"}, Deleting: Server says: {"msg":"file or directory not found","code":40400001,"id":"4b03996c395ad82ae951c5ccf0f9bb22"}
2018-10-08 16:29:47: 覆盖复制 'F:/blog/public/lib/velocity/velocity.js' -> 'ftp://v0.ftp.upyun.com/lib/velocity/velocity.js' (213,757)
2018-10-08 16:29:48: 覆盖复制 'F:/blog/public/lib/velocity/velocity.min.js' -> 'ftp://v0.ftp.upyun.com/lib/velocity/velocity.min.js' (34,856)
- 错误: Cannot rename temp file to destination file: Server says: {"msg":"too many requests of the same uri","code":42900002,"id":"9c97f2b70e7bc0a4118ec85f6536c414"}, Deleting: Server says: {"msg":"file or directory not found","code":40400001,"id":"9917261dac917e83eb4eafba9f116956"}
2018-10-08 16:29:50: 覆盖复制 'F:/blog/public/lib/velocity/velocity.ui.js' -> 'ftp://v0.ftp.upyun.com/lib/velocity/velocity.ui.js' (34,762)
- 错误: Cannot rename temp file to destination file: Server says: {"msg":"too many requests of the same uri","code":42900002,"id":"10f1592793fdebc5fddd24c80376d055"}, Deleting: Server says: {"msg":"file or directory not found","code":40400001,"id":"4f84672c3d1d6f5a98487cd42371bfb5"}
2018-10-08 16:29:51: 覆盖复制 'F:/blog/public/lib/velocity/velocity.ui.min.js' -> 'ftp://v0.ftp.upyun.com/lib/velocity/velocity.ui.min.js' (13,257)
2018-10-08 16:29:52: 覆盖复制 'F:/blog/public/live2dw/assets/miku.model.json' -> 'ftp://v0.ftp.upyun.com/live2dw/assets/miku.model.json' (392)
2018-10-08 16:29:53: 覆盖复制 'F:/blog/public/live2dw/assets/miku.physics.json' -> 'ftp://v0.ftp.upyun.com/live2dw/assets/miku.physics.json' (1,206)
- 错误: Cannot rename temp file to destination file: Server says: {"msg":"too many requests of the same uri","code":42900002,"id":"566df87d8f1cbaa32c6a522389dcfe03"}, Deleting: Server says: {"msg":"file or directory not found","code":40400001,"id":"99a1a591db06e833b4bd5c1130076d74"}
2018-10-08 16:29:55: 覆盖复制 'F:/blog/public/live2dw/assets/moc/miku.2048/texture_00.png' -> 'ftp://v0.ftp.upyun.com/live2dw/assets/moc/miku.2048/texture_00.png' (776,587)
- 错误: Cannot rename temp file to destination file: Server says: {"msg":"too many requests of the same uri","code":42900002,"id":"47b2e621a9b3ea3ff192f806fcb9dbf3"}, Deleting: Server says: {"msg":"file or directory not found","code":40400001,"id":"a0f7b795b6ac272c903356b21eec12f6"}
2018-10-08 16:29:56: 覆盖复制 'F:/blog/public/live2dw/assets/moc/miku.moc' -> 'ftp://v0.ftp.upyun.com/live2dw/assets/moc/miku.moc' (192,026)
- 错误: Cannot rename temp file to destination file: Server says: {"msg":"too many requests of the same uri","code":42900002,"id":"e6c324c202746aee0fde357cb060cd52"}, Deleting: Server says: {"msg":"file or directory not found","code":40400001,"id":"6a7fdbd9415b8138d94dfa97c55a2ed6"}
2018-10-08 16:29:57: 覆盖复制 'F:/blog/public/live2dw/assets/mtn/miku_idle_01.mtn' -> 'ftp://v0.ftp.upyun.com/live2dw/assets/mtn/miku_idle_01.mtn' (12,276)
- 错误: Cannot rename temp file to destination file: Server says: {"msg":"too many requests of the same uri","code":42900002,"id":"94cfef37cba170d96bd1747d617e6320"}, Deleting: Server says: {"msg":"file or directory not found","code":40400001,"id":"936b346d15aab61f90357d95d93a9104"}
2018-10-08 16:29:58: 覆盖复制 'F:/blog/public/live2dw/assets/mtn/miku_m_01.mtn' -> 'ftp://v0.ftp.upyun.com/live2dw/assets/mtn/miku_m_01.mtn' (1,090)
- 错误: Cannot rename temp file to destination file: Server says: {"msg":"too many requests of the same uri","code":42900002,"id":"185077569ca0b84f4498e2e6f9d3e4c8"}, Deleting: Server says: {"msg":"file or directory not found","code":40400001,"id":"d230cb257283a8d9ff61f4d8fbe262f8"}
2018-10-08 16:29:59: 覆盖复制 'F:/blog/public/live2dw/assets/mtn/miku_m_02.mtn' -> 'ftp://v0.ftp.upyun.com/live2dw/assets/mtn/miku_m_02.mtn' (2,682)
- 错误: Cannot rename temp file to destination file: Server says: {"msg":"too many requests of the same uri","code":42900002,"id":"c20db6b630f8a95cb92b251f23f24e46"}, Deleting: Server says: {"msg":"file or directory not found","code":40400001,"id":"02d47f5d41bb83f62c13a297071e0b45"}
2018-10-08 16:30:00: 覆盖复制 'F:/blog/public/live2dw/assets/mtn/miku_m_03.mtn' -> 'ftp://v0.ftp.upyun.com/live2dw/assets/mtn/miku_m_03.mtn' (1,844)
- 错误: Cannot rename temp file to destination file: Server says: {"msg":"too many requests of the same uri","code":42900002,"id":"863d5b4ca1dd3e34c787418a8143e5df"}, Deleting: Server says: {"msg":"file or directory not found","code":40400001,"id":"b5a36000a7da992cdf8c72e69601a918"}
2018-10-08 16:30:01: 覆盖复制 'F:/blog/public/live2dw/assets/mtn/miku_m_04.mtn' -> 'ftp://v0.ftp.upyun.com/live2dw/assets/mtn/miku_m_04.mtn' (1,859)
- 错误: Cannot rename temp file to destination file: Server says: {"msg":"too many requests of the same uri","code":42900002,"id":"6a9ff9d75bba190f507f8d4bf997280a"}, Deleting: Server says: {"msg":"file or directory not found","code":40400001,"id":"1ff12cb966acba377f553ece3f1199f3"}
2018-10-08 16:30:02: 覆盖复制 'F:/blog/public/live2dw/assets/mtn/miku_m_05.mtn' -> 'ftp://v0.ftp.upyun.com/live2dw/assets/mtn/miku_m_05.mtn' (3,980)
- 错误: Cannot rename temp file to destination file: Server says: {"msg":"too many requests of the same uri","code":42900002,"id":"04c33674de334c77134174e7b075ab78"}, Deleting: Server says: {"msg":"file or directory not found","code":40400001,"id":"e500197eeb13448aaabb0cd6c622681e"}
2018-10-08 16:30:03: 覆盖复制 'F:/blog/public/live2dw/assets/mtn/miku_m_06.mtn' -> 'ftp://v0.ftp.upyun.com/live2dw/assets/mtn/miku_m_06.mtn' (1,700)
- 错误: Cannot rename temp file to destination file: Server says: {"msg":"too many requests of the same uri","code":42900002,"id":"c30b85d6c63c436aaed6f5dbcfb58827"}, Deleting: Server says: {"msg":"file or directory not found","code":40400001,"id":"ef3263e18071a3b33b83020ee13fa383"}
2018-10-08 16:30:04: 覆盖复制 'F:/blog/public/live2dw/assets/mtn/miku_shake_01.mtn' -> 'ftp://v0.ftp.upyun.com/live2dw/assets/mtn/miku_shake_01.mtn' (4,134)
- 错误: Cannot rename temp file to destination file: Server says: {"msg":"too many requests of the same uri","code":42900002,"id":"a6b37d5d63eea6d047ab67f1671100dc"}, Deleting: Server says: {"msg":"file or directory not found","code":40400001,"id":"773a7bcbb6c1348882cacb15b7acfee9"}
2018-10-08 16:30:05: 覆盖复制 'F:/blog/public/live2dw/lib/L2Dwidget.0.min.js' -> 'ftp://v0.ftp.upyun.com/live2dw/lib/L2Dwidget.0.min.js' (149,036)
- 错误: Cannot rename temp file to destination file: Server says: {"msg":"too many requests of the same uri","code":42900002,"id":"5d174bf43bbd0687a0f189fe6212caae"}, Deleting: Server says: {"msg":"file or directory not found","code":40400001,"id":"59a631cd3ada12b9c668ac5325115e14"}
2018-10-08 16:30:07: 覆盖复制 'F:/blog/public/live2dw/lib/L2Dwidget.0.min.js.map' -> 'ftp://v0.ftp.upyun.com/live2dw/lib/L2Dwidget.0.min.js.map' (547,017)
- 错误: Cannot rename temp file to destination file: Server says: {"msg":"too many requests of the same uri","code":42900002,"id":"0d55d9b1c85d0f498f2952c9e5ba04be"}, Deleting: Server says: {"msg":"file or directory not found","code":40400001,"id":"d60360e0e6b6a3a66a89065fb5a10e5e"}
2018-10-08 16:30:08: 覆盖复制 'F:/blog/public/live2dw/lib/L2Dwidget.min.js' -> 'ftp://v0.ftp.upyun.com/live2dw/lib/L2Dwidget.min.js' (32,560)
- 错误: Cannot rename temp file to destination file: Server says: {"msg":"too many requests of the same uri","code":42900002,"id":"56f302caa47e1bfde2a831cda26d8113"}, Deleting: Server says: {"msg":"too many requests of the same uri","code":42900002,"id":"a50e6c3492b8d779a0e7fc16783ef31e"}
2018-10-08 16:30:09: 覆盖复制 'F:/blog/public/live2dw/lib/L2Dwidget.min.js.map' -> 'ftp://v0.ftp.upyun.com/live2dw/lib/L2Dwidget.min.js.map' (176,224)
- 错误: Cannot rename temp file to destination file: Server says: {"msg":"too many requests of the same uri","code":42900002,"id":"dcc4c69223c1ddbaa2f399a15d4b8bd4"}, Deleting: Server says: {"msg":"too many requests of the same uri","code":42900002,"id":"f716211945391b73f1211ebd833c08c2"}
2018-10-08 16:30:10: 覆盖复制 'F:/blog/public/page/2/index.html' -> 'ftp://v0.ftp.upyun.com/page/2/index.html' (86,357)
- 错误: Cannot rename temp file to destination file: Server says: {"msg":"too many requests of the same uri","code":42900002,"id":"e3dc4a497a3f468cb1efe7932add011d"}, Deleting: Server says: {"msg":"file or directory not found","code":40400001,"id":"600b200c9db8ff2adf4186ae31372e63"}
2018-10-08 16:30:11: 覆盖复制 'F:/blog/public/page/3/index.html' -> 'ftp://v0.ftp.upyun.com/page/3/index.html' (90,876)
- 错误: Cannot rename temp file to destination file: Server says: {"msg":"too many requests of the same uri","code":42900002,"id":"8600296405602fd57e19e06a8e9ae0fc"}, Deleting: Server says: {"msg":"file or directory not found","code":40400001,"id":"0a35d15cb8613ca460fb6db0aef30134"}
2018-10-08 16:30:12: 覆盖复制 'F:/blog/public/page/4/index.html' -> 'ftp://v0.ftp.upyun.com/page/4/index.html' (88,733)
- 错误: Cannot rename temp file to destination file: Server says: {"msg":"too many requests of the same uri","code":42900002,"id":"728da202ccdd3bd7a1d5ca3ca1a2e24b"}, Deleting: Server says: {"msg":"file or directory not found","code":40400001,"id":"6a0d6bd442c30d5c705de09949f5645c"}
2018-10-08 16:30:13: 新建复制 'F:/blog/public/page/5/index.html' -> 'ftp://v0.ftp.upyun.com/page/5/index.html' (37,249)
- 错误: Cannot rename temp file to destination file: Server says: {"msg":"too many requests of the same uri","code":42900002,"id":"263feb141321434375af1ce6bb0108ad"}, Deleting: Server says: {"msg":"too many requests of the same uri","code":42900002,"id":"0f0739fa5b1545f1980944cc842f8320"}
2018-10-08 16:30:14: 覆盖复制 'F:/blog/public/post/106fc1c3.html' -> 'ftp://v0.ftp.upyun.com/post/106fc1c3.html' (44,530)
2018-10-08 16:30:15: 覆盖复制 'F:/blog/public/post/12acf01b.html' -> 'ftp://v0.ftp.upyun.com/post/12acf01b.html' (47,192)
- 错误: Cannot rename temp file to destination file: Server says: {"msg":"too many requests of the same uri","code":42900002,"id":"74a044b3a914778b496bdd43c5cd0fbe"}, Deleting: Server says: {"msg":"file or directory not found","code":40400001,"id":"1ba3dd966d7748197e1ecfc31da2a58f"}
2018-10-08 16:30:16: 覆盖复制 'F:/blog/public/post/13c8d3a0.html' -> 'ftp://v0.ftp.upyun.com/post/13c8d3a0.html' (93,411)
- 错误: Cannot rename temp file to destination file: Server says: {"msg":"too many requests of the same uri","code":42900002,"id":"494f2acdcc09119cac6bfac8be329338"}, Deleting: Server says: {"msg":"file or directory not found","code":40400001,"id":"fc344fb91354d46594a413a21ff9dbea"}
2018-10-08 16:30:17: 覆盖复制 'F:/blog/public/post/16dd4349.html' -> 'ftp://v0.ftp.upyun.com/post/16dd4349.html' (46,482)
- 错误: Cannot rename temp file to destination file: Server says: {"msg":"too many requests of the same uri","code":42900002,"id":"eb5d26e6a1ba2d3a18bde955037ca9ab"}, Deleting: Server says: {"msg":"file or directory not found","code":40400001,"id":"06e04d4809022fc531afe398205215fe"}
2018-10-08 16:30:18: 覆盖复制 'F:/blog/public/post/1bb05bfb.html' -> 'ftp://v0.ftp.upyun.com/post/1bb05bfb.html' (44,397)
- 错误: Cannot rename temp file to destination file: Server says: {"msg":"too many requests of the same uri","code":42900002,"id":"97c1736ae38455cb43c0b6b171b1128d"}, Deleting: Server says: {"msg":"file or directory not found","code":40400001,"id":"b3fbd2c57a63b41364bddacf99baa795"}
2018-10-08 16:30:19: 覆盖复制 'F:/blog/public/post/23e28675.html' -> 'ftp://v0.ftp.upyun.com/post/23e28675.html' (45,715)
- 错误: Cannot rename temp file to destination file: Server says: {"msg":"too many requests of the same uri","code":42900002,"id":"b1ab521d76801d68e54ee9eb43dd7e23"}, Deleting: Server says: {"msg":"file or directory not found","code":40400001,"id":"e3e0190542de4112c475668908bd3742"}
2018-10-08 16:30:20: 覆盖复制 'F:/blog/public/post/29cebcea.html' -> 'ftp://v0.ftp.upyun.com/post/29cebcea.html' (59,695)
2018-10-08 16:30:21: 覆盖复制 'F:/blog/public/post/30631cd4.html' -> 'ftp://v0.ftp.upyun.com/post/30631cd4.html' (48,501)
- 错误: Cannot rename temp file to destination file: Server says: {"msg":"too many requests of the same uri","code":42900002,"id":"4935fb989390bad80c2760073d7116f9"}, Deleting: Server says: {"msg":"file or directory not found","code":40400001,"id":"eddf61f1df7a4c7a0c8e4b9c024cfbb2"}
2018-10-08 16:30:22: 覆盖复制 'F:/blog/public/post/38df1aba.html' -> 'ftp://v0.ftp.upyun.com/post/38df1aba.html' (49,234)
- 错误: Cannot rename temp file to destination file: Server says: {"msg":"too many requests of the same uri","code":42900002,"id":"00869ab3419738fcbc9e022819e71962"}, Deleting: Server says: {"msg":"file or directory not found","code":40400001,"id":"cfa5dbd9e03d821b3742bd7ec28df651"}
2018-10-08 16:30:23: 覆盖复制 'F:/blog/public/post/40ae08c3.html' -> 'ftp://v0.ftp.upyun.com/post/40ae08c3.html' (49,604)
- 错误: Cannot rename temp file to destination file: Server says: {"msg":"too many requests of the same uri","code":42900002,"id":"f6d16f9e61a406b11c2730da791a2c95"}, Deleting: Server says: {"msg":"too many requests of the same uri","code":42900002,"id":"f654517ebaaeb16bc7bb6e2cc4f93204"}
2018-10-08 16:30:23: 新建复制 'F:/blog/public/post/4546ca94.html' -> 'ftp://v0.ftp.upyun.com/post/4546ca94.html' (53,003)
- 错误: Cannot rename temp file to destination file: Server says: {"msg":"too many requests of the same uri","code":42900002,"id":"e1ca7c8c546bff3e3832d7f647db0765"}, Deleting: Server says: {"msg":"too many requests of the same uri","code":42900002,"id":"3b5ae234afb15b40c1cc986c3dd9241a"}
2018-10-08 16:30:24: 覆盖复制 'F:/blog/public/post/47112e7a.html' -> 'ftp://v0.ftp.upyun.com/post/47112e7a.html' (51,219)
- 错误: Cannot rename temp file to destination file: Server says: {"msg":"too many requests of the same uri","code":42900002,"id":"ffa7a513ae5c0bcfe58ebbeeddeca0a4"}, Deleting: Server says: {"msg":"file or directory not found","code":40400001,"id":"0958147d287392fe7bb6c3070fc93a34"}
2018-10-08 16:30:25: 覆盖复制 'F:/blog/public/post/4a17b156.html' -> 'ftp://v0.ftp.upyun.com/post/4a17b156.html' (42,451)
- 错误: Cannot rename temp file to destination file: Server says: {"msg":"too many requests of the same uri","code":42900002,"id":"23c8d6d4c45725766665c5b8524356a9"}, Deleting: Server says: {"msg":"file or directory not found","code":40400001,"id":"17aafa0cf89b14f7bd441a08bbc2234a"}
2018-10-08 16:30:26: 覆盖复制 'F:/blog/public/post/5133767d.html' -> 'ftp://v0.ftp.upyun.com/post/5133767d.html' (42,255)
- 错误: Cannot rename temp file to destination file: Server says: {"msg":"too many requests of the same uri","code":42900002,"id":"67a72b67f5bb3104364eee1f1e358474"}, Deleting: Server says: {"msg":"file or directory not found","code":40400001,"id":"4c074ebb9fc9c1dad43bc142382a0da8"}
2018-10-08 16:30:27: 覆盖复制 'F:/blog/public/post/51937609.html' -> 'ftp://v0.ftp.upyun.com/post/51937609.html' (45,221)
- 错误: Cannot rename temp file to destination file: Server says: {"msg":"too many requests of the same uri","code":42900002,"id":"6c5497c29d3433ed1a91716c363eefd6"}, Deleting: Server says: {"msg":"too many requests of the same uri","code":42900002,"id":"b450db9bf8694124de8a1e0ab4f99f3a"}
2018-10-08 16:30:28: 覆盖复制 'F:/blog/public/post/53b2030c.html' -> 'ftp://v0.ftp.upyun.com/post/53b2030c.html' (44,057)
- 错误: Cannot rename temp file to destination file: Server says: {"msg":"too many requests of the same uri","code":42900002,"id":"36e8daa96db66c9237b24c6318091daa"}, Deleting: Server says: {"msg":"file or directory not found","code":40400001,"id":"ead618a17850721a4cefe972853edd5f"}
2018-10-08 16:30:29: 覆盖复制 'F:/blog/public/post/60a25379.html' -> 'ftp://v0.ftp.upyun.com/post/60a25379.html' (58,654)
2018-10-08 16:30:30: 覆盖复制 'F:/blog/public/post/60cd4fc4.html' -> 'ftp://v0.ftp.upyun.com/post/60cd4fc4.html' (43,466)
- 错误: Cannot rename temp file to destination file: Server says: {"msg":"too many requests of the same uri","code":42900002,"id":"d99e0e8073565990223c1091204e6b34"}, Deleting: Server says: {"msg":"file or directory not found","code":40400001,"id":"7d712a0eae647a7536ccca7236656a6d"}
2018-10-08 16:30:31: 覆盖复制 'F:/blog/public/post/63840324.html' -> 'ftp://v0.ftp.upyun.com/post/63840324.html' (47,845)
- 错误: Cannot rename temp file to destination file: Server says: {"msg":"too many requests of the same uri","code":42900002,"id":"0b6e84d5b23b609000f8ef2708625df4"}, Deleting: Server says: {"msg":"file or directory not found","code":40400001,"id":"e897a6c71510d155ea7fba2ba3a0ba7e"}
2018-10-08 16:30:32: 覆盖复制 'F:/blog/public/post/65a05ef.html' -> 'ftp://v0.ftp.upyun.com/post/65a05ef.html' (52,101)
- 错误: Cannot rename temp file to destination file: Server says: {"msg":"too many requests of the same uri","code":42900002,"id":"043078c685328d97b158dc980bc3d294"}, Deleting: Server says: {"msg":"file or directory not found","code":40400001,"id":"9bf5af831ab2656778ca54cbfac944cd"}
2018-10-08 16:30:33: 覆盖复制 'F:/blog/public/post/6d7b9178.html' -> 'ftp://v0.ftp.upyun.com/post/6d7b9178.html' (60,154)
- 错误: Cannot rename temp file to destination file: Server says: {"msg":"too many requests of the same uri","code":42900002,"id":"343aabf95ab74d437d1c4d04aa64c045"}, Deleting: Server says: {"msg":"file or directory not found","code":40400001,"id":"1516ba0e033482bf85236db451d5be73"}
2018-10-08 16:30:34: 覆盖复制 'F:/blog/public/post/72dd6893.html' -> 'ftp://v0.ftp.upyun.com/post/72dd6893.html' (54,007)
- 错误: Cannot rename temp file to destination file: Server says: {"msg":"too many requests of the same uri","code":42900002,"id":"c4d1a7cd6d5802453248175ec6087273"}, Deleting: Server says: {"msg":"file or directory not found","code":40400001,"id":"13eb6445cdb2ec04be5aad0be13ed149"}
2018-10-08 16:30:35: 覆盖复制 'F:/blog/public/post/74b1112a.html' -> 'ftp://v0.ftp.upyun.com/post/74b1112a.html' (50,931)
- 错误: Cannot rename temp file to destination file: Server says: {"msg":"too many requests of the same uri","code":42900002,"id":"c5daea0fdc9bb7598ee93d607f98d368"}, Deleting: Server says: {"msg":"file or directory not found","code":40400001,"id":"c40267a430ca496474adb193503223af"}
2018-10-08 16:30:36: 覆盖复制 'F:/blog/public/post/8b3b02a7.html' -> 'ftp://v0.ftp.upyun.com/post/8b3b02a7.html' (46,850)
2018-10-08 16:30:37: 覆盖复制 'F:/blog/public/post/8c8e25d.html' -> 'ftp://v0.ftp.upyun.com/post/8c8e25d.html' (68,957)
- 错误: Cannot rename temp file to destination file: Server says: {"msg":"too many requests of the same uri","code":42900002,"id":"051b9766fd168c101304f900af03f58d"}, Deleting: Server says: {"msg":"file or directory not found","code":40400001,"id":"2e69e81fcf7d0b2406ab80f998ee1894"}
2018-10-08 16:30:38: 覆盖复制 'F:/blog/public/post/936c5fbe.html' -> 'ftp://v0.ftp.upyun.com/post/936c5fbe.html' (59,667)
- 错误: Cannot rename temp file to destination file: Server says: {"msg":"too many requests of the same uri","code":42900002,"id":"aeea65de3e2fb62b647c9c1a60f94086"}, Deleting: Server says: {"msg":"file or directory not found","code":40400001,"id":"bfee52e12452b999278b8442aeaa93f9"}
2018-10-08 16:30:39: 覆盖复制 'F:/blog/public/post/98bc273a.html' -> 'ftp://v0.ftp.upyun.com/post/98bc273a.html' (47,055)
- 错误: Cannot rename temp file to destination file: Server says: {"msg":"too many requests of the same uri","code":42900002,"id":"d7978b639a2a1020a0d5d8da88314736"}, Deleting: Server says: {"msg":"file or directory not found","code":40400001,"id":"a81855159be70fed8413fd3dcbdace88"}
2018-10-08 16:30:40: 覆盖复制 'F:/blog/public/post/9a8cdc59.html' -> 'ftp://v0.ftp.upyun.com/post/9a8cdc59.html' (106,468)
- 错误: Cannot rename temp file to destination file: Server says: {"msg":"too many requests of the same uri","code":42900002,"id":"916c8954b4770fac32a385d46a478706"}, Deleting: Server says: {"msg":"too many requests of the same uri","code":42900002,"id":"0ba6337a964896e673673ca01e77d658"}
2018-10-08 16:30:41: 覆盖复制 'F:/blog/public/post/a033ab3f.html' -> 'ftp://v0.ftp.upyun.com/post/a033ab3f.html' (49,922)
- 错误: Cannot rename temp file to destination file: Server says: {"msg":"too many requests of the same uri","code":42900002,"id":"eb875b3da56a83cd2e27f33eb46d7bf8"}, Deleting: Server says: {"msg":"file or directory not found","code":40400001,"id":"856b9ce0134e37d7f45d471513392859"}
2018-10-08 16:30:42: 覆盖复制 'F:/blog/public/post/a11ee691.html' -> 'ftp://v0.ftp.upyun.com/post/a11ee691.html' (41,069)
- 错误: Cannot rename temp file to destination file: Server says: {"msg":"too many requests of the same uri","code":42900002,"id":"6c68ee6c5abf9496278b3c4285ccd577"}, Deleting: Server says: {"msg":"file or directory not found","code":40400001,"id":"936c42195946dff4c773797e7516e901"}
2018-10-08 16:30:43: 覆盖复制 'F:/blog/public/post/a84d1ef1.html' -> 'ftp://v0.ftp.upyun.com/post/a84d1ef1.html' (58,900)
- 错误: Cannot rename temp file to destination file: Server says: {"msg":"too many requests of the same uri","code":42900002,"id":"356d46d6d9503426c259ef1b4603f6cd"}, Deleting: Server says: {"msg":"file or directory not found","code":40400001,"id":"a15db2333500210268b9ef8a2cbf986d"}
2018-10-08 16:30:44: 覆盖复制 'F:/blog/public/post/b04d82e3.html' -> 'ftp://v0.ftp.upyun.com/post/b04d82e3.html' (44,027)
- 错误: Cannot rename temp file to destination file: Server says: {"msg":"too many requests of the same uri","code":42900002,"id":"e22a239067d61bd0e6964359c18311c4"}, Deleting: Server says: {"msg":"too many requests of the same uri","code":42900002,"id":"a37d7df975b391842ecb8d65fb6c7729"}
2018-10-08 16:30:45: 新建复制 'F:/blog/public/post/bfc7c122.html' -> 'ftp://v0.ftp.upyun.com/post/bfc7c122.html' (57,333)
2018-10-08 16:30:46: 覆盖复制 'F:/blog/public/post/c9feff90.html' -> 'ftp://v0.ftp.upyun.com/post/c9feff90.html' (43,165)
- 错误: Cannot rename temp file to destination file: Server says: {"msg":"too many requests of the same uri","code":42900002,"id":"22d42232e8f4a309e2c0114120461235"}, Deleting: Server says: {"msg":"file or directory not found","code":40400001,"id":"a5257e8f4ba7043a7eb0fcbac0e8b866"}
2018-10-08 16:30:47: 覆盖复制 'F:/blog/public/post/cd12463.html' -> 'ftp://v0.ftp.upyun.com/post/cd12463.html' (48,393)
2018-10-08 16:30:48: 覆盖复制 'F:/blog/public/post/cf1235a7.html' -> 'ftp://v0.ftp.upyun.com/post/cf1235a7.html' (43,855)
- 错误: Cannot rename temp file to destination file: Server says: {"msg":"too many requests of the same uri","code":42900002,"id":"f997e5744802d1a86cb8a8a1017c4fa9"}, Deleting: Server says: {"msg":"file or directory not found","code":40400001,"id":"ad654d6b17aac590b66ca9fbb1de58e9"}
2018-10-08 16:30:49: 覆盖复制 'F:/blog/public/post/d87f7e0c.html' -> 'ftp://v0.ftp.upyun.com/post/d87f7e0c.html' (42,286)
- 错误: Cannot rename temp file to destination file: Server says: {"msg":"too many requests of the same uri","code":42900002,"id":"3aa02642e4035daa0e5ab8c982fdaef0"}, Deleting: Server says: {"msg":"file or directory not found","code":40400001,"id":"fa05b58688bd27b58879c27bbb158baa"}
2018-10-08 16:30:50: 覆盖复制 'F:/blog/public/post/e07f2122.html' -> 'ftp://v0.ftp.upyun.com/post/e07f2122.html' (71,642)
- 错误: Cannot rename temp file to destination file: Server says: {"msg":"too many requests of the same uri","code":42900002,"id":"a33d21d2a7298731b398299c1675e61f"}, Deleting: Server says: {"msg":"too many requests of the same uri","code":42900002,"id":"68fd09415584c84ef5256c35bb852c6b"}
2018-10-08 16:30:51: 覆盖复制 'F:/blog/public/post/fa0e7c88.html' -> 'ftp://v0.ftp.upyun.com/post/fa0e7c88.html' (47,935)
- 错误: Cannot rename temp file to destination file: Server says: {"msg":"too many requests of the same uri","code":42900002,"id":"f8be60edf978239d95592140ba78a48d"}, Deleting: Server says: {"msg":"file or directory not found","code":40400001,"id":"1eced7f398b2fd43216f81932b7dce6a"}
2018-10-08 16:30:52: 覆盖复制 'F:/blog/public/post/fa20dd9d.html' -> 'ftp://v0.ftp.upyun.com/post/fa20dd9d.html' (69,526)
- 错误: Cannot rename temp file to destination file: Server says: {"msg":"too many requests of the same uri","code":42900002,"id":"c098fde94683a5f56b834d7a8ee72ba4"}, Deleting: Server says: {"msg":"file or directory not found","code":40400001,"id":"47b4ad938c86425cc4842430df49c74b"}
2018-10-08 16:30:53: 覆盖复制 'F:/blog/public/post/fdf0e152.html' -> 'ftp://v0.ftp.upyun.com/post/fdf0e152.html' (40,988)
- 错误: Cannot rename temp file to destination file: Server says: {"msg":"too many requests of the same uri","code":42900002,"id":"99bb78bd083aa4c6322f3cffdb1f3772"}, Deleting: Server says: {"msg":"file or directory not found","code":40400001,"id":"6b5a074bb66424c5b70432cf2228402d"}
2018-10-08 16:30:54: 覆盖复制 'F:/blog/public/post/fec62b1b.html' -> 'ftp://v0.ftp.upyun.com/post/fec62b1b.html' (49,055)
2018-10-08 16:30:55: 覆盖复制 'F:/blog/public/README.md' -> 'ftp://v0.ftp.upyun.com/README.md' (68)
2018-10-08 16:30:56: 覆盖复制 'F:/blog/public/search.xml' -> 'ftp://v0.ftp.upyun.com/search.xml' (263,443)
- 错误: Cannot rename temp file to destination file: Server says: {"msg":"too many requests of the same uri","code":42900002,"id":"25449012e5e0e1ebf3e2a1491f6d5461"}, Deleting: Server says: {"msg":"file or directory not found","code":40400001,"id":"5479ad4aa1667ed285cd43ba0ebe7537"}
2018-10-08 16:30:57: 覆盖复制 'F:/blog/public/sitemap.xml' -> 'ftp://v0.ftp.upyun.com/sitemap.xml' (6,498)
- 错误: Cannot rename temp file to destination file: Server says: {"msg":"too many requests of the same uri","code":42900002,"id":"f5568deb0a89894bbcc633fef192105e"}, Deleting: Server says: {"msg":"file or directory not found","code":40400001,"id":"f6da6b565373a2c8a32d158e5c8afbee"}
2018-10-08 16:30:59: 覆盖复制 'F:/blog/public/tags/Android/index.html' -> 'ftp://v0.ftp.upyun.com/tags/Android/index.html' (34,463)
2018-10-08 16:31:00: 覆盖复制 'F:/blog/public/tags/C语言/index.html' -> 'ftp://v0.ftp.upyun.com/tags/C语言/index.html' (32,988)
- 错误: Cannot rename temp file to destination file: Server says: {"msg":"too many requests of the same uri","code":42900002,"id":"5a1e24cb3f41656bd6296cfce903d7d7"}, Deleting: Server says: {"msg":"file or directory not found","code":40400001,"id":"5b4d2f149a6da9ad4242aab1b0081028"}
2018-10-08 16:31:02: 覆盖复制 'F:/blog/public/tags/eNSP/index.html' -> 'ftp://v0.ftp.upyun.com/tags/eNSP/index.html' (34,473)
2018-10-08 16:31:03: 覆盖复制 'F:/blog/public/tags/hexo/index.html' -> 'ftp://v0.ftp.upyun.com/tags/hexo/index.html' (37,847)
2018-10-08 16:31:04: 覆盖复制 'F:/blog/public/tags/ICT/index.html' -> 'ftp://v0.ftp.upyun.com/tags/ICT/index.html' (34,469)
- 错误: Cannot rename temp file to destination file: Server says: {"msg":"too many requests of the same uri","code":42900002,"id":"18ff0c93f25b831c729fc3e5c64920e1"}, Deleting: Server says: {"msg":"file or directory not found","code":40400001,"id":"09e9ad7db371a0f4096f36fc08eadc30"}
2018-10-08 16:31:05: 覆盖复制 'F:/blog/public/tags/index.html' -> 'ftp://v0.ftp.upyun.com/tags/index.html' (37,012)
- 错误: Cannot rename temp file to destination file: Server says: {"msg":"too many requests of the same uri","code":42900002,"id":"352f55e33c87656b3f412dfdb0b2659c"}, Deleting: Server says: {"msg":"file or directory not found","code":40400001,"id":"0d2d63227b1c5cf8bab50124cc22825b"}
2018-10-08 16:31:06: 覆盖复制 'F:/blog/public/tags/Java/index.html' -> 'ftp://v0.ftp.upyun.com/tags/Java/index.html' (33,684)
- 错误: Cannot rename temp file to destination file: Server says: {"msg":"too many requests of the same uri","code":42900002,"id":"bdc04dd1a11bed0af963902829bd7db1"}, Deleting: Server says: {"msg":"file or directory not found","code":40400001,"id":"0072be52b1f2811448df3b4f56a0a49b"}
2018-10-08 16:31:07: 覆盖复制 'F:/blog/public/tags/Linux/index.html' -> 'ftp://v0.ftp.upyun.com/tags/Linux/index.html' (33,007)
- 错误: Cannot rename temp file to destination file: Server says: {"msg":"too many requests of the same uri","code":42900002,"id":"c7b89d5d523498fe6630445d9161c8f1"}, Deleting: Server says: {"msg":"file or directory not found","code":40400001,"id":"cbaff10177dd44b1530f73e77c64512c"}
2018-10-08 16:31:09: 覆盖复制 'F:/blog/public/tags/MySQL/index.html' -> 'ftp://v0.ftp.upyun.com/tags/MySQL/index.html' (32,999)
2018-10-08 16:31:10: 覆盖复制 'F:/blog/public/tags/python/index.html' -> 'ftp://v0.ftp.upyun.com/tags/python/index.html' (35,774)
- 错误: Cannot rename temp file to destination file: Server says: {"msg":"too many requests of the same uri","code":42900002,"id":"3d242aa2b49d1f6a8f77c3c5617c35b1"}, Deleting: Server says: {"msg":"file or directory not found","code":40400001,"id":"07ba8c619b6036071e6e24a49ebd66b6"}
2018-10-08 16:31:11: 覆盖复制 'F:/blog/public/tags/Testing/index.html' -> 'ftp://v0.ftp.upyun.com/tags/Testing/index.html' (32,984)
- 错误: Cannot rename temp file to destination file: Server says: {"msg":"too many requests of the same uri","code":42900002,"id":"a985019237307f16ee0219e93bb919ec"}, Deleting: Server says: {"msg":"file or directory not found","code":40400001,"id":"837a6bb440e9e3a92af2c70e2ceb3b93"}
2018-10-08 16:31:13: 覆盖复制 'F:/blog/public/tags/Ubuntu/index.html' -> 'ftp://v0.ftp.upyun.com/tags/Ubuntu/index.html' (33,011)
- 错误: Cannot rename temp file to destination file: Server says: {"msg":"too many requests of the same uri","code":42900002,"id":"4359abaaeab7eb61f3594964e76f75da"}, Deleting: Server says: {"msg":"too many requests of the same uri","code":42900002,"id":"bfbc6bf928fc5303a8f75e60530d98bf"}
2018-10-08 16:31:14: 覆盖复制 'F:/blog/public/tags/uefi/index.html' -> 'ftp://v0.ftp.upyun.com/tags/uefi/index.html' (33,003)
2018-10-08 16:31:15: 覆盖复制 'F:/blog/public/tags/vps/index.html' -> 'ftp://v0.ftp.upyun.com/tags/vps/index.html' (32,998)
- 错误: Cannot rename temp file to destination file: Server says: {"msg":"too many requests of the same uri","code":42900002,"id":"ae608f0849e4416eb2e62a4ae9764ccc"}, Deleting: Server says: {"msg":"file or directory not found","code":40400001,"id":"19499044751388683a60429bd63ef82e"}
2018-10-08 16:31:16: 覆盖复制 'F:/blog/public/tags/windows/index.html' -> 'ftp://v0.ftp.upyun.com/tags/windows/index.html' (33,040)
- 错误: Cannot rename temp file to destination file: Server says: {"msg":"too many requests of the same uri","code":42900002,"id":"a47c3ec07b2111948736ab8d37ba7212"}, Deleting: Server says: {"msg":"too many requests of the same uri","code":42900002,"id":"f8640b8f7afc08ce175fd948a208f225"}
2018-10-08 16:31:17: 覆盖复制 'F:/blog/public/tags/免流/index.html' -> 'ftp://v0.ftp.upyun.com/tags/免流/index.html' (32,984)
- 错误: Cannot rename temp file to destination file: Server says: {"msg":"too many requests of the same uri","code":42900002,"id":"ec44ebfc69cb114bc9fb664cf5fead29"}, Deleting: Server says: {"msg":"file or directory not found","code":40400001,"id":"896786a8c97a31824070cf2e5ae68d06"}
2018-10-08 16:31:19: 覆盖复制 'F:/blog/public/tags/励志/index.html' -> 'ftp://v0.ftp.upyun.com/tags/励志/index.html' (33,007)
2018-10-08 16:31:21: 覆盖复制 'F:/blog/public/tags/区块链/index.html' -> 'ftp://v0.ftp.upyun.com/tags/区块链/index.html' (33,026)
- 错误: Cannot rename temp file to destination file: Server says: {"msg":"too many requests of the same uri","code":42900002,"id":"88766ee21e271b9c4af89e31cf527b0d"}, Deleting: Server says: {"msg":"too many requests of the same uri","code":42900002,"id":"9f6d6ac71178e8fb97eead04684a79a7"}
2018-10-08 16:31:22: 覆盖复制 'F:/blog/public/tags/学习/index.html' -> 'ftp://v0.ftp.upyun.com/tags/学习/index.html' (33,020)
- 错误: Cannot rename temp file to destination file: Server says: {"msg":"too many requests of the same uri","code":42900002,"id":"6c6d4867424e4c2cc4fa6e04ac2e73c5"}, Deleting: Server says: {"msg":"file or directory not found","code":40400001,"id":"f992ddeebf53bc2f5571c5fd49b3638b"}
2018-10-08 16:31:23: 覆盖复制 'F:/blog/public/tags/情感/index.html' -> 'ftp://v0.ftp.upyun.com/tags/情感/index.html' (33,007)
- 错误: Cannot rename temp file to destination file: Server says: {"msg":"too many requests of the same uri","code":42900002,"id":"9739e372649fbf344481168b978d3a17"}, Deleting: Server says: {"msg":"file or directory not found","code":40400001,"id":"40a63c9db4d217c10fcdd30296c138fc"}
2018-10-08 16:31:25: 覆盖复制 'F:/blog/public/tags/教程/index.html' -> 'ftp://v0.ftp.upyun.com/tags/教程/index.html' (32,997)
- 错误: Cannot rename temp file to destination file: Server says: {"msg":"too many requests of the same uri","code":42900002,"id":"23afd7fc1de04934a9e150ad229f559b"}, Deleting: Server says: {"msg":"too many requests of the same uri","code":42900002,"id":"5205bf821c79b71d821569753ce348b1"}
2018-10-08 16:31:26: 覆盖复制 'F:/blog/public/tags/数据库/index.html' -> 'ftp://v0.ftp.upyun.com/tags/数据库/index.html' (33,015)
- 错误: Cannot rename temp file to destination file: Server says: {"msg":"too many requests of the same uri","code":42900002,"id":"3342bebc2ecb6f247a454e9140074284"}, Deleting: Server says: {"msg":"file or directory not found","code":40400001,"id":"4707c6565a8ff85e91a3e8c391a2064a"}
2018-10-08 16:31:27: 覆盖复制 'F:/blog/public/tags/数据通信/index.html' -> 'ftp://v0.ftp.upyun.com/tags/数据通信/index.html' (34,505)
2018-10-08 16:31:28: 覆盖复制 'F:/blog/public/tags/梦想/index.html' -> 'ftp://v0.ftp.upyun.com/tags/梦想/index.html' (33,014)
- 错误: Cannot rename temp file to destination file: Server says: {"msg":"too many requests of the same uri","code":42900002,"id":"59b79842edfb6192cfac4de7f48b8478"}, Deleting: Server says: {"msg":"file or directory not found","code":40400001,"id":"cf8475bf32c73e65666118a0f1573345"}
2018-10-08 16:31:30: 覆盖复制 'F:/blog/public/tags/比特币/index.html' -> 'ftp://v0.ftp.upyun.com/tags/比特币/index.html' (33,026)
- 错误: Cannot rename temp file to destination file: Server says: {"msg":"too many requests of the same uri","code":42900002,"id":"a793d0d59bd602d96ad075c81109ea3c"}, Deleting: Server says: {"msg":"too many requests of the same uri","code":42900002,"id":"1bc8a0100ed2c2d65539a1277355d421"}
2018-10-08 16:31:30: 新建复制 'F:/blog/public/tags/汇编/index.html' -> 'ftp://v0.ftp.upyun.com/tags/汇编/index.html' (33,694)
- 错误: Cannot rename temp file to destination file: Server says: {"msg":"too many requests of the same uri","code":42900002,"id":"9879a9295c05ba03a2ada0d0b1e2eaf3"}, Deleting: Server says: {"msg":"too many requests of the same uri","code":42900002,"id":"f9694cb6c76cc3436e2af3553be5660c"}
2018-10-08 16:31:31: 覆盖复制 'F:/blog/public/tags/爬虫/index.html' -> 'ftp://v0.ftp.upyun.com/tags/爬虫/index.html' (34,371)
- 错误: Cannot rename temp file to destination file: Server says: {"msg":"too many requests of the same uri","code":42900002,"id":"6ebb3211b9d1f34057652e03efc3a774"}, Deleting: Server says: {"msg":"file or directory not found","code":40400001,"id":"5f2bdc0ea5b63be0871af5f6e6eb4766"}
2018-10-08 16:31:32: 覆盖复制 'F:/blog/public/tags/生活/index.html' -> 'ftp://v0.ftp.upyun.com/tags/生活/index.html' (33,014)
- 错误: Cannot rename temp file to destination file: Server says: {"msg":"too many requests of the same uri","code":42900002,"id":"4bfd2386261ffbf52c8763a1ea427570"}, Deleting: Server says: {"msg":"file or directory not found","code":40400001,"id":"78ba1867dcb33fab20aa59fca9b84ace"}
2018-10-08 16:31:33: 覆盖复制 'F:/blog/public/tags/网络/index.html' -> 'ftp://v0.ftp.upyun.com/tags/网络/index.html' (32,984)
- 错误: Cannot rename temp file to destination file: Server says: {"msg":"too many requests of the same uri","code":42900002,"id":"2494260788837fca1a9fff04be0de255"}, Deleting: Server says: {"msg":"file or directory not found","code":40400001,"id":"09003c515c90bd63286b20971563d520"}
2018-10-08 16:31:34: 覆盖复制 'F:/blog/public/tags/课程设计/index.html' -> 'ftp://v0.ftp.upyun.com/tags/课程设计/index.html' (33,008)
- 错误: Cannot rename temp file to destination file: Server says: {"msg":"too many requests of the same uri","code":42900002,"id":"69e8f6c40ea6c3ee1328b0d749a572aa"}, Deleting: Server says: {"msg":"file or directory not found","code":40400001,"id":"84372b6a0ab68e29506d6d3917347c44"}
2018-10-08 16:31:36: 覆盖复制 'F:/blog/public/top/index.html' -> 'ftp://v0.ftp.upyun.com/top/index.html' (32,849)
- 错误: Cannot rename temp file to destination file: Server says: {"msg":"too many requests of the same uri","code":42900002,"id":"341f549e5d03932264f2311453741017"}, Deleting: Server says: {"msg":"file or directory not found","code":40400001,"id":"d3f31bcdd4cf7cfb54ae84eeddfb7fb1"}
2018-10-08 16:31:37: 保持文件状态 
- ERROR: Cannot move state file temp to perm: Server says: {"msg":"too many requests of the same uri","code":42900002,"id":"8325ef4103c57e3f74f84023b11ee7f9"}
2018-10-08 16:31:38: == 同步完成. 历时: 00:04:36, 速度: 8.92 KB/s, 完成: 131, 错误: 190
2018-10-08 16:31:38: 
