2018-08-14 17:07:37: == 分析比较具有相同大小但文件修改时间不同的文件校验和
2018-08-14 17:07:38: FTP [class 0]: Listing one file is not supported (returns nothing): cannot start transfer: 550: Not a directory
2018-08-14 17:07:38: -- 分析开始 User Command
2018-08-14 17:08:19: 变更：163， 冲突：0， 复制时间：0， 复制状态：0， 错误： 0, All: 304
2018-08-14 17:08:19: Left to Right: Copy File: 163 
2018-08-14 17:08:19: -- 分析已结束。历时 00:00:42, 速度： 7 文件/秒
2018-08-14 17:08:19: 
2018-08-14 17:09:32: == 同步开始由 User Command
2018-08-14 17:09:33: FTP [class 0]: Listing one file is not supported (returns nothing): cannot start transfer: 550: Not a directory
2018-08-14 17:09:34: Copy Confirmed by CheckSum: ftp://v0.ftp.upyun.com/404.html
2018-08-14 17:09:34: 新建复制 'F:/blog/public/404.html' -> 'ftp://v0.ftp.upyun.com/404.html' (727)
2018-08-14 17:09:35: Copy Confirmed by CheckSum: ftp://v0.ftp.upyun.com/about/index.html
2018-08-14 17:09:35: 新建复制 'F:/blog/public/about/index.html' -> 'ftp://v0.ftp.upyun.com/about/index.html' (36,278)
2018-08-14 17:09:36: Copy Confirmed by CheckSum: ftp://v0.ftp.upyun.com/archives/index.html
2018-08-14 17:09:36: 新建复制 'F:/blog/public/archives/index.html' -> 'ftp://v0.ftp.upyun.com/archives/index.html' (61,385)
2018-08-14 17:09:37: Copy Confirmed by CheckSum: ftp://v0.ftp.upyun.com/assets/css/APlayer.min.css
2018-08-14 17:09:37: 新建复制 'F:/blog/public/assets/css/APlayer.min.css' -> 'ftp://v0.ftp.upyun.com/assets/css/APlayer.min.css' (12,528)
2018-08-14 17:09:38: Copy Confirmed by CheckSum: ftp://v0.ftp.upyun.com/assets/js/Meting.min.js
2018-08-14 17:09:38: 新建复制 'F:/blog/public/assets/js/Meting.min.js' -> 'ftp://v0.ftp.upyun.com/assets/js/Meting.min.js' (1,795)
2018-08-14 17:09:39: Copy Confirmed by CheckSum: ftp://v0.ftp.upyun.com/atom.xml
2018-08-14 17:09:39: 新建复制 'F:/blog/public/atom.xml' -> 'ftp://v0.ftp.upyun.com/atom.xml' (390,914)
2018-08-14 17:09:39: Copy Confirmed by CheckSum: ftp://v0.ftp.upyun.com/baidusitemap.xml
2018-08-14 17:09:39: 新建复制 'F:/blog/public/baidusitemap.xml' -> 'ftp://v0.ftp.upyun.com/baidusitemap.xml' (17,972)
2018-08-14 17:09:40: Copy Confirmed by CheckSum: ftp://v0.ftp.upyun.com/categories/Android/index.html
2018-08-14 17:09:40: 新建复制 'F:/blog/public/categories/Android/index.html' -> 'ftp://v0.ftp.upyun.com/categories/Android/index.html' (34,721)
2018-08-14 17:09:41: Copy Confirmed by CheckSum: ftp://v0.ftp.upyun.com/categories/hexo/index.html
2018-08-14 17:09:41: 新建复制 'F:/blog/public/categories/hexo/index.html' -> 'ftp://v0.ftp.upyun.com/categories/hexo/index.html' (38,105)
2018-08-14 17:09:42: Copy Confirmed by CheckSum: ftp://v0.ftp.upyun.com/categories/Java/index.html
2018-08-14 17:09:42: 新建复制 'F:/blog/public/categories/Java/index.html' -> 'ftp://v0.ftp.upyun.com/categories/Java/index.html' (33,245)
2018-08-14 17:09:43: Copy Confirmed by CheckSum: ftp://v0.ftp.upyun.com/categories/python/index.html
2018-08-14 17:09:43: 新建复制 'F:/blog/public/categories/python/index.html' -> 'ftp://v0.ftp.upyun.com/categories/python/index.html' (33,961)
2018-08-14 17:09:44: Copy Confirmed by CheckSum: ftp://v0.ftp.upyun.com/categories/vps/index.html
2018-08-14 17:09:44: 新建复制 'F:/blog/public/categories/vps/index.html' -> 'ftp://v0.ftp.upyun.com/categories/vps/index.html' (33,256)
2018-08-14 17:09:44: Copy Confirmed by CheckSum: ftp://v0.ftp.upyun.com/categories/网络/index.html
2018-08-14 17:09:44: 新建复制 'F:/blog/public/categories/网络/index.html' -> 'ftp://v0.ftp.upyun.com/categories/网络/index.html' (35,423)
2018-08-14 17:09:45: Copy Confirmed by CheckSum: ftp://v0.ftp.upyun.com/categories/转载/index.html
2018-08-14 17:09:45: 新建复制 'F:/blog/public/categories/转载/index.html' -> 'ftp://v0.ftp.upyun.com/categories/转载/index.html' (33,328)
2018-08-14 17:09:46: Copy Confirmed by CheckSum: ftp://v0.ftp.upyun.com/categories/闲读/index.html
2018-08-14 17:09:46: 新建复制 'F:/blog/public/categories/闲读/index.html' -> 'ftp://v0.ftp.upyun.com/categories/闲读/index.html' (33,980)
2018-08-14 17:09:47: Copy Confirmed by CheckSum: ftp://v0.ftp.upyun.com/CNAME
2018-08-14 17:09:47: 新建复制 'F:/blog/public/CNAME' -> 'ftp://v0.ftp.upyun.com/CNAME' (19)
2018-08-14 17:09:48: Copy Confirmed by CheckSum: ftp://v0.ftp.upyun.com/css/main.css
2018-08-14 17:09:48: 新建复制 'F:/blog/public/css/main.css' -> 'ftp://v0.ftp.upyun.com/css/main.css' (67,994)
2018-08-14 17:09:49: Copy Confirmed by CheckSum: ftp://v0.ftp.upyun.com/images/algolia_logo.svg
2018-08-14 17:09:49: 新建复制 'F:/blog/public/images/algolia_logo.svg' -> 'ftp://v0.ftp.upyun.com/images/algolia_logo.svg' (4,410)
2018-08-14 17:09:49: Copy Confirmed by CheckSum: ftp://v0.ftp.upyun.com/images/apple-touch-icon-next.ico
2018-08-14 17:09:49: 新建复制 'F:/blog/public/images/apple-touch-icon-next.ico' -> 'ftp://v0.ftp.upyun.com/images/apple-touch-icon-next.ico' (67,646)
2018-08-14 17:09:50: Copy Confirmed by CheckSum: ftp://v0.ftp.upyun.com/images/apple-touch-icon-next.png
2018-08-14 17:09:50: 新建复制 'F:/blog/public/images/apple-touch-icon-next.png' -> 'ftp://v0.ftp.upyun.com/images/apple-touch-icon-next.png' (1,544)
2018-08-14 17:09:51: Copy Confirmed by CheckSum: ftp://v0.ftp.upyun.com/images/avatar.gif
2018-08-14 17:09:51: 新建复制 'F:/blog/public/images/avatar.gif' -> 'ftp://v0.ftp.upyun.com/images/avatar.gif' (2,926)
2018-08-14 17:09:52: Copy Confirmed by CheckSum: ftp://v0.ftp.upyun.com/images/background2.jpg
2018-08-14 17:09:52: 新建复制 'F:/blog/public/images/background2.jpg' -> 'ftp://v0.ftp.upyun.com/images/background2.jpg' (343,176)
2018-08-14 17:09:53: Copy Confirmed by CheckSum: ftp://v0.ftp.upyun.com/images/background3.jpg
2018-08-14 17:09:53: 新建复制 'F:/blog/public/images/background3.jpg' -> 'ftp://v0.ftp.upyun.com/images/background3.jpg' (443,034)
2018-08-14 17:09:54: Copy Confirmed by CheckSum: ftp://v0.ftp.upyun.com/images/background5.jpg
2018-08-14 17:09:54: 新建复制 'F:/blog/public/images/background5.jpg' -> 'ftp://v0.ftp.upyun.com/images/background5.jpg' (339,444)
2018-08-14 17:09:55: Copy Confirmed by CheckSum: ftp://v0.ftp.upyun.com/images/background6.jpg
2018-08-14 17:09:55: 新建复制 'F:/blog/public/images/background6.jpg' -> 'ftp://v0.ftp.upyun.com/images/background6.jpg' (321,373)
2018-08-14 17:09:56: Copy Confirmed by CheckSum: ftp://v0.ftp.upyun.com/images/cc-by-nc-nd.svg
2018-08-14 17:09:56: 新建复制 'F:/blog/public/images/cc-by-nc-nd.svg' -> 'ftp://v0.ftp.upyun.com/images/cc-by-nc-nd.svg' (11,043)
2018-08-14 17:09:57: Copy Confirmed by CheckSum: ftp://v0.ftp.upyun.com/images/cc-by-nc-sa.svg
2018-08-14 17:09:57: 新建复制 'F:/blog/public/images/cc-by-nc-sa.svg' -> 'ftp://v0.ftp.upyun.com/images/cc-by-nc-sa.svg' (11,780)
2018-08-14 17:09:57: Copy Confirmed by CheckSum: ftp://v0.ftp.upyun.com/images/cc-by-nc.svg
2018-08-14 17:09:57: 新建复制 'F:/blog/public/images/cc-by-nc.svg' -> 'ftp://v0.ftp.upyun.com/images/cc-by-nc.svg' (9,794)
2018-08-14 17:09:58: Copy Confirmed by CheckSum: ftp://v0.ftp.upyun.com/images/cc-by-nd.svg
2018-08-14 17:09:58: 新建复制 'F:/blog/public/images/cc-by-nd.svg' -> 'ftp://v0.ftp.upyun.com/images/cc-by-nd.svg' (9,500)
2018-08-14 17:09:59: Copy Confirmed by CheckSum: ftp://v0.ftp.upyun.com/images/cc-by-sa.svg
2018-08-14 17:09:59: 新建复制 'F:/blog/public/images/cc-by-sa.svg' -> 'ftp://v0.ftp.upyun.com/images/cc-by-sa.svg' (10,382)
2018-08-14 17:10:00: Copy Confirmed by CheckSum: ftp://v0.ftp.upyun.com/images/cc-zero.svg
2018-08-14 17:10:00: 新建复制 'F:/blog/public/images/cc-zero.svg' -> 'ftp://v0.ftp.upyun.com/images/cc-zero.svg' (6,287)
2018-08-14 17:10:01: Copy Confirmed by CheckSum: ftp://v0.ftp.upyun.com/images/favicon-16x16-next.ico
2018-08-14 17:10:01: 新建复制 'F:/blog/public/images/favicon-16x16-next.ico' -> 'ftp://v0.ftp.upyun.com/images/favicon-16x16-next.ico' (1,150)
2018-08-14 17:10:02: Copy Confirmed by CheckSum: ftp://v0.ftp.upyun.com/images/favicon-16x16-next.png
2018-08-14 17:10:02: 新建复制 'F:/blog/public/images/favicon-16x16-next.png' -> 'ftp://v0.ftp.upyun.com/images/favicon-16x16-next.png' (435)
2018-08-14 17:10:03: Copy Confirmed by CheckSum: ftp://v0.ftp.upyun.com/images/favicon-32x32-next.ico
2018-08-14 17:10:03: 新建复制 'F:/blog/public/images/favicon-32x32-next.ico' -> 'ftp://v0.ftp.upyun.com/images/favicon-32x32-next.ico' (4,286)
2018-08-14 17:10:03: Copy Confirmed by CheckSum: ftp://v0.ftp.upyun.com/images/favicon-48x48-next.ico
2018-08-14 17:10:03: 新建复制 'F:/blog/public/images/favicon-48x48-next.ico' -> 'ftp://v0.ftp.upyun.com/images/favicon-48x48-next.ico' (9,662)
2018-08-14 17:10:04: Copy Confirmed by CheckSum: ftp://v0.ftp.upyun.com/images/head.png
2018-08-14 17:10:04: 新建复制 'F:/blog/public/images/head.png' -> 'ftp://v0.ftp.upyun.com/images/head.png' (31,689)
2018-08-14 17:10:05: Copy Confirmed by CheckSum: ftp://v0.ftp.upyun.com/images/loading.gif
2018-08-14 17:10:05: 新建复制 'F:/blog/public/images/loading.gif' -> 'ftp://v0.ftp.upyun.com/images/loading.gif' (35)
2018-08-14 17:10:06: Copy Confirmed by CheckSum: ftp://v0.ftp.upyun.com/images/logo.svg
2018-08-14 17:10:06: 新建复制 'F:/blog/public/images/logo.svg' -> 'ftp://v0.ftp.upyun.com/images/logo.svg' (1,059)
2018-08-14 17:10:06: Copy Confirmed by CheckSum: ftp://v0.ftp.upyun.com/images/placeholder.gif
2018-08-14 17:10:06: 新建复制 'F:/blog/public/images/placeholder.gif' -> 'ftp://v0.ftp.upyun.com/images/placeholder.gif' (35)
2018-08-14 17:10:07: Copy Confirmed by CheckSum: ftp://v0.ftp.upyun.com/images/quote-l.svg
2018-08-14 17:10:07: 新建复制 'F:/blog/public/images/quote-l.svg' -> 'ftp://v0.ftp.upyun.com/images/quote-l.svg' (892)
2018-08-14 17:10:08: Copy Confirmed by CheckSum: ftp://v0.ftp.upyun.com/images/quote-r.svg
2018-08-14 17:10:08: 新建复制 'F:/blog/public/images/quote-r.svg' -> 'ftp://v0.ftp.upyun.com/images/quote-r.svg' (880)
2018-08-14 17:10:09: Copy Confirmed by CheckSum: ftp://v0.ftp.upyun.com/images/searchicon.png
2018-08-14 17:10:09: 新建复制 'F:/blog/public/images/searchicon.png' -> 'ftp://v0.ftp.upyun.com/images/searchicon.png' (766)
2018-08-14 17:10:10: Copy Confirmed by CheckSum: ftp://v0.ftp.upyun.com/index.html
2018-08-14 17:10:10: 新建复制 'F:/blog/public/index.html' -> 'ftp://v0.ftp.upyun.com/index.html' (79,821)
2018-08-14 17:10:11: Copy Confirmed by CheckSum: ftp://v0.ftp.upyun.com/js/src/algolia-search.js
2018-08-14 17:10:11: 新建复制 'F:/blog/public/js/src/algolia-search.js' -> 'ftp://v0.ftp.upyun.com/js/src/algolia-search.js' (3,297)
2018-08-14 17:10:12: Copy Confirmed by CheckSum: ftp://v0.ftp.upyun.com/js/src/av-min.js
2018-08-14 17:10:12: 新建复制 'F:/blog/public/js/src/av-min.js' -> 'ftp://v0.ftp.upyun.com/js/src/av-min.js' (142,297)
2018-08-14 17:10:12: Copy Confirmed by CheckSum: ftp://v0.ftp.upyun.com/js/src/exturl.js
2018-08-14 17:10:12: 新建复制 'F:/blog/public/js/src/exturl.js' -> 'ftp://v0.ftp.upyun.com/js/src/exturl.js' (1,846)
2018-08-14 17:10:13: Copy Confirmed by CheckSum: ftp://v0.ftp.upyun.com/js/src/js.cookie.js
2018-08-14 17:10:13: 新建复制 'F:/blog/public/js/src/js.cookie.js' -> 'ftp://v0.ftp.upyun.com/js/src/js.cookie.js' (3,872)
2018-08-14 17:10:14: Copy Confirmed by CheckSum: ftp://v0.ftp.upyun.com/js/src/schemes/pisces.js
2018-08-14 17:10:14: 新建复制 'F:/blog/public/js/src/schemes/pisces.js' -> 'ftp://v0.ftp.upyun.com/js/src/schemes/pisces.js' (1,596)
2018-08-14 17:10:15: Copy Confirmed by CheckSum: ftp://v0.ftp.upyun.com/js/src/scroll-cookie.js
2018-08-14 17:10:15: 新建复制 'F:/blog/public/js/src/scroll-cookie.js' -> 'ftp://v0.ftp.upyun.com/js/src/scroll-cookie.js' (671)
2018-08-14 17:10:15: Copy Confirmed by CheckSum: ftp://v0.ftp.upyun.com/js/src/scrollspy.js
2018-08-14 17:10:15: 新建复制 'F:/blog/public/js/src/scrollspy.js' -> 'ftp://v0.ftp.upyun.com/js/src/scrollspy.js' (5,081)
2018-08-14 17:10:16: Copy Confirmed by CheckSum: ftp://v0.ftp.upyun.com/js/src/utils.js
2018-08-14 17:10:16: 新建复制 'F:/blog/public/js/src/utils.js' -> 'ftp://v0.ftp.upyun.com/js/src/utils.js' (10,204)
2018-08-14 17:10:17: Copy Confirmed by CheckSum: ftp://v0.ftp.upyun.com/js/src/Valine.min.js
2018-08-14 17:10:17: 新建复制 'F:/blog/public/js/src/Valine.min.js' -> 'ftp://v0.ftp.upyun.com/js/src/Valine.min.js' (71,806)
2018-08-14 17:10:18: Copy Confirmed by CheckSum: ftp://v0.ftp.upyun.com/lib/bookmark/index.js
2018-08-14 17:10:18: 新建复制 'F:/blog/public/lib/bookmark/index.js' -> 'ftp://v0.ftp.upyun.com/lib/bookmark/index.js' (4,039)
2018-08-14 17:10:19: Copy Confirmed by CheckSum: ftp://v0.ftp.upyun.com/lib/bookmark/LICENSE
2018-08-14 17:10:19: 新建复制 'F:/blog/public/lib/bookmark/LICENSE' -> 'ftp://v0.ftp.upyun.com/lib/bookmark/LICENSE' (1,093)
2018-08-14 17:10:19: Copy Confirmed by CheckSum: ftp://v0.ftp.upyun.com/lib/bookmark/package.json
2018-08-14 17:10:19: 新建复制 'F:/blog/public/lib/bookmark/package.json' -> 'ftp://v0.ftp.upyun.com/lib/bookmark/package.json' (674)
2018-08-14 17:10:20: Copy Confirmed by CheckSum: ftp://v0.ftp.upyun.com/lib/bookmark/README.html
2018-08-14 17:10:20: 新建复制 'F:/blog/public/lib/bookmark/README.html' -> 'ftp://v0.ftp.upyun.com/lib/bookmark/README.html' (1,794)
2018-08-14 17:10:21: Copy Confirmed by CheckSum: ftp://v0.ftp.upyun.com/lib/canvas-nest/canvas-nest.min.js
2018-08-14 17:10:21: 新建复制 'F:/blog/public/lib/canvas-nest/canvas-nest.min.js' -> 'ftp://v0.ftp.upyun.com/lib/canvas-nest/canvas-nest.min.js' (1,700)
2018-08-14 17:10:22: Copy Confirmed by CheckSum: ftp://v0.ftp.upyun.com/lib/canvas-nest/README.html
2018-08-14 17:10:22: 新建复制 'F:/blog/public/lib/canvas-nest/README.html' -> 'ftp://v0.ftp.upyun.com/lib/canvas-nest/README.html' (1,156)
2018-08-14 17:10:23: Copy Confirmed by CheckSum: ftp://v0.ftp.upyun.com/lib/fancybox/LICENSE
2018-08-14 17:10:23: 新建复制 'F:/blog/public/lib/fancybox/LICENSE' -> 'ftp://v0.ftp.upyun.com/lib/fancybox/LICENSE' (35,821)
2018-08-14 17:10:23: Copy Confirmed by CheckSum: ftp://v0.ftp.upyun.com/lib/fancybox/source/blank.gif
2018-08-14 17:10:23: 新建复制 'F:/blog/public/lib/fancybox/source/blank.gif' -> 'ftp://v0.ftp.upyun.com/lib/fancybox/source/blank.gif' (43)
2018-08-14 17:10:24: Copy Confirmed by CheckSum: ftp://v0.ftp.upyun.com/lib/fancybox/source/fancybox_loading@2x.gif
2018-08-14 17:10:24: 新建复制 'F:/blog/public/lib/fancybox/source/fancybox_loading@2x.gif' -> 'ftp://v0.ftp.upyun.com/lib/fancybox/source/fancybox_loading@2x.gif' (13,984)
2018-08-14 17:10:25: Copy Confirmed by CheckSum: ftp://v0.ftp.upyun.com/lib/fancybox/source/fancybox_overlay.png
2018-08-14 17:10:25: 新建复制 'F:/blog/public/lib/fancybox/source/fancybox_overlay.png' -> 'ftp://v0.ftp.upyun.com/lib/fancybox/source/fancybox_overlay.png' (1,003)
2018-08-14 17:10:26: Copy Confirmed by CheckSum: ftp://v0.ftp.upyun.com/lib/fancybox/source/fancybox_sprite.png
2018-08-14 17:10:26: 新建复制 'F:/blog/public/lib/fancybox/source/fancybox_sprite.png' -> 'ftp://v0.ftp.upyun.com/lib/fancybox/source/fancybox_sprite.png' (1,362)
2018-08-14 17:10:26: Copy Confirmed by CheckSum: ftp://v0.ftp.upyun.com/lib/fancybox/source/fancybox_sprite@2x.png
2018-08-14 17:10:26: 新建复制 'F:/blog/public/lib/fancybox/source/fancybox_sprite@2x.png' -> 'ftp://v0.ftp.upyun.com/lib/fancybox/source/fancybox_sprite@2x.png' (6,553)
2018-08-14 17:10:27: Copy Confirmed by CheckSum: ftp://v0.ftp.upyun.com/lib/fancybox/source/helpers/fancybox_buttons.png
2018-08-14 17:10:27: 新建复制 'F:/blog/public/lib/fancybox/source/helpers/fancybox_buttons.png' -> 'ftp://v0.ftp.upyun.com/lib/fancybox/source/helpers/fancybox_buttons.png' (1,080)
2018-08-14 17:10:28: Copy Confirmed by CheckSum: ftp://v0.ftp.upyun.com/lib/fancybox/source/helpers/jquery.fancybox-buttons.css
2018-08-14 17:10:28: 新建复制 'F:/blog/public/lib/fancybox/source/helpers/jquery.fancybox-buttons.css' -> 'ftp://v0.ftp.upyun.com/lib/fancybox/source/helpers/jquery.fancybox-buttons.css' (2,447)
2018-08-14 17:10:29: Copy Confirmed by CheckSum: ftp://v0.ftp.upyun.com/lib/fancybox/source/helpers/jquery.fancybox-buttons.js
2018-08-14 17:10:29: 新建复制 'F:/blog/public/lib/fancybox/source/helpers/jquery.fancybox-buttons.js' -> 'ftp://v0.ftp.upyun.com/lib/fancybox/source/helpers/jquery.fancybox-buttons.js' (3,041)
2018-08-14 17:10:29: Copy Confirmed by CheckSum: ftp://v0.ftp.upyun.com/lib/fancybox/source/helpers/jquery.fancybox-media.js
2018-08-14 17:10:29: 新建复制 'F:/blog/public/lib/fancybox/source/helpers/jquery.fancybox-media.js' -> 'ftp://v0.ftp.upyun.com/lib/fancybox/source/helpers/jquery.fancybox-media.js' (5,305)
2018-08-14 17:10:30: Copy Confirmed by CheckSum: ftp://v0.ftp.upyun.com/lib/fancybox/source/helpers/jquery.fancybox-thumbs.js
2018-08-14 17:10:30: 新建复制 'F:/blog/public/lib/fancybox/source/helpers/jquery.fancybox-thumbs.js' -> 'ftp://v0.ftp.upyun.com/lib/fancybox/source/helpers/jquery.fancybox-thumbs.js' (3,836)
2018-08-14 17:10:31: Copy Confirmed by CheckSum: ftp://v0.ftp.upyun.com/lib/fancybox/source/jquery.fancybox.css
2018-08-14 17:10:31: 新建复制 'F:/blog/public/lib/fancybox/source/jquery.fancybox.css' -> 'ftp://v0.ftp.upyun.com/lib/fancybox/source/jquery.fancybox.css' (4,895)
2018-08-14 17:10:32: Copy Confirmed by CheckSum: ftp://v0.ftp.upyun.com/lib/fancybox/source/jquery.fancybox.js
2018-08-14 17:10:32: 新建复制 'F:/blog/public/lib/fancybox/source/jquery.fancybox.js' -> 'ftp://v0.ftp.upyun.com/lib/fancybox/source/jquery.fancybox.js' (48,706)
2018-08-14 17:10:33: Copy Confirmed by CheckSum: ftp://v0.ftp.upyun.com/lib/fancybox/source/jquery.fancybox.pack.js
2018-08-14 17:10:33: 新建复制 'F:/blog/public/lib/fancybox/source/jquery.fancybox.pack.js' -> 'ftp://v0.ftp.upyun.com/lib/fancybox/source/jquery.fancybox.pack.js' (23,135)
2018-08-14 17:10:34: Copy Confirmed by CheckSum: ftp://v0.ftp.upyun.com/lib/font-awesome/css/font-awesome.css
2018-08-14 17:10:34: 新建复制 'F:/blog/public/lib/font-awesome/css/font-awesome.css' -> 'ftp://v0.ftp.upyun.com/lib/font-awesome/css/font-awesome.css' (37,414)
2018-08-14 17:10:34: Copy Confirmed by CheckSum: ftp://v0.ftp.upyun.com/lib/font-awesome/css/font-awesome.css.map
2018-08-14 17:10:34: 新建复制 'F:/blog/public/lib/font-awesome/css/font-awesome.css.map' -> 'ftp://v0.ftp.upyun.com/lib/font-awesome/css/font-awesome.css.map' (21,785)
2018-08-14 17:10:35: Copy Confirmed by CheckSum: ftp://v0.ftp.upyun.com/lib/font-awesome/css/font-awesome.min.css
2018-08-14 17:10:35: 新建复制 'F:/blog/public/lib/font-awesome/css/font-awesome.min.css' -> 'ftp://v0.ftp.upyun.com/lib/font-awesome/css/font-awesome.min.css' (31,000)
2018-08-14 17:10:36: Copy Confirmed by CheckSum: ftp://v0.ftp.upyun.com/lib/font-awesome/fonts/fontawesome-webfont.eot
2018-08-14 17:10:36: 新建复制 'F:/blog/public/lib/font-awesome/fonts/fontawesome-webfont.eot' -> 'ftp://v0.ftp.upyun.com/lib/font-awesome/fonts/fontawesome-webfont.eot' (165,742)
2018-08-14 17:10:37: Copy Confirmed by CheckSum: ftp://v0.ftp.upyun.com/lib/font-awesome/fonts/fontawesome-webfont.woff2
2018-08-14 17:10:37: 新建复制 'F:/blog/public/lib/font-awesome/fonts/fontawesome-webfont.woff2' -> 'ftp://v0.ftp.upyun.com/lib/font-awesome/fonts/fontawesome-webfont.woff2' (77,160)
2018-08-14 17:10:38: Copy Confirmed by CheckSum: ftp://v0.ftp.upyun.com/lib/font-awesome/HELP-US-OUT.txt
2018-08-14 17:10:38: 新建复制 'F:/blog/public/lib/font-awesome/HELP-US-OUT.txt' -> 'ftp://v0.ftp.upyun.com/lib/font-awesome/HELP-US-OUT.txt' (330)
2018-08-14 17:10:39: Copy Confirmed by CheckSum: ftp://v0.ftp.upyun.com/lib/pace/LICENSE
2018-08-14 17:10:39: 新建复制 'F:/blog/public/lib/pace/LICENSE' -> 'ftp://v0.ftp.upyun.com/lib/pace/LICENSE' (1,084)
2018-08-14 17:10:39: Copy Confirmed by CheckSum: ftp://v0.ftp.upyun.com/lib/pace/pace-theme-barber-shop.min.css
2018-08-14 17:10:39: 新建复制 'F:/blog/public/lib/pace/pace-theme-barber-shop.min.css' -> 'ftp://v0.ftp.upyun.com/lib/pace/pace-theme-barber-shop.min.css' (2,714)
2018-08-14 17:10:40: Copy Confirmed by CheckSum: ftp://v0.ftp.upyun.com/lib/pace/pace-theme-big-counter.min.css
2018-08-14 17:10:40: 新建复制 'F:/blog/public/lib/pace/pace-theme-big-counter.min.css' -> 'ftp://v0.ftp.upyun.com/lib/pace/pace-theme-big-counter.min.css' (635)
2018-08-14 17:10:41: Copy Confirmed by CheckSum: ftp://v0.ftp.upyun.com/lib/pace/pace-theme-bounce.min.css
2018-08-14 17:10:41: 新建复制 'F:/blog/public/lib/pace/pace-theme-bounce.min.css' -> 'ftp://v0.ftp.upyun.com/lib/pace/pace-theme-bounce.min.css' (3,607)
2018-08-14 17:10:42: Copy Confirmed by CheckSum: ftp://v0.ftp.upyun.com/lib/pace/pace-theme-center-circle.min.css
2018-08-14 17:10:42: 新建复制 'F:/blog/public/lib/pace/pace-theme-center-circle.min.css' -> 'ftp://v0.ftp.upyun.com/lib/pace/pace-theme-center-circle.min.css' (1,730)
2018-08-14 17:10:42: Copy Confirmed by CheckSum: ftp://v0.ftp.upyun.com/lib/pace/pace-theme-center-radar.min.css
2018-08-14 17:10:42: 新建复制 'F:/blog/public/lib/pace/pace-theme-center-radar.min.css' -> 'ftp://v0.ftp.upyun.com/lib/pace/pace-theme-center-radar.min.css' (1,000)
2018-08-14 17:10:43: Copy Confirmed by CheckSum: ftp://v0.ftp.upyun.com/lib/pace/pace-theme-center-simple.min.css
2018-08-14 17:10:43: 新建复制 'F:/blog/public/lib/pace/pace-theme-center-simple.min.css' -> 'ftp://v0.ftp.upyun.com/lib/pace/pace-theme-center-simple.min.css' (731)
2018-08-14 17:10:44: Copy Confirmed by CheckSum: ftp://v0.ftp.upyun.com/lib/pace/pace-theme-corner-indicator.min.css
2018-08-14 17:10:44: 新建复制 'F:/blog/public/lib/pace/pace-theme-corner-indicator.min.css' -> 'ftp://v0.ftp.upyun.com/lib/pace/pace-theme-corner-indicator.min.css' (1,582)
2018-08-14 17:10:44: Copy Confirmed by CheckSum: ftp://v0.ftp.upyun.com/lib/pace/pace-theme-fill-left.min.css
2018-08-14 17:10:44: 新建复制 'F:/blog/public/lib/pace/pace-theme-fill-left.min.css' -> 'ftp://v0.ftp.upyun.com/lib/pace/pace-theme-fill-left.min.css' (283)
2018-08-14 17:10:45: Copy Confirmed by CheckSum: ftp://v0.ftp.upyun.com/lib/pace/pace-theme-flash.min.css
2018-08-14 17:10:45: 新建复制 'F:/blog/public/lib/pace/pace-theme-flash.min.css' -> 'ftp://v0.ftp.upyun.com/lib/pace/pace-theme-flash.min.css' (1,678)
2018-08-14 17:10:46: Copy Confirmed by CheckSum: ftp://v0.ftp.upyun.com/lib/pace/pace-theme-mac-osx.min.css
2018-08-14 17:10:46: 新建复制 'F:/blog/public/lib/pace/pace-theme-mac-osx.min.css' -> 'ftp://v0.ftp.upyun.com/lib/pace/pace-theme-mac-osx.min.css' (2,474)
2018-08-14 17:10:47: Copy Confirmed by CheckSum: ftp://v0.ftp.upyun.com/lib/pace/pace-theme-minimal.min.css
2018-08-14 17:10:47: 新建复制 'F:/blog/public/lib/pace/pace-theme-minimal.min.css' -> 'ftp://v0.ftp.upyun.com/lib/pace/pace-theme-minimal.min.css' (250)
2018-08-14 17:10:47: Copy Confirmed by CheckSum: ftp://v0.ftp.upyun.com/lib/pace/README.html
2018-08-14 17:10:47: 新建复制 'F:/blog/public/lib/pace/README.html' -> 'ftp://v0.ftp.upyun.com/lib/pace/README.html' (1,124)
2018-08-14 17:10:48: Copy Confirmed by CheckSum: ftp://v0.ftp.upyun.com/lib/pangu/dist/pangu.js
2018-08-14 17:10:48: 新建复制 'F:/blog/public/lib/pangu/dist/pangu.js' -> 'ftp://v0.ftp.upyun.com/lib/pangu/dist/pangu.js' (20,237)
2018-08-14 17:10:49: Copy Confirmed by CheckSum: ftp://v0.ftp.upyun.com/lib/pangu/dist/pangu.js.map
2018-08-14 17:10:49: 新建复制 'F:/blog/public/lib/pangu/dist/pangu.js.map' -> 'ftp://v0.ftp.upyun.com/lib/pangu/dist/pangu.js.map' (23,033)
2018-08-14 17:10:49: Copy Confirmed by CheckSum: ftp://v0.ftp.upyun.com/lib/pangu/dist/pangu.min.js
2018-08-14 17:10:49: 新建复制 'F:/blog/public/lib/pangu/dist/pangu.min.js' -> 'ftp://v0.ftp.upyun.com/lib/pangu/dist/pangu.min.js' (8,620)
2018-08-14 17:10:50: Copy Confirmed by CheckSum: ftp://v0.ftp.upyun.com/lib/pangu/README.html
2018-08-14 17:10:50: 新建复制 'F:/blog/public/lib/pangu/README.html' -> 'ftp://v0.ftp.upyun.com/lib/pangu/README.html' (1,123)
2018-08-14 17:10:51: Copy Confirmed by CheckSum: ftp://v0.ftp.upyun.com/lib/reading_progress/LICENSE
2018-08-14 17:10:51: 新建复制 'F:/blog/public/lib/reading_progress/LICENSE' -> 'ftp://v0.ftp.upyun.com/lib/reading_progress/LICENSE' (1,084)
2018-08-14 17:10:52: Copy Confirmed by CheckSum: ftp://v0.ftp.upyun.com/lib/reading_progress/reading_progress.min.js
2018-08-14 17:10:52: 新建复制 'F:/blog/public/lib/reading_progress/reading_progress.min.js' -> 'ftp://v0.ftp.upyun.com/lib/reading_progress/reading_progress.min.js' (512)
2018-08-14 17:10:52: Copy Confirmed by CheckSum: ftp://v0.ftp.upyun.com/lib/ua-parser-js/dist/ua-parser.pack.js
2018-08-14 17:10:52: 新建复制 'F:/blog/public/lib/ua-parser-js/dist/ua-parser.pack.js' -> 'ftp://v0.ftp.upyun.com/lib/ua-parser-js/dist/ua-parser.pack.js' (10,523)
2018-08-14 17:10:53: Copy Confirmed by CheckSum: ftp://v0.ftp.upyun.com/lib/velocity/velocity.min.js
2018-08-14 17:10:53: 新建复制 'F:/blog/public/lib/velocity/velocity.min.js' -> 'ftp://v0.ftp.upyun.com/lib/velocity/velocity.min.js' (34,856)
2018-08-14 17:10:54: Copy Confirmed by CheckSum: ftp://v0.ftp.upyun.com/lib/velocity/velocity.ui.js
2018-08-14 17:10:54: 新建复制 'F:/blog/public/lib/velocity/velocity.ui.js' -> 'ftp://v0.ftp.upyun.com/lib/velocity/velocity.ui.js' (34,762)
2018-08-14 17:10:55: Copy Confirmed by CheckSum: ftp://v0.ftp.upyun.com/lib/velocity/velocity.ui.min.js
2018-08-14 17:10:55: 新建复制 'F:/blog/public/lib/velocity/velocity.ui.min.js' -> 'ftp://v0.ftp.upyun.com/lib/velocity/velocity.ui.min.js' (13,257)
2018-08-14 17:10:56: Copy Confirmed by CheckSum: ftp://v0.ftp.upyun.com/live2dw/assets/miku.model.json
2018-08-14 17:10:56: 新建复制 'F:/blog/public/live2dw/assets/miku.model.json' -> 'ftp://v0.ftp.upyun.com/live2dw/assets/miku.model.json' (392)
2018-08-14 17:10:56: Copy Confirmed by CheckSum: ftp://v0.ftp.upyun.com/live2dw/assets/miku.physics.json
2018-08-14 17:10:56: 新建复制 'F:/blog/public/live2dw/assets/miku.physics.json' -> 'ftp://v0.ftp.upyun.com/live2dw/assets/miku.physics.json' (1,206)
2018-08-14 17:10:57: Copy Confirmed by CheckSum: ftp://v0.ftp.upyun.com/live2dw/assets/mtn/miku_m_01.mtn
2018-08-14 17:10:57: 新建复制 'F:/blog/public/live2dw/assets/mtn/miku_m_01.mtn' -> 'ftp://v0.ftp.upyun.com/live2dw/assets/mtn/miku_m_01.mtn' (1,090)
2018-08-14 17:10:58: Copy Confirmed by CheckSum: ftp://v0.ftp.upyun.com/live2dw/assets/mtn/miku_m_02.mtn
2018-08-14 17:10:58: 新建复制 'F:/blog/public/live2dw/assets/mtn/miku_m_02.mtn' -> 'ftp://v0.ftp.upyun.com/live2dw/assets/mtn/miku_m_02.mtn' (2,682)
2018-08-14 17:10:58: Copy Confirmed by CheckSum: ftp://v0.ftp.upyun.com/live2dw/assets/mtn/miku_m_03.mtn
2018-08-14 17:10:58: 新建复制 'F:/blog/public/live2dw/assets/mtn/miku_m_03.mtn' -> 'ftp://v0.ftp.upyun.com/live2dw/assets/mtn/miku_m_03.mtn' (1,844)
2018-08-14 17:10:59: Copy Confirmed by CheckSum: ftp://v0.ftp.upyun.com/live2dw/assets/mtn/miku_m_04.mtn
2018-08-14 17:10:59: 新建复制 'F:/blog/public/live2dw/assets/mtn/miku_m_04.mtn' -> 'ftp://v0.ftp.upyun.com/live2dw/assets/mtn/miku_m_04.mtn' (1,859)
2018-08-14 17:11:00: Copy Confirmed by CheckSum: ftp://v0.ftp.upyun.com/live2dw/assets/mtn/miku_m_06.mtn
2018-08-14 17:11:00: 新建复制 'F:/blog/public/live2dw/assets/mtn/miku_m_06.mtn' -> 'ftp://v0.ftp.upyun.com/live2dw/assets/mtn/miku_m_06.mtn' (1,700)
2018-08-14 17:11:01: Copy Confirmed by CheckSum: ftp://v0.ftp.upyun.com/live2dw/assets/mtn/miku_shake_01.mtn
2018-08-14 17:11:01: 新建复制 'F:/blog/public/live2dw/assets/mtn/miku_shake_01.mtn' -> 'ftp://v0.ftp.upyun.com/live2dw/assets/mtn/miku_shake_01.mtn' (4,134)
2018-08-14 17:11:02: Copy Confirmed by CheckSum: ftp://v0.ftp.upyun.com/live2dw/lib/L2Dwidget.0.min.js.map
2018-08-14 17:11:02: 新建复制 'F:/blog/public/live2dw/lib/L2Dwidget.0.min.js.map' -> 'ftp://v0.ftp.upyun.com/live2dw/lib/L2Dwidget.0.min.js.map' (547,017)
2018-08-14 17:11:03: Copy Confirmed by CheckSum: ftp://v0.ftp.upyun.com/live2dw/lib/L2Dwidget.min.js.map
2018-08-14 17:11:03: 新建复制 'F:/blog/public/live2dw/lib/L2Dwidget.min.js.map' -> 'ftp://v0.ftp.upyun.com/live2dw/lib/L2Dwidget.min.js.map' (176,224)
2018-08-14 17:11:04: Copy Confirmed by CheckSum: ftp://v0.ftp.upyun.com/page/2/index.html
2018-08-14 17:11:04: 新建复制 'F:/blog/public/page/2/index.html' -> 'ftp://v0.ftp.upyun.com/page/2/index.html' (88,765)
2018-08-14 17:11:04: Copy Confirmed by CheckSum: ftp://v0.ftp.upyun.com/page/3/index.html
2018-08-14 17:11:04: 新建复制 'F:/blog/public/page/3/index.html' -> 'ftp://v0.ftp.upyun.com/page/3/index.html' (90,668)
2018-08-14 17:11:05: Copy Confirmed by CheckSum: ftp://v0.ftp.upyun.com/page/4/index.html
2018-08-14 17:11:05: 新建复制 'F:/blog/public/page/4/index.html' -> 'ftp://v0.ftp.upyun.com/page/4/index.html' (76,253)
2018-08-14 17:11:06: Copy Confirmed by CheckSum: ftp://v0.ftp.upyun.com/post/106fc1c3.html
2018-08-14 17:11:06: 新建复制 'F:/blog/public/post/106fc1c3.html' -> 'ftp://v0.ftp.upyun.com/post/106fc1c3.html' (44,770)
2018-08-14 17:11:07: Copy Confirmed by CheckSum: ftp://v0.ftp.upyun.com/post/16dd4349.html
2018-08-14 17:11:07: 新建复制 'F:/blog/public/post/16dd4349.html' -> 'ftp://v0.ftp.upyun.com/post/16dd4349.html' (46,722)
2018-08-14 17:11:08: Copy Confirmed by CheckSum: ftp://v0.ftp.upyun.com/post/29cebcea.html
2018-08-14 17:11:08: 新建复制 'F:/blog/public/post/29cebcea.html' -> 'ftp://v0.ftp.upyun.com/post/29cebcea.html' (59,935)
2018-08-14 17:11:09: Copy Confirmed by CheckSum: ftp://v0.ftp.upyun.com/post/30631cd4.html
2018-08-14 17:11:09: 新建复制 'F:/blog/public/post/30631cd4.html' -> 'ftp://v0.ftp.upyun.com/post/30631cd4.html' (48,741)
2018-08-14 17:11:09: Copy Confirmed by CheckSum: ftp://v0.ftp.upyun.com/post/40ae08c3.html
2018-08-14 17:11:09: 新建复制 'F:/blog/public/post/40ae08c3.html' -> 'ftp://v0.ftp.upyun.com/post/40ae08c3.html' (49,844)
2018-08-14 17:11:10: Copy Confirmed by CheckSum: ftp://v0.ftp.upyun.com/post/47112e7a.html
2018-08-14 17:11:10: 新建复制 'F:/blog/public/post/47112e7a.html' -> 'ftp://v0.ftp.upyun.com/post/47112e7a.html' (51,459)
2018-08-14 17:11:11: Copy Confirmed by CheckSum: ftp://v0.ftp.upyun.com/post/5133767d.html
2018-08-14 17:11:11: 新建复制 'F:/blog/public/post/5133767d.html' -> 'ftp://v0.ftp.upyun.com/post/5133767d.html' (42,495)
2018-08-14 17:11:12: Copy Confirmed by CheckSum: ftp://v0.ftp.upyun.com/post/51937609.html
2018-08-14 17:11:12: 新建复制 'F:/blog/public/post/51937609.html' -> 'ftp://v0.ftp.upyun.com/post/51937609.html' (45,461)
2018-08-14 17:11:13: Copy Confirmed by CheckSum: ftp://v0.ftp.upyun.com/post/53b2030c.html
2018-08-14 17:11:13: 新建复制 'F:/blog/public/post/53b2030c.html' -> 'ftp://v0.ftp.upyun.com/post/53b2030c.html' (44,297)
2018-08-14 17:11:13: Copy Confirmed by CheckSum: ftp://v0.ftp.upyun.com/post/60cd4fc4.html
2018-08-14 17:11:13: 新建复制 'F:/blog/public/post/60cd4fc4.html' -> 'ftp://v0.ftp.upyun.com/post/60cd4fc4.html' (43,706)
2018-08-14 17:11:14: Copy Confirmed by CheckSum: ftp://v0.ftp.upyun.com/post/63840324.html
2018-08-14 17:11:14: 新建复制 'F:/blog/public/post/63840324.html' -> 'ftp://v0.ftp.upyun.com/post/63840324.html' (48,085)
2018-08-14 17:11:15: Copy Confirmed by CheckSum: ftp://v0.ftp.upyun.com/post/65a05ef.html
2018-08-14 17:11:15: 新建复制 'F:/blog/public/post/65a05ef.html' -> 'ftp://v0.ftp.upyun.com/post/65a05ef.html' (52,341)
2018-08-14 17:11:16: Copy Confirmed by CheckSum: ftp://v0.ftp.upyun.com/post/6d7b9178.html
2018-08-14 17:11:16: 新建复制 'F:/blog/public/post/6d7b9178.html' -> 'ftp://v0.ftp.upyun.com/post/6d7b9178.html' (60,394)
2018-08-14 17:11:17: Copy Confirmed by CheckSum: ftp://v0.ftp.upyun.com/post/72dd6893.html
2018-08-14 17:11:17: 新建复制 'F:/blog/public/post/72dd6893.html' -> 'ftp://v0.ftp.upyun.com/post/72dd6893.html' (44,333)
2018-08-14 17:11:18: Copy Confirmed by CheckSum: ftp://v0.ftp.upyun.com/post/74b1112a.html
2018-08-14 17:11:18: 新建复制 'F:/blog/public/post/74b1112a.html' -> 'ftp://v0.ftp.upyun.com/post/74b1112a.html' (51,171)
2018-08-14 17:11:18: Copy Confirmed by CheckSum: ftp://v0.ftp.upyun.com/post/8b3b02a7.html
2018-08-14 17:11:18: 新建复制 'F:/blog/public/post/8b3b02a7.html' -> 'ftp://v0.ftp.upyun.com/post/8b3b02a7.html' (47,090)
2018-08-14 17:11:19: Copy Confirmed by CheckSum: ftp://v0.ftp.upyun.com/post/8c8e25d.html
2018-08-14 17:11:19: 新建复制 'F:/blog/public/post/8c8e25d.html' -> 'ftp://v0.ftp.upyun.com/post/8c8e25d.html' (71,232)
2018-08-14 17:11:20: Copy Confirmed by CheckSum: ftp://v0.ftp.upyun.com/post/936c5fbe.html
2018-08-14 17:11:20: 新建复制 'F:/blog/public/post/936c5fbe.html' -> 'ftp://v0.ftp.upyun.com/post/936c5fbe.html' (59,907)
2018-08-14 17:11:21: Copy Confirmed by CheckSum: ftp://v0.ftp.upyun.com/post/98bc273a.html
2018-08-14 17:11:21: 新建复制 'F:/blog/public/post/98bc273a.html' -> 'ftp://v0.ftp.upyun.com/post/98bc273a.html' (47,295)
2018-08-14 17:11:21: Copy Confirmed by CheckSum: ftp://v0.ftp.upyun.com/post/a11ee691.html
2018-08-14 17:11:21: 新建复制 'F:/blog/public/post/a11ee691.html' -> 'ftp://v0.ftp.upyun.com/post/a11ee691.html' (41,309)
2018-08-14 17:11:22: Copy Confirmed by CheckSum: ftp://v0.ftp.upyun.com/post/b04d82e3.html
2018-08-14 17:11:22: 新建复制 'F:/blog/public/post/b04d82e3.html' -> 'ftp://v0.ftp.upyun.com/post/b04d82e3.html' (44,267)
2018-08-14 17:11:23: Copy Confirmed by CheckSum: ftp://v0.ftp.upyun.com/post/c9feff90.html
2018-08-14 17:11:23: 新建复制 'F:/blog/public/post/c9feff90.html' -> 'ftp://v0.ftp.upyun.com/post/c9feff90.html' (43,405)
2018-08-14 17:11:24: Copy Confirmed by CheckSum: ftp://v0.ftp.upyun.com/post/cf1235a7.html
2018-08-14 17:11:24: 新建复制 'F:/blog/public/post/cf1235a7.html' -> 'ftp://v0.ftp.upyun.com/post/cf1235a7.html' (44,095)
2018-08-14 17:11:25: Copy Confirmed by CheckSum: ftp://v0.ftp.upyun.com/post/d87f7e0c.html
2018-08-14 17:11:25: 新建复制 'F:/blog/public/post/d87f7e0c.html' -> 'ftp://v0.ftp.upyun.com/post/d87f7e0c.html' (42,526)
2018-08-14 17:11:26: Copy Confirmed by CheckSum: ftp://v0.ftp.upyun.com/post/e07f2122.html
2018-08-14 17:11:26: 新建复制 'F:/blog/public/post/e07f2122.html' -> 'ftp://v0.ftp.upyun.com/post/e07f2122.html' (50,111)
2018-08-14 17:11:26: Copy Confirmed by CheckSum: ftp://v0.ftp.upyun.com/post/fa0e7c88.html
2018-08-14 17:11:26: 新建复制 'F:/blog/public/post/fa0e7c88.html' -> 'ftp://v0.ftp.upyun.com/post/fa0e7c88.html' (48,175)
2018-08-14 17:11:28: Copy Confirmed by CheckSum: ftp://v0.ftp.upyun.com/post/fdf0e152.html
2018-08-14 17:11:28: 新建复制 'F:/blog/public/post/fdf0e152.html' -> 'ftp://v0.ftp.upyun.com/post/fdf0e152.html' (41,228)
2018-08-14 17:11:29: Copy Confirmed by CheckSum: ftp://v0.ftp.upyun.com/search.xml
2018-08-14 17:11:29: 新建复制 'F:/blog/public/search.xml' -> 'ftp://v0.ftp.upyun.com/search.xml' (204,553)
2018-08-14 17:11:29: Copy Confirmed by CheckSum: ftp://v0.ftp.upyun.com/sitemap.xml
2018-08-14 17:11:29: 新建复制 'F:/blog/public/sitemap.xml' -> 'ftp://v0.ftp.upyun.com/sitemap.xml' (5,942)
2018-08-14 17:11:30: Copy Confirmed by CheckSum: ftp://v0.ftp.upyun.com/tags/Android/index.html
2018-08-14 17:11:30: 新建复制 'F:/blog/public/tags/Android/index.html' -> 'ftp://v0.ftp.upyun.com/tags/Android/index.html' (34,703)
2018-08-14 17:11:31: Copy Confirmed by CheckSum: ftp://v0.ftp.upyun.com/tags/C语言/index.html
2018-08-14 17:11:31: 新建复制 'F:/blog/public/tags/C语言/index.html' -> 'ftp://v0.ftp.upyun.com/tags/C语言/index.html' (33,228)
2018-08-14 17:11:32: Copy Confirmed by CheckSum: ftp://v0.ftp.upyun.com/tags/eNSP/index.html
2018-08-14 17:11:32: 新建复制 'F:/blog/public/tags/eNSP/index.html' -> 'ftp://v0.ftp.upyun.com/tags/eNSP/index.html' (34,713)
2018-08-14 17:11:33: Copy Confirmed by CheckSum: ftp://v0.ftp.upyun.com/tags/ICT/index.html
2018-08-14 17:11:33: 新建复制 'F:/blog/public/tags/ICT/index.html' -> 'ftp://v0.ftp.upyun.com/tags/ICT/index.html' (34,709)
2018-08-14 17:11:33: Copy Confirmed by CheckSum: ftp://v0.ftp.upyun.com/tags/index.html
2018-08-14 17:11:33: 新建复制 'F:/blog/public/tags/index.html' -> 'ftp://v0.ftp.upyun.com/tags/index.html' (36,968)
2018-08-14 17:11:35: Copy Confirmed by CheckSum: ftp://v0.ftp.upyun.com/tags/Java/index.html
2018-08-14 17:11:35: 新建复制 'F:/blog/public/tags/Java/index.html' -> 'ftp://v0.ftp.upyun.com/tags/Java/index.html' (33,227)
2018-08-14 17:11:35: Copy Confirmed by CheckSum: ftp://v0.ftp.upyun.com/tags/Linux/index.html
2018-08-14 17:11:35: 新建复制 'F:/blog/public/tags/Linux/index.html' -> 'ftp://v0.ftp.upyun.com/tags/Linux/index.html' (33,247)
2018-08-14 17:11:36: Copy Confirmed by CheckSum: ftp://v0.ftp.upyun.com/tags/MySQL/index.html
2018-08-14 17:11:36: 新建复制 'F:/blog/public/tags/MySQL/index.html' -> 'ftp://v0.ftp.upyun.com/tags/MySQL/index.html' (33,239)
2018-08-14 17:11:37: Copy Confirmed by CheckSum: ftp://v0.ftp.upyun.com/tags/python/index.html
2018-08-14 17:11:37: 新建复制 'F:/blog/public/tags/python/index.html' -> 'ftp://v0.ftp.upyun.com/tags/python/index.html' (36,014)
2018-08-14 17:11:38: Copy Confirmed by CheckSum: ftp://v0.ftp.upyun.com/tags/Ubuntu/index.html
2018-08-14 17:11:38: 新建复制 'F:/blog/public/tags/Ubuntu/index.html' -> 'ftp://v0.ftp.upyun.com/tags/Ubuntu/index.html' (33,251)
2018-08-14 17:11:39: Copy Confirmed by CheckSum: ftp://v0.ftp.upyun.com/tags/uefi/index.html
2018-08-14 17:11:39: 新建复制 'F:/blog/public/tags/uefi/index.html' -> 'ftp://v0.ftp.upyun.com/tags/uefi/index.html' (33,243)
2018-08-14 17:11:40: Copy Confirmed by CheckSum: ftp://v0.ftp.upyun.com/tags/免流/index.html
2018-08-14 17:11:40: 新建复制 'F:/blog/public/tags/免流/index.html' -> 'ftp://v0.ftp.upyun.com/tags/免流/index.html' (33,224)
2018-08-14 17:11:40: Copy Confirmed by CheckSum: ftp://v0.ftp.upyun.com/tags/励志/index.html
2018-08-14 17:11:40: 新建复制 'F:/blog/public/tags/励志/index.html' -> 'ftp://v0.ftp.upyun.com/tags/励志/index.html' (33,247)
2018-08-14 17:11:41: Copy Confirmed by CheckSum: ftp://v0.ftp.upyun.com/tags/情感/index.html
2018-08-14 17:11:41: 新建复制 'F:/blog/public/tags/情感/index.html' -> 'ftp://v0.ftp.upyun.com/tags/情感/index.html' (33,247)
2018-08-14 17:11:42: Copy Confirmed by CheckSum: ftp://v0.ftp.upyun.com/tags/数据库/index.html
2018-08-14 17:11:42: 新建复制 'F:/blog/public/tags/数据库/index.html' -> 'ftp://v0.ftp.upyun.com/tags/数据库/index.html' (33,255)
2018-08-14 17:11:43: Copy Confirmed by CheckSum: ftp://v0.ftp.upyun.com/tags/梦想/index.html
2018-08-14 17:11:43: 新建复制 'F:/blog/public/tags/梦想/index.html' -> 'ftp://v0.ftp.upyun.com/tags/梦想/index.html' (33,254)
2018-08-14 17:11:44: Copy Confirmed by CheckSum: ftp://v0.ftp.upyun.com/tags/爬虫/index.html
2018-08-14 17:11:44: 新建复制 'F:/blog/public/tags/爬虫/index.html' -> 'ftp://v0.ftp.upyun.com/tags/爬虫/index.html' (34,611)
2018-08-14 17:11:44: Copy Confirmed by CheckSum: ftp://v0.ftp.upyun.com/tags/生活/index.html
2018-08-14 17:11:44: 新建复制 'F:/blog/public/tags/生活/index.html' -> 'ftp://v0.ftp.upyun.com/tags/生活/index.html' (33,254)
2018-08-14 17:11:45: Copy Confirmed by CheckSum: ftp://v0.ftp.upyun.com/tags/课程设计/index.html
2018-08-14 17:11:45: 新建复制 'F:/blog/public/tags/课程设计/index.html' -> 'ftp://v0.ftp.upyun.com/tags/课程设计/index.html' (33,248)
2018-08-14 17:11:46: Copy Confirmed by CheckSum: ftp://v0.ftp.upyun.com/top/index.html
2018-08-14 17:11:46: 新建复制 'F:/blog/public/top/index.html' -> 'ftp://v0.ftp.upyun.com/top/index.html' (33,089)
2018-08-14 17:11:47: == 同步完成. 历时: 00:02:15, 速度: 51.5 KB/s, 完成: 163, 错误: 0
2018-08-14 17:11:47: 
