2018-08-14 20:10:46: == 分析比较具有相同大小但文件修改时间不同的文件校验和
2018-08-14 20:10:47: FTP [class 0]: Listing one file is not supported (returns nothing): cannot start transfer: 550: Not a directory
2018-08-14 20:10:47: -- 分析开始 User Command
2018-08-14 20:10:47: File ModTime changed but CheckSum remains the same, request CopyState: /404.html
2018-08-14 20:10:47: File ModTime changed but CheckSum remains the same, request CopyState: /archives/index.html
2018-08-14 20:10:47: File ModTime changed but CheckSum remains the same, request CopyState: /assets/css/APlayer.min.css
2018-08-14 20:10:47: File ModTime changed but CheckSum remains the same, request CopyState: /assets/js/APlayer.min.js
2018-08-14 20:10:47: File ModTime changed but CheckSum remains the same, request CopyState: /assets/js/Meting.min.js
2018-08-14 20:10:47: File ModTime changed but CheckSum remains the same, request CopyState: /categories/Android/index.html
2018-08-14 20:10:47: File ModTime changed but CheckSum remains the same, request CopyState: /categories/C语言/index.html
2018-08-14 20:10:47: File ModTime changed but CheckSum remains the same, request CopyState: /categories/hexo/index.html
2018-08-14 20:10:47: File ModTime changed but CheckSum remains the same, request CopyState: /categories/index.html
2018-08-14 20:10:47: File ModTime changed but CheckSum remains the same, request CopyState: /categories/Java/index.html
2018-08-14 20:10:47: File ModTime changed but CheckSum remains the same, request CopyState: /categories/python/index.html
2018-08-14 20:10:47: File ModTime changed but CheckSum remains the same, request CopyState: /categories/vps/index.html
2018-08-14 20:10:47: File ModTime changed but CheckSum remains the same, request CopyState: /categories/数据库/index.html
2018-08-14 20:10:47: File ModTime changed but CheckSum remains the same, request CopyState: /categories/比特币/index.html
2018-08-14 20:10:47: File ModTime changed but CheckSum remains the same, request CopyState: /categories/系统/index.html
2018-08-14 20:10:47: File ModTime changed but CheckSum remains the same, request CopyState: /categories/网络/index.html
2018-08-14 20:10:47: File ModTime changed but CheckSum remains the same, request CopyState: /categories/转载/index.html
2018-08-14 20:10:47: File ModTime changed but CheckSum remains the same, request CopyState: /categories/闲读/index.html
2018-08-14 20:10:47: File ModTime changed but CheckSum remains the same, request CopyState: /CNAME
2018-08-14 20:10:47: File ModTime changed but CheckSum remains the same, request CopyState: /images/algolia_logo.svg
2018-08-14 20:10:47: File ModTime changed but CheckSum remains the same, request CopyState: /images/apple-touch-icon-next.ico
2018-08-14 20:10:47: File ModTime changed but CheckSum remains the same, request CopyState: /images/apple-touch-icon-next.png
2018-08-14 20:10:47: File ModTime changed but CheckSum remains the same, request CopyState: /images/avatar.gif
2018-08-14 20:10:47: File ModTime changed but CheckSum remains the same, request CopyState: /images/background1.jpg
2018-08-14 20:10:47: File ModTime changed but CheckSum remains the same, request CopyState: /images/background2.jpg
2018-08-14 20:10:47: File ModTime changed but CheckSum remains the same, request CopyState: /images/background3.jpg
2018-08-14 20:10:47: File ModTime changed but CheckSum remains the same, request CopyState: /images/background4.jpg
2018-08-14 20:10:47: File ModTime changed but CheckSum remains the same, request CopyState: /images/background5.jpg
2018-08-14 20:10:47: File ModTime changed but CheckSum remains the same, request CopyState: /images/background6.jpg
2018-08-14 20:10:47: File ModTime changed but CheckSum remains the same, request CopyState: /images/cc-by-nc-nd.svg
2018-08-14 20:10:47: File ModTime changed but CheckSum remains the same, request CopyState: /images/cc-by-nc-sa.svg
2018-08-14 20:10:47: File ModTime changed but CheckSum remains the same, request CopyState: /images/cc-by-nc.svg
2018-08-14 20:10:47: File ModTime changed but CheckSum remains the same, request CopyState: /images/cc-by-nd.svg
2018-08-14 20:10:47: File ModTime changed but CheckSum remains the same, request CopyState: /images/cc-by-sa.svg
2018-08-14 20:10:47: File ModTime changed but CheckSum remains the same, request CopyState: /images/cc-by.svg
2018-08-14 20:10:47: File ModTime changed but CheckSum remains the same, request CopyState: /images/cc-zero.svg
2018-08-14 20:10:47: File ModTime changed but CheckSum remains the same, request CopyState: /images/favicon-16x16-next.ico
2018-08-14 20:10:47: File ModTime changed but CheckSum remains the same, request CopyState: /images/favicon-16x16-next.png
2018-08-14 20:10:47: File ModTime changed but CheckSum remains the same, request CopyState: /images/favicon-32x32-next.ico
2018-08-14 20:10:47: File ModTime changed but CheckSum remains the same, request CopyState: /images/favicon-32x32-next.png
2018-08-14 20:10:47: File ModTime changed but CheckSum remains the same, request CopyState: /images/favicon-48x48-next.ico
2018-08-14 20:10:47: File ModTime changed but CheckSum remains the same, request CopyState: /images/head.png
2018-08-14 20:10:47: File ModTime changed but CheckSum remains the same, request CopyState: /images/loading.gif
2018-08-14 20:10:47: File ModTime changed but CheckSum remains the same, request CopyState: /images/logo.svg
2018-08-14 20:10:47: File ModTime changed but CheckSum remains the same, request CopyState: /images/placeholder.gif
2018-08-14 20:10:47: File ModTime changed but CheckSum remains the same, request CopyState: /images/quote-l.svg
2018-08-14 20:10:47: File ModTime changed but CheckSum remains the same, request CopyState: /images/quote-r.svg
2018-08-14 20:10:47: File ModTime changed but CheckSum remains the same, request CopyState: /images/searchicon.png
2018-08-14 20:10:47: File ModTime changed but CheckSum remains the same, request CopyState: /js/src/affix.js
2018-08-14 20:10:47: File ModTime changed but CheckSum remains the same, request CopyState: /js/src/algolia-search.js
2018-08-14 20:10:47: File ModTime changed but CheckSum remains the same, request CopyState: /js/src/av-min.js
2018-08-14 20:10:47: File ModTime changed but CheckSum remains the same, request CopyState: /js/src/bootstrap.js
2018-08-14 20:10:47: File ModTime changed but CheckSum remains the same, request CopyState: /js/src/clicklove.js
2018-08-14 20:10:47: File ModTime changed but CheckSum remains the same, request CopyState: /js/src/exturl.js
2018-08-14 20:10:47: File ModTime changed but CheckSum remains the same, request CopyState: /js/src/js.cookie.js
2018-08-14 20:10:47: File ModTime changed but CheckSum remains the same, request CopyState: /js/src/motion.js
2018-08-14 20:10:47: File ModTime changed but CheckSum remains the same, request CopyState: /js/src/post-details.js
2018-08-14 20:10:47: File ModTime changed but CheckSum remains the same, request CopyState: /js/src/schemes/pisces.js
2018-08-14 20:10:47: File ModTime changed but CheckSum remains the same, request CopyState: /js/src/scroll-cookie.js
2018-08-14 20:10:47: File ModTime changed but CheckSum remains the same, request CopyState: /js/src/scrollspy.js
2018-08-14 20:10:47: File ModTime changed but CheckSum remains the same, request CopyState: /js/src/utils.js
2018-08-14 20:10:47: File ModTime changed but CheckSum remains the same, request CopyState: /js/src/Valine.min.js
2018-08-14 20:10:47: File ModTime changed but CheckSum remains the same, request CopyState: /lib/bookmark/bookmark.min.js
2018-08-14 20:10:47: File ModTime changed but CheckSum remains the same, request CopyState: /lib/bookmark/index.js
2018-08-14 20:10:47: File ModTime changed but CheckSum remains the same, request CopyState: /lib/bookmark/LICENSE
2018-08-14 20:10:47: File ModTime changed but CheckSum remains the same, request CopyState: /lib/bookmark/package.json
2018-08-14 20:10:47: File ModTime changed but CheckSum remains the same, request CopyState: /lib/bookmark/README.html
2018-08-14 20:10:47: File ModTime changed but CheckSum remains the same, request CopyState: /lib/canvas-nest/canvas-nest.min.js
2018-08-14 20:10:47: File ModTime changed but CheckSum remains the same, request CopyState: /lib/canvas-nest/LICENSE
2018-08-14 20:10:47: File ModTime changed but CheckSum remains the same, request CopyState: /lib/canvas-nest/README.html
2018-08-14 20:10:47: File ModTime changed but CheckSum remains the same, request CopyState: /lib/fancybox/LICENSE
2018-08-14 20:10:47: File ModTime changed but CheckSum remains the same, request CopyState: /lib/fancybox/README.html
2018-08-14 20:10:47: File ModTime changed but CheckSum remains the same, request CopyState: /lib/fancybox/source/blank.gif
2018-08-14 20:10:47: File ModTime changed but CheckSum remains the same, request CopyState: /lib/fancybox/source/fancybox_loading.gif
2018-08-14 20:10:47: File ModTime changed but CheckSum remains the same, request CopyState: /lib/fancybox/source/fancybox_loading@2x.gif
2018-08-14 20:10:47: File ModTime changed but CheckSum remains the same, request CopyState: /lib/fancybox/source/fancybox_overlay.png
2018-08-14 20:10:47: File ModTime changed but CheckSum remains the same, request CopyState: /lib/fancybox/source/fancybox_sprite.png
2018-08-14 20:10:47: File ModTime changed but CheckSum remains the same, request CopyState: /lib/fancybox/source/fancybox_sprite@2x.png
2018-08-14 20:10:47: File ModTime changed but CheckSum remains the same, request CopyState: /lib/fancybox/source/helpers/fancybox_buttons.png
2018-08-14 20:10:47: File ModTime changed but CheckSum remains the same, request CopyState: /lib/fancybox/source/helpers/jquery.fancybox-buttons.css
2018-08-14 20:10:47: File ModTime changed but CheckSum remains the same, request CopyState: /lib/fancybox/source/helpers/jquery.fancybox-buttons.js
2018-08-14 20:10:47: File ModTime changed but CheckSum remains the same, request CopyState: /lib/fancybox/source/helpers/jquery.fancybox-media.js
2018-08-14 20:10:47: File ModTime changed but CheckSum remains the same, request CopyState: /lib/fancybox/source/helpers/jquery.fancybox-thumbs.css
2018-08-14 20:10:47: File ModTime changed but CheckSum remains the same, request CopyState: /lib/fancybox/source/helpers/jquery.fancybox-thumbs.js
2018-08-14 20:10:47: File ModTime changed but CheckSum remains the same, request CopyState: /lib/fancybox/source/jquery.fancybox.css
2018-08-14 20:10:47: File ModTime changed but CheckSum remains the same, request CopyState: /lib/fancybox/source/jquery.fancybox.js
2018-08-14 20:10:47: File ModTime changed but CheckSum remains the same, request CopyState: /lib/fancybox/source/jquery.fancybox.pack.js
2018-08-14 20:10:47: File ModTime changed but CheckSum remains the same, request CopyState: /lib/font-awesome/bower.json
2018-08-14 20:10:47: File ModTime changed but CheckSum remains the same, request CopyState: /lib/font-awesome/css/font-awesome.css
2018-08-14 20:10:47: File ModTime changed but CheckSum remains the same, request CopyState: /lib/font-awesome/css/font-awesome.css.map
2018-08-14 20:10:47: File ModTime changed but CheckSum remains the same, request CopyState: /lib/font-awesome/css/font-awesome.min.css
2018-08-14 20:10:47: File ModTime changed but CheckSum remains the same, request CopyState: /lib/font-awesome/fonts/fontawesome-webfont.eot
2018-08-14 20:10:47: File ModTime changed but CheckSum remains the same, request CopyState: /lib/font-awesome/fonts/fontawesome-webfont.woff
2018-08-14 20:10:47: File ModTime changed but CheckSum remains the same, request CopyState: /lib/font-awesome/fonts/fontawesome-webfont.woff2
2018-08-14 20:10:47: File ModTime changed but CheckSum remains the same, request CopyState: /lib/font-awesome/HELP-US-OUT.txt
2018-08-14 20:10:47: File ModTime changed but CheckSum remains the same, request CopyState: /lib/jquery/index.js
2018-08-14 20:10:47: File ModTime changed but CheckSum remains the same, request CopyState: /lib/pace/LICENSE
2018-08-14 20:10:47: File ModTime changed but CheckSum remains the same, request CopyState: /lib/pace/pace-theme-barber-shop.min.css
2018-08-14 20:10:47: File ModTime changed but CheckSum remains the same, request CopyState: /lib/pace/pace-theme-big-counter.min.css
2018-08-14 20:10:47: File ModTime changed but CheckSum remains the same, request CopyState: /lib/pace/pace-theme-bounce.min.css
2018-08-14 20:10:47: File ModTime changed but CheckSum remains the same, request CopyState: /lib/pace/pace-theme-center-atom.min.css
2018-08-14 20:10:47: File ModTime changed but CheckSum remains the same, request CopyState: /lib/pace/pace-theme-center-circle.min.css
2018-08-14 20:10:47: File ModTime changed but CheckSum remains the same, request CopyState: /lib/pace/pace-theme-center-radar.min.css
2018-08-14 20:10:47: File ModTime changed but CheckSum remains the same, request CopyState: /lib/pace/pace-theme-center-simple.min.css
2018-08-14 20:10:47: File ModTime changed but CheckSum remains the same, request CopyState: /lib/pace/pace-theme-corner-indicator.min.css
2018-08-14 20:10:47: File ModTime changed but CheckSum remains the same, request CopyState: /lib/pace/pace-theme-fill-left.min.css
2018-08-14 20:10:47: File ModTime changed but CheckSum remains the same, request CopyState: /lib/pace/pace-theme-flash.min.css
2018-08-14 20:10:47: File ModTime changed but CheckSum remains the same, request CopyState: /lib/pace/pace-theme-loading-bar.min.css
2018-08-14 20:10:47: File ModTime changed but CheckSum remains the same, request CopyState: /lib/pace/pace-theme-mac-osx.min.css
2018-08-14 20:10:47: File ModTime changed but CheckSum remains the same, request CopyState: /lib/pace/pace-theme-minimal.min.css
2018-08-14 20:10:47: File ModTime changed but CheckSum remains the same, request CopyState: /lib/pace/pace.min.js
2018-08-14 20:10:47: File ModTime changed but CheckSum remains the same, request CopyState: /lib/pace/README.html
2018-08-14 20:10:47: File ModTime changed but CheckSum remains the same, request CopyState: /lib/pangu/dist/pangu.js
2018-08-14 20:10:47: File ModTime changed but CheckSum remains the same, request CopyState: /lib/pangu/dist/pangu.js.map
2018-08-14 20:10:47: File ModTime changed but CheckSum remains the same, request CopyState: /lib/pangu/dist/pangu.min.js
2018-08-14 20:10:47: File ModTime changed but CheckSum remains the same, request CopyState: /lib/pangu/dist/pangu.min.js.map
2018-08-14 20:10:47: File ModTime changed but CheckSum remains the same, request CopyState: /lib/pangu/LICENSE
2018-08-14 20:10:47: File ModTime changed but CheckSum remains the same, request CopyState: /lib/pangu/README.html
2018-08-14 20:10:47: File ModTime changed but CheckSum remains the same, request CopyState: /lib/reading_progress/LICENSE
2018-08-14 20:10:47: File ModTime changed but CheckSum remains the same, request CopyState: /lib/reading_progress/package.json
2018-08-14 20:10:47: File ModTime changed but CheckSum remains the same, request CopyState: /lib/reading_progress/reading_progress.js
2018-08-14 20:10:47: File ModTime changed but CheckSum remains the same, request CopyState: /lib/reading_progress/reading_progress.min.js
2018-08-14 20:10:47: File ModTime changed but CheckSum remains the same, request CopyState: /lib/reading_progress/README.html
2018-08-14 20:10:47: File ModTime changed but CheckSum remains the same, request CopyState: /lib/ua-parser-js/dist/ua-parser.min.js
2018-08-14 20:10:47: File ModTime changed but CheckSum remains the same, request CopyState: /lib/ua-parser-js/dist/ua-parser.pack.js
2018-08-14 20:10:47: File ModTime changed but CheckSum remains the same, request CopyState: /lib/velocity/velocity.js
2018-08-14 20:10:47: File ModTime changed but CheckSum remains the same, request CopyState: /lib/velocity/velocity.min.js
2018-08-14 20:10:47: File ModTime changed but CheckSum remains the same, request CopyState: /lib/velocity/velocity.ui.js
2018-08-14 20:10:47: File ModTime changed but CheckSum remains the same, request CopyState: /lib/velocity/velocity.ui.min.js
2018-08-14 20:10:47: File ModTime changed but CheckSum remains the same, request CopyState: /live2dw/assets/miku.model.json
2018-08-14 20:10:47: File ModTime changed but CheckSum remains the same, request CopyState: /live2dw/assets/miku.physics.json
2018-08-14 20:10:47: File ModTime changed but CheckSum remains the same, request CopyState: /live2dw/assets/moc/miku.2048/texture_00.png
2018-08-14 20:10:47: File ModTime changed but CheckSum remains the same, request CopyState: /live2dw/assets/moc/miku.moc
2018-08-14 20:10:47: File ModTime changed but CheckSum remains the same, request CopyState: /live2dw/assets/mtn/miku_idle_01.mtn
2018-08-14 20:10:47: File ModTime changed but CheckSum remains the same, request CopyState: /live2dw/assets/mtn/miku_m_01.mtn
2018-08-14 20:10:47: File ModTime changed but CheckSum remains the same, request CopyState: /live2dw/assets/mtn/miku_m_02.mtn
2018-08-14 20:10:47: File ModTime changed but CheckSum remains the same, request CopyState: /live2dw/assets/mtn/miku_m_03.mtn
2018-08-14 20:10:47: File ModTime changed but CheckSum remains the same, request CopyState: /live2dw/assets/mtn/miku_m_04.mtn
2018-08-14 20:10:47: File ModTime changed but CheckSum remains the same, request CopyState: /live2dw/assets/mtn/miku_m_05.mtn
2018-08-14 20:10:47: File ModTime changed but CheckSum remains the same, request CopyState: /live2dw/assets/mtn/miku_m_06.mtn
2018-08-14 20:10:47: File ModTime changed but CheckSum remains the same, request CopyState: /live2dw/assets/mtn/miku_shake_01.mtn
2018-08-14 20:10:47: File ModTime changed but CheckSum remains the same, request CopyState: /live2dw/lib/L2Dwidget.0.min.js
2018-08-14 20:10:47: File ModTime changed but CheckSum remains the same, request CopyState: /live2dw/lib/L2Dwidget.0.min.js.map
2018-08-14 20:10:47: File ModTime changed but CheckSum remains the same, request CopyState: /live2dw/lib/L2Dwidget.min.js
2018-08-14 20:10:47: File ModTime changed but CheckSum remains the same, request CopyState: /live2dw/lib/L2Dwidget.min.js.map
2018-08-14 20:10:47: File ModTime changed but CheckSum remains the same, request CopyState: /page/2/index.html
2018-08-14 20:10:47: File ModTime changed but CheckSum remains the same, request CopyState: /page/3/index.html
2018-08-14 20:10:47: File ModTime changed but CheckSum remains the same, request CopyState: /page/4/index.html
2018-08-14 20:10:47: File ModTime changed but CheckSum remains the same, request CopyState: /post/12acf01b.html
2018-08-14 20:10:47: File ModTime changed but CheckSum remains the same, request CopyState: /post/13c8d3a0.html
2018-08-14 20:10:47: File ModTime changed but CheckSum remains the same, request CopyState: /post/16dd4349.html
2018-08-14 20:10:47: File ModTime changed but CheckSum remains the same, request CopyState: /post/29cebcea.html
2018-08-14 20:10:47: File ModTime changed but CheckSum remains the same, request CopyState: /post/30631cd4.html
2018-08-14 20:10:47: File ModTime changed but CheckSum remains the same, request CopyState: /post/40ae08c3.html
2018-08-14 20:10:47: File ModTime changed but CheckSum remains the same, request CopyState: /post/47112e7a.html
2018-08-14 20:10:47: File ModTime changed but CheckSum remains the same, request CopyState: /post/4a17b156.html
2018-08-14 20:10:47: File ModTime changed but CheckSum remains the same, request CopyState: /post/5133767d.html
2018-08-14 20:10:47: File ModTime changed but CheckSum remains the same, request CopyState: /post/51937609.html
2018-08-14 20:10:47: File ModTime changed but CheckSum remains the same, request CopyState: /post/53b2030c.html
2018-08-14 20:10:47: File ModTime changed but CheckSum remains the same, request CopyState: /post/60a25379.html
2018-08-14 20:10:47: File ModTime changed but CheckSum remains the same, request CopyState: /post/60cd4fc4.html
2018-08-14 20:10:47: File ModTime changed but CheckSum remains the same, request CopyState: /post/65a05ef.html
2018-08-14 20:10:47: File ModTime changed but CheckSum remains the same, request CopyState: /post/6d7b9178.html
2018-08-14 20:10:47: File ModTime changed but CheckSum remains the same, request CopyState: /post/74b1112a.html
2018-08-14 20:10:47: File ModTime changed but CheckSum remains the same, request CopyState: /post/8b3b02a7.html
2018-08-14 20:10:47: File ModTime changed but CheckSum remains the same, request CopyState: /post/8c8e25d.html
2018-08-14 20:10:47: File ModTime changed but CheckSum remains the same, request CopyState: /post/936c5fbe.html
2018-08-14 20:10:47: File ModTime changed but CheckSum remains the same, request CopyState: /post/b04d82e3.html
2018-08-14 20:10:47: File ModTime changed but CheckSum remains the same, request CopyState: /post/c9feff90.html
2018-08-14 20:10:47: File ModTime changed but CheckSum remains the same, request CopyState: /post/cf1235a7.html
2018-08-14 20:10:47: File ModTime changed but CheckSum remains the same, request CopyState: /post/e07f2122.html
2018-08-14 20:10:47: File ModTime changed but CheckSum remains the same, request CopyState: /post/fa20dd9d.html
2018-08-14 20:10:47: File ModTime changed but CheckSum remains the same, request CopyState: /post/fec62b1b.html
2018-08-14 20:10:47: File ModTime changed but CheckSum remains the same, request CopyState: /README.md
2018-08-14 20:10:47: File ModTime changed but CheckSum remains the same, request CopyState: /search.xml
2018-08-14 20:10:47: File ModTime changed but CheckSum remains the same, request CopyState: /tags/Android/index.html
2018-08-14 20:10:47: File ModTime changed but CheckSum remains the same, request CopyState: /tags/C语言/index.html
2018-08-14 20:10:47: File ModTime changed but CheckSum remains the same, request CopyState: /tags/eNSP/index.html
2018-08-14 20:10:47: File ModTime changed but CheckSum remains the same, request CopyState: /tags/hexo/index.html
2018-08-14 20:10:47: File ModTime changed but CheckSum remains the same, request CopyState: /tags/ICT/index.html
2018-08-14 20:10:47: File ModTime changed but CheckSum remains the same, request CopyState: /tags/index.html
2018-08-14 20:10:47: File ModTime changed but CheckSum remains the same, request CopyState: /tags/Java/index.html
2018-08-14 20:10:47: File ModTime changed but CheckSum remains the same, request CopyState: /tags/Linux/index.html
2018-08-14 20:10:47: File ModTime changed but CheckSum remains the same, request CopyState: /tags/MySQL/index.html
2018-08-14 20:10:47: File ModTime changed but CheckSum remains the same, request CopyState: /tags/python/index.html
2018-08-14 20:10:47: File ModTime changed but CheckSum remains the same, request CopyState: /tags/Testing/index.html
2018-08-14 20:10:47: File ModTime changed but CheckSum remains the same, request CopyState: /tags/Ubuntu/index.html
2018-08-14 20:10:47: File ModTime changed but CheckSum remains the same, request CopyState: /tags/uefi/index.html
2018-08-14 20:10:47: File ModTime changed but CheckSum remains the same, request CopyState: /tags/vps/index.html
2018-08-14 20:10:47: File ModTime changed but CheckSum remains the same, request CopyState: /tags/windows/index.html
2018-08-14 20:10:47: File ModTime changed but CheckSum remains the same, request CopyState: /tags/免流/index.html
2018-08-14 20:10:47: File ModTime changed but CheckSum remains the same, request CopyState: /tags/励志/index.html
2018-08-14 20:10:47: File ModTime changed but CheckSum remains the same, request CopyState: /tags/区块链/index.html
2018-08-14 20:10:47: File ModTime changed but CheckSum remains the same, request CopyState: /tags/学习/index.html
2018-08-14 20:10:47: File ModTime changed but CheckSum remains the same, request CopyState: /tags/情感/index.html
2018-08-14 20:10:47: File ModTime changed but CheckSum remains the same, request CopyState: /tags/数据库/index.html
2018-08-14 20:10:47: File ModTime changed but CheckSum remains the same, request CopyState: /tags/数据通信/index.html
2018-08-14 20:10:47: File ModTime changed but CheckSum remains the same, request CopyState: /tags/梦想/index.html
2018-08-14 20:10:47: File ModTime changed but CheckSum remains the same, request CopyState: /tags/比特币/index.html
2018-08-14 20:10:47: File ModTime changed but CheckSum remains the same, request CopyState: /tags/爬虫/index.html
2018-08-14 20:10:47: File ModTime changed but CheckSum remains the same, request CopyState: /tags/生活/index.html
2018-08-14 20:10:47: File ModTime changed but CheckSum remains the same, request CopyState: /tags/网络/index.html
2018-08-14 20:10:47: File ModTime changed but CheckSum remains the same, request CopyState: /tags/课程设计/index.html
2018-08-14 20:12:11: 变更：20， 冲突：0， 复制时间：0， 复制状态：203， 错误： 0, All: 304
2018-08-14 20:12:11: Left to Right: Copy File: 20 
2018-08-14 20:12:11: -- 分析已结束。历时 00:01:25, 速度： 12 文件/秒
2018-08-14 20:12:11: 
2018-08-14 20:12:28: == 同步开始由 User Command
2018-08-14 20:12:28: FTP [class 0]: Listing one file is not supported (returns nothing): cannot start transfer: 550: Not a directory
2018-08-14 20:12:29: 覆盖复制 'F:/blog/public/about/index.html' -> 'ftp://v0.ftp.upyun.com/about/index.html' (34,984)
- 错误: Copying file: server says after data transfer: 550: {"msg":"too many requests of the same uri","code":42900002,"id":"479db89a5d9d1792e777a06bfd6e9496"}
2018-08-14 20:12:30: Copy Confirmed by CheckSum: ftp://v0.ftp.upyun.com/atom.xml
2018-08-14 20:12:30: 覆盖复制 'F:/blog/public/atom.xml' -> 'ftp://v0.ftp.upyun.com/atom.xml' (390,633)
2018-08-14 20:12:31: 覆盖复制 'F:/blog/public/baidusitemap.xml' -> 'ftp://v0.ftp.upyun.com/baidusitemap.xml' (17,972)
- 错误: Copying file: server says after data transfer: 550: {"msg":"too many requests of the same uri","code":42900002,"id":"094c3c36a183ada239f4b085a2334ca9"}
2018-08-14 20:12:31: 覆盖复制 'F:/blog/public/css/main.css' -> 'ftp://v0.ftp.upyun.com/css/main.css' (67,997)
- 错误: Copying file: server says after data transfer: 550: {"msg":"too many requests of the same uri","code":42900002,"id":"9bb51c4f78cde417417677983141ea2e"}
2018-08-14 20:12:31: 覆盖复制 'F:/blog/public/index.html' -> 'ftp://v0.ftp.upyun.com/index.html' (79,821)
- 错误: Copying file: server says after data transfer: 550: {"msg":"too many requests of the same uri","code":42900002,"id":"285418c809457064cbada1c539cd72c5"}
2018-08-14 20:12:32: 覆盖复制 'F:/blog/public/post/106fc1c3.html' -> 'ftp://v0.ftp.upyun.com/post/106fc1c3.html' (44,770)
- 错误: Copying file: server says after data transfer: 550: {"msg":"too many requests of the same uri","code":42900002,"id":"2a962faa9e31a119172c86a898c835c3"}
2018-08-14 20:12:32: 覆盖复制 'F:/blog/public/post/23e28675.html' -> 'ftp://v0.ftp.upyun.com/post/23e28675.html' (45,955)
- 错误: Copying file: server says after data transfer: 550: {"msg":"too many requests of the same uri","code":42900002,"id":"1100aee7a913431f82df43872354145a"}
2018-08-14 20:12:32: 覆盖复制 'F:/blog/public/post/63840324.html' -> 'ftp://v0.ftp.upyun.com/post/63840324.html' (48,085)
- 错误: Copying file: server says after data transfer: 550: {"msg":"too many requests of the same uri","code":42900002,"id":"ad3e8ea1361d8a273ba1920adb5a1b1a"}
2018-08-14 20:12:32: 覆盖复制 'F:/blog/public/post/72dd6893.html' -> 'ftp://v0.ftp.upyun.com/post/72dd6893.html' (44,333)
- 错误: Copying file: server says after data transfer: 550: {"msg":"too many requests of the same uri","code":42900002,"id":"d166b027179607e8148a4bfd190045dd"}
2018-08-14 20:12:33: Copy Confirmed by CheckSum: ftp://v0.ftp.upyun.com/post/98bc273a.html
2018-08-14 20:12:33: 覆盖复制 'F:/blog/public/post/98bc273a.html' -> 'ftp://v0.ftp.upyun.com/post/98bc273a.html' (47,295)
2018-08-14 20:12:33: 覆盖复制 'F:/blog/public/post/9a8cdc59.html' -> 'ftp://v0.ftp.upyun.com/post/9a8cdc59.html' (106,708)
- 错误: Copying file: server says after data transfer: 550: {"msg":"too many requests of the same uri","code":42900002,"id":"1319b1dc4aef41451d75c07da1beb890"}
2018-08-14 20:12:33: 覆盖复制 'F:/blog/public/post/a033ab3f.html' -> 'ftp://v0.ftp.upyun.com/post/a033ab3f.html' (50,162)
- 错误: Copying file: server says after data transfer: 550: {"msg":"too many requests of the same uri","code":42900002,"id":"8b6c9b23137ee6fc54672b7434c2b1bf"}
2018-08-14 20:12:34: 覆盖复制 'F:/blog/public/post/a11ee691.html' -> 'ftp://v0.ftp.upyun.com/post/a11ee691.html' (41,309)
- 错误: Copying file: server says after data transfer: 550: {"msg":"too many requests of the same uri","code":42900002,"id":"9f2af7e99f766245ad2b10179bc16a01"}
2018-08-14 20:12:35: Copy Confirmed by CheckSum: ftp://v0.ftp.upyun.com/post/a84d1ef1.html
2018-08-14 20:12:35: 覆盖复制 'F:/blog/public/post/a84d1ef1.html' -> 'ftp://v0.ftp.upyun.com/post/a84d1ef1.html' (59,050)
2018-08-14 20:12:35: 覆盖复制 'F:/blog/public/post/cd12463.html' -> 'ftp://v0.ftp.upyun.com/post/cd12463.html' (48,633)
- 错误: Copying file: server says after data transfer: 550: {"msg":"too many requests of the same uri","code":42900002,"id":"425625acf52cbbd4a07c63ff68eee5cd"}
2018-08-14 20:12:36: Copy Confirmed by CheckSum: ftp://v0.ftp.upyun.com/post/d87f7e0c.html
2018-08-14 20:12:36: 覆盖复制 'F:/blog/public/post/d87f7e0c.html' -> 'ftp://v0.ftp.upyun.com/post/d87f7e0c.html' (42,526)
2018-08-14 20:12:36: 覆盖复制 'F:/blog/public/post/fa0e7c88.html' -> 'ftp://v0.ftp.upyun.com/post/fa0e7c88.html' (48,175)
- 错误: Copying file: server says after data transfer: 550: {"msg":"too many requests of the same uri","code":42900002,"id":"91ede1cb235b8e0f502987d020899d2d"}
2018-08-14 20:12:37: 覆盖复制 'F:/blog/public/post/fdf0e152.html' -> 'ftp://v0.ftp.upyun.com/post/fdf0e152.html' (41,228)
- 错误: Copying file: server says after data transfer: 550: {"msg":"too many requests of the same uri","code":42900002,"id":"eddb046bc266950a79619f2c94c41f77"}
2018-08-14 20:12:37: 覆盖复制 'F:/blog/public/sitemap.xml' -> 'ftp://v0.ftp.upyun.com/sitemap.xml' (5,942)
- 错误: Copying file: server says after data transfer: 550: {"msg":"too many requests of the same uri","code":42900002,"id":"a806f217aab9414423917e6d8717fe8e"}
2018-08-14 20:12:38: Copy Confirmed by CheckSum: ftp://v0.ftp.upyun.com/top/index.html
2018-08-14 20:12:38: 覆盖复制 'F:/blog/public/top/index.html' -> 'ftp://v0.ftp.upyun.com/top/index.html' (33,093)
2018-08-14 20:12:39: == 同步完成. 历时: 00:00:11, 速度: 218 KB/s, 完成: 208, 错误: 15
2018-08-14 20:12:39: 
