2018-08-16 17:56:27: == 分析比较具有相同大小但文件修改时间不同的文件校验和
2018-08-16 17:56:28: FTP [class 0]: Listing one file is not supported (returns nothing): cannot start transfer: 550: Not a directory
2018-08-16 17:56:28: -- 分析开始 User Command
2018-08-16 17:57:01: 变更：176， 冲突：0， 复制时间：0， 复制状态：0， 错误： 0, All: 307
2018-08-16 17:57:01: Left to Right: Copy File: 176 
2018-08-16 17:57:01: -- 分析已结束。历时 00:00:34, 速度： 9 文件/秒
2018-08-16 17:57:01: 
2018-08-16 17:57:05: == 同步开始由 User Command
2018-08-16 17:57:06: FTP [class 0]: Listing one file is not supported (returns nothing): cannot start transfer: 550: Not a directory
2018-08-16 17:57:08: Copy Confirmed by CheckSum: ftp://v0.ftp.upyun.com/404.html
2018-08-16 17:57:08: 新建复制 'F:/blog/public/404.html' -> 'ftp://v0.ftp.upyun.com/404.html' (727)
2018-08-16 17:57:08: Copy Confirmed by CheckSum: ftp://v0.ftp.upyun.com/archives/index.html
2018-08-16 17:57:08: 新建复制 'F:/blog/public/archives/index.html' -> 'ftp://v0.ftp.upyun.com/archives/index.html' (62,161)
2018-08-16 17:57:09: Copy Confirmed by CheckSum: ftp://v0.ftp.upyun.com/assets/css/APlayer.min.css
2018-08-16 17:57:09: 新建复制 'F:/blog/public/assets/css/APlayer.min.css' -> 'ftp://v0.ftp.upyun.com/assets/css/APlayer.min.css' (12,528)
2018-08-16 17:57:10: Copy Confirmed by CheckSum: ftp://v0.ftp.upyun.com/assets/js/APlayer.min.js
2018-08-16 17:57:10: 新建复制 'F:/blog/public/assets/js/APlayer.min.js' -> 'ftp://v0.ftp.upyun.com/assets/js/APlayer.min.js' (59,325)
2018-08-16 17:57:11: Copy Confirmed by CheckSum: ftp://v0.ftp.upyun.com/assets/js/Meting.min.js
2018-08-16 17:57:11: 新建复制 'F:/blog/public/assets/js/Meting.min.js' -> 'ftp://v0.ftp.upyun.com/assets/js/Meting.min.js' (1,795)
2018-08-16 17:57:12: Copy Confirmed by CheckSum: ftp://v0.ftp.upyun.com/atom.xml
2018-08-16 17:57:12: 新建复制 'F:/blog/public/atom.xml' -> 'ftp://v0.ftp.upyun.com/atom.xml' (397,209)
2018-08-16 17:57:13: Copy Confirmed by CheckSum: ftp://v0.ftp.upyun.com/baidusitemap.xml
2018-08-16 17:57:13: 新建复制 'F:/blog/public/baidusitemap.xml' -> 'ftp://v0.ftp.upyun.com/baidusitemap.xml' (18,419)
2018-08-16 17:57:13: Copy Confirmed by CheckSum: ftp://v0.ftp.upyun.com/categories/C语言/index.html
2018-08-16 17:57:13: 新建复制 'F:/blog/public/categories/C语言/index.html' -> 'ftp://v0.ftp.upyun.com/categories/C语言/index.html' (33,290)
2018-08-16 17:57:14: Copy Confirmed by CheckSum: ftp://v0.ftp.upyun.com/categories/Java/index.html
2018-08-16 17:57:14: 新建复制 'F:/blog/public/categories/Java/index.html' -> 'ftp://v0.ftp.upyun.com/categories/Java/index.html' (33,289)
2018-08-16 17:57:15: Copy Confirmed by CheckSum: ftp://v0.ftp.upyun.com/categories/python/index.html
2018-08-16 17:57:15: 新建复制 'F:/blog/public/categories/python/index.html' -> 'ftp://v0.ftp.upyun.com/categories/python/index.html' (34,005)
2018-08-16 17:57:16: Copy Confirmed by CheckSum: ftp://v0.ftp.upyun.com/categories/数据库/index.html
2018-08-16 17:57:16: 新建复制 'F:/blog/public/categories/数据库/index.html' -> 'ftp://v0.ftp.upyun.com/categories/数据库/index.html' (33,317)
2018-08-16 17:57:17: Copy Confirmed by CheckSum: ftp://v0.ftp.upyun.com/categories/比特币/index.html
2018-08-16 17:57:17: 新建复制 'F:/blog/public/categories/比特币/index.html' -> 'ftp://v0.ftp.upyun.com/categories/比特币/index.html' (33,328)
2018-08-16 17:57:17: Copy Confirmed by CheckSum: ftp://v0.ftp.upyun.com/categories/系统/index.html
2018-08-16 17:57:17: 新建复制 'F:/blog/public/categories/系统/index.html' -> 'ftp://v0.ftp.upyun.com/categories/系统/index.html' (34,049)
2018-08-16 17:57:18: Copy Confirmed by CheckSum: ftp://v0.ftp.upyun.com/categories/网络/index.html
2018-08-16 17:57:18: 新建复制 'F:/blog/public/categories/网络/index.html' -> 'ftp://v0.ftp.upyun.com/categories/网络/index.html' (35,467)
2018-08-16 17:57:19: Copy Confirmed by CheckSum: ftp://v0.ftp.upyun.com/categories/转载/index.html
2018-08-16 17:57:19: 新建复制 'F:/blog/public/categories/转载/index.html' -> 'ftp://v0.ftp.upyun.com/categories/转载/index.html' (33,372)
2018-08-16 17:57:20: Copy Confirmed by CheckSum: ftp://v0.ftp.upyun.com/categories/闲读/index.html
2018-08-16 17:57:20: 新建复制 'F:/blog/public/categories/闲读/index.html' -> 'ftp://v0.ftp.upyun.com/categories/闲读/index.html' (34,024)
2018-08-16 17:57:20: Copy Confirmed by CheckSum: ftp://v0.ftp.upyun.com/CNAME
2018-08-16 17:57:20: 新建复制 'F:/blog/public/CNAME' -> 'ftp://v0.ftp.upyun.com/CNAME' (19)
2018-08-16 17:57:21: Copy Confirmed by CheckSum: ftp://v0.ftp.upyun.com/css/main.css
2018-08-16 17:57:21: 新建复制 'F:/blog/public/css/main.css' -> 'ftp://v0.ftp.upyun.com/css/main.css' (68,193)
2018-08-16 17:57:22: Copy Confirmed by CheckSum: ftp://v0.ftp.upyun.com/images/algolia_logo.svg
2018-08-16 17:57:22: 新建复制 'F:/blog/public/images/algolia_logo.svg' -> 'ftp://v0.ftp.upyun.com/images/algolia_logo.svg' (4,410)
2018-08-16 17:57:23: Copy Confirmed by CheckSum: ftp://v0.ftp.upyun.com/images/apple-touch-icon-next.ico
2018-08-16 17:57:23: 新建复制 'F:/blog/public/images/apple-touch-icon-next.ico' -> 'ftp://v0.ftp.upyun.com/images/apple-touch-icon-next.ico' (67,646)
2018-08-16 17:57:23: Copy Confirmed by CheckSum: ftp://v0.ftp.upyun.com/images/apple-touch-icon-next.png
2018-08-16 17:57:23: 新建复制 'F:/blog/public/images/apple-touch-icon-next.png' -> 'ftp://v0.ftp.upyun.com/images/apple-touch-icon-next.png' (1,544)
2018-08-16 17:57:24: Copy Confirmed by CheckSum: ftp://v0.ftp.upyun.com/images/avatar.gif
2018-08-16 17:57:24: 新建复制 'F:/blog/public/images/avatar.gif' -> 'ftp://v0.ftp.upyun.com/images/avatar.gif' (2,926)
2018-08-16 17:57:25: Copy Confirmed by CheckSum: ftp://v0.ftp.upyun.com/images/background1.jpg
2018-08-16 17:57:25: 新建复制 'F:/blog/public/images/background1.jpg' -> 'ftp://v0.ftp.upyun.com/images/background1.jpg' (218,301)
2018-08-16 17:57:26: Copy Confirmed by CheckSum: ftp://v0.ftp.upyun.com/images/background2.jpg
2018-08-16 17:57:26: 新建复制 'F:/blog/public/images/background2.jpg' -> 'ftp://v0.ftp.upyun.com/images/background2.jpg' (343,176)
2018-08-16 17:57:27: Copy Confirmed by CheckSum: ftp://v0.ftp.upyun.com/images/background3.jpg
2018-08-16 17:57:27: 新建复制 'F:/blog/public/images/background3.jpg' -> 'ftp://v0.ftp.upyun.com/images/background3.jpg' (443,034)
2018-08-16 17:57:28: Copy Confirmed by CheckSum: ftp://v0.ftp.upyun.com/images/background4.jpg
2018-08-16 17:57:28: 新建复制 'F:/blog/public/images/background4.jpg' -> 'ftp://v0.ftp.upyun.com/images/background4.jpg' (397,628)
2018-08-16 17:57:29: Copy Confirmed by CheckSum: ftp://v0.ftp.upyun.com/images/background5.jpg
2018-08-16 17:57:29: 新建复制 'F:/blog/public/images/background5.jpg' -> 'ftp://v0.ftp.upyun.com/images/background5.jpg' (339,444)
2018-08-16 17:57:29: Copy Confirmed by CheckSum: ftp://v0.ftp.upyun.com/images/cc-by-nc-nd.svg
2018-08-16 17:57:29: 新建复制 'F:/blog/public/images/cc-by-nc-nd.svg' -> 'ftp://v0.ftp.upyun.com/images/cc-by-nc-nd.svg' (11,043)
2018-08-16 17:57:30: Copy Confirmed by CheckSum: ftp://v0.ftp.upyun.com/images/cc-by-nc-sa.svg
2018-08-16 17:57:30: 新建复制 'F:/blog/public/images/cc-by-nc-sa.svg' -> 'ftp://v0.ftp.upyun.com/images/cc-by-nc-sa.svg' (11,780)
2018-08-16 17:57:31: Copy Confirmed by CheckSum: ftp://v0.ftp.upyun.com/images/cc-by-nc.svg
2018-08-16 17:57:31: 新建复制 'F:/blog/public/images/cc-by-nc.svg' -> 'ftp://v0.ftp.upyun.com/images/cc-by-nc.svg' (9,794)
2018-08-16 17:57:31: Copy Confirmed by CheckSum: ftp://v0.ftp.upyun.com/images/cc-by-nd.svg
2018-08-16 17:57:31: 新建复制 'F:/blog/public/images/cc-by-nd.svg' -> 'ftp://v0.ftp.upyun.com/images/cc-by-nd.svg' (9,500)
2018-08-16 17:57:32: Copy Confirmed by CheckSum: ftp://v0.ftp.upyun.com/images/cc-by-sa.svg
2018-08-16 17:57:32: 新建复制 'F:/blog/public/images/cc-by-sa.svg' -> 'ftp://v0.ftp.upyun.com/images/cc-by-sa.svg' (10,382)
2018-08-16 17:57:33: Copy Confirmed by CheckSum: ftp://v0.ftp.upyun.com/images/cc-by.svg
2018-08-16 17:57:33: 新建复制 'F:/blog/public/images/cc-by.svg' -> 'ftp://v0.ftp.upyun.com/images/cc-by.svg' (8,400)
2018-08-16 17:57:33: Copy Confirmed by CheckSum: ftp://v0.ftp.upyun.com/images/favicon-16x16-next.ico
2018-08-16 17:57:33: 新建复制 'F:/blog/public/images/favicon-16x16-next.ico' -> 'ftp://v0.ftp.upyun.com/images/favicon-16x16-next.ico' (1,150)
2018-08-16 17:57:34: Copy Confirmed by CheckSum: ftp://v0.ftp.upyun.com/images/favicon-32x32-next.png
2018-08-16 17:57:34: 新建复制 'F:/blog/public/images/favicon-32x32-next.png' -> 'ftp://v0.ftp.upyun.com/images/favicon-32x32-next.png' (640)
2018-08-16 17:57:35: Copy Confirmed by CheckSum: ftp://v0.ftp.upyun.com/images/favicon-48x48-next.ico
2018-08-16 17:57:35: 新建复制 'F:/blog/public/images/favicon-48x48-next.ico' -> 'ftp://v0.ftp.upyun.com/images/favicon-48x48-next.ico' (9,662)
2018-08-16 17:57:36: Copy Confirmed by CheckSum: ftp://v0.ftp.upyun.com/images/head.png
2018-08-16 17:57:36: 新建复制 'F:/blog/public/images/head.png' -> 'ftp://v0.ftp.upyun.com/images/head.png' (31,689)
2018-08-16 17:57:36: Copy Confirmed by CheckSum: ftp://v0.ftp.upyun.com/images/logo.svg
2018-08-16 17:57:36: 新建复制 'F:/blog/public/images/logo.svg' -> 'ftp://v0.ftp.upyun.com/images/logo.svg' (1,059)
2018-08-16 17:57:37: Copy Confirmed by CheckSum: ftp://v0.ftp.upyun.com/images/placeholder.gif
2018-08-16 17:57:37: 新建复制 'F:/blog/public/images/placeholder.gif' -> 'ftp://v0.ftp.upyun.com/images/placeholder.gif' (35)
2018-08-16 17:57:38: Copy Confirmed by CheckSum: ftp://v0.ftp.upyun.com/images/quote-l.svg
2018-08-16 17:57:38: 新建复制 'F:/blog/public/images/quote-l.svg' -> 'ftp://v0.ftp.upyun.com/images/quote-l.svg' (892)
2018-08-16 17:57:39: Copy Confirmed by CheckSum: ftp://v0.ftp.upyun.com/images/searchicon.png
2018-08-16 17:57:39: 新建复制 'F:/blog/public/images/searchicon.png' -> 'ftp://v0.ftp.upyun.com/images/searchicon.png' (766)
2018-08-16 17:57:39: Copy Confirmed by CheckSum: ftp://v0.ftp.upyun.com/index.html
2018-08-16 17:57:39: 新建复制 'F:/blog/public/index.html' -> 'ftp://v0.ftp.upyun.com/index.html' (81,145)
2018-08-16 17:57:40: Copy Confirmed by CheckSum: ftp://v0.ftp.upyun.com/js/src/affix.js
2018-08-16 17:57:40: 新建复制 'F:/blog/public/js/src/affix.js' -> 'ftp://v0.ftp.upyun.com/js/src/affix.js' (5,100)
2018-08-16 17:57:41: Copy Confirmed by CheckSum: ftp://v0.ftp.upyun.com/js/src/algolia-search.js
2018-08-16 17:57:41: 新建复制 'F:/blog/public/js/src/algolia-search.js' -> 'ftp://v0.ftp.upyun.com/js/src/algolia-search.js' (3,297)
2018-08-16 17:57:42: Copy Confirmed by CheckSum: ftp://v0.ftp.upyun.com/js/src/av-min.js
2018-08-16 17:57:42: 新建复制 'F:/blog/public/js/src/av-min.js' -> 'ftp://v0.ftp.upyun.com/js/src/av-min.js' (142,297)
2018-08-16 17:57:43: Copy Confirmed by CheckSum: ftp://v0.ftp.upyun.com/js/src/bootstrap.js
2018-08-16 17:57:43: 新建复制 'F:/blog/public/js/src/bootstrap.js' -> 'ftp://v0.ftp.upyun.com/js/src/bootstrap.js' (1,602)
2018-08-16 17:57:44: Copy Confirmed by CheckSum: ftp://v0.ftp.upyun.com/js/src/clicklove.js
2018-08-16 17:57:44: 新建复制 'F:/blog/public/js/src/clicklove.js' -> 'ftp://v0.ftp.upyun.com/js/src/clicklove.js' (1,559)
2018-08-16 17:57:44: Copy Confirmed by CheckSum: ftp://v0.ftp.upyun.com/js/src/exturl.js
2018-08-16 17:57:44: 新建复制 'F:/blog/public/js/src/exturl.js' -> 'ftp://v0.ftp.upyun.com/js/src/exturl.js' (1,846)
2018-08-16 17:57:45: Copy Confirmed by CheckSum: ftp://v0.ftp.upyun.com/js/src/js.cookie.js
2018-08-16 17:57:45: 新建复制 'F:/blog/public/js/src/js.cookie.js' -> 'ftp://v0.ftp.upyun.com/js/src/js.cookie.js' (3,872)
2018-08-16 17:57:46: Copy Confirmed by CheckSum: ftp://v0.ftp.upyun.com/js/src/motion.js
2018-08-16 17:57:46: 新建复制 'F:/blog/public/js/src/motion.js' -> 'ftp://v0.ftp.upyun.com/js/src/motion.js' (10,560)
2018-08-16 17:57:47: Copy Confirmed by CheckSum: ftp://v0.ftp.upyun.com/js/src/schemes/pisces.js
2018-08-16 17:57:47: 新建复制 'F:/blog/public/js/src/schemes/pisces.js' -> 'ftp://v0.ftp.upyun.com/js/src/schemes/pisces.js' (1,596)
2018-08-16 17:57:47: Copy Confirmed by CheckSum: ftp://v0.ftp.upyun.com/js/src/scrollspy.js
2018-08-16 17:57:47: 新建复制 'F:/blog/public/js/src/scrollspy.js' -> 'ftp://v0.ftp.upyun.com/js/src/scrollspy.js' (5,081)
2018-08-16 17:57:48: Copy Confirmed by CheckSum: ftp://v0.ftp.upyun.com/js/src/Valine.min.js
2018-08-16 17:57:48: 新建复制 'F:/blog/public/js/src/Valine.min.js' -> 'ftp://v0.ftp.upyun.com/js/src/Valine.min.js' (71,806)
2018-08-16 17:57:49: Copy Confirmed by CheckSum: ftp://v0.ftp.upyun.com/lib/bookmark/index.js
2018-08-16 17:57:49: 新建复制 'F:/blog/public/lib/bookmark/index.js' -> 'ftp://v0.ftp.upyun.com/lib/bookmark/index.js' (4,039)
2018-08-16 17:57:49: Copy Confirmed by CheckSum: ftp://v0.ftp.upyun.com/lib/bookmark/LICENSE
2018-08-16 17:57:49: 新建复制 'F:/blog/public/lib/bookmark/LICENSE' -> 'ftp://v0.ftp.upyun.com/lib/bookmark/LICENSE' (1,093)
2018-08-16 17:57:50: Copy Confirmed by CheckSum: ftp://v0.ftp.upyun.com/lib/bookmark/package.json
2018-08-16 17:57:50: 新建复制 'F:/blog/public/lib/bookmark/package.json' -> 'ftp://v0.ftp.upyun.com/lib/bookmark/package.json' (674)
2018-08-16 17:57:51: Copy Confirmed by CheckSum: ftp://v0.ftp.upyun.com/lib/bookmark/README.html
2018-08-16 17:57:51: 新建复制 'F:/blog/public/lib/bookmark/README.html' -> 'ftp://v0.ftp.upyun.com/lib/bookmark/README.html' (1,794)
2018-08-16 17:57:52: Copy Confirmed by CheckSum: ftp://v0.ftp.upyun.com/lib/canvas-nest/LICENSE
2018-08-16 17:57:52: 新建复制 'F:/blog/public/lib/canvas-nest/LICENSE' -> 'ftp://v0.ftp.upyun.com/lib/canvas-nest/LICENSE' (1,084)
2018-08-16 17:57:52: Copy Confirmed by CheckSum: ftp://v0.ftp.upyun.com/lib/canvas-nest/README.html
2018-08-16 17:57:52: 新建复制 'F:/blog/public/lib/canvas-nest/README.html' -> 'ftp://v0.ftp.upyun.com/lib/canvas-nest/README.html' (1,156)
2018-08-16 17:57:53: Copy Confirmed by CheckSum: ftp://v0.ftp.upyun.com/lib/fancybox/LICENSE
2018-08-16 17:57:53: 新建复制 'F:/blog/public/lib/fancybox/LICENSE' -> 'ftp://v0.ftp.upyun.com/lib/fancybox/LICENSE' (35,821)
2018-08-16 17:57:54: Copy Confirmed by CheckSum: ftp://v0.ftp.upyun.com/lib/fancybox/source/blank.gif
2018-08-16 17:57:54: 新建复制 'F:/blog/public/lib/fancybox/source/blank.gif' -> 'ftp://v0.ftp.upyun.com/lib/fancybox/source/blank.gif' (43)
2018-08-16 17:57:54: Copy Confirmed by CheckSum: ftp://v0.ftp.upyun.com/lib/fancybox/source/fancybox_loading.gif
2018-08-16 17:57:54: 新建复制 'F:/blog/public/lib/fancybox/source/fancybox_loading.gif' -> 'ftp://v0.ftp.upyun.com/lib/fancybox/source/fancybox_loading.gif' (6,567)
2018-08-16 17:57:55: Copy Confirmed by CheckSum: ftp://v0.ftp.upyun.com/lib/fancybox/source/fancybox_loading@2x.gif
2018-08-16 17:57:55: 新建复制 'F:/blog/public/lib/fancybox/source/fancybox_loading@2x.gif' -> 'ftp://v0.ftp.upyun.com/lib/fancybox/source/fancybox_loading@2x.gif' (13,984)
2018-08-16 17:57:56: Copy Confirmed by CheckSum: ftp://v0.ftp.upyun.com/lib/fancybox/source/fancybox_overlay.png
2018-08-16 17:57:56: 新建复制 'F:/blog/public/lib/fancybox/source/fancybox_overlay.png' -> 'ftp://v0.ftp.upyun.com/lib/fancybox/source/fancybox_overlay.png' (1,003)
2018-08-16 17:57:57: Copy Confirmed by CheckSum: ftp://v0.ftp.upyun.com/lib/fancybox/source/fancybox_sprite.png
2018-08-16 17:57:57: 新建复制 'F:/blog/public/lib/fancybox/source/fancybox_sprite.png' -> 'ftp://v0.ftp.upyun.com/lib/fancybox/source/fancybox_sprite.png' (1,362)
2018-08-16 17:57:57: Copy Confirmed by CheckSum: ftp://v0.ftp.upyun.com/lib/fancybox/source/fancybox_sprite@2x.png
2018-08-16 17:57:57: 新建复制 'F:/blog/public/lib/fancybox/source/fancybox_sprite@2x.png' -> 'ftp://v0.ftp.upyun.com/lib/fancybox/source/fancybox_sprite@2x.png' (6,553)
2018-08-16 17:57:58: Copy Confirmed by CheckSum: ftp://v0.ftp.upyun.com/lib/fancybox/source/helpers/fancybox_buttons.png
2018-08-16 17:57:58: 新建复制 'F:/blog/public/lib/fancybox/source/helpers/fancybox_buttons.png' -> 'ftp://v0.ftp.upyun.com/lib/fancybox/source/helpers/fancybox_buttons.png' (1,080)
2018-08-16 17:57:59: Copy Confirmed by CheckSum: ftp://v0.ftp.upyun.com/lib/fancybox/source/helpers/jquery.fancybox-buttons.css
2018-08-16 17:57:59: 新建复制 'F:/blog/public/lib/fancybox/source/helpers/jquery.fancybox-buttons.css' -> 'ftp://v0.ftp.upyun.com/lib/fancybox/source/helpers/jquery.fancybox-buttons.css' (2,447)
2018-08-16 17:57:59: Copy Confirmed by CheckSum: ftp://v0.ftp.upyun.com/lib/fancybox/source/helpers/jquery.fancybox-buttons.js
2018-08-16 17:57:59: 新建复制 'F:/blog/public/lib/fancybox/source/helpers/jquery.fancybox-buttons.js' -> 'ftp://v0.ftp.upyun.com/lib/fancybox/source/helpers/jquery.fancybox-buttons.js' (3,041)
2018-08-16 17:58:00: Copy Confirmed by CheckSum: ftp://v0.ftp.upyun.com/lib/fancybox/source/helpers/jquery.fancybox-media.js
2018-08-16 17:58:00: 新建复制 'F:/blog/public/lib/fancybox/source/helpers/jquery.fancybox-media.js' -> 'ftp://v0.ftp.upyun.com/lib/fancybox/source/helpers/jquery.fancybox-media.js' (5,305)
2018-08-16 17:58:01: Copy Confirmed by CheckSum: ftp://v0.ftp.upyun.com/lib/fancybox/source/helpers/jquery.fancybox-thumbs.css
2018-08-16 17:58:01: 新建复制 'F:/blog/public/lib/fancybox/source/helpers/jquery.fancybox-thumbs.css' -> 'ftp://v0.ftp.upyun.com/lib/fancybox/source/helpers/jquery.fancybox-thumbs.css' (735)
2018-08-16 17:58:01: Copy Confirmed by CheckSum: ftp://v0.ftp.upyun.com/lib/fancybox/source/helpers/jquery.fancybox-thumbs.js
2018-08-16 17:58:01: 新建复制 'F:/blog/public/lib/fancybox/source/helpers/jquery.fancybox-thumbs.js' -> 'ftp://v0.ftp.upyun.com/lib/fancybox/source/helpers/jquery.fancybox-thumbs.js' (3,836)
2018-08-16 17:58:02: Copy Confirmed by CheckSum: ftp://v0.ftp.upyun.com/lib/fancybox/source/jquery.fancybox.css
2018-08-16 17:58:02: 新建复制 'F:/blog/public/lib/fancybox/source/jquery.fancybox.css' -> 'ftp://v0.ftp.upyun.com/lib/fancybox/source/jquery.fancybox.css' (4,895)
2018-08-16 17:58:03: Copy Confirmed by CheckSum: ftp://v0.ftp.upyun.com/lib/fancybox/source/jquery.fancybox.js
2018-08-16 17:58:03: 新建复制 'F:/blog/public/lib/fancybox/source/jquery.fancybox.js' -> 'ftp://v0.ftp.upyun.com/lib/fancybox/source/jquery.fancybox.js' (48,706)
2018-08-16 17:58:04: Copy Confirmed by CheckSum: ftp://v0.ftp.upyun.com/lib/font-awesome/css/font-awesome.css
2018-08-16 17:58:04: 新建复制 'F:/blog/public/lib/font-awesome/css/font-awesome.css' -> 'ftp://v0.ftp.upyun.com/lib/font-awesome/css/font-awesome.css' (37,414)
2018-08-16 17:58:05: Copy Confirmed by CheckSum: ftp://v0.ftp.upyun.com/lib/font-awesome/css/font-awesome.css.map
2018-08-16 17:58:05: 新建复制 'F:/blog/public/lib/font-awesome/css/font-awesome.css.map' -> 'ftp://v0.ftp.upyun.com/lib/font-awesome/css/font-awesome.css.map' (21,785)
2018-08-16 17:58:06: Copy Confirmed by CheckSum: ftp://v0.ftp.upyun.com/lib/font-awesome/css/font-awesome.min.css
2018-08-16 17:58:06: 新建复制 'F:/blog/public/lib/font-awesome/css/font-awesome.min.css' -> 'ftp://v0.ftp.upyun.com/lib/font-awesome/css/font-awesome.min.css' (31,000)
2018-08-16 17:58:07: Copy Confirmed by CheckSum: ftp://v0.ftp.upyun.com/lib/font-awesome/fonts/fontawesome-webfont.woff
2018-08-16 17:58:07: 新建复制 'F:/blog/public/lib/font-awesome/fonts/fontawesome-webfont.woff' -> 'ftp://v0.ftp.upyun.com/lib/font-awesome/fonts/fontawesome-webfont.woff' (98,024)
2018-08-16 17:58:08: Copy Confirmed by CheckSum: ftp://v0.ftp.upyun.com/lib/font-awesome/fonts/fontawesome-webfont.woff2
2018-08-16 17:58:08: 新建复制 'F:/blog/public/lib/font-awesome/fonts/fontawesome-webfont.woff2' -> 'ftp://v0.ftp.upyun.com/lib/font-awesome/fonts/fontawesome-webfont.woff2' (77,160)
2018-08-16 17:58:08: Copy Confirmed by CheckSum: ftp://v0.ftp.upyun.com/lib/font-awesome/HELP-US-OUT.txt
2018-08-16 17:58:08: 新建复制 'F:/blog/public/lib/font-awesome/HELP-US-OUT.txt' -> 'ftp://v0.ftp.upyun.com/lib/font-awesome/HELP-US-OUT.txt' (330)
2018-08-16 17:58:09: Copy Confirmed by CheckSum: ftp://v0.ftp.upyun.com/lib/jquery/index.js
2018-08-16 17:58:09: 新建复制 'F:/blog/public/lib/jquery/index.js' -> 'ftp://v0.ftp.upyun.com/lib/jquery/index.js' (84,320)
2018-08-16 17:58:10: Copy Confirmed by CheckSum: ftp://v0.ftp.upyun.com/lib/pace/pace-theme-bounce.min.css
2018-08-16 17:58:10: 新建复制 'F:/blog/public/lib/pace/pace-theme-bounce.min.css' -> 'ftp://v0.ftp.upyun.com/lib/pace/pace-theme-bounce.min.css' (3,607)
2018-08-16 17:58:11: Copy Confirmed by CheckSum: ftp://v0.ftp.upyun.com/lib/pace/pace-theme-center-atom.min.css
2018-08-16 17:58:11: 新建复制 'F:/blog/public/lib/pace/pace-theme-center-atom.min.css' -> 'ftp://v0.ftp.upyun.com/lib/pace/pace-theme-center-atom.min.css' (2,105)
2018-08-16 17:58:11: Copy Confirmed by CheckSum: ftp://v0.ftp.upyun.com/lib/pace/pace-theme-center-circle.min.css
2018-08-16 17:58:11: 新建复制 'F:/blog/public/lib/pace/pace-theme-center-circle.min.css' -> 'ftp://v0.ftp.upyun.com/lib/pace/pace-theme-center-circle.min.css' (1,730)
2018-08-16 17:58:12: Copy Confirmed by CheckSum: ftp://v0.ftp.upyun.com/lib/pace/pace-theme-center-simple.min.css
2018-08-16 17:58:12: 新建复制 'F:/blog/public/lib/pace/pace-theme-center-simple.min.css' -> 'ftp://v0.ftp.upyun.com/lib/pace/pace-theme-center-simple.min.css' (731)
2018-08-16 17:58:13: Copy Confirmed by CheckSum: ftp://v0.ftp.upyun.com/lib/pace/pace-theme-corner-indicator.min.css
2018-08-16 17:58:13: 新建复制 'F:/blog/public/lib/pace/pace-theme-corner-indicator.min.css' -> 'ftp://v0.ftp.upyun.com/lib/pace/pace-theme-corner-indicator.min.css' (1,582)
2018-08-16 17:58:13: Copy Confirmed by CheckSum: ftp://v0.ftp.upyun.com/lib/pace/pace-theme-fill-left.min.css
2018-08-16 17:58:13: 新建复制 'F:/blog/public/lib/pace/pace-theme-fill-left.min.css' -> 'ftp://v0.ftp.upyun.com/lib/pace/pace-theme-fill-left.min.css' (283)
2018-08-16 17:58:14: Copy Confirmed by CheckSum: ftp://v0.ftp.upyun.com/lib/pace/pace-theme-flash.min.css
2018-08-16 17:58:14: 新建复制 'F:/blog/public/lib/pace/pace-theme-flash.min.css' -> 'ftp://v0.ftp.upyun.com/lib/pace/pace-theme-flash.min.css' (1,678)
2018-08-16 17:58:15: Copy Confirmed by CheckSum: ftp://v0.ftp.upyun.com/lib/pace/pace-theme-loading-bar.min.css
2018-08-16 17:58:15: 新建复制 'F:/blog/public/lib/pace/pace-theme-loading-bar.min.css' -> 'ftp://v0.ftp.upyun.com/lib/pace/pace-theme-loading-bar.min.css' (8,442)
2018-08-16 17:58:16: Copy Confirmed by CheckSum: ftp://v0.ftp.upyun.com/lib/pace/pace-theme-mac-osx.min.css
2018-08-16 17:58:16: 新建复制 'F:/blog/public/lib/pace/pace-theme-mac-osx.min.css' -> 'ftp://v0.ftp.upyun.com/lib/pace/pace-theme-mac-osx.min.css' (2,474)
2018-08-16 17:58:17: Copy Confirmed by CheckSum: ftp://v0.ftp.upyun.com/lib/pace/pace-theme-minimal.min.css
2018-08-16 17:58:17: 新建复制 'F:/blog/public/lib/pace/pace-theme-minimal.min.css' -> 'ftp://v0.ftp.upyun.com/lib/pace/pace-theme-minimal.min.css' (250)
2018-08-16 17:58:17: Copy Confirmed by CheckSum: ftp://v0.ftp.upyun.com/lib/pace/pace.min.js
2018-08-16 17:58:17: 新建复制 'F:/blog/public/lib/pace/pace.min.js' -> 'ftp://v0.ftp.upyun.com/lib/pace/pace.min.js' (12,507)
2018-08-16 17:58:18: Copy Confirmed by CheckSum: ftp://v0.ftp.upyun.com/lib/pace/README.html
2018-08-16 17:58:18: 新建复制 'F:/blog/public/lib/pace/README.html' -> 'ftp://v0.ftp.upyun.com/lib/pace/README.html' (1,124)
2018-08-16 17:58:19: Copy Confirmed by CheckSum: ftp://v0.ftp.upyun.com/lib/pangu/dist/pangu.js
2018-08-16 17:58:19: 新建复制 'F:/blog/public/lib/pangu/dist/pangu.js' -> 'ftp://v0.ftp.upyun.com/lib/pangu/dist/pangu.js' (20,237)
2018-08-16 17:58:20: Copy Confirmed by CheckSum: ftp://v0.ftp.upyun.com/lib/pangu/dist/pangu.js.map
2018-08-16 17:58:20: 新建复制 'F:/blog/public/lib/pangu/dist/pangu.js.map' -> 'ftp://v0.ftp.upyun.com/lib/pangu/dist/pangu.js.map' (23,033)
2018-08-16 17:58:20: Copy Confirmed by CheckSum: ftp://v0.ftp.upyun.com/lib/pangu/dist/pangu.min.js
2018-08-16 17:58:20: 新建复制 'F:/blog/public/lib/pangu/dist/pangu.min.js' -> 'ftp://v0.ftp.upyun.com/lib/pangu/dist/pangu.min.js' (8,620)
2018-08-16 17:58:21: Copy Confirmed by CheckSum: ftp://v0.ftp.upyun.com/lib/pangu/dist/pangu.min.js.map
2018-08-16 17:58:21: 新建复制 'F:/blog/public/lib/pangu/dist/pangu.min.js.map' -> 'ftp://v0.ftp.upyun.com/lib/pangu/dist/pangu.min.js.map' (45,857)
2018-08-16 17:58:22: Copy Confirmed by CheckSum: ftp://v0.ftp.upyun.com/lib/pangu/LICENSE
2018-08-16 17:58:22: 新建复制 'F:/blog/public/lib/pangu/LICENSE' -> 'ftp://v0.ftp.upyun.com/lib/pangu/LICENSE' (1,092)
2018-08-16 17:58:24: Copy Confirmed by CheckSum: ftp://v0.ftp.upyun.com/lib/pangu/README.html
2018-08-16 17:58:24: 新建复制 'F:/blog/public/lib/pangu/README.html' -> 'ftp://v0.ftp.upyun.com/lib/pangu/README.html' (1,123)
2018-08-16 17:58:25: Copy Confirmed by CheckSum: ftp://v0.ftp.upyun.com/lib/reading_progress/package.json
2018-08-16 17:58:25: 新建复制 'F:/blog/public/lib/reading_progress/package.json' -> 'ftp://v0.ftp.upyun.com/lib/reading_progress/package.json' (639)
2018-08-16 17:58:25: Copy Confirmed by CheckSum: ftp://v0.ftp.upyun.com/lib/reading_progress/reading_progress.min.js
2018-08-16 17:58:25: 新建复制 'F:/blog/public/lib/reading_progress/reading_progress.min.js' -> 'ftp://v0.ftp.upyun.com/lib/reading_progress/reading_progress.min.js' (512)
2018-08-16 17:58:26: Copy Confirmed by CheckSum: ftp://v0.ftp.upyun.com/lib/ua-parser-js/dist/ua-parser.min.js
2018-08-16 17:58:26: 新建复制 'F:/blog/public/lib/ua-parser-js/dist/ua-parser.min.js' -> 'ftp://v0.ftp.upyun.com/lib/ua-parser-js/dist/ua-parser.min.js' (12,949)
2018-08-16 17:58:27: Copy Confirmed by CheckSum: ftp://v0.ftp.upyun.com/lib/velocity/velocity.js
2018-08-16 17:58:27: 新建复制 'F:/blog/public/lib/velocity/velocity.js' -> 'ftp://v0.ftp.upyun.com/lib/velocity/velocity.js' (213,757)
2018-08-16 17:58:28: Copy Confirmed by CheckSum: ftp://v0.ftp.upyun.com/lib/velocity/velocity.min.js
2018-08-16 17:58:28: 新建复制 'F:/blog/public/lib/velocity/velocity.min.js' -> 'ftp://v0.ftp.upyun.com/lib/velocity/velocity.min.js' (34,856)
2018-08-16 17:58:29: Copy Confirmed by CheckSum: ftp://v0.ftp.upyun.com/lib/velocity/velocity.ui.js
2018-08-16 17:58:29: 新建复制 'F:/blog/public/lib/velocity/velocity.ui.js' -> 'ftp://v0.ftp.upyun.com/lib/velocity/velocity.ui.js' (34,762)
2018-08-16 17:58:30: Copy Confirmed by CheckSum: ftp://v0.ftp.upyun.com/lib/velocity/velocity.ui.min.js
2018-08-16 17:58:30: 新建复制 'F:/blog/public/lib/velocity/velocity.ui.min.js' -> 'ftp://v0.ftp.upyun.com/lib/velocity/velocity.ui.min.js' (13,257)
2018-08-16 17:58:30: Copy Confirmed by CheckSum: ftp://v0.ftp.upyun.com/live2dw/assets/miku.physics.json
2018-08-16 17:58:30: 新建复制 'F:/blog/public/live2dw/assets/miku.physics.json' -> 'ftp://v0.ftp.upyun.com/live2dw/assets/miku.physics.json' (1,206)
2018-08-16 17:58:31: Copy Confirmed by CheckSum: ftp://v0.ftp.upyun.com/live2dw/assets/mtn/miku_idle_01.mtn
2018-08-16 17:58:31: 新建复制 'F:/blog/public/live2dw/assets/mtn/miku_idle_01.mtn' -> 'ftp://v0.ftp.upyun.com/live2dw/assets/mtn/miku_idle_01.mtn' (12,276)
2018-08-16 17:58:32: Copy Confirmed by CheckSum: ftp://v0.ftp.upyun.com/live2dw/assets/mtn/miku_m_01.mtn
2018-08-16 17:58:32: 新建复制 'F:/blog/public/live2dw/assets/mtn/miku_m_01.mtn' -> 'ftp://v0.ftp.upyun.com/live2dw/assets/mtn/miku_m_01.mtn' (1,090)
2018-08-16 17:58:33: Copy Confirmed by CheckSum: ftp://v0.ftp.upyun.com/live2dw/assets/mtn/miku_m_02.mtn
2018-08-16 17:58:33: 新建复制 'F:/blog/public/live2dw/assets/mtn/miku_m_02.mtn' -> 'ftp://v0.ftp.upyun.com/live2dw/assets/mtn/miku_m_02.mtn' (2,682)
2018-08-16 17:58:33: Copy Confirmed by CheckSum: ftp://v0.ftp.upyun.com/live2dw/assets/mtn/miku_m_03.mtn
2018-08-16 17:58:33: 新建复制 'F:/blog/public/live2dw/assets/mtn/miku_m_03.mtn' -> 'ftp://v0.ftp.upyun.com/live2dw/assets/mtn/miku_m_03.mtn' (1,844)
2018-08-16 17:58:34: Copy Confirmed by CheckSum: ftp://v0.ftp.upyun.com/live2dw/assets/mtn/miku_m_04.mtn
2018-08-16 17:58:34: 新建复制 'F:/blog/public/live2dw/assets/mtn/miku_m_04.mtn' -> 'ftp://v0.ftp.upyun.com/live2dw/assets/mtn/miku_m_04.mtn' (1,859)
2018-08-16 17:58:35: Copy Confirmed by CheckSum: ftp://v0.ftp.upyun.com/live2dw/assets/mtn/miku_m_05.mtn
2018-08-16 17:58:35: 新建复制 'F:/blog/public/live2dw/assets/mtn/miku_m_05.mtn' -> 'ftp://v0.ftp.upyun.com/live2dw/assets/mtn/miku_m_05.mtn' (3,980)
2018-08-16 17:58:35: Copy Confirmed by CheckSum: ftp://v0.ftp.upyun.com/live2dw/assets/mtn/miku_m_06.mtn
2018-08-16 17:58:35: 新建复制 'F:/blog/public/live2dw/assets/mtn/miku_m_06.mtn' -> 'ftp://v0.ftp.upyun.com/live2dw/assets/mtn/miku_m_06.mtn' (1,700)
2018-08-16 17:58:36: Copy Confirmed by CheckSum: ftp://v0.ftp.upyun.com/live2dw/assets/mtn/miku_shake_01.mtn
2018-08-16 17:58:36: 新建复制 'F:/blog/public/live2dw/assets/mtn/miku_shake_01.mtn' -> 'ftp://v0.ftp.upyun.com/live2dw/assets/mtn/miku_shake_01.mtn' (4,134)
2018-08-16 17:58:37: Copy Confirmed by CheckSum: ftp://v0.ftp.upyun.com/live2dw/lib/L2Dwidget.0.min.js
2018-08-16 17:58:37: 新建复制 'F:/blog/public/live2dw/lib/L2Dwidget.0.min.js' -> 'ftp://v0.ftp.upyun.com/live2dw/lib/L2Dwidget.0.min.js' (149,036)
2018-08-16 17:58:38: Copy Confirmed by CheckSum: ftp://v0.ftp.upyun.com/live2dw/lib/L2Dwidget.0.min.js.map
2018-08-16 17:58:38: 新建复制 'F:/blog/public/live2dw/lib/L2Dwidget.0.min.js.map' -> 'ftp://v0.ftp.upyun.com/live2dw/lib/L2Dwidget.0.min.js.map' (547,017)
2018-08-16 17:58:39: Copy Confirmed by CheckSum: ftp://v0.ftp.upyun.com/live2dw/lib/L2Dwidget.min.js
2018-08-16 17:58:39: 新建复制 'F:/blog/public/live2dw/lib/L2Dwidget.min.js' -> 'ftp://v0.ftp.upyun.com/live2dw/lib/L2Dwidget.min.js' (32,560)
2018-08-16 17:58:39: Copy Confirmed by CheckSum: ftp://v0.ftp.upyun.com/live2dw/lib/L2Dwidget.min.js.map
2018-08-16 17:58:39: 新建复制 'F:/blog/public/live2dw/lib/L2Dwidget.min.js.map' -> 'ftp://v0.ftp.upyun.com/live2dw/lib/L2Dwidget.min.js.map' (176,224)
2018-08-16 17:58:40: Copy Confirmed by CheckSum: ftp://v0.ftp.upyun.com/page/4/index.html
2018-08-16 17:58:40: 新建复制 'F:/blog/public/page/4/index.html' -> 'ftp://v0.ftp.upyun.com/page/4/index.html' (82,319)
2018-08-16 17:58:41: Copy Confirmed by CheckSum: ftp://v0.ftp.upyun.com/post/13c8d3a0.html
2018-08-16 17:58:41: 新建复制 'F:/blog/public/post/13c8d3a0.html' -> 'ftp://v0.ftp.upyun.com/post/13c8d3a0.html' (93,695)
2018-08-16 17:58:42: Copy Confirmed by CheckSum: ftp://v0.ftp.upyun.com/post/16dd4349.html
2018-08-16 17:58:42: 新建复制 'F:/blog/public/post/16dd4349.html' -> 'ftp://v0.ftp.upyun.com/post/16dd4349.html' (46,766)
2018-08-16 17:58:43: Copy Confirmed by CheckSum: ftp://v0.ftp.upyun.com/post/23e28675.html
2018-08-16 17:58:43: 新建复制 'F:/blog/public/post/23e28675.html' -> 'ftp://v0.ftp.upyun.com/post/23e28675.html' (45,999)
2018-08-16 17:58:44: Copy Confirmed by CheckSum: ftp://v0.ftp.upyun.com/post/29cebcea.html
2018-08-16 17:58:44: 新建复制 'F:/blog/public/post/29cebcea.html' -> 'ftp://v0.ftp.upyun.com/post/29cebcea.html' (59,979)
2018-08-16 17:58:45: Copy Confirmed by CheckSum: ftp://v0.ftp.upyun.com/post/30631cd4.html
2018-08-16 17:58:45: 新建复制 'F:/blog/public/post/30631cd4.html' -> 'ftp://v0.ftp.upyun.com/post/30631cd4.html' (48,785)
2018-08-16 17:58:45: Copy Confirmed by CheckSum: ftp://v0.ftp.upyun.com/post/40ae08c3.html
2018-08-16 17:58:45: 新建复制 'F:/blog/public/post/40ae08c3.html' -> 'ftp://v0.ftp.upyun.com/post/40ae08c3.html' (49,888)
2018-08-16 17:58:46: Copy Confirmed by CheckSum: ftp://v0.ftp.upyun.com/post/47112e7a.html
2018-08-16 17:58:46: 新建复制 'F:/blog/public/post/47112e7a.html' -> 'ftp://v0.ftp.upyun.com/post/47112e7a.html' (51,503)
2018-08-16 17:58:47: Copy Confirmed by CheckSum: ftp://v0.ftp.upyun.com/post/5133767d.html
2018-08-16 17:58:47: 新建复制 'F:/blog/public/post/5133767d.html' -> 'ftp://v0.ftp.upyun.com/post/5133767d.html' (42,539)
2018-08-16 17:58:48: Copy Confirmed by CheckSum: ftp://v0.ftp.upyun.com/post/53b2030c.html
2018-08-16 17:58:48: 新建复制 'F:/blog/public/post/53b2030c.html' -> 'ftp://v0.ftp.upyun.com/post/53b2030c.html' (44,341)
2018-08-16 17:58:48: Copy Confirmed by CheckSum: ftp://v0.ftp.upyun.com/post/60a25379.html
2018-08-16 17:58:48: 新建复制 'F:/blog/public/post/60a25379.html' -> 'ftp://v0.ftp.upyun.com/post/60a25379.html' (58,938)
2018-08-16 17:58:49: Copy Confirmed by CheckSum: ftp://v0.ftp.upyun.com/post/60cd4fc4.html
2018-08-16 17:58:49: 新建复制 'F:/blog/public/post/60cd4fc4.html' -> 'ftp://v0.ftp.upyun.com/post/60cd4fc4.html' (43,750)
2018-08-16 17:58:50: Copy Confirmed by CheckSum: ftp://v0.ftp.upyun.com/post/63840324.html
2018-08-16 17:58:50: 新建复制 'F:/blog/public/post/63840324.html' -> 'ftp://v0.ftp.upyun.com/post/63840324.html' (48,129)
2018-08-16 17:58:51: Copy Confirmed by CheckSum: ftp://v0.ftp.upyun.com/post/65a05ef.html
2018-08-16 17:58:51: 新建复制 'F:/blog/public/post/65a05ef.html' -> 'ftp://v0.ftp.upyun.com/post/65a05ef.html' (52,385)
2018-08-16 17:58:51: Copy Confirmed by CheckSum: ftp://v0.ftp.upyun.com/post/6d7b9178.html
2018-08-16 17:58:51: 新建复制 'F:/blog/public/post/6d7b9178.html' -> 'ftp://v0.ftp.upyun.com/post/6d7b9178.html' (60,438)
2018-08-16 17:58:52: Copy Confirmed by CheckSum: ftp://v0.ftp.upyun.com/post/72dd6893.html
2018-08-16 17:58:52: 新建复制 'F:/blog/public/post/72dd6893.html' -> 'ftp://v0.ftp.upyun.com/post/72dd6893.html' (44,377)
2018-08-16 17:58:53: Copy Confirmed by CheckSum: ftp://v0.ftp.upyun.com/post/74b1112a.html
2018-08-16 17:58:53: 新建复制 'F:/blog/public/post/74b1112a.html' -> 'ftp://v0.ftp.upyun.com/post/74b1112a.html' (51,215)
2018-08-16 17:58:54: Copy Confirmed by CheckSum: ftp://v0.ftp.upyun.com/post/8b3b02a7.html
2018-08-16 17:58:54: 新建复制 'F:/blog/public/post/8b3b02a7.html' -> 'ftp://v0.ftp.upyun.com/post/8b3b02a7.html' (47,134)
2018-08-16 17:58:54: Copy Confirmed by CheckSum: ftp://v0.ftp.upyun.com/post/936c5fbe.html
2018-08-16 17:58:54: 新建复制 'F:/blog/public/post/936c5fbe.html' -> 'ftp://v0.ftp.upyun.com/post/936c5fbe.html' (59,951)
2018-08-16 17:58:55: Copy Confirmed by CheckSum: ftp://v0.ftp.upyun.com/post/98bc273a.html
2018-08-16 17:58:55: 新建复制 'F:/blog/public/post/98bc273a.html' -> 'ftp://v0.ftp.upyun.com/post/98bc273a.html' (47,339)
2018-08-16 17:58:56: Copy Confirmed by CheckSum: ftp://v0.ftp.upyun.com/post/9a8cdc59.html
2018-08-16 17:58:56: 新建复制 'F:/blog/public/post/9a8cdc59.html' -> 'ftp://v0.ftp.upyun.com/post/9a8cdc59.html' (106,752)
2018-08-16 17:58:57: Copy Confirmed by CheckSum: ftp://v0.ftp.upyun.com/post/a033ab3f.html
2018-08-16 17:58:57: 新建复制 'F:/blog/public/post/a033ab3f.html' -> 'ftp://v0.ftp.upyun.com/post/a033ab3f.html' (50,206)
2018-08-16 17:58:58: Copy Confirmed by CheckSum: ftp://v0.ftp.upyun.com/post/a11ee691.html
2018-08-16 17:58:58: 新建复制 'F:/blog/public/post/a11ee691.html' -> 'ftp://v0.ftp.upyun.com/post/a11ee691.html' (41,353)
2018-08-16 17:58:58: Copy Confirmed by CheckSum: ftp://v0.ftp.upyun.com/post/b04d82e3.html
2018-08-16 17:58:58: 新建复制 'F:/blog/public/post/b04d82e3.html' -> 'ftp://v0.ftp.upyun.com/post/b04d82e3.html' (44,311)
2018-08-16 17:58:59: Copy Confirmed by CheckSum: ftp://v0.ftp.upyun.com/post/c9feff90.html
2018-08-16 17:58:59: 新建复制 'F:/blog/public/post/c9feff90.html' -> 'ftp://v0.ftp.upyun.com/post/c9feff90.html' (43,449)
2018-08-16 17:59:00: Copy Confirmed by CheckSum: ftp://v0.ftp.upyun.com/post/cd12463.html
2018-08-16 17:59:00: 新建复制 'F:/blog/public/post/cd12463.html' -> 'ftp://v0.ftp.upyun.com/post/cd12463.html' (48,677)
2018-08-16 17:59:01: Copy Confirmed by CheckSum: ftp://v0.ftp.upyun.com/post/cf1235a7.html
2018-08-16 17:59:01: 新建复制 'F:/blog/public/post/cf1235a7.html' -> 'ftp://v0.ftp.upyun.com/post/cf1235a7.html' (44,139)
2018-08-16 17:59:01: Copy Confirmed by CheckSum: ftp://v0.ftp.upyun.com/post/d87f7e0c.html
2018-08-16 17:59:01: 新建复制 'F:/blog/public/post/d87f7e0c.html' -> 'ftp://v0.ftp.upyun.com/post/d87f7e0c.html' (42,570)
2018-08-16 17:59:02: Copy Confirmed by CheckSum: ftp://v0.ftp.upyun.com/post/e07f2122.html
2018-08-16 17:59:02: 新建复制 'F:/blog/public/post/e07f2122.html' -> 'ftp://v0.ftp.upyun.com/post/e07f2122.html' (50,155)
2018-08-16 17:59:03: Copy Confirmed by CheckSum: ftp://v0.ftp.upyun.com/post/fa20dd9d.html
2018-08-16 17:59:03: 新建复制 'F:/blog/public/post/fa20dd9d.html' -> 'ftp://v0.ftp.upyun.com/post/fa20dd9d.html' (69,810)
2018-08-16 17:59:04: Copy Confirmed by CheckSum: ftp://v0.ftp.upyun.com/post/fdf0e152.html
2018-08-16 17:59:04: 新建复制 'F:/blog/public/post/fdf0e152.html' -> 'ftp://v0.ftp.upyun.com/post/fdf0e152.html' (41,272)
2018-08-16 17:59:04: Copy Confirmed by CheckSum: ftp://v0.ftp.upyun.com/post/fec62b1b.html
2018-08-16 17:59:04: 新建复制 'F:/blog/public/post/fec62b1b.html' -> 'ftp://v0.ftp.upyun.com/post/fec62b1b.html' (49,339)
2018-08-16 17:59:05: Copy Confirmed by CheckSum: ftp://v0.ftp.upyun.com/README.md
2018-08-16 17:59:05: 新建复制 'F:/blog/public/README.md' -> 'ftp://v0.ftp.upyun.com/README.md' (68)
2018-08-16 17:59:06: Copy Confirmed by CheckSum: ftp://v0.ftp.upyun.com/tags/Android/index.html
2018-08-16 17:59:06: 新建复制 'F:/blog/public/tags/Android/index.html' -> 'ftp://v0.ftp.upyun.com/tags/Android/index.html' (34,747)
2018-08-16 17:59:07: Copy Confirmed by CheckSum: ftp://v0.ftp.upyun.com/tags/C语言/index.html
2018-08-16 17:59:07: 新建复制 'F:/blog/public/tags/C语言/index.html' -> 'ftp://v0.ftp.upyun.com/tags/C语言/index.html' (33,272)
2018-08-16 17:59:07: Copy Confirmed by CheckSum: ftp://v0.ftp.upyun.com/tags/eNSP/index.html
2018-08-16 17:59:07: 新建复制 'F:/blog/public/tags/eNSP/index.html' -> 'ftp://v0.ftp.upyun.com/tags/eNSP/index.html' (34,757)
2018-08-16 17:59:08: Copy Confirmed by CheckSum: ftp://v0.ftp.upyun.com/tags/hexo/index.html
2018-08-16 17:59:08: 新建复制 'F:/blog/public/tags/hexo/index.html' -> 'ftp://v0.ftp.upyun.com/tags/hexo/index.html' (38,131)
2018-08-16 17:59:09: Copy Confirmed by CheckSum: ftp://v0.ftp.upyun.com/tags/ICT/index.html
2018-08-16 17:59:09: 新建复制 'F:/blog/public/tags/ICT/index.html' -> 'ftp://v0.ftp.upyun.com/tags/ICT/index.html' (34,753)
2018-08-16 17:59:10: Copy Confirmed by CheckSum: ftp://v0.ftp.upyun.com/tags/Java/index.html
2018-08-16 17:59:10: 新建复制 'F:/blog/public/tags/Java/index.html' -> 'ftp://v0.ftp.upyun.com/tags/Java/index.html' (33,271)
2018-08-16 17:59:11: Copy Confirmed by CheckSum: ftp://v0.ftp.upyun.com/tags/Linux/index.html
2018-08-16 17:59:11: 新建复制 'F:/blog/public/tags/Linux/index.html' -> 'ftp://v0.ftp.upyun.com/tags/Linux/index.html' (33,291)
2018-08-16 17:59:12: Copy Confirmed by CheckSum: ftp://v0.ftp.upyun.com/tags/Testing/index.html
2018-08-16 17:59:12: 新建复制 'F:/blog/public/tags/Testing/index.html' -> 'ftp://v0.ftp.upyun.com/tags/Testing/index.html' (33,268)
2018-08-16 17:59:12: Copy Confirmed by CheckSum: ftp://v0.ftp.upyun.com/tags/uefi/index.html
2018-08-16 17:59:12: 新建复制 'F:/blog/public/tags/uefi/index.html' -> 'ftp://v0.ftp.upyun.com/tags/uefi/index.html' (33,287)
2018-08-16 17:59:13: Copy Confirmed by CheckSum: ftp://v0.ftp.upyun.com/tags/vps/index.html
2018-08-16 17:59:13: 新建复制 'F:/blog/public/tags/vps/index.html' -> 'ftp://v0.ftp.upyun.com/tags/vps/index.html' (33,282)
2018-08-16 17:59:14: Copy Confirmed by CheckSum: ftp://v0.ftp.upyun.com/tags/windows/index.html
2018-08-16 17:59:14: 新建复制 'F:/blog/public/tags/windows/index.html' -> 'ftp://v0.ftp.upyun.com/tags/windows/index.html' (33,324)
2018-08-16 17:59:15: Copy Confirmed by CheckSum: ftp://v0.ftp.upyun.com/tags/免流/index.html
2018-08-16 17:59:15: 新建复制 'F:/blog/public/tags/免流/index.html' -> 'ftp://v0.ftp.upyun.com/tags/免流/index.html' (33,268)
2018-08-16 17:59:15: Copy Confirmed by CheckSum: ftp://v0.ftp.upyun.com/tags/励志/index.html
2018-08-16 17:59:15: 新建复制 'F:/blog/public/tags/励志/index.html' -> 'ftp://v0.ftp.upyun.com/tags/励志/index.html' (33,291)
2018-08-16 17:59:16: Copy Confirmed by CheckSum: ftp://v0.ftp.upyun.com/tags/区块链/index.html
2018-08-16 17:59:16: 新建复制 'F:/blog/public/tags/区块链/index.html' -> 'ftp://v0.ftp.upyun.com/tags/区块链/index.html' (33,310)
2018-08-16 17:59:17: Copy Confirmed by CheckSum: ftp://v0.ftp.upyun.com/tags/学习/index.html
2018-08-16 17:59:17: 新建复制 'F:/blog/public/tags/学习/index.html' -> 'ftp://v0.ftp.upyun.com/tags/学习/index.html' (33,304)
2018-08-16 17:59:18: Copy Confirmed by CheckSum: ftp://v0.ftp.upyun.com/tags/情感/index.html
2018-08-16 17:59:18: 新建复制 'F:/blog/public/tags/情感/index.html' -> 'ftp://v0.ftp.upyun.com/tags/情感/index.html' (33,291)
2018-08-16 17:59:19: Copy Confirmed by CheckSum: ftp://v0.ftp.upyun.com/tags/数据库/index.html
2018-08-16 17:59:19: 新建复制 'F:/blog/public/tags/数据库/index.html' -> 'ftp://v0.ftp.upyun.com/tags/数据库/index.html' (33,299)
2018-08-16 17:59:19: Copy Confirmed by CheckSum: ftp://v0.ftp.upyun.com/tags/数据通信/index.html
2018-08-16 17:59:19: 新建复制 'F:/blog/public/tags/数据通信/index.html' -> 'ftp://v0.ftp.upyun.com/tags/数据通信/index.html' (34,789)
2018-08-16 17:59:20: Copy Confirmed by CheckSum: ftp://v0.ftp.upyun.com/tags/梦想/index.html
2018-08-16 17:59:20: 新建复制 'F:/blog/public/tags/梦想/index.html' -> 'ftp://v0.ftp.upyun.com/tags/梦想/index.html' (33,298)
2018-08-16 17:59:21: Copy Confirmed by CheckSum: ftp://v0.ftp.upyun.com/tags/爬虫/index.html
2018-08-16 17:59:21: 新建复制 'F:/blog/public/tags/爬虫/index.html' -> 'ftp://v0.ftp.upyun.com/tags/爬虫/index.html' (34,655)
2018-08-16 17:59:21: Copy Confirmed by CheckSum: ftp://v0.ftp.upyun.com/tags/生活/index.html
2018-08-16 17:59:21: 新建复制 'F:/blog/public/tags/生活/index.html' -> 'ftp://v0.ftp.upyun.com/tags/生活/index.html' (33,298)
2018-08-16 17:59:22: Copy Confirmed by CheckSum: ftp://v0.ftp.upyun.com/tags/网络/index.html
2018-08-16 17:59:22: 新建复制 'F:/blog/public/tags/网络/index.html' -> 'ftp://v0.ftp.upyun.com/tags/网络/index.html' (33,268)
2018-08-16 17:59:23: Copy Confirmed by CheckSum: ftp://v0.ftp.upyun.com/tags/课程设计/index.html
2018-08-16 17:59:23: 新建复制 'F:/blog/public/tags/课程设计/index.html' -> 'ftp://v0.ftp.upyun.com/tags/课程设计/index.html' (33,292)
2018-08-16 17:59:24: Copy Confirmed by CheckSum: ftp://v0.ftp.upyun.com/top/index.html
2018-08-16 17:59:24: 新建复制 'F:/blog/public/top/index.html' -> 'ftp://v0.ftp.upyun.com/top/index.html' (33,133)
2018-08-16 17:59:25: == 同步完成. 历时: 00:02:20, 速度: 55.9 KB/s, 完成: 176, 错误: 0
2018-08-16 17:59:25: 
