2018-08-23 16:34:43: == 分析比较具有相同大小但文件修改时间不同的文件校验和
2018-08-23 16:34:44: FTP [class 0]: Listing one file is not supported (returns nothing): cannot start transfer: 550: Not a directory
2018-08-23 16:34:44: -- 分析开始 User Command
2018-08-23 16:34:44: File ModTime changed but CheckSum remains the same, request CopyState: /404.html
2018-08-23 16:34:44: File ModTime changed but CheckSum remains the same, request CopyState: /archives/index.html
2018-08-23 16:34:44: File ModTime changed but CheckSum remains the same, request CopyState: /assets/css/APlayer.min.css
2018-08-23 16:34:44: File ModTime changed but CheckSum remains the same, request CopyState: /assets/js/APlayer.min.js
2018-08-23 16:34:44: File ModTime changed but CheckSum remains the same, request CopyState: /assets/js/Meting.min.js
2018-08-23 16:34:44: File ModTime changed but CheckSum remains the same, request CopyState: /categories/Android/index.html
2018-08-23 16:34:44: File ModTime changed but CheckSum remains the same, request CopyState: /categories/C语言/index.html
2018-08-23 16:34:44: File ModTime changed but CheckSum remains the same, request CopyState: /categories/hexo/index.html
2018-08-23 16:34:44: File ModTime changed but CheckSum remains the same, request CopyState: /categories/Java/index.html
2018-08-23 16:34:44: File ModTime changed but CheckSum remains the same, request CopyState: /categories/python/index.html
2018-08-23 16:34:44: File ModTime changed but CheckSum remains the same, request CopyState: /categories/vps/index.html
2018-08-23 16:34:44: File ModTime changed but CheckSum remains the same, request CopyState: /categories/数据库/index.html
2018-08-23 16:34:44: File ModTime changed but CheckSum remains the same, request CopyState: /categories/比特币/index.html
2018-08-23 16:34:44: File ModTime changed but CheckSum remains the same, request CopyState: /categories/系统/index.html
2018-08-23 16:34:44: File ModTime changed but CheckSum remains the same, request CopyState: /categories/网络/index.html
2018-08-23 16:34:44: File ModTime changed but CheckSum remains the same, request CopyState: /categories/转载/index.html
2018-08-23 16:34:44: File ModTime changed but CheckSum remains the same, request CopyState: /categories/闲读/index.html
2018-08-23 16:34:44: File ModTime changed but CheckSum remains the same, request CopyState: /categories/音乐/index.html
2018-08-23 16:34:44: File ModTime changed but CheckSum remains the same, request CopyState: /CNAME
2018-08-23 16:34:44: File ModTime changed but CheckSum remains the same, request CopyState: /images/algolia_logo.svg
2018-08-23 16:34:44: File ModTime changed but CheckSum remains the same, request CopyState: /images/apple-touch-icon-next.ico
2018-08-23 16:34:44: File ModTime changed but CheckSum remains the same, request CopyState: /images/apple-touch-icon-next.png
2018-08-23 16:34:44: File ModTime changed but CheckSum remains the same, request CopyState: /images/avatar.gif
2018-08-23 16:34:44: File ModTime changed but CheckSum remains the same, request CopyState: /images/background1.jpg
2018-08-23 16:34:44: File ModTime changed but CheckSum remains the same, request CopyState: /images/background2.jpg
2018-08-23 16:34:44: File ModTime changed but CheckSum remains the same, request CopyState: /images/background3.jpg
2018-08-23 16:34:44: File ModTime changed but CheckSum remains the same, request CopyState: /images/background4.jpg
2018-08-23 16:34:44: File ModTime changed but CheckSum remains the same, request CopyState: /images/background5.jpg
2018-08-23 16:34:44: File ModTime changed but CheckSum remains the same, request CopyState: /images/background6.jpg
2018-08-23 16:34:44: File ModTime changed but CheckSum remains the same, request CopyState: /images/cc-by-nc-nd.svg
2018-08-23 16:34:44: File ModTime changed but CheckSum remains the same, request CopyState: /images/cc-by-nc-sa.svg
2018-08-23 16:34:44: File ModTime changed but CheckSum remains the same, request CopyState: /images/cc-by-nc.svg
2018-08-23 16:34:44: File ModTime changed but CheckSum remains the same, request CopyState: /images/cc-by-nd.svg
2018-08-23 16:34:44: File ModTime changed but CheckSum remains the same, request CopyState: /images/cc-by-sa.svg
2018-08-23 16:34:44: File ModTime changed but CheckSum remains the same, request CopyState: /images/cc-by.svg
2018-08-23 16:34:44: File ModTime changed but CheckSum remains the same, request CopyState: /images/cc-zero.svg
2018-08-23 16:34:44: File ModTime changed but CheckSum remains the same, request CopyState: /images/favicon-16x16-next.ico
2018-08-23 16:34:44: File ModTime changed but CheckSum remains the same, request CopyState: /images/favicon-16x16-next.png
2018-08-23 16:34:44: File ModTime changed but CheckSum remains the same, request CopyState: /images/favicon-32x32-next.ico
2018-08-23 16:34:44: File ModTime changed but CheckSum remains the same, request CopyState: /images/favicon-32x32-next.png
2018-08-23 16:34:44: File ModTime changed but CheckSum remains the same, request CopyState: /images/favicon-48x48-next.ico
2018-08-23 16:34:44: File ModTime changed but CheckSum remains the same, request CopyState: /images/head.png
2018-08-23 16:34:44: File ModTime changed but CheckSum remains the same, request CopyState: /images/loading.gif
2018-08-23 16:34:44: File ModTime changed but CheckSum remains the same, request CopyState: /images/logo.svg
2018-08-23 16:34:44: File ModTime changed but CheckSum remains the same, request CopyState: /images/placeholder.gif
2018-08-23 16:34:44: File ModTime changed but CheckSum remains the same, request CopyState: /images/quote-l.svg
2018-08-23 16:34:44: File ModTime changed but CheckSum remains the same, request CopyState: /images/quote-r.svg
2018-08-23 16:34:44: File ModTime changed but CheckSum remains the same, request CopyState: /images/searchicon.png
2018-08-23 16:34:44: File ModTime changed but CheckSum remains the same, request CopyState: /js/src/affix.js
2018-08-23 16:34:44: File ModTime changed but CheckSum remains the same, request CopyState: /js/src/algolia-search.js
2018-08-23 16:34:44: File ModTime changed but CheckSum remains the same, request CopyState: /js/src/av-min.js
2018-08-23 16:34:44: File ModTime changed but CheckSum remains the same, request CopyState: /js/src/bootstrap.js
2018-08-23 16:34:44: File ModTime changed but CheckSum remains the same, request CopyState: /js/src/clicklove.js
2018-08-23 16:34:44: File ModTime changed but CheckSum remains the same, request CopyState: /js/src/exturl.js
2018-08-23 16:34:44: File ModTime changed but CheckSum remains the same, request CopyState: /js/src/js.cookie.js
2018-08-23 16:34:44: File ModTime changed but CheckSum remains the same, request CopyState: /js/src/motion.js
2018-08-23 16:34:44: File ModTime changed but CheckSum remains the same, request CopyState: /js/src/post-details.js
2018-08-23 16:34:44: File ModTime changed but CheckSum remains the same, request CopyState: /js/src/schemes/pisces.js
2018-08-23 16:34:44: File ModTime changed but CheckSum remains the same, request CopyState: /js/src/scroll-cookie.js
2018-08-23 16:34:44: File ModTime changed but CheckSum remains the same, request CopyState: /js/src/scrollspy.js
2018-08-23 16:34:44: File ModTime changed but CheckSum remains the same, request CopyState: /js/src/utils.js
2018-08-23 16:34:44: File ModTime changed but CheckSum remains the same, request CopyState: /js/src/Valine.min.js
2018-08-23 16:34:44: File ModTime changed but CheckSum remains the same, request CopyState: /lib/bookmark/bookmark.min.js
2018-08-23 16:34:44: File ModTime changed but CheckSum remains the same, request CopyState: /lib/bookmark/index.js
2018-08-23 16:34:44: File ModTime changed but CheckSum remains the same, request CopyState: /lib/bookmark/LICENSE
2018-08-23 16:34:44: File ModTime changed but CheckSum remains the same, request CopyState: /lib/bookmark/package.json
2018-08-23 16:34:44: File ModTime changed but CheckSum remains the same, request CopyState: /lib/bookmark/README.html
2018-08-23 16:34:44: File ModTime changed but CheckSum remains the same, request CopyState: /lib/canvas-nest/canvas-nest.min.js
2018-08-23 16:34:44: File ModTime changed but CheckSum remains the same, request CopyState: /lib/canvas-nest/LICENSE
2018-08-23 16:34:44: File ModTime changed but CheckSum remains the same, request CopyState: /lib/canvas-nest/README.html
2018-08-23 16:34:44: File ModTime changed but CheckSum remains the same, request CopyState: /lib/fancybox/LICENSE
2018-08-23 16:34:44: File ModTime changed but CheckSum remains the same, request CopyState: /lib/fancybox/README.html
2018-08-23 16:34:44: File ModTime changed but CheckSum remains the same, request CopyState: /lib/fancybox/source/blank.gif
2018-08-23 16:34:44: File ModTime changed but CheckSum remains the same, request CopyState: /lib/fancybox/source/fancybox_loading.gif
2018-08-23 16:34:44: File ModTime changed but CheckSum remains the same, request CopyState: /lib/fancybox/source/fancybox_loading@2x.gif
2018-08-23 16:34:44: File ModTime changed but CheckSum remains the same, request CopyState: /lib/fancybox/source/fancybox_overlay.png
2018-08-23 16:34:44: File ModTime changed but CheckSum remains the same, request CopyState: /lib/fancybox/source/fancybox_sprite.png
2018-08-23 16:34:44: File ModTime changed but CheckSum remains the same, request CopyState: /lib/fancybox/source/fancybox_sprite@2x.png
2018-08-23 16:34:44: File ModTime changed but CheckSum remains the same, request CopyState: /lib/fancybox/source/helpers/fancybox_buttons.png
2018-08-23 16:34:44: File ModTime changed but CheckSum remains the same, request CopyState: /lib/fancybox/source/helpers/jquery.fancybox-buttons.css
2018-08-23 16:34:44: File ModTime changed but CheckSum remains the same, request CopyState: /lib/fancybox/source/helpers/jquery.fancybox-buttons.js
2018-08-23 16:34:44: File ModTime changed but CheckSum remains the same, request CopyState: /lib/fancybox/source/helpers/jquery.fancybox-media.js
2018-08-23 16:34:44: File ModTime changed but CheckSum remains the same, request CopyState: /lib/fancybox/source/helpers/jquery.fancybox-thumbs.css
2018-08-23 16:34:44: File ModTime changed but CheckSum remains the same, request CopyState: /lib/fancybox/source/helpers/jquery.fancybox-thumbs.js
2018-08-23 16:34:44: File ModTime changed but CheckSum remains the same, request CopyState: /lib/fancybox/source/jquery.fancybox.css
2018-08-23 16:34:44: File ModTime changed but CheckSum remains the same, request CopyState: /lib/fancybox/source/jquery.fancybox.js
2018-08-23 16:34:44: File ModTime changed but CheckSum remains the same, request CopyState: /lib/fancybox/source/jquery.fancybox.pack.js
2018-08-23 16:34:44: File ModTime changed but CheckSum remains the same, request CopyState: /lib/font-awesome/bower.json
2018-08-23 16:34:44: File ModTime changed but CheckSum remains the same, request CopyState: /lib/font-awesome/css/font-awesome.css
2018-08-23 16:34:44: File ModTime changed but CheckSum remains the same, request CopyState: /lib/font-awesome/css/font-awesome.css.map
2018-08-23 16:34:44: File ModTime changed but CheckSum remains the same, request CopyState: /lib/font-awesome/css/font-awesome.min.css
2018-08-23 16:34:44: File ModTime changed but CheckSum remains the same, request CopyState: /lib/font-awesome/fonts/fontawesome-webfont.eot
2018-08-23 16:34:44: File ModTime changed but CheckSum remains the same, request CopyState: /lib/font-awesome/fonts/fontawesome-webfont.woff
2018-08-23 16:34:44: File ModTime changed but CheckSum remains the same, request CopyState: /lib/font-awesome/fonts/fontawesome-webfont.woff2
2018-08-23 16:34:44: File ModTime changed but CheckSum remains the same, request CopyState: /lib/font-awesome/HELP-US-OUT.txt
2018-08-23 16:34:44: File ModTime changed but CheckSum remains the same, request CopyState: /lib/jquery/index.js
2018-08-23 16:34:44: File ModTime changed but CheckSum remains the same, request CopyState: /lib/pace/LICENSE
2018-08-23 16:34:44: File ModTime changed but CheckSum remains the same, request CopyState: /lib/pace/pace-theme-barber-shop.min.css
2018-08-23 16:34:44: File ModTime changed but CheckSum remains the same, request CopyState: /lib/pace/pace-theme-big-counter.min.css
2018-08-23 16:34:44: File ModTime changed but CheckSum remains the same, request CopyState: /lib/pace/pace-theme-bounce.min.css
2018-08-23 16:34:44: File ModTime changed but CheckSum remains the same, request CopyState: /lib/pace/pace-theme-center-atom.min.css
2018-08-23 16:34:44: File ModTime changed but CheckSum remains the same, request CopyState: /lib/pace/pace-theme-center-circle.min.css
2018-08-23 16:34:44: File ModTime changed but CheckSum remains the same, request CopyState: /lib/pace/pace-theme-center-radar.min.css
2018-08-23 16:34:44: File ModTime changed but CheckSum remains the same, request CopyState: /lib/pace/pace-theme-center-simple.min.css
2018-08-23 16:34:44: File ModTime changed but CheckSum remains the same, request CopyState: /lib/pace/pace-theme-corner-indicator.min.css
2018-08-23 16:34:44: File ModTime changed but CheckSum remains the same, request CopyState: /lib/pace/pace-theme-fill-left.min.css
2018-08-23 16:34:44: File ModTime changed but CheckSum remains the same, request CopyState: /lib/pace/pace-theme-flash.min.css
2018-08-23 16:34:44: File ModTime changed but CheckSum remains the same, request CopyState: /lib/pace/pace-theme-loading-bar.min.css
2018-08-23 16:34:44: File ModTime changed but CheckSum remains the same, request CopyState: /lib/pace/pace-theme-mac-osx.min.css
2018-08-23 16:34:44: File ModTime changed but CheckSum remains the same, request CopyState: /lib/pace/pace-theme-minimal.min.css
2018-08-23 16:34:44: File ModTime changed but CheckSum remains the same, request CopyState: /lib/pace/pace.min.js
2018-08-23 16:34:44: File ModTime changed but CheckSum remains the same, request CopyState: /lib/pace/README.html
2018-08-23 16:34:44: File ModTime changed but CheckSum remains the same, request CopyState: /lib/pangu/dist/pangu.js
2018-08-23 16:34:44: File ModTime changed but CheckSum remains the same, request CopyState: /lib/pangu/dist/pangu.js.map
2018-08-23 16:34:44: File ModTime changed but CheckSum remains the same, request CopyState: /lib/pangu/dist/pangu.min.js
2018-08-23 16:34:44: File ModTime changed but CheckSum remains the same, request CopyState: /lib/pangu/dist/pangu.min.js.map
2018-08-23 16:34:44: File ModTime changed but CheckSum remains the same, request CopyState: /lib/pangu/LICENSE
2018-08-23 16:34:44: File ModTime changed but CheckSum remains the same, request CopyState: /lib/pangu/README.html
2018-08-23 16:34:44: File ModTime changed but CheckSum remains the same, request CopyState: /lib/reading_progress/LICENSE
2018-08-23 16:34:44: File ModTime changed but CheckSum remains the same, request CopyState: /lib/reading_progress/package.json
2018-08-23 16:34:44: File ModTime changed but CheckSum remains the same, request CopyState: /lib/reading_progress/reading_progress.js
2018-08-23 16:34:44: File ModTime changed but CheckSum remains the same, request CopyState: /lib/reading_progress/reading_progress.min.js
2018-08-23 16:34:44: File ModTime changed but CheckSum remains the same, request CopyState: /lib/reading_progress/README.html
2018-08-23 16:34:44: File ModTime changed but CheckSum remains the same, request CopyState: /lib/ua-parser-js/dist/ua-parser.min.js
2018-08-23 16:34:44: File ModTime changed but CheckSum remains the same, request CopyState: /lib/ua-parser-js/dist/ua-parser.pack.js
2018-08-23 16:34:44: File ModTime changed but CheckSum remains the same, request CopyState: /lib/velocity/velocity.js
2018-08-23 16:34:44: File ModTime changed but CheckSum remains the same, request CopyState: /lib/velocity/velocity.min.js
2018-08-23 16:34:44: File ModTime changed but CheckSum remains the same, request CopyState: /lib/velocity/velocity.ui.js
2018-08-23 16:34:44: File ModTime changed but CheckSum remains the same, request CopyState: /lib/velocity/velocity.ui.min.js
2018-08-23 16:34:44: File ModTime changed but CheckSum remains the same, request CopyState: /live2dw/assets/miku.model.json
2018-08-23 16:34:44: File ModTime changed but CheckSum remains the same, request CopyState: /live2dw/assets/miku.physics.json
2018-08-23 16:34:44: File ModTime changed but CheckSum remains the same, request CopyState: /live2dw/assets/moc/miku.2048/texture_00.png
2018-08-23 16:34:44: File ModTime changed but CheckSum remains the same, request CopyState: /live2dw/assets/moc/miku.moc
2018-08-23 16:34:44: File ModTime changed but CheckSum remains the same, request CopyState: /live2dw/assets/mtn/miku_idle_01.mtn
2018-08-23 16:34:44: File ModTime changed but CheckSum remains the same, request CopyState: /live2dw/assets/mtn/miku_m_01.mtn
2018-08-23 16:34:44: File ModTime changed but CheckSum remains the same, request CopyState: /live2dw/assets/mtn/miku_m_02.mtn
2018-08-23 16:34:44: File ModTime changed but CheckSum remains the same, request CopyState: /live2dw/assets/mtn/miku_m_03.mtn
2018-08-23 16:34:44: File ModTime changed but CheckSum remains the same, request CopyState: /live2dw/assets/mtn/miku_m_04.mtn
2018-08-23 16:34:44: File ModTime changed but CheckSum remains the same, request CopyState: /live2dw/assets/mtn/miku_m_05.mtn
2018-08-23 16:34:44: File ModTime changed but CheckSum remains the same, request CopyState: /live2dw/assets/mtn/miku_m_06.mtn
2018-08-23 16:34:44: File ModTime changed but CheckSum remains the same, request CopyState: /live2dw/assets/mtn/miku_shake_01.mtn
2018-08-23 16:34:44: File ModTime changed but CheckSum remains the same, request CopyState: /live2dw/lib/L2Dwidget.0.min.js
2018-08-23 16:34:44: File ModTime changed but CheckSum remains the same, request CopyState: /live2dw/lib/L2Dwidget.0.min.js.map
2018-08-23 16:34:44: File ModTime changed but CheckSum remains the same, request CopyState: /live2dw/lib/L2Dwidget.min.js
2018-08-23 16:34:44: File ModTime changed but CheckSum remains the same, request CopyState: /live2dw/lib/L2Dwidget.min.js.map
2018-08-23 16:34:44: File ModTime changed but CheckSum remains the same, request CopyState: /page/2/index.html
2018-08-23 16:34:44: File ModTime changed but CheckSum remains the same, request CopyState: /page/3/index.html
2018-08-23 16:34:44: File ModTime changed but CheckSum remains the same, request CopyState: /page/4/index.html
2018-08-23 16:34:44: File ModTime changed but CheckSum remains the same, request CopyState: /post/12acf01b.html
2018-08-23 16:34:44: File ModTime changed but CheckSum remains the same, request CopyState: /post/13c8d3a0.html
2018-08-23 16:34:44: File ModTime changed but CheckSum remains the same, request CopyState: /post/16dd4349.html
2018-08-23 16:34:44: File ModTime changed but CheckSum remains the same, request CopyState: /post/23e28675.html
2018-08-23 16:34:44: File ModTime changed but CheckSum remains the same, request CopyState: /post/29cebcea.html
2018-08-23 16:34:44: File ModTime changed but CheckSum remains the same, request CopyState: /post/30631cd4.html
2018-08-23 16:34:44: File ModTime changed but CheckSum remains the same, request CopyState: /post/40ae08c3.html
2018-08-23 16:34:44: File ModTime changed but CheckSum remains the same, request CopyState: /post/47112e7a.html
2018-08-23 16:34:44: File ModTime changed but CheckSum remains the same, request CopyState: /post/4a17b156.html
2018-08-23 16:34:44: File ModTime changed but CheckSum remains the same, request CopyState: /post/5133767d.html
2018-08-23 16:34:44: File ModTime changed but CheckSum remains the same, request CopyState: /post/51937609.html
2018-08-23 16:34:44: File ModTime changed but CheckSum remains the same, request CopyState: /post/53b2030c.html
2018-08-23 16:34:44: File ModTime changed but CheckSum remains the same, request CopyState: /post/60a25379.html
2018-08-23 16:34:44: File ModTime changed but CheckSum remains the same, request CopyState: /post/60cd4fc4.html
2018-08-23 16:34:44: File ModTime changed but CheckSum remains the same, request CopyState: /post/65a05ef.html
2018-08-23 16:34:44: File ModTime changed but CheckSum remains the same, request CopyState: /post/6d7b9178.html
2018-08-23 16:34:44: File ModTime changed but CheckSum remains the same, request CopyState: /post/74b1112a.html
2018-08-23 16:34:44: File ModTime changed but CheckSum remains the same, request CopyState: /post/8b3b02a7.html
2018-08-23 16:34:44: File ModTime changed but CheckSum remains the same, request CopyState: /post/936c5fbe.html
2018-08-23 16:34:44: File ModTime changed but CheckSum remains the same, request CopyState: /post/b04d82e3.html
2018-08-23 16:34:44: File ModTime changed but CheckSum remains the same, request CopyState: /post/c9feff90.html
2018-08-23 16:34:44: File ModTime changed but CheckSum remains the same, request CopyState: /post/cf1235a7.html
2018-08-23 16:34:44: File ModTime changed but CheckSum remains the same, request CopyState: /post/e07f2122.html
2018-08-23 16:34:44: File ModTime changed but CheckSum remains the same, request CopyState: /post/fa20dd9d.html
2018-08-23 16:34:44: File ModTime changed but CheckSum remains the same, request CopyState: /post/fec62b1b.html
2018-08-23 16:34:44: File ModTime changed but CheckSum remains the same, request CopyState: /README.md
2018-08-23 16:34:44: File ModTime changed but CheckSum remains the same, request CopyState: /tags/Android/index.html
2018-08-23 16:34:44: File ModTime changed but CheckSum remains the same, request CopyState: /tags/C语言/index.html
2018-08-23 16:34:44: File ModTime changed but CheckSum remains the same, request CopyState: /tags/eNSP/index.html
2018-08-23 16:34:44: File ModTime changed but CheckSum remains the same, request CopyState: /tags/hexo/index.html
2018-08-23 16:34:44: File ModTime changed but CheckSum remains the same, request CopyState: /tags/ICT/index.html
2018-08-23 16:34:44: File ModTime changed but CheckSum remains the same, request CopyState: /tags/index.html
2018-08-23 16:34:44: File ModTime changed but CheckSum remains the same, request CopyState: /tags/Java/index.html
2018-08-23 16:34:44: File ModTime changed but CheckSum remains the same, request CopyState: /tags/Linux/index.html
2018-08-23 16:34:44: File ModTime changed but CheckSum remains the same, request CopyState: /tags/MySQL/index.html
2018-08-23 16:34:44: File ModTime changed but CheckSum remains the same, request CopyState: /tags/python/index.html
2018-08-23 16:34:44: File ModTime changed but CheckSum remains the same, request CopyState: /tags/Testing/index.html
2018-08-23 16:34:44: File ModTime changed but CheckSum remains the same, request CopyState: /tags/Ubuntu/index.html
2018-08-23 16:34:44: File ModTime changed but CheckSum remains the same, request CopyState: /tags/uefi/index.html
2018-08-23 16:34:44: File ModTime changed but CheckSum remains the same, request CopyState: /tags/vps/index.html
2018-08-23 16:34:44: File ModTime changed but CheckSum remains the same, request CopyState: /tags/windows/index.html
2018-08-23 16:34:44: File ModTime changed but CheckSum remains the same, request CopyState: /tags/免流/index.html
2018-08-23 16:34:44: File ModTime changed but CheckSum remains the same, request CopyState: /tags/励志/index.html
2018-08-23 16:34:44: File ModTime changed but CheckSum remains the same, request CopyState: /tags/区块链/index.html
2018-08-23 16:34:44: File ModTime changed but CheckSum remains the same, request CopyState: /tags/学习/index.html
2018-08-23 16:34:44: File ModTime changed but CheckSum remains the same, request CopyState: /tags/情感/index.html
2018-08-23 16:34:44: File ModTime changed but CheckSum remains the same, request CopyState: /tags/数据库/index.html
2018-08-23 16:34:44: File ModTime changed but CheckSum remains the same, request CopyState: /tags/数据通信/index.html
2018-08-23 16:34:44: File ModTime changed but CheckSum remains the same, request CopyState: /tags/梦想/index.html
2018-08-23 16:34:44: File ModTime changed but CheckSum remains the same, request CopyState: /tags/比特币/index.html
2018-08-23 16:34:44: File ModTime changed but CheckSum remains the same, request CopyState: /tags/爬虫/index.html
2018-08-23 16:34:44: File ModTime changed but CheckSum remains the same, request CopyState: /tags/生活/index.html
2018-08-23 16:34:44: File ModTime changed but CheckSum remains the same, request CopyState: /tags/网络/index.html
2018-08-23 16:34:44: File ModTime changed but CheckSum remains the same, request CopyState: /tags/课程设计/index.html
2018-08-23 16:34:44: File ModTime changed but CheckSum remains the same, request CopyState: /top/index.html
2018-08-23 16:36:21: 变更：22， 冲突：0， 复制时间：0， 复制状态：203， 错误： 0, All: 307
2018-08-23 16:36:21: Left to Right: Copy File: 22 
2018-08-23 16:36:21: -- 分析已结束。历时 00:01:47, 速度： 6 文件/秒
2018-08-23 16:36:21: 
2018-08-23 16:36:55: == 同步开始由 User Command
2018-08-23 16:36:56: FTP [class 0]: Listing one file is not supported (returns nothing): cannot start transfer: 550: Not a directory
2018-08-23 16:36:57: 覆盖复制 'F:/blog/public/about/index.html' -> 'ftp://v0.ftp.upyun.com/about/index.html' (35,219)
- 错误: Copying file: server says after data transfer: 550: {"msg":"too many requests of the same uri","code":42900002,"id":"7da8bc9fe6a38688dad225b1a61b8e01"}
2018-08-23 16:36:58: Copy Confirmed by CheckSum: ftp://v0.ftp.upyun.com/atom.xml
2018-08-23 16:36:58: 覆盖复制 'F:/blog/public/atom.xml' -> 'ftp://v0.ftp.upyun.com/atom.xml' (395,984)
2018-08-23 16:36:58: 覆盖复制 'F:/blog/public/baidusitemap.xml' -> 'ftp://v0.ftp.upyun.com/baidusitemap.xml' (18,419)
- 错误: Copying file: server says after data transfer: 550: {"msg":"too many requests of the same uri","code":42900002,"id":"1fe05906abdb226da41000938a81993e"}
2018-08-23 16:36:59: 覆盖复制 'F:/blog/public/categories/index.html' -> 'ftp://v0.ftp.upyun.com/categories/index.html' (35,832)
- 错误: Copying file: server says after data transfer: 550: {"msg":"too many requests of the same uri","code":42900002,"id":"c3491894fa2985807edbbd386954c20a"}
2018-08-23 16:37:00: Copy Confirmed by CheckSum: ftp://v0.ftp.upyun.com/css/main.css
2018-08-23 16:37:00: 覆盖复制 'F:/blog/public/css/main.css' -> 'ftp://v0.ftp.upyun.com/css/main.css' (68,193)
2018-08-23 16:37:00: 覆盖复制 'F:/blog/public/index.html' -> 'ftp://v0.ftp.upyun.com/index.html' (81,145)
- 错误: Copying file: server says after data transfer: 550: {"msg":"too many requests of the same uri","code":42900002,"id":"42dec70e8c1253289e2ec10c537f2102"}
2018-08-23 16:37:00: 覆盖复制 'F:/blog/public/post/106fc1c3.html' -> 'ftp://v0.ftp.upyun.com/post/106fc1c3.html' (44,814)
- 错误: Copying file: server says after data transfer: 550: {"msg":"too many requests of the same uri","code":42900002,"id":"2690d1226fbeaad787dcc02b44afa12e"}
2018-08-23 16:37:01: Copy Confirmed by CheckSum: ftp://v0.ftp.upyun.com/post/1bb05bfb.html
2018-08-23 16:37:01: 覆盖复制 'F:/blog/public/post/1bb05bfb.html' -> 'ftp://v0.ftp.upyun.com/post/1bb05bfb.html' (44,475)
2018-08-23 16:37:02: 覆盖复制 'F:/blog/public/post/63840324.html' -> 'ftp://v0.ftp.upyun.com/post/63840324.html' (48,129)
- 错误: Copying file: server says after data transfer: 550: {"msg":"too many requests of the same uri","code":42900002,"id":"30d9e4fed5722109711857d2c5cce427"}
2018-08-23 16:37:02: 覆盖复制 'F:/blog/public/post/72dd6893.html' -> 'ftp://v0.ftp.upyun.com/post/72dd6893.html' (44,377)
- 错误: Copying file: server says after data transfer: 550: {"msg":"too many requests of the same uri","code":42900002,"id":"0a7df4deef1fff4952b235dfe07314a8"}
2018-08-23 16:37:02: 覆盖复制 'F:/blog/public/post/8c8e25d.html' -> 'ftp://v0.ftp.upyun.com/post/8c8e25d.html' (69,241)
- 错误: Copying file: server says after data transfer: 550: {"msg":"too many requests of the same uri","code":42900002,"id":"457b945ab915c78812075896e74fd862"}
2018-08-23 16:37:03: 覆盖复制 'F:/blog/public/post/98bc273a.html' -> 'ftp://v0.ftp.upyun.com/post/98bc273a.html' (47,339)
- 错误: Copying file: server says after data transfer: 550: {"msg":"too many requests of the same uri","code":42900002,"id":"70e1b884c9045d67de3957a8f2524010"}
2018-08-23 16:37:04: Copy Confirmed by CheckSum: ftp://v0.ftp.upyun.com/post/9a8cdc59.html
2018-08-23 16:37:04: 覆盖复制 'F:/blog/public/post/9a8cdc59.html' -> 'ftp://v0.ftp.upyun.com/post/9a8cdc59.html' (106,752)
2018-08-23 16:37:04: 覆盖复制 'F:/blog/public/post/a033ab3f.html' -> 'ftp://v0.ftp.upyun.com/post/a033ab3f.html' (50,206)
- 错误: Copying file: server says after data transfer: 550: {"msg":"too many requests of the same uri","code":42900002,"id":"93c821bcbef4ef808111c866bd8f9368"}
2018-08-23 16:37:04: 覆盖复制 'F:/blog/public/post/a11ee691.html' -> 'ftp://v0.ftp.upyun.com/post/a11ee691.html' (41,353)
- 错误: Copying file: server says after data transfer: 550: {"msg":"too many requests of the same uri","code":42900002,"id":"12559a32aaa1e6d7298c8f5cfdaf6f44"}
2018-08-23 16:37:06: Copy Confirmed by CheckSum: ftp://v0.ftp.upyun.com/post/a84d1ef1.html
2018-08-23 16:37:06: 覆盖复制 'F:/blog/public/post/a84d1ef1.html' -> 'ftp://v0.ftp.upyun.com/post/a84d1ef1.html' (59,184)
2018-08-23 16:37:06: 覆盖复制 'F:/blog/public/post/cd12463.html' -> 'ftp://v0.ftp.upyun.com/post/cd12463.html' (48,677)
- 错误: Copying file: server says after data transfer: 550: {"msg":"too many requests of the same uri","code":42900002,"id":"94241ae36a6cd87be433203190ed7e73"}
2018-08-23 16:37:06: 覆盖复制 'F:/blog/public/post/d87f7e0c.html' -> 'ftp://v0.ftp.upyun.com/post/d87f7e0c.html' (42,570)
- 错误: Copying file: server says after data transfer: 550: {"msg":"too many requests of the same uri","code":42900002,"id":"bd3ed390b1deb3bebe8d074709fe1407"}
2018-08-23 16:37:07: Copy Confirmed by CheckSum: ftp://v0.ftp.upyun.com/post/fa0e7c88.html
2018-08-23 16:37:07: 覆盖复制 'F:/blog/public/post/fa0e7c88.html' -> 'ftp://v0.ftp.upyun.com/post/fa0e7c88.html' (48,219)
2018-08-23 16:37:07: 覆盖复制 'F:/blog/public/post/fdf0e152.html' -> 'ftp://v0.ftp.upyun.com/post/fdf0e152.html' (41,272)
- 错误: Copying file: server says after data transfer: 550: {"msg":"too many requests of the same uri","code":42900002,"id":"4b409612760f4197d92094f431c4a4aa"}
2018-08-23 16:37:08: Copy Confirmed by CheckSum: ftp://v0.ftp.upyun.com/search.xml
2018-08-23 16:37:08: 覆盖复制 'F:/blog/public/search.xml' -> 'ftp://v0.ftp.upyun.com/search.xml' (208,169)
2018-08-23 16:37:09: 覆盖复制 'F:/blog/public/sitemap.xml' -> 'ftp://v0.ftp.upyun.com/sitemap.xml' (6,081)
- 错误: Copying file: server says after data transfer: 550: {"msg":"too many requests of the same uri","code":42900002,"id":"6c9713623b1d5030bee4059575f5edaa"}
2018-08-23 16:37:10: == 同步完成. 历时: 00:00:15, 速度: 181 KB/s, 完成: 210, 错误: 15
2018-08-23 16:37:10: 
