2018-10-08 17:34:30: FTP [class 0]: Listing one file is not supported (returns nothing): cannot start transfer: 550: Not a directory
2018-10-08 17:34:30: -- 分析开始 User Command
2018-10-08 17:34:32: Not using/deleting cached state file, because remote state file has changed since last Sync:
State file: ftp://v0.ftp.upyun.com/_gsdata_/_file_state_v4._gs
name= folder=0 link=0 file=0 attrs=0 size=-1 mod-time=(null-time) cre-time=(null-time) ab=0 ckt=0 cks= dsply= cmnt= != 
name=_file_state_v4._gs folder=0 link=0 file=1 attrs=0 size=1362 mod-time=2018-10-08 16:43:00 cre-time=2018-10-08 16:43:00 ab=0 ckt=0 cks= dsply= cmnt=
2018-10-08 17:34:32: 右侧: State file does not exist: ftp://v0.ftp.upyun.com/_gsdata_/_file_state_v4._gs
2018-10-08 17:34:56: /about/index.html: 警告：较旧的文件将替换较新的文件
2018-10-08 17:34:56: /archives/index.html: 警告：较旧的文件将替换较新的文件
2018-10-08 17:34:56: /assets/js/Meting.min.js: 警告：较旧的文件将替换较新的文件
2018-10-08 17:34:56: /atom.xml: 警告：较旧的文件将替换较新的文件
2018-10-08 17:34:56: /baidusitemap.xml: 警告：较旧的文件将替换较新的文件
2018-10-08 17:34:56: /categories/Android/index.html: 警告：较旧的文件将替换较新的文件
2018-10-08 17:34:56: /categories/C语言/index.html: 警告：较旧的文件将替换较新的文件
2018-10-08 17:34:56: /categories/index.html: 警告：较旧的文件将替换较新的文件
2018-10-08 17:34:56: /categories/Java/index.html: 警告：较旧的文件将替换较新的文件
2018-10-08 17:34:56: /categories/python/index.html: 警告：较旧的文件将替换较新的文件
2018-10-08 17:34:56: /categories/vps/index.html: 警告：较旧的文件将替换较新的文件
2018-10-08 17:34:56: /categories/数据库/index.html: 警告：较旧的文件将替换较新的文件
2018-10-08 17:34:56: /categories/汇编/index.html: 警告：较旧的文件将替换较新的文件
2018-10-08 17:34:56: /categories/转载/index.html: 警告：较旧的文件将替换较新的文件
2018-10-08 17:34:56: /categories/闲读/index.html: 警告：较旧的文件将替换较新的文件
2018-10-08 17:34:56: /categories/音乐/index.html: 警告：较旧的文件将替换较新的文件
2018-10-08 17:34:56: /CNAME: 警告：较旧的文件将替换较新的文件
2018-10-08 17:34:56: /css/blog-encrypt.css: 警告：较旧的文件将替换较新的文件
2018-10-08 17:34:56: /css/main.css: 警告：较旧的文件将替换较新的文件
2018-10-08 17:34:56: /images/algolia_logo.svg: 警告：较旧的文件将替换较新的文件
2018-10-08 17:34:56: /images/apple-touch-icon-next.ico: 警告：较旧的文件将替换较新的文件
2018-10-08 17:34:56: /images/apple-touch-icon-next.png: 警告：较旧的文件将替换较新的文件
2018-10-08 17:34:56: /images/avatar.gif: 警告：较旧的文件将替换较新的文件
2018-10-08 17:34:56: /images/background2.jpg: 警告：较旧的文件将替换较新的文件
2018-10-08 17:34:56: /images/background3.jpg: 警告：较旧的文件将替换较新的文件
2018-10-08 17:34:56: /images/background5.jpg: 警告：较旧的文件将替换较新的文件
2018-10-08 17:34:56: /images/background6.jpg: 警告：较旧的文件将替换较新的文件
2018-10-08 17:34:56: /images/cc-by-nc-sa.svg: 警告：较旧的文件将替换较新的文件
2018-10-08 17:34:56: /images/cc-by-nc.svg: 警告：较旧的文件将替换较新的文件
2018-10-08 17:34:56: /images/cc-by-nd.svg: 警告：较旧的文件将替换较新的文件
2018-10-08 17:34:56: /images/cc-by.svg: 警告：较旧的文件将替换较新的文件
2018-10-08 17:34:56: /images/cc-zero.svg: 警告：较旧的文件将替换较新的文件
2018-10-08 17:34:56: /images/favicon-16x16-next.ico: 警告：较旧的文件将替换较新的文件
2018-10-08 17:34:56: /images/favicon-16x16-next.png: 警告：较旧的文件将替换较新的文件
2018-10-08 17:34:56: /images/favicon-32x32-next.ico: 警告：较旧的文件将替换较新的文件
2018-10-08 17:34:56: /images/favicon-32x32-next.png: 警告：较旧的文件将替换较新的文件
2018-10-08 17:34:56: /images/favicon-48x48-next.ico: 警告：较旧的文件将替换较新的文件
2018-10-08 17:34:56: /images/head.png: 警告：较旧的文件将替换较新的文件
2018-10-08 17:34:56: /images/loading.gif: 警告：较旧的文件将替换较新的文件
2018-10-08 17:34:56: /images/placeholder.gif: 警告：较旧的文件将替换较新的文件
2018-10-08 17:34:56: /images/quote-r.svg: 警告：较旧的文件将替换较新的文件
2018-10-08 17:34:56: /images/searchicon.png: 警告：较旧的文件将替换较新的文件
2018-10-08 17:34:56: /js/src/affix.js: 警告：较旧的文件将替换较新的文件
2018-10-08 17:34:56: /js/src/algolia-search.js: 警告：较旧的文件将替换较新的文件
2018-10-08 17:34:56: /js/src/av-min.js: 警告：较旧的文件将替换较新的文件
2018-10-08 17:34:56: /js/src/clicklove.js: 警告：较旧的文件将替换较新的文件
2018-10-08 17:34:56: /js/src/post-details.js: 警告：较旧的文件将替换较新的文件
2018-10-08 17:34:56: /js/src/schemes/pisces.js: 警告：较旧的文件将替换较新的文件
2018-10-08 17:34:56: /js/src/scroll-cookie.js: 警告：较旧的文件将替换较新的文件
2018-10-08 17:34:56: /js/src/utils.js: 警告：较旧的文件将替换较新的文件
2018-10-08 17:34:56: /js/src/Valine.min.js: 警告：较旧的文件将替换较新的文件
2018-10-08 17:34:56: /lib/bookmark/bookmark.min.js: 警告：较旧的文件将替换较新的文件
2018-10-08 17:34:56: /lib/bookmark/LICENSE: 警告：较旧的文件将替换较新的文件
2018-10-08 17:34:56: /lib/bookmark/README.html: 警告：较旧的文件将替换较新的文件
2018-10-08 17:34:56: /lib/canvas-nest/canvas-nest.min.js: 警告：较旧的文件将替换较新的文件
2018-10-08 17:34:56: /lib/canvas-nest/README.html: 警告：较旧的文件将替换较新的文件
2018-10-08 17:34:56: /lib/crypto-js.js: 警告：较旧的文件将替换较新的文件
2018-10-08 17:34:56: /lib/fancybox/LICENSE: 警告：较旧的文件将替换较新的文件
2018-10-08 17:34:56: /lib/fancybox/README.html: 警告：较旧的文件将替换较新的文件
2018-10-08 17:34:56: /lib/fancybox/source/blank.gif: 警告：较旧的文件将替换较新的文件
2018-10-08 17:34:56: /lib/fancybox/source/fancybox_loading.gif: 警告：较旧的文件将替换较新的文件
2018-10-08 17:34:56: /lib/fancybox/source/fancybox_sprite.png: 警告：较旧的文件将替换较新的文件
2018-10-08 17:34:56: /lib/fancybox/source/fancybox_sprite@2x.png: 警告：较旧的文件将替换较新的文件
2018-10-08 17:34:56: /lib/fancybox/source/helpers/jquery.fancybox-buttons.js: 警告：较旧的文件将替换较新的文件
2018-10-08 17:34:56: /lib/fancybox/source/helpers/jquery.fancybox-media.js: 警告：较旧的文件将替换较新的文件
2018-10-08 17:34:56: /lib/fancybox/source/helpers/jquery.fancybox-thumbs.css: 警告：较旧的文件将替换较新的文件
2018-10-08 17:34:56: /lib/fancybox/source/helpers/jquery.fancybox-thumbs.js: 警告：较旧的文件将替换较新的文件
2018-10-08 17:34:56: /lib/fancybox/source/jquery.fancybox.css: 警告：较旧的文件将替换较新的文件
2018-10-08 17:34:56: /lib/fancybox/source/jquery.fancybox.js: 警告：较旧的文件将替换较新的文件
2018-10-08 17:34:56: /lib/font-awesome/css/font-awesome.css: 警告：较旧的文件将替换较新的文件
2018-10-08 17:34:56: /lib/font-awesome/css/font-awesome.css.map: 警告：较旧的文件将替换较新的文件
2018-10-08 17:34:56: /lib/font-awesome/css/font-awesome.min.css: 警告：较旧的文件将替换较新的文件
2018-10-08 17:34:56: /lib/font-awesome/fonts/fontawesome-webfont.eot: 警告：较旧的文件将替换较新的文件
2018-10-08 17:34:56: /lib/font-awesome/fonts/fontawesome-webfont.woff: 警告：较旧的文件将替换较新的文件
2018-10-08 17:34:56: /lib/font-awesome/fonts/fontawesome-webfont.woff2: 警告：较旧的文件将替换较新的文件
2018-10-08 17:34:56: /lib/font-awesome/HELP-US-OUT.txt: 警告：较旧的文件将替换较新的文件
2018-10-08 17:34:56: /lib/jquery/index.js: 警告：较旧的文件将替换较新的文件
2018-10-08 17:34:56: /lib/pace/pace-theme-barber-shop.min.css: 警告：较旧的文件将替换较新的文件
2018-10-08 17:34:56: /lib/pace/pace-theme-big-counter.min.css: 警告：较旧的文件将替换较新的文件
2018-10-08 17:34:56: /lib/pace/pace-theme-center-atom.min.css: 警告：较旧的文件将替换较新的文件
2018-10-08 17:34:56: /lib/pace/pace-theme-center-radar.min.css: 警告：较旧的文件将替换较新的文件
2018-10-08 17:34:56: /lib/pace/pace-theme-center-simple.min.css: 警告：较旧的文件将替换较新的文件
2018-10-08 17:34:56: /lib/pace/pace-theme-corner-indicator.min.css: 警告：较旧的文件将替换较新的文件
2018-10-08 17:34:56: /lib/pace/pace-theme-flash.min.css: 警告：较旧的文件将替换较新的文件
2018-10-08 17:34:56: /lib/pace/pace-theme-loading-bar.min.css: 警告：较旧的文件将替换较新的文件
2018-10-08 17:34:56: /lib/pace/pace-theme-mac-osx.min.css: 警告：较旧的文件将替换较新的文件
2018-10-08 17:34:56: /lib/pace/pace-theme-minimal.min.css: 警告：较旧的文件将替换较新的文件
2018-10-08 17:34:56: /lib/pace/pace.min.js: 警告：较旧的文件将替换较新的文件
2018-10-08 17:34:56: /lib/pace/README.html: 警告：较旧的文件将替换较新的文件
2018-10-08 17:34:56: /lib/pangu/dist/pangu.js.map: 警告：较旧的文件将替换较新的文件
2018-10-08 17:34:56: /lib/pangu/dist/pangu.min.js: 警告：较旧的文件将替换较新的文件
2018-10-08 17:34:56: /lib/pangu/LICENSE: 警告：较旧的文件将替换较新的文件
2018-10-08 17:34:56: /lib/pangu/README.html: 警告：较旧的文件将替换较新的文件
2018-10-08 17:34:56: /lib/reading_progress/LICENSE: 警告：较旧的文件将替换较新的文件
2018-10-08 17:34:56: /lib/reading_progress/package.json: 警告：较旧的文件将替换较新的文件
2018-10-08 17:34:56: /lib/reading_progress/reading_progress.min.js: 警告：较旧的文件将替换较新的文件
2018-10-08 17:34:56: /lib/reading_progress/README.html: 警告：较旧的文件将替换较新的文件
2018-10-08 17:34:56: /lib/ua-parser-js/dist/ua-parser.min.js: 警告：较旧的文件将替换较新的文件
2018-10-08 17:34:56: /lib/ua-parser-js/dist/ua-parser.pack.js: 警告：较旧的文件将替换较新的文件
2018-10-08 17:34:56: /lib/velocity/velocity.js: 警告：较旧的文件将替换较新的文件
2018-10-08 17:34:56: /lib/velocity/velocity.min.js: 警告：较旧的文件将替换较新的文件
2018-10-08 17:34:56: /lib/velocity/velocity.ui.js: 警告：较旧的文件将替换较新的文件
2018-10-08 17:34:56: /lib/velocity/velocity.ui.min.js: 警告：较旧的文件将替换较新的文件
2018-10-08 17:34:56: /live2dw/assets/miku.model.json: 警告：较旧的文件将替换较新的文件
2018-10-08 17:34:56: /live2dw/assets/miku.physics.json: 警告：较旧的文件将替换较新的文件
2018-10-08 17:34:56: /live2dw/assets/moc/miku.2048/texture_00.png: 警告：较旧的文件将替换较新的文件
2018-10-08 17:34:56: /live2dw/assets/moc/miku.moc: 警告：较旧的文件将替换较新的文件
2018-10-08 17:34:56: /live2dw/assets/mtn/miku_idle_01.mtn: 警告：较旧的文件将替换较新的文件
2018-10-08 17:34:56: /live2dw/assets/mtn/miku_m_01.mtn: 警告：较旧的文件将替换较新的文件
2018-10-08 17:34:56: /live2dw/assets/mtn/miku_m_02.mtn: 警告：较旧的文件将替换较新的文件
2018-10-08 17:34:56: /live2dw/assets/mtn/miku_m_03.mtn: 警告：较旧的文件将替换较新的文件
2018-10-08 17:34:56: /live2dw/assets/mtn/miku_m_05.mtn: 警告：较旧的文件将替换较新的文件
2018-10-08 17:34:56: /live2dw/assets/mtn/miku_m_06.mtn: 警告：较旧的文件将替换较新的文件
2018-10-08 17:34:56: /live2dw/lib/L2Dwidget.0.min.js: 警告：较旧的文件将替换较新的文件
2018-10-08 17:34:56: /live2dw/lib/L2Dwidget.0.min.js.map: 警告：较旧的文件将替换较新的文件
2018-10-08 17:34:56: /live2dw/lib/L2Dwidget.min.js: 警告：较旧的文件将替换较新的文件
2018-10-08 17:34:56: /live2dw/lib/L2Dwidget.min.js.map: 警告：较旧的文件将替换较新的文件
2018-10-08 17:34:56: /page/2/index.html: 警告：较旧的文件将替换较新的文件
2018-10-08 17:34:56: /page/3/index.html: 警告：较旧的文件将替换较新的文件
2018-10-08 17:34:56: /page/4/index.html: 警告：较旧的文件将替换较新的文件
2018-10-08 17:34:56: /post/106fc1c3.html: 警告：较旧的文件将替换较新的文件
2018-10-08 17:34:56: /post/13c8d3a0.html: 警告：较旧的文件将替换较新的文件
2018-10-08 17:34:56: /post/16dd4349.html: 警告：较旧的文件将替换较新的文件
2018-10-08 17:34:56: /post/1bb05bfb.html: 警告：较旧的文件将替换较新的文件
2018-10-08 17:34:56: /post/23e28675.html: 警告：较旧的文件将替换较新的文件
2018-10-08 17:34:56: /post/29cebcea.html: 警告：较旧的文件将替换较新的文件
2018-10-08 17:34:56: /post/30631cd4.html: 警告：较旧的文件将替换较新的文件
2018-10-08 17:34:56: /post/47112e7a.html: 警告：较旧的文件将替换较新的文件
2018-10-08 17:34:56: /post/5133767d.html: 警告：较旧的文件将替换较新的文件
2018-10-08 17:34:56: /post/53b2030c.html: 警告：较旧的文件将替换较新的文件
2018-10-08 17:34:56: /post/60a25379.html: 警告：较旧的文件将替换较新的文件
2018-10-08 17:34:56: /post/60cd4fc4.html: 警告：较旧的文件将替换较新的文件
2018-10-08 17:34:56: /post/63840324.html: 警告：较旧的文件将替换较新的文件
2018-10-08 17:34:56: /post/6d7b9178.html: 警告：较旧的文件将替换较新的文件
2018-10-08 17:34:56: /post/72dd6893.html: 警告：较旧的文件将替换较新的文件
2018-10-08 17:34:56: /post/74b1112a.html: 警告：较旧的文件将替换较新的文件
2018-10-08 17:34:56: /post/8b3b02a7.html: 警告：较旧的文件将替换较新的文件
2018-10-08 17:34:56: /post/8c8e25d.html: 警告：较旧的文件将替换较新的文件
2018-10-08 17:34:56: /post/936c5fbe.html: 警告：较旧的文件将替换较新的文件
2018-10-08 17:34:56: /post/98bc273a.html: 警告：较旧的文件将替换较新的文件
2018-10-08 17:34:56: /post/9a8cdc59.html: 警告：较旧的文件将替换较新的文件
2018-10-08 17:34:56: /post/a033ab3f.html: 警告：较旧的文件将替换较新的文件
2018-10-08 17:34:56: /post/a11ee691.html: 警告：较旧的文件将替换较新的文件
2018-10-08 17:34:56: /post/a84d1ef1.html: 警告：较旧的文件将替换较新的文件
2018-10-08 17:34:56: /post/b04d82e3.html: 警告：较旧的文件将替换较新的文件
2018-10-08 17:34:56: /post/bfc7c122.html: 警告：较旧的文件将替换较新的文件
2018-10-08 17:34:56: /post/cd12463.html: 警告：较旧的文件将替换较新的文件
2018-10-08 17:34:56: /post/d87f7e0c.html: 警告：较旧的文件将替换较新的文件
2018-10-08 17:34:56: /post/e07f2122.html: 警告：较旧的文件将替换较新的文件
2018-10-08 17:34:56: /post/fdf0e152.html: 警告：较旧的文件将替换较新的文件
2018-10-08 17:34:56: /search.xml: 警告：较旧的文件将替换较新的文件
2018-10-08 17:34:56: /sitemap.xml: 警告：较旧的文件将替换较新的文件
2018-10-08 17:34:56: /tags/Android/index.html: 警告：较旧的文件将替换较新的文件
2018-10-08 17:34:56: /tags/C语言/index.html: 警告：较旧的文件将替换较新的文件
2018-10-08 17:34:56: /tags/eNSP/index.html: 警告：较旧的文件将替换较新的文件
2018-10-08 17:34:56: /tags/hexo/index.html: 警告：较旧的文件将替换较新的文件
2018-10-08 17:34:56: /tags/ICT/index.html: 警告：较旧的文件将替换较新的文件
2018-10-08 17:34:56: /tags/Java/index.html: 警告：较旧的文件将替换较新的文件
2018-10-08 17:34:56: /tags/Linux/index.html: 警告：较旧的文件将替换较新的文件
2018-10-08 17:34:56: /tags/MySQL/index.html: 警告：较旧的文件将替换较新的文件
2018-10-08 17:34:56: /tags/python/index.html: 警告：较旧的文件将替换较新的文件
2018-10-08 17:34:56: /tags/Testing/index.html: 警告：较旧的文件将替换较新的文件
2018-10-08 17:34:56: /tags/vps/index.html: 警告：较旧的文件将替换较新的文件
2018-10-08 17:34:56: /tags/免流/index.html: 警告：较旧的文件将替换较新的文件
2018-10-08 17:34:56: /tags/励志/index.html: 警告：较旧的文件将替换较新的文件
2018-10-08 17:34:56: /tags/区块链/index.html: 警告：较旧的文件将替换较新的文件
2018-10-08 17:34:56: /tags/学习/index.html: 警告：较旧的文件将替换较新的文件
2018-10-08 17:34:56: /tags/情感/index.html: 警告：较旧的文件将替换较新的文件
2018-10-08 17:34:56: /tags/数据库/index.html: 警告：较旧的文件将替换较新的文件
2018-10-08 17:34:56: /tags/数据通信/index.html: 警告：较旧的文件将替换较新的文件
2018-10-08 17:34:56: /tags/梦想/index.html: 警告：较旧的文件将替换较新的文件
2018-10-08 17:34:56: /tags/爬虫/index.html: 警告：较旧的文件将替换较新的文件
2018-10-08 17:34:56: /tags/生活/index.html: 警告：较旧的文件将替换较新的文件
2018-10-08 17:34:56: /tags/课程设计/index.html: 警告：较旧的文件将替换较新的文件
2018-10-08 17:34:56: /top/index.html: 警告：较旧的文件将替换较新的文件
2018-10-08 17:34:56: 变更：235， 冲突：0， 复制时间：0， 复制状态：85， 错误： 0, All: 321
2018-10-08 17:34:56: Left to Right: Copy File: 235 
2018-10-08 17:34:56: -- 分析已结束。历时 00:00:27, 速度： 11 文件/秒
2018-10-08 17:34:56: 
2018-10-08 17:35:18: == 同步开始由 User Command
2018-10-08 17:35:19: FTP [class 0]: Listing one file is not supported (returns nothing): cannot start transfer: 550: Not a directory
2018-10-08 17:35:21: 新建复制 'F:/blog/public/404.html' -> 'ftp://v0.ftp.upyun.com/404.html' (727)
- 错误: Cannot rename temp file to destination file: Server says: {"msg":"too many requests of the same uri","code":42900002,"id":"2dbb1049bb6e9962c32aa868123af0f9"}, Deleting: Server says: {"msg":"too many requests of the same uri","code":42900002,"id":"4d26a1c17e26c2a92fbb33103ac3f075"}
2018-10-08 17:35:22: 覆盖复制 'F:/blog/public/about/index.html' -> 'ftp://v0.ftp.upyun.com/about/index.html' (34,939)
- 错误: Cannot rename temp file to destination file: Server says: {"msg":"too many requests of the same uri","code":42900002,"id":"a943ecde43b82e4be519591d38332b24"}, Deleting: Server says: {"msg":"file or directory not found","code":40400001,"id":"6456f06e90d10cc46103ef76748d39d1"}
2018-10-08 17:35:23: 覆盖复制 'F:/blog/public/archives/index.html' -> 'ftp://v0.ftp.upyun.com/archives/index.html' (64,115)
- 错误: Cannot rename temp file to destination file: Server says: {"msg":"too many requests of the same uri","code":42900002,"id":"d15f7778b5efce706b2b89dfbde58a97"}, Deleting: Server says: {"msg":"too many requests of the same uri","code":42900002,"id":"687084b9e170c28196bb735253382ea8"}
2018-10-08 17:35:23: 新建复制 'F:/blog/public/assets/css/APlayer.min.css' -> 'ftp://v0.ftp.upyun.com/assets/css/APlayer.min.css' (12,528)
- 错误: Cannot rename temp file to destination file: Server says: {"msg":"too many requests of the same uri","code":42900002,"id":"cac1b71968b384c35267f3786b2c9b84"}, Deleting: Server says: {"msg":"too many requests of the same uri","code":42900002,"id":"abced0081ea829adfcc33cee454b465a"}
2018-10-08 17:35:24: 新建复制 'F:/blog/public/assets/js/APlayer.min.js' -> 'ftp://v0.ftp.upyun.com/assets/js/APlayer.min.js' (59,325)
- 错误: Cannot rename temp file to destination file: Server says: {"msg":"too many requests of the same uri","code":42900002,"id":"207a920f42807eec224c26c1ed20d034"}, Deleting: Server says: {"msg":"too many requests of the same uri","code":42900002,"id":"f1be8af626b5fb6f4fcf128e297488a6"}
2018-10-08 17:35:25: 覆盖复制 'F:/blog/public/assets/js/Meting.min.js' -> 'ftp://v0.ftp.upyun.com/assets/js/Meting.min.js' (1,795)
- 错误: Cannot rename temp file to destination file: Server says: {"msg":"too many requests of the same uri","code":42900002,"id":"9e921fb3421b7e965750b40ed2642b99"}, Deleting: Server says: {"msg":"file or directory not found","code":40400001,"id":"d023c13178a74d20c6050e4f414b4ac3"}
2018-10-08 17:35:26: 覆盖复制 'F:/blog/public/atom.xml' -> 'ftp://v0.ftp.upyun.com/atom.xml' (462,118)
- 错误: Cannot rename temp file to destination file: Server says: {"msg":"too many requests of the same uri","code":42900002,"id":"f613fc76bb202d5c59df346d5928682a"}, Deleting: Server says: {"msg":"file or directory not found","code":40400001,"id":"50cd4397c599e3ac3e0ed7f0a89cea00"}
2018-10-08 17:35:27: 覆盖复制 'F:/blog/public/baidusitemap.xml' -> 'ftp://v0.ftp.upyun.com/baidusitemap.xml' (19,928)
- 错误: Cannot rename temp file to destination file: Server says: {"msg":"too many requests of the same uri","code":42900002,"id":"aea279c2a4373c86a694f6a90d1f0098"}, Deleting: Server says: {"msg":"file or directory not found","code":40400001,"id":"9f11caa039bce06ae0df0246f6271849"}
2018-10-08 17:35:28: 覆盖复制 'F:/blog/public/categories/Android/index.html' -> 'ftp://v0.ftp.upyun.com/categories/Android/index.html' (34,481)
2018-10-08 17:35:29: 覆盖复制 'F:/blog/public/categories/C语言/index.html' -> 'ftp://v0.ftp.upyun.com/categories/C语言/index.html' (33,006)
- 错误: Cannot rename temp file to destination file: Server says: {"msg":"too many requests of the same uri","code":42900002,"id":"9b2ff281b4309fbe8268c38a05743883"}, Deleting: Server says: {"msg":"file or directory not found","code":40400001,"id":"25003280b7fb052c4cba31bb9ceac29b"}
2018-10-08 17:35:30: 新建复制 'F:/blog/public/categories/hexo/index.html' -> 'ftp://v0.ftp.upyun.com/categories/hexo/index.html' (37,865)
- 错误: Cannot rename temp file to destination file: Server says: {"msg":"too many requests of the same uri","code":42900002,"id":"27f8cc64cf947b98a5c1801703bf48fa"}
2018-10-08 17:35:31: 覆盖复制 'F:/blog/public/categories/index.html' -> 'ftp://v0.ftp.upyun.com/categories/index.html' (35,765)
- 错误: Cannot rename temp file to destination file: Server says: {"msg":"too many requests of the same uri","code":42900002,"id":"a3cb904569fa20c5e759a27600a4e7a7"}, Deleting: Server says: {"msg":"file or directory not found","code":40400001,"id":"4d72527f25f62742e980f2b32e28b683"}
2018-10-08 17:35:32: 覆盖复制 'F:/blog/public/categories/Java/index.html' -> 'ftp://v0.ftp.upyun.com/categories/Java/index.html' (33,702)
- 错误: Cannot rename temp file to destination file: Server says: {"msg":"too many requests of the same uri","code":42900002,"id":"19740bb47ec815c053519be6c3537db9"}, Deleting: Server says: {"msg":"file or directory not found","code":40400001,"id":"f3ba06fb89b5be988c0e277c12fca0b7"}
2018-10-08 17:35:33: 覆盖复制 'F:/blog/public/categories/python/index.html' -> 'ftp://v0.ftp.upyun.com/categories/python/index.html' (33,721)
2018-10-08 17:35:35: 覆盖复制 'F:/blog/public/categories/vps/index.html' -> 'ftp://v0.ftp.upyun.com/categories/vps/index.html' (33,016)
2018-10-08 17:35:36: 覆盖复制 'F:/blog/public/categories/数据库/index.html' -> 'ftp://v0.ftp.upyun.com/categories/数据库/index.html' (33,033)
2018-10-08 17:35:37: 新建复制 'F:/blog/public/categories/比特币/index.html' -> 'ftp://v0.ftp.upyun.com/categories/比特币/index.html' (33,044)
2018-10-08 17:35:38: 覆盖复制 'F:/blog/public/categories/汇编/index.html' -> 'ftp://v0.ftp.upyun.com/categories/汇编/index.html' (33,712)
- 错误: Cannot rename temp file to destination file: Server says: {"msg":"too many requests of the same uri","code":42900002,"id":"055e7bd333aa1511a52b9b9342272998"}, Deleting: Server says: {"msg":"file or directory not found","code":40400001,"id":"5db6f1c55172348aa82bfc8a3e9c36ae"}
2018-10-08 17:35:39: 新建复制 'F:/blog/public/categories/系统/index.html' -> 'ftp://v0.ftp.upyun.com/categories/系统/index.html' (33,765)
- 错误: Cannot rename temp file to destination file: Server says: {"msg":"too many requests of the same uri","code":42900002,"id":"2689d43578e0c08641a4ab73dd4316a3"}, Deleting: Server says: {"msg":"too many requests of the same uri","code":42900002,"id":"d71342734260d5aa54b057b9cd885e45"}
2018-10-08 17:35:39: 新建复制 'F:/blog/public/categories/网络/index.html' -> 'ftp://v0.ftp.upyun.com/categories/网络/index.html' (35,183)
- 错误: Cannot rename temp file to destination file: Server says: {"msg":"too many requests of the same uri","code":42900002,"id":"bbf5e9ca023c4345fb2da68a5d13740b"}, Deleting: Server says: {"msg":"too many requests of the same uri","code":42900002,"id":"e6e0feaf7274135003ee81a394e67874"}
2018-10-08 17:35:41: 覆盖复制 'F:/blog/public/categories/转载/index.html' -> 'ftp://v0.ftp.upyun.com/categories/转载/index.html' (33,088)
- 错误: Cannot rename temp file to destination file: Server says: {"msg":"too many requests of the same uri","code":42900002,"id":"a2b3f8e024a482488b48e613d623538f"}, Deleting: Server says: {"msg":"too many requests of the same uri","code":42900002,"id":"cd6d80793b2a197064bbb62688c1587c"}
2018-10-08 17:35:41: 覆盖复制 'F:/blog/public/categories/闲读/index.html' -> 'ftp://v0.ftp.upyun.com/categories/闲读/index.html' (33,740)
- 错误: Cannot rename temp file to destination file: Server says: {"msg":"too many requests of the same uri","code":42900002,"id":"2b00fe678439e8a49d5d978badc2c024"}, Deleting: Server says: {"msg":"file or directory not found","code":40400001,"id":"11808c1e4b7e3fc4f80521f0e3e949bb"}
2018-10-08 17:35:42: Stop requested by Stop By User: #1
2018-10-08 17:35:42: 覆盖复制 'F:/blog/public/categories/音乐/index.html' -> 'ftp://v0.ftp.upyun.com/categories/音乐/index.html' (33,001)
- 错误: Cannot rename temp file to destination file: Server says: {"msg":"too many requests of the same uri","code":42900002,"id":"561a35fa16d2fab78d1fb2343ed7324c"}, Deleting: stopped by Stop By User
2018-10-08 17:35:43: 保持文件状态 
- ERROR: Cannot move state file temp to perm: Server says: {"msg":"too many requests of the same uri","code":42900002,"id":"243b987a2c0ba66da520af3a9a48e7bb"}, Deleting: Server says: {"msg":"too many requests of the same uri","code":42900002,"id":"1fa609920efa382870658c5856a4e537"}
2018-10-08 17:35:43: stopped by Stop By User
2018-10-08 17:35:43: 
