2018-10-08 16:31:50: FTP [class 0]: Listing one file is not supported (returns nothing): cannot start transfer: 550: Not a directory
2018-10-08 16:31:50: -- 分析开始 User Command
2018-10-08 16:31:51: Not using/deleting cached state file, because remote state file has changed since last Sync:
State file: ftp://v0.ftp.upyun.com/_gsdata_/_file_state_v4._gs
name= folder=0 link=0 file=0 attrs=0 size=-1 mod-time=(null-time) cre-time=(null-time) ab=0 ckt=0 cks= dsply= cmnt= != 
name=_file_state_v4._gs folder=0 link=0 file=1 attrs=0 size=11001 mod-time=2018-09-05 09:30:00 cre-time=2018-09-05 09:30:00 ab=0 ckt=0 cks= dsply= cmnt=
2018-10-08 16:31:51: 右侧: State file does not exist: ftp://v0.ftp.upyun.com/_gsdata_/_file_state_v4._gs
2018-10-08 16:32:16: /404.html: 警告：较旧的文件将替换较新的文件
2018-10-08 16:32:16: /assets/css/APlayer.min.css: 警告：较旧的文件将替换较新的文件
2018-10-08 16:32:16: /baidusitemap.xml: 警告：较旧的文件将替换较新的文件
2018-10-08 16:32:16: /categories/vps/index.html: 警告：较旧的文件将替换较新的文件
2018-10-08 16:32:16: /categories/比特币/index.html: 警告：较旧的文件将替换较新的文件
2018-10-08 16:32:16: /categories/汇编/index.html: 警告：较旧的文件将替换较新的文件
2018-10-08 16:32:16: /CNAME: 警告：较旧的文件将替换较新的文件
2018-10-08 16:32:16: /css/blog-encrypt.css: 警告：较旧的文件将替换较新的文件
2018-10-08 16:32:16: /images/algolia_logo.svg: 警告：较旧的文件将替换较新的文件
2018-10-08 16:32:16: /images/apple-touch-icon-next.ico: 警告：较旧的文件将替换较新的文件
2018-10-08 16:32:16: /images/background4.jpg: 警告：较旧的文件将替换较新的文件
2018-10-08 16:32:16: /images/cc-by-nc-nd.svg: 警告：较旧的文件将替换较新的文件
2018-10-08 16:32:16: /images/favicon-16x16-next.ico: 警告：较旧的文件将替换较新的文件
2018-10-08 16:32:16: /images/favicon-48x48-next.ico: 警告：较旧的文件将替换较新的文件
2018-10-08 16:32:16: /images/quote-l.svg: 警告：较旧的文件将替换较新的文件
2018-10-08 16:32:16: /js/src/av-min.js: 警告：较旧的文件将替换较新的文件
2018-10-08 16:32:16: /js/src/scrollspy.js: 警告：较旧的文件将替换较新的文件
2018-10-08 16:32:16: /lib/canvas-nest/LICENSE: 警告：较旧的文件将替换较新的文件
2018-10-08 16:32:16: /lib/crypto-js.js: 警告：较旧的文件将替换较新的文件
2018-10-08 16:32:16: /lib/fancybox/source/fancybox_overlay.png: 警告：较旧的文件将替换较新的文件
2018-10-08 16:32:16: /lib/font-awesome/bower.json: 警告：较旧的文件将替换较新的文件
2018-10-08 16:32:16: /lib/font-awesome/css/font-awesome.min.css: 警告：较旧的文件将替换较新的文件
2018-10-08 16:32:16: /lib/font-awesome/fonts/fontawesome-webfont.woff: 警告：较旧的文件将替换较新的文件
2018-10-08 16:32:16: /lib/font-awesome/fonts/fontawesome-webfont.woff2: 警告：较旧的文件将替换较新的文件
2018-10-08 16:32:16: /lib/jquery/index.js: 警告：较旧的文件将替换较新的文件
2018-10-08 16:32:16: /lib/pace/pace-theme-center-circle.min.css: 警告：较旧的文件将替换较新的文件
2018-10-08 16:32:16: /lib/pace/pace-theme-fill-left.min.css: 警告：较旧的文件将替换较新的文件
2018-10-08 16:32:16: /lib/pace/pace-theme-mac-osx.min.css: 警告：较旧的文件将替换较新的文件
2018-10-08 16:32:16: /lib/pace/pace.min.js: 警告：较旧的文件将替换较新的文件
2018-10-08 16:32:16: /lib/pace/README.html: 警告：较旧的文件将替换较新的文件
2018-10-08 16:32:16: /lib/pangu/dist/pangu.min.js: 警告：较旧的文件将替换较新的文件
2018-10-08 16:32:16: /lib/pangu/dist/pangu.min.js.map: 警告：较旧的文件将替换较新的文件
2018-10-08 16:32:16: /lib/pangu/README.html: 警告：较旧的文件将替换较新的文件
2018-10-08 16:32:16: /lib/reading_progress/reading_progress.js: 警告：较旧的文件将替换较新的文件
2018-10-08 16:32:16: /lib/reading_progress/reading_progress.min.js: 警告：较旧的文件将替换较新的文件
2018-10-08 16:32:16: /lib/reading_progress/README.html: 警告：较旧的文件将替换较新的文件
2018-10-08 16:32:16: /lib/velocity/velocity.js: 警告：较旧的文件将替换较新的文件
2018-10-08 16:32:16: /lib/velocity/velocity.ui.min.js: 警告：较旧的文件将替换较新的文件
2018-10-08 16:32:16: /live2dw/assets/miku.model.json: 警告：较旧的文件将替换较新的文件
2018-10-08 16:32:16: /live2dw/lib/L2Dwidget.min.js: 警告：较旧的文件将替换较新的文件
2018-10-08 16:32:16: /live2dw/lib/L2Dwidget.min.js.map: 警告：较旧的文件将替换较新的文件
2018-10-08 16:32:16: /page/5/index.html: 警告：较旧的文件将替换较新的文件
2018-10-08 16:32:16: /post/106fc1c3.html: 警告：较旧的文件将替换较新的文件
2018-10-08 16:32:16: /post/29cebcea.html: 警告：较旧的文件将替换较新的文件
2018-10-08 16:32:16: /post/40ae08c3.html: 警告：较旧的文件将替换较新的文件
2018-10-08 16:32:16: /post/4546ca94.html: 警告：较旧的文件将替换较新的文件
2018-10-08 16:32:16: /post/51937609.html: 警告：较旧的文件将替换较新的文件
2018-10-08 16:32:16: /post/60a25379.html: 警告：较旧的文件将替换较新的文件
2018-10-08 16:32:16: /post/8b3b02a7.html: 警告：较旧的文件将替换较新的文件
2018-10-08 16:32:16: /post/9a8cdc59.html: 警告：较旧的文件将替换较新的文件
2018-10-08 16:32:16: /post/b04d82e3.html: 警告：较旧的文件将替换较新的文件
2018-10-08 16:32:16: /post/bfc7c122.html: 警告：较旧的文件将替换较新的文件
2018-10-08 16:32:16: /post/cd12463.html: 警告：较旧的文件将替换较新的文件
2018-10-08 16:32:16: /post/e07f2122.html: 警告：较旧的文件将替换较新的文件
2018-10-08 16:32:16: /post/fec62b1b.html: 警告：较旧的文件将替换较新的文件
2018-10-08 16:32:16: /README.md: 警告：较旧的文件将替换较新的文件
2018-10-08 16:32:16: /tags/Android/index.html: 警告：较旧的文件将替换较新的文件
2018-10-08 16:32:16: /tags/eNSP/index.html: 警告：较旧的文件将替换较新的文件
2018-10-08 16:32:16: /tags/hexo/index.html: 警告：较旧的文件将替换较新的文件
2018-10-08 16:32:16: /tags/MySQL/index.html: 警告：较旧的文件将替换较新的文件
2018-10-08 16:32:16: /tags/Ubuntu/index.html: 警告：较旧的文件将替换较新的文件
2018-10-08 16:32:16: /tags/uefi/index.html: 警告：较旧的文件将替换较新的文件
2018-10-08 16:32:16: /tags/windows/index.html: 警告：较旧的文件将替换较新的文件
2018-10-08 16:32:16: /tags/励志/index.html: 警告：较旧的文件将替换较新的文件
2018-10-08 16:32:16: /tags/区块链/index.html: 警告：较旧的文件将替换较新的文件
2018-10-08 16:32:16: /tags/教程/index.html: 警告：较旧的文件将替换较新的文件
2018-10-08 16:32:16: /tags/数据通信/index.html: 警告：较旧的文件将替换较新的文件
2018-10-08 16:32:16: /tags/比特币/index.html: 警告：较旧的文件将替换较新的文件
2018-10-08 16:32:16: /tags/汇编/index.html: 警告：较旧的文件将替换较新的文件
2018-10-08 16:32:16: 变更：235， 冲突：0， 复制时间：0， 复制状态：85， 错误： 0, All: 321
2018-10-08 16:32:16: Left to Right: Copy File: 235 
2018-10-08 16:32:16: -- 分析已结束。历时 00:00:27, 速度： 11 文件/秒
2018-10-08 16:32:16: 
2018-10-08 16:35:35: == 同步开始由 User Command
2018-10-08 16:35:38: FTP [class 0]: Listing one file is not supported (returns nothing): cannot start transfer: 550: Not a directory
2018-10-08 16:35:40: 覆盖复制 'F:/blog/public/404.html' -> 'ftp://v0.ftp.upyun.com/404.html' (727)
- 错误: Server says: {"msg":"too many requests of the same uri","code":42900002,"id":"c252c3f54a8049f682f1c3ec8f0fb768"}
2018-10-08 16:35:41: 新建复制 'F:/blog/public/about/index.html' -> 'ftp://v0.ftp.upyun.com/about/index.html' (34,939)
2018-10-08 16:35:42: 新建复制 'F:/blog/public/archives/index.html' -> 'ftp://v0.ftp.upyun.com/archives/index.html' (64,115)
2018-10-08 16:35:43: 覆盖复制 'F:/blog/public/assets/css/APlayer.min.css' -> 'ftp://v0.ftp.upyun.com/assets/css/APlayer.min.css' (12,528)
- 错误: Server says: {"msg":"too many requests of the same uri","code":42900002,"id":"4f2c877a29c75a5e35ed71a8a34d7c4b"}
2018-10-08 16:35:44: 新建复制 'F:/blog/public/assets/js/APlayer.min.js' -> 'ftp://v0.ftp.upyun.com/assets/js/APlayer.min.js' (59,325)
- 错误: Cannot rename temp file to destination file: Server says: {"msg":"too many requests of the same uri","code":42900002,"id":"f57b743231ea7e20f37411ad7e0babfe"}, Deleting: Server says: {"msg":"too many requests of the same uri","code":42900002,"id":"f317482434e9bb90e6979d88a87fb212"}
2018-10-08 16:35:44: 新建复制 'F:/blog/public/assets/js/Meting.min.js' -> 'ftp://v0.ftp.upyun.com/assets/js/Meting.min.js' (1,795)
- 错误: Cannot rename temp file to destination file: Server says: {"msg":"too many requests of the same uri","code":42900002,"id":"dbb3d1fe95dcd7de79cefb0ea8468eec"}, Deleting: Server says: {"msg":"too many requests of the same uri","code":42900002,"id":"8c253f037fd8cd06d0ee42b1d79c4e51"}
2018-10-08 16:35:47: 新建复制 'F:/blog/public/atom.xml' -> 'ftp://v0.ftp.upyun.com/atom.xml' (462,118)
- 错误: Cannot rename temp file to destination file: Server says: {"msg":"too many requests of the same uri","code":42900002,"id":"6f01f50aaf38844c997cea8c11fb7f33"}, Deleting: Server says: {"msg":"too many requests of the same uri","code":42900002,"id":"db44cc65fb8f129b24f5aa601a2658bc"}
2018-10-08 16:35:48: 覆盖复制 'F:/blog/public/baidusitemap.xml' -> 'ftp://v0.ftp.upyun.com/baidusitemap.xml' (19,928)
- 错误: Server says: {"msg":"too many requests of the same uri","code":42900002,"id":"66b8df75f68f9c229f38f212c0bf4702"}
2018-10-08 16:35:48: 新建复制 'F:/blog/public/categories/Android/index.html' -> 'ftp://v0.ftp.upyun.com/categories/Android/index.html' (34,481)
- 错误: Cannot rename temp file to destination file: Server says: {"msg":"too many requests of the same uri","code":42900002,"id":"c560f4b7556b0ed652f675b53344f572"}, Deleting: Server says: {"msg":"too many requests of the same uri","code":42900002,"id":"58b00c66cf4849847406987e5420b10a"}
2018-10-08 16:35:49: 新建复制 'F:/blog/public/categories/C语言/index.html' -> 'ftp://v0.ftp.upyun.com/categories/C语言/index.html' (33,006)
- 错误: Cannot rename temp file to destination file: Server says: {"msg":"too many requests of the same uri","code":42900002,"id":"0e8ebc24213b440e6e8b348c589040f1"}, Deleting: Server says: {"msg":"too many requests of the same uri","code":42900002,"id":"492f930b0a92b899551dc5b4c2f83646"}
2018-10-08 16:35:50: 新建复制 'F:/blog/public/categories/hexo/index.html' -> 'ftp://v0.ftp.upyun.com/categories/hexo/index.html' (37,865)
- 错误: Cannot rename temp file to destination file: Server says: {"msg":"too many requests of the same uri","code":42900002,"id":"045f4e38654a183a5b336d8bba15275e"}, Deleting: Server says: {"msg":"too many requests of the same uri","code":42900002,"id":"2f8c16c39f5dcde82269017b2723d7bc"}
2018-10-08 16:35:51: 新建复制 'F:/blog/public/categories/index.html' -> 'ftp://v0.ftp.upyun.com/categories/index.html' (35,765)
2018-10-08 16:35:52: 新建复制 'F:/blog/public/categories/Java/index.html' -> 'ftp://v0.ftp.upyun.com/categories/Java/index.html' (33,702)
- 错误: Cannot rename temp file to destination file: Server says: {"msg":"too many requests of the same uri","code":42900002,"id":"6d5a9121e0fbcd8f84926c9fd9317224"}, Deleting: Server says: {"msg":"too many requests of the same uri","code":42900002,"id":"dde8852e80d9af0d01b389a5c5aa5e04"}
2018-10-08 16:35:53: 新建复制 'F:/blog/public/categories/python/index.html' -> 'ftp://v0.ftp.upyun.com/categories/python/index.html' (33,721)
2018-10-08 16:35:54: 覆盖复制 'F:/blog/public/categories/vps/index.html' -> 'ftp://v0.ftp.upyun.com/categories/vps/index.html' (33,016)
- 错误: Server says: {"msg":"too many requests of the same uri","code":42900002,"id":"925c5c9ab8e4926cd5c4dc1941b2c1e5"}
2018-10-08 16:35:55: 新建复制 'F:/blog/public/categories/数据库/index.html' -> 'ftp://v0.ftp.upyun.com/categories/数据库/index.html' (33,033)
- 错误: Cannot rename temp file to destination file: Server says: {"msg":"too many requests of the same uri","code":42900002,"id":"51fa22cf75479b9932e9250d7f2e5b2a"}
2018-10-08 16:35:56: 覆盖复制 'F:/blog/public/categories/比特币/index.html' -> 'ftp://v0.ftp.upyun.com/categories/比特币/index.html' (33,044)
- 错误: Server says: {"msg":"too many requests of the same uri","code":42900002,"id":"04df680779c45d75e9d968434efbe2f1"}
2018-10-08 16:35:59: 覆盖复制 'F:/blog/public/categories/汇编/index.html' -> 'ftp://v0.ftp.upyun.com/categories/汇编/index.html' (33,712)
2018-10-08 16:36:00: 新建复制 'F:/blog/public/categories/系统/index.html' -> 'ftp://v0.ftp.upyun.com/categories/系统/index.html' (33,765)
2018-10-08 16:36:01: 新建复制 'F:/blog/public/categories/网络/index.html' -> 'ftp://v0.ftp.upyun.com/categories/网络/index.html' (35,183)
- 错误: Cannot rename temp file to destination file: Server says: {"msg":"too many requests of the same uri","code":42900002,"id":"963ebc3424aabbf335f3619e708c6716"}, Deleting: Server says: {"msg":"too many requests of the same uri","code":42900002,"id":"935a69c9a5e8ad758a9d707a1f12b457"}
2018-10-08 16:36:01: 新建复制 'F:/blog/public/categories/转载/index.html' -> 'ftp://v0.ftp.upyun.com/categories/转载/index.html' (33,088)
- 错误: Cannot rename temp file to destination file: Server says: {"msg":"too many requests of the same uri","code":42900002,"id":"410f4a55c23515c4aa43665e314a8c40"}, Deleting: Server says: {"msg":"too many requests of the same uri","code":42900002,"id":"305d4626e647e4434f0174ca9f1ca252"}
2018-10-08 16:36:02: 新建复制 'F:/blog/public/categories/闲读/index.html' -> 'ftp://v0.ftp.upyun.com/categories/闲读/index.html' (33,740)
- 错误: Cannot rename temp file to destination file: Server says: {"msg":"too many requests of the same uri","code":42900002,"id":"e3b3113eaa7af322e836bc28e405be86"}, Deleting: Server says: {"msg":"too many requests of the same uri","code":42900002,"id":"ee3507baf74d89df5ca045c99adcf3ea"}
2018-10-08 16:36:02: 新建复制 'F:/blog/public/categories/音乐/index.html' -> 'ftp://v0.ftp.upyun.com/categories/音乐/index.html' (33,001)
- 错误: Cannot rename temp file to destination file: Server says: {"msg":"too many requests of the same uri","code":42900002,"id":"c9d3fbf9824c8d1b549cd80cb3ba15a2"}, Deleting: Server says: {"msg":"too many requests of the same uri","code":42900002,"id":"9c94a83d3e773c51fff4ea6522c4392f"}
2018-10-08 16:36:04: 覆盖复制 'F:/blog/public/CNAME' -> 'ftp://v0.ftp.upyun.com/CNAME' (19)
- 错误: Cannot rename temp file to destination file: Server says: {"msg":"too many requests of the same uri","code":42900002,"id":"15926b1b48a81616a01b8d118efc7e63"}, Deleting: Server says: {"msg":"file or directory not found","code":40400001,"id":"f9c5b1c532600e7bc153b019243c84ea"}
2018-10-08 16:36:05: 覆盖复制 'F:/blog/public/css/blog-encrypt.css' -> 'ftp://v0.ftp.upyun.com/css/blog-encrypt.css' (1,748)
- 错误: Cannot rename temp file to destination file: Server says: {"msg":"too many requests of the same uri","code":42900002,"id":"2e03988362c98b10ea3388aecade9a4e"}, Deleting: Server says: {"msg":"file or directory not found","code":40400001,"id":"39f3d12528c91cad6b4e4db40ce65c0a"}
2018-10-08 16:36:06: 新建复制 'F:/blog/public/css/main.css' -> 'ftp://v0.ftp.upyun.com/css/main.css' (68,284)
- 错误: Cannot rename temp file to destination file: Server says: {"msg":"too many requests of the same uri","code":42900002,"id":"28e48ebde9455c2d85fd6c8816c3be2e"}, Deleting: Server says: {"msg":"too many requests of the same uri","code":42900002,"id":"75f528c67a087a201848db4740bc0689"}
2018-10-08 16:36:07: 覆盖复制 'F:/blog/public/images/algolia_logo.svg' -> 'ftp://v0.ftp.upyun.com/images/algolia_logo.svg' (4,410)
2018-10-08 16:36:09: 覆盖复制 'F:/blog/public/images/apple-touch-icon-next.ico' -> 'ftp://v0.ftp.upyun.com/images/apple-touch-icon-next.ico' (67,646)
- 错误: Cannot rename temp file to destination file: Server says: {"msg":"too many requests of the same uri","code":42900002,"id":"305e1bad1b1105f715370d2e5fb9008b"}, Deleting: Server says: {"msg":"file or directory not found","code":40400001,"id":"ab6ec512baba15046c67a19c0db04bca"}
2018-10-08 16:36:10: 新建复制 'F:/blog/public/images/apple-touch-icon-next.png' -> 'ftp://v0.ftp.upyun.com/images/apple-touch-icon-next.png' (1,544)
- 错误: Cannot rename temp file to destination file: Server says: {"msg":"too many requests of the same uri","code":42900002,"id":"d5f9e62924e97f6d1f56ac822d1d857e"}
2018-10-08 16:36:10: 新建复制 'F:/blog/public/images/avatar.gif' -> 'ftp://v0.ftp.upyun.com/images/avatar.gif' (2,926)
- 错误: Cannot rename temp file to destination file: Server says: {"msg":"too many requests of the same uri","code":42900002,"id":"cd5735a3e7ff81ba6245dbed480f0bf2"}, Deleting: Server says: {"msg":"too many requests of the same uri","code":42900002,"id":"dca020db548dc758ee93258abddb0777"}
2018-10-08 16:36:12: Got error, try again: FtpFileSysSibSock::GetInfo: file/folder not found
2018-10-08 16:36:13: Got error, try again: FtpFileSysSibSock::GetInfo: file/folder not found
2018-10-08 16:36:15: Cannot get file info after Sync: FtpFileSysSibSock::GetInfo: file/folder not found
2018-10-08 16:36:15: 新建复制 'F:/blog/public/images/background1.jpg' -> 'ftp://v0.ftp.upyun.com/images/background1.jpg' (218,301)
- 错误: Cannot get file info after Sync: FtpFileSysSibSock::GetInfo: file/folder not found
2018-10-08 16:36:17: 新建复制 'F:/blog/public/images/background2.jpg' -> 'ftp://v0.ftp.upyun.com/images/background2.jpg' (343,176)
- 错误: Cannot rename temp file to destination file: Server says: {"msg":"too many requests of the same uri","code":42900002,"id":"766149d07d89f1c5837c4364a2ce8607"}
2018-10-08 16:36:18: 新建复制 'F:/blog/public/images/background3.jpg' -> 'ftp://v0.ftp.upyun.com/images/background3.jpg' (443,034)
2018-10-08 16:36:19: 覆盖复制 'F:/blog/public/images/background4.jpg' -> 'ftp://v0.ftp.upyun.com/images/background4.jpg' (397,628)
- 错误: Server says: {"msg":"too many requests of the same uri","code":42900002,"id":"34c92244a32c2e752bf19d4ac4ea9555"}, Deleting: Server says: {"msg":"file or directory not found","code":40400001,"id":"f5485feaf66a7ab3cf5f16e0dcd06c41"}
2018-10-08 16:36:21: 新建复制 'F:/blog/public/images/background5.jpg' -> 'ftp://v0.ftp.upyun.com/images/background5.jpg' (339,444)
2018-10-08 16:36:22: 新建复制 'F:/blog/public/images/background6.jpg' -> 'ftp://v0.ftp.upyun.com/images/background6.jpg' (321,373)
2018-10-08 16:36:23: 覆盖复制 'F:/blog/public/images/cc-by-nc-nd.svg' -> 'ftp://v0.ftp.upyun.com/images/cc-by-nc-nd.svg' (11,043)
- 错误: Server says: {"msg":"too many requests of the same uri","code":42900002,"id":"8ba3d51684f2017464efba6442dd6040"}, Deleting: Server says: {"msg":"file or directory not found","code":40400001,"id":"33b04e5e686eb426514ccad8aa4187f6"}
2018-10-08 16:36:23: 新建复制 'F:/blog/public/images/cc-by-nc-sa.svg' -> 'ftp://v0.ftp.upyun.com/images/cc-by-nc-sa.svg' (11,780)
- 错误: Cannot rename temp file to destination file: Server says: {"msg":"too many requests of the same uri","code":42900002,"id":"38416ea4edc963359a8ddf9198fa42ca"}, Deleting: Server says: {"msg":"too many requests of the same uri","code":42900002,"id":"da959721176dc8ea5af14ef6fb9cc68a"}
2018-10-08 16:36:24: 新建复制 'F:/blog/public/images/cc-by-nc.svg' -> 'ftp://v0.ftp.upyun.com/images/cc-by-nc.svg' (9,794)
- 错误: Cannot rename temp file to destination file: Server says: {"msg":"too many requests of the same uri","code":42900002,"id":"67146d78e24f5e2a48c58d3dde8729ff"}, Deleting: Server says: {"msg":"too many requests of the same uri","code":42900002,"id":"a8a3352780c0965c67e446db3af8a96a"}
2018-10-08 16:36:25: 新建复制 'F:/blog/public/images/cc-by-nd.svg' -> 'ftp://v0.ftp.upyun.com/images/cc-by-nd.svg' (9,500)
- 错误: Cannot rename temp file to destination file: Server says: {"msg":"too many requests of the same uri","code":42900002,"id":"26d594795ed17d4aad18b426adb90885"}, Deleting: Server says: {"msg":"too many requests of the same uri","code":42900002,"id":"2b6e1f7ab8b3e4c4117f9adcf4fa9f3b"}
2018-10-08 16:36:26: 新建复制 'F:/blog/public/images/cc-by-sa.svg' -> 'ftp://v0.ftp.upyun.com/images/cc-by-sa.svg' (10,382)
2018-10-08 16:36:27: 新建复制 'F:/blog/public/images/cc-by.svg' -> 'ftp://v0.ftp.upyun.com/images/cc-by.svg' (8,400)
2018-10-08 16:36:28: 新建复制 'F:/blog/public/images/cc-zero.svg' -> 'ftp://v0.ftp.upyun.com/images/cc-zero.svg' (6,287)
2018-10-08 16:36:29: 覆盖复制 'F:/blog/public/images/favicon-16x16-next.ico' -> 'ftp://v0.ftp.upyun.com/images/favicon-16x16-next.ico' (1,150)
- 错误: Cannot rename temp file to destination file: Server says: {"msg":"too many requests of the same uri","code":42900002,"id":"9632f865909d55def2c1c722fb5cd275"}, Deleting: Server says: {"msg":"file or directory not found","code":40400001,"id":"9a7d6cba022073b5d2f603488aa8957b"}
2018-10-08 16:36:30: 新建复制 'F:/blog/public/images/favicon-16x16-next.png' -> 'ftp://v0.ftp.upyun.com/images/favicon-16x16-next.png' (435)
- 错误: Cannot rename temp file to destination file: Server says: {"msg":"too many requests of the same uri","code":42900002,"id":"d009488d1eee73aa9dda0633043fd735"}
2018-10-08 16:36:31: 新建复制 'F:/blog/public/images/favicon-32x32-next.ico' -> 'ftp://v0.ftp.upyun.com/images/favicon-32x32-next.ico' (4,286)
2018-10-08 16:36:32: 新建复制 'F:/blog/public/images/favicon-32x32-next.png' -> 'ftp://v0.ftp.upyun.com/images/favicon-32x32-next.png' (640)
2018-10-08 16:36:33: 覆盖复制 'F:/blog/public/images/favicon-48x48-next.ico' -> 'ftp://v0.ftp.upyun.com/images/favicon-48x48-next.ico' (9,662)
- 错误: Cannot rename temp file to destination file: Server says: {"msg":"too many requests of the same uri","code":42900002,"id":"9dfcbe717099d6152566d9e97152a101"}, Deleting: Server says: {"msg":"file or directory not found","code":40400001,"id":"59b09cb5b686eb248acfbdb0d5fe3a42"}
2018-10-08 16:36:34: 新建复制 'F:/blog/public/images/head.png' -> 'ftp://v0.ftp.upyun.com/images/head.png' (31,689)
- 错误: Cannot rename temp file to destination file: Server says: {"msg":"too many requests of the same uri","code":42900002,"id":"3957b07b27df5806af10572abe5c7d78"}, Deleting: Server says: {"msg":"too many requests of the same uri","code":42900002,"id":"614d332371431764245f75bad9a834cc"}
2018-10-08 16:36:35: 新建复制 'F:/blog/public/images/loading.gif' -> 'ftp://v0.ftp.upyun.com/images/loading.gif' (35)
2018-10-08 16:36:36: Got error, try again: FtpFileSysSibSock::GetInfo: file/folder not found
2018-10-08 16:36:37: Got error, try again: FtpFileSysSibSock::GetInfo: file/folder not found
2018-10-08 16:36:40: Cannot get file info after Sync: FtpFileSysSibSock::GetInfo: file/folder not found
2018-10-08 16:36:40: 新建复制 'F:/blog/public/images/logo.svg' -> 'ftp://v0.ftp.upyun.com/images/logo.svg' (1,059)
- 错误: Cannot get file info after Sync: FtpFileSysSibSock::GetInfo: file/folder not found
2018-10-08 16:36:40: 新建复制 'F:/blog/public/images/placeholder.gif' -> 'ftp://v0.ftp.upyun.com/images/placeholder.gif' (35)
- 错误: Cannot rename temp file to destination file: Server says: {"msg":"too many requests of the same uri","code":42900002,"id":"a7ef89883fff2663ebb155573a5a74fc"}, Deleting: Server says: {"msg":"too many requests of the same uri","code":42900002,"id":"328af76edf40480def11c76e5acde4a1"}
2018-10-08 16:36:41: 覆盖复制 'F:/blog/public/images/quote-l.svg' -> 'ftp://v0.ftp.upyun.com/images/quote-l.svg' (892)
- 错误: Server says: {"msg":"too many requests of the same uri","code":42900002,"id":"e7835157a5818e4179873993122de182"}, Deleting: Server says: {"msg":"file or directory not found","code":40400001,"id":"93046766046ffc01002fc9517f36a341"}
2018-10-08 16:36:42: Got error, try again: FtpFileSysSibSock::GetInfo: file/folder not found
2018-10-08 16:36:43: Got error, try again: FtpFileSysSibSock::GetInfo: file/folder not found
2018-10-08 16:36:46: Cannot get file info after Sync: FtpFileSysSibSock::GetInfo: file/folder not found
2018-10-08 16:36:46: 新建复制 'F:/blog/public/images/quote-r.svg' -> 'ftp://v0.ftp.upyun.com/images/quote-r.svg' (880)
- 错误: Cannot get file info after Sync: FtpFileSysSibSock::GetInfo: file/folder not found
2018-10-08 16:36:46: 新建复制 'F:/blog/public/images/searchicon.png' -> 'ftp://v0.ftp.upyun.com/images/searchicon.png' (766)
- 错误: Cannot rename temp file to destination file: Server says: {"msg":"too many requests of the same uri","code":42900002,"id":"e1f1714ba175dcba69b3f00581807551"}, Deleting: Server says: {"msg":"too many requests of the same uri","code":42900002,"id":"9a7051d563cfc05db36616a5df46bb2c"}
2018-10-08 16:36:48: 新建复制 'F:/blog/public/index.html' -> 'ftp://v0.ftp.upyun.com/index.html' (75,771)
- 错误: Cannot rename temp file to destination file: Server says: {"msg":"too many requests of the same uri","code":42900002,"id":"9c0fe6888933aa9d658d57a13da273bc"}
2018-10-08 16:36:48: 新建复制 'F:/blog/public/js/src/affix.js' -> 'ftp://v0.ftp.upyun.com/js/src/affix.js' (5,100)
- 错误: Cannot rename temp file to destination file: Server says: {"msg":"too many requests of the same uri","code":42900002,"id":"48f3189560c4135ec2d556634493c382"}, Deleting: Server says: {"msg":"too many requests of the same uri","code":42900002,"id":"b1259e1b2bb833be734c7a4e45e34b32"}
2018-10-08 16:36:49: 新建复制 'F:/blog/public/js/src/algolia-search.js' -> 'ftp://v0.ftp.upyun.com/js/src/algolia-search.js' (3,297)
- 错误: Cannot rename temp file to destination file: Server says: {"msg":"too many requests of the same uri","code":42900002,"id":"eef528b17c5c8df8fb1b11fac7b14220"}, Deleting: Server says: {"msg":"too many requests of the same uri","code":42900002,"id":"66d78589e3cf2d6b8ff4b27f1b05158c"}
2018-10-08 16:36:50: 覆盖复制 'F:/blog/public/js/src/av-min.js' -> 'ftp://v0.ftp.upyun.com/js/src/av-min.js' (142,297)
2018-10-08 16:36:52: Got error, try again: FtpFileSysSibSock::GetInfo: file/folder not found
2018-10-08 16:36:53: Got error, try again: FtpFileSysSibSock::GetInfo: file/folder not found
2018-10-08 16:36:55: Cannot get file info after Sync: FtpFileSysSibSock::GetInfo: file/folder not found
2018-10-08 16:36:55: 新建复制 'F:/blog/public/js/src/bootstrap.js' -> 'ftp://v0.ftp.upyun.com/js/src/bootstrap.js' (1,602)
- 错误: Cannot get file info after Sync: FtpFileSysSibSock::GetInfo: file/folder not found
2018-10-08 16:36:56: 新建复制 'F:/blog/public/js/src/clicklove.js' -> 'ftp://v0.ftp.upyun.com/js/src/clicklove.js' (1,559)
2018-10-08 16:36:57: 新建复制 'F:/blog/public/js/src/exturl.js' -> 'ftp://v0.ftp.upyun.com/js/src/exturl.js' (1,846)
- 错误: Cannot rename temp file to destination file: Server says: {"msg":"too many requests of the same uri","code":42900002,"id":"692a3964de02081cbe4389ce58a5616a"}, Deleting: Server says: {"msg":"too many requests of the same uri","code":42900002,"id":"9c488482ca0a1d0a2a3d254fd460cf10"}
2018-10-08 16:36:59: 新建复制 'F:/blog/public/js/src/js.cookie.js' -> 'ftp://v0.ftp.upyun.com/js/src/js.cookie.js' (3,872)
2018-10-08 16:36:59: 新建复制 'F:/blog/public/js/src/motion.js' -> 'ftp://v0.ftp.upyun.com/js/src/motion.js' (10,560)
- 错误: Cannot rename temp file to destination file: Server says: {"msg":"too many requests of the same uri","code":42900002,"id":"50ad09fc1cdd0ac0e7bf8d5e444403a7"}, Deleting: Server says: {"msg":"too many requests of the same uri","code":42900002,"id":"e91d04cf4a7f590936a3164c69e79589"}
2018-10-08 16:37:00: 新建复制 'F:/blog/public/js/src/post-details.js' -> 'ftp://v0.ftp.upyun.com/js/src/post-details.js' (3,424)
2018-10-08 16:37:01: 新建复制 'F:/blog/public/js/src/schemes/pisces.js' -> 'ftp://v0.ftp.upyun.com/js/src/schemes/pisces.js' (1,596)
- 错误: Cannot rename temp file to destination file: Server says: {"msg":"too many requests of the same uri","code":42900002,"id":"a9e444c037e7a7599a4b1517772e5b32"}, Deleting: Server says: {"msg":"too many requests of the same uri","code":42900002,"id":"c57e4d5c70504e32249d6186f9987073"}
2018-10-08 16:37:02: 新建复制 'F:/blog/public/js/src/scroll-cookie.js' -> 'ftp://v0.ftp.upyun.com/js/src/scroll-cookie.js' (671)
- 错误: Cannot rename temp file to destination file: Server says: {"msg":"too many requests of the same uri","code":42900002,"id":"e9825990921db1947c9589b6a8e8c56d"}
2018-10-08 16:37:03: 覆盖复制 'F:/blog/public/js/src/scrollspy.js' -> 'ftp://v0.ftp.upyun.com/js/src/scrollspy.js' (5,081)
- 错误: Server says: {"msg":"too many requests of the same uri","code":42900002,"id":"d928b99f3d1f6a3061f1858932464b09"}, Deleting: Server says: {"msg":"file or directory not found","code":40400001,"id":"a65d1aaafe8710f5016ad69c28339eac"}
2018-10-08 16:37:04: 新建复制 'F:/blog/public/js/src/utils.js' -> 'ftp://v0.ftp.upyun.com/js/src/utils.js' (10,204)
2018-10-08 16:37:05: 新建复制 'F:/blog/public/js/src/Valine.min.js' -> 'ftp://v0.ftp.upyun.com/js/src/Valine.min.js' (71,806)
- 错误: Cannot rename temp file to destination file: Server says: {"msg":"too many requests of the same uri","code":42900002,"id":"71c2171b291506f81f51a0d1f09ba5e5"}, Deleting: Server says: {"msg":"too many requests of the same uri","code":42900002,"id":"2fb95c4d447967c2a8c9bb3369263bbb"}
2018-10-08 16:37:05: 新建复制 'F:/blog/public/lib/blog-encrypt.js' -> 'ftp://v0.ftp.upyun.com/lib/blog-encrypt.js' (2,361)
- 错误: Cannot rename temp file to destination file: Server says: {"msg":"too many requests of the same uri","code":42900002,"id":"44d5fce363e57a6265d08ed2ddac7043"}, Deleting: Server says: {"msg":"too many requests of the same uri","code":42900002,"id":"44dc1e76fcc91f3c24fce087e6610fcd"}
2018-10-08 16:37:06: 新建复制 'F:/blog/public/lib/bookmark/bookmark.min.js' -> 'ftp://v0.ftp.upyun.com/lib/bookmark/bookmark.min.js' (1,742)
- 错误: Cannot rename temp file to destination file: Server says: {"msg":"too many requests of the same uri","code":42900002,"id":"e1ff054a52d78b1345825b08e66cee44"}, Deleting: Server says: {"msg":"too many requests of the same uri","code":42900002,"id":"72d5f2ef36e9bb9130edfca58c298d0a"}
2018-10-08 16:37:07: 新建复制 'F:/blog/public/lib/bookmark/index.js' -> 'ftp://v0.ftp.upyun.com/lib/bookmark/index.js' (4,039)
- 错误: Cannot rename temp file to destination file: Server says: {"msg":"too many requests of the same uri","code":42900002,"id":"a9eb6cdbf579b0b6251d32b9523863f0"}, Deleting: Server says: {"msg":"too many requests of the same uri","code":42900002,"id":"12013f44695ac07ace24a3b39ad857eb"}
2018-10-08 16:37:07: 新建复制 'F:/blog/public/lib/bookmark/LICENSE' -> 'ftp://v0.ftp.upyun.com/lib/bookmark/LICENSE' (1,093)
- 错误: Cannot rename temp file to destination file: Server says: {"msg":"too many requests of the same uri","code":42900002,"id":"4cedc7e694680191526f6452d6319006"}, Deleting: Server says: {"msg":"too many requests of the same uri","code":42900002,"id":"785eece3b55d1b0eb64c0dc15d289fc8"}
2018-10-08 16:37:08: 新建复制 'F:/blog/public/lib/bookmark/package.json' -> 'ftp://v0.ftp.upyun.com/lib/bookmark/package.json' (674)
- 错误: Cannot rename temp file to destination file: Server says: {"msg":"too many requests of the same uri","code":42900002,"id":"592eb33df702d1c4c83beffdcbfe54bf"}, Deleting: Server says: {"msg":"too many requests of the same uri","code":42900002,"id":"df0a7f05f42757635167e18633e93305"}
2018-10-08 16:37:09: 新建复制 'F:/blog/public/lib/bookmark/README.html' -> 'ftp://v0.ftp.upyun.com/lib/bookmark/README.html' (1,794)
2018-10-08 16:37:10: 新建复制 'F:/blog/public/lib/canvas-nest/canvas-nest.min.js' -> 'ftp://v0.ftp.upyun.com/lib/canvas-nest/canvas-nest.min.js' (1,700)
- 错误: Cannot rename temp file to destination file: Server says: {"msg":"too many requests of the same uri","code":42900002,"id":"cd1d3ed8c24667324ff0005681071b6e"}, Deleting: Server says: {"msg":"too many requests of the same uri","code":42900002,"id":"17bc43b7f96fc8096d34dbe6a8f5d8e0"}
2018-10-08 16:37:11: 覆盖复制 'F:/blog/public/lib/canvas-nest/LICENSE' -> 'ftp://v0.ftp.upyun.com/lib/canvas-nest/LICENSE' (1,084)
- 错误: Cannot rename temp file to destination file: Server says: {"msg":"too many requests of the same uri","code":42900002,"id":"4a8e21b78fb0add33b9a80bcbdce5bcc"}, Deleting: Server says: {"msg":"file or directory not found","code":40400001,"id":"2f0fed7a954b9fb3c45c57a3c9df8428"}
2018-10-08 16:37:11: 新建复制 'F:/blog/public/lib/canvas-nest/README.html' -> 'ftp://v0.ftp.upyun.com/lib/canvas-nest/README.html' (1,156)
- 错误: Cannot rename temp file to destination file: Server says: {"msg":"too many requests of the same uri","code":42900002,"id":"584760d24be08e3c3cd69104fc1cbe3b"}, Deleting: Server says: {"msg":"too many requests of the same uri","code":42900002,"id":"530cfdde73aafb0b2a94978bd614fb02"}
2018-10-08 16:37:12: 覆盖复制 'F:/blog/public/lib/crypto-js.js' -> 'ftp://v0.ftp.upyun.com/lib/crypto-js.js' (191,936)
- 错误: Server says: {"msg":"too many requests of the same uri","code":42900002,"id":"62ec5918d096ecd4b08e9d6f5ec2ca3b"}, Deleting: Server says: {"msg":"file or directory not found","code":40400001,"id":"4e7720e910a15531f0bbf084c3cf5733"}
2018-10-08 16:37:13: 新建复制 'F:/blog/public/lib/fancybox/LICENSE' -> 'ftp://v0.ftp.upyun.com/lib/fancybox/LICENSE' (35,821)
2018-10-08 16:37:14: 新建复制 'F:/blog/public/lib/fancybox/README.html' -> 'ftp://v0.ftp.upyun.com/lib/fancybox/README.html' (1,475)
2018-10-08 16:37:15: 新建复制 'F:/blog/public/lib/fancybox/source/blank.gif' -> 'ftp://v0.ftp.upyun.com/lib/fancybox/source/blank.gif' (43)
2018-10-08 16:37:16: 新建复制 'F:/blog/public/lib/fancybox/source/fancybox_loading.gif' -> 'ftp://v0.ftp.upyun.com/lib/fancybox/source/fancybox_loading.gif' (6,567)
2018-10-08 16:37:17: 新建复制 'F:/blog/public/lib/fancybox/source/fancybox_loading@2x.gif' -> 'ftp://v0.ftp.upyun.com/lib/fancybox/source/fancybox_loading@2x.gif' (13,984)
- 错误: Cannot rename temp file to destination file: Server says: {"msg":"too many requests of the same uri","code":42900002,"id":"c86065e6ec1192efe5502ece4ac82353"}, Deleting: Server says: {"msg":"too many requests of the same uri","code":42900002,"id":"268e708776cf460168a7ec871e8070c7"}
2018-10-08 16:37:18: 覆盖复制 'F:/blog/public/lib/fancybox/source/fancybox_overlay.png' -> 'ftp://v0.ftp.upyun.com/lib/fancybox/source/fancybox_overlay.png' (1,003)
- 错误: Cannot rename temp file to destination file: Server says: {"msg":"too many requests of the same uri","code":42900002,"id":"8d4fd145dca9cf3ec16efa3a493b002a"}, Deleting: Server says: {"msg":"file or directory not found","code":40400001,"id":"7340b8084f39a719d8991d56fc79dbc7"}
2018-10-08 16:37:19: 新建复制 'F:/blog/public/lib/fancybox/source/fancybox_sprite.png' -> 'ftp://v0.ftp.upyun.com/lib/fancybox/source/fancybox_sprite.png' (1,362)
- 错误: Cannot rename temp file to destination file: Server says: {"msg":"too many requests of the same uri","code":42900002,"id":"13fc1d0bc6d0cc02c7db5b12321a96eb"}, Deleting: Server says: {"msg":"too many requests of the same uri","code":42900002,"id":"cbf9e17f214d994b6f5679a7d301f37f"}
2018-10-08 16:37:20: 新建复制 'F:/blog/public/lib/fancybox/source/fancybox_sprite@2x.png' -> 'ftp://v0.ftp.upyun.com/lib/fancybox/source/fancybox_sprite@2x.png' (6,553)
- 错误: Cannot rename temp file to destination file: Server says: {"msg":"too many requests of the same uri","code":42900002,"id":"baaafe1b60488ac3ed600b6f5f30deed"}, Deleting: Server says: {"msg":"too many requests of the same uri","code":42900002,"id":"343c698ea0c647b0716c03a31d2f5123"}
2018-10-08 16:37:20: 新建复制 'F:/blog/public/lib/fancybox/source/helpers/fancybox_buttons.png' -> 'ftp://v0.ftp.upyun.com/lib/fancybox/source/helpers/fancybox_buttons.png' (1,080)
- 错误: Cannot rename temp file to destination file: Server says: {"msg":"too many requests of the same uri","code":42900002,"id":"4c7de49ccda553580561ac0cd851402a"}, Deleting: Server says: {"msg":"too many requests of the same uri","code":42900002,"id":"55b97e6d4e09470ccdf9b2c387b5e8e5"}
2018-10-08 16:37:21: 新建复制 'F:/blog/public/lib/fancybox/source/helpers/jquery.fancybox-buttons.css' -> 'ftp://v0.ftp.upyun.com/lib/fancybox/source/helpers/jquery.fancybox-buttons.css' (2,447)
- 错误: Cannot rename temp file to destination file: Server says: {"msg":"too many requests of the same uri","code":42900002,"id":"dcd7df5409bdb28a2e50b7eba4bf5c65"}
2018-10-08 16:37:22: 新建复制 'F:/blog/public/lib/fancybox/source/helpers/jquery.fancybox-buttons.js' -> 'ftp://v0.ftp.upyun.com/lib/fancybox/source/helpers/jquery.fancybox-buttons.js' (3,041)
2018-10-08 16:37:22: 新建复制 'F:/blog/public/lib/fancybox/source/helpers/jquery.fancybox-media.js' -> 'ftp://v0.ftp.upyun.com/lib/fancybox/source/helpers/jquery.fancybox-media.js' (5,305)
- 错误: Cannot rename temp file to destination file: Server says: {"msg":"too many requests of the same uri","code":42900002,"id":"1cf0745daf6971ad47c789b084581f3a"}, Deleting: Server says: {"msg":"too many requests of the same uri","code":42900002,"id":"5822223da5c23b7045577c420f2d682b"}
2018-10-08 16:37:23: 新建复制 'F:/blog/public/lib/fancybox/source/helpers/jquery.fancybox-thumbs.css' -> 'ftp://v0.ftp.upyun.com/lib/fancybox/source/helpers/jquery.fancybox-thumbs.css' (735)
- 错误: Cannot rename temp file to destination file: Server says: {"msg":"too many requests of the same uri","code":42900002,"id":"8d506bf5f2bcb7fbedad9960e5dc19c1"}, Deleting: Server says: {"msg":"too many requests of the same uri","code":42900002,"id":"90352bf66164573a748608e583662e2c"}
2018-10-08 16:37:24: 新建复制 'F:/blog/public/lib/fancybox/source/helpers/jquery.fancybox-thumbs.js' -> 'ftp://v0.ftp.upyun.com/lib/fancybox/source/helpers/jquery.fancybox-thumbs.js' (3,836)
2018-10-08 16:37:25: 新建复制 'F:/blog/public/lib/fancybox/source/jquery.fancybox.css' -> 'ftp://v0.ftp.upyun.com/lib/fancybox/source/jquery.fancybox.css' (4,895)
- 错误: Cannot rename temp file to destination file: Server says: {"msg":"too many requests of the same uri","code":42900002,"id":"bdfa5b5f1f0cf166b3d8d1c4004de10e"}, Deleting: Server says: {"msg":"too many requests of the same uri","code":42900002,"id":"d5314e244aac315f9e647352c1f199d8"}
2018-10-08 16:37:26: 新建复制 'F:/blog/public/lib/fancybox/source/jquery.fancybox.js' -> 'ftp://v0.ftp.upyun.com/lib/fancybox/source/jquery.fancybox.js' (48,706)
2018-10-08 16:37:27: 新建复制 'F:/blog/public/lib/fancybox/source/jquery.fancybox.pack.js' -> 'ftp://v0.ftp.upyun.com/lib/fancybox/source/jquery.fancybox.pack.js' (23,135)
- 错误: Cannot rename temp file to destination file: Server says: {"msg":"too many requests of the same uri","code":42900002,"id":"f3d42f780d5b353efd3c08ed7d08aece"}
2018-10-08 16:37:28: 覆盖复制 'F:/blog/public/lib/font-awesome/bower.json' -> 'ftp://v0.ftp.upyun.com/lib/font-awesome/bower.json' (312)
- 错误: Cannot rename temp file to destination file: Server says: {"msg":"too many requests of the same uri","code":42900002,"id":"49f6a28d0c5d097c0895ddf9126d2a36"}, Deleting: Server says: {"msg":"file or directory not found","code":40400001,"id":"8174b4a6b067815bc1e4d9f73e50e883"}
2018-10-08 16:37:29: 新建复制 'F:/blog/public/lib/font-awesome/css/font-awesome.css' -> 'ftp://v0.ftp.upyun.com/lib/font-awesome/css/font-awesome.css' (37,414)
2018-10-08 16:37:30: 新建复制 'F:/blog/public/lib/font-awesome/css/font-awesome.css.map' -> 'ftp://v0.ftp.upyun.com/lib/font-awesome/css/font-awesome.css.map' (21,785)
- 错误: Cannot rename temp file to destination file: Server says: {"msg":"too many requests of the same uri","code":42900002,"id":"c7c1349766e63a5a5fa7b1d785d4bb23"}, Deleting: Server says: {"msg":"too many requests of the same uri","code":42900002,"id":"2084c34977155827a05a4f9ceac4263f"}
2018-10-08 16:37:30: 覆盖复制 'F:/blog/public/lib/font-awesome/css/font-awesome.min.css' -> 'ftp://v0.ftp.upyun.com/lib/font-awesome/css/font-awesome.min.css' (31,000)
- 错误: Server says: {"msg":"too many requests of the same uri","code":42900002,"id":"9ee75a843017b026cb755398a77db07a"}, Deleting: Server says: {"msg":"file or directory not found","code":40400001,"id":"43e28b7835d94f9ad73bd9b7f2c85b46"}
2018-10-08 16:37:31: 新建复制 'F:/blog/public/lib/font-awesome/fonts/fontawesome-webfont.eot' -> 'ftp://v0.ftp.upyun.com/lib/font-awesome/fonts/fontawesome-webfont.eot' (165,742)
- 错误: Cannot rename temp file to destination file: Server says: {"msg":"too many requests of the same uri","code":42900002,"id":"7fec4a4aaaf04f513af3603bacea6b27"}, Deleting: Server says: {"msg":"too many requests of the same uri","code":42900002,"id":"bf379e9438b85c0608690524ec74b19d"}
2018-10-08 16:37:32: 覆盖复制 'F:/blog/public/lib/font-awesome/fonts/fontawesome-webfont.woff' -> 'ftp://v0.ftp.upyun.com/lib/font-awesome/fonts/fontawesome-webfont.woff' (98,024)
- 错误: Server says: {"msg":"too many requests of the same uri","code":42900002,"id":"d6c8dbd6b9a440005c202424ecb8a2a8"}, Deleting: Server says: {"msg":"file or directory not found","code":40400001,"id":"d6281a95c587cfd2c82d39b65f35c681"}
2018-10-08 16:37:33: 覆盖复制 'F:/blog/public/lib/font-awesome/fonts/fontawesome-webfont.woff2' -> 'ftp://v0.ftp.upyun.com/lib/font-awesome/fonts/fontawesome-webfont.woff2' (77,160)
- 错误: Server says: {"msg":"too many requests of the same uri","code":42900002,"id":"317695f1dd81af951d5662254e1b97bc"}, Deleting: Server says: {"msg":"file or directory not found","code":40400001,"id":"73090951154da21b0beee194b6d93b5a"}
2018-10-08 16:37:34: 新建复制 'F:/blog/public/lib/font-awesome/HELP-US-OUT.txt' -> 'ftp://v0.ftp.upyun.com/lib/font-awesome/HELP-US-OUT.txt' (330)
- 错误: Cannot rename temp file to destination file: Server says: {"msg":"too many requests of the same uri","code":42900002,"id":"811c7f245328c24687ea95860ecb3bb5"}, Deleting: Server says: {"msg":"too many requests of the same uri","code":42900002,"id":"f0ca51a5aea4796c66fd8309e5ddc0e1"}
2018-10-08 16:37:35: 覆盖复制 'F:/blog/public/lib/jquery/index.js' -> 'ftp://v0.ftp.upyun.com/lib/jquery/index.js' (84,320)
- 错误: Server says: {"msg":"too many requests of the same uri","code":42900002,"id":"cff78a5ef3829d74e66a9df9edde3955"}, Deleting: Server says: {"msg":"file or directory not found","code":40400001,"id":"4215a78dac8305460cafb5cb518d885c"}
2018-10-08 16:37:36: 新建复制 'F:/blog/public/lib/pace/LICENSE' -> 'ftp://v0.ftp.upyun.com/lib/pace/LICENSE' (1,084)
- 错误: Cannot rename temp file to destination file: Server says: {"msg":"too many requests of the same uri","code":42900002,"id":"1c8d64ef10fa8754189e52ded1a04876"}
2018-10-08 16:37:37: 新建复制 'F:/blog/public/lib/pace/pace-theme-barber-shop.min.css' -> 'ftp://v0.ftp.upyun.com/lib/pace/pace-theme-barber-shop.min.css' (2,714)
2018-10-08 16:37:38: 新建复制 'F:/blog/public/lib/pace/pace-theme-big-counter.min.css' -> 'ftp://v0.ftp.upyun.com/lib/pace/pace-theme-big-counter.min.css' (635)
2018-10-08 16:37:39: Got error, try again: FtpFileSysSibSock::GetInfo: file/folder not found
2018-10-08 16:37:40: Got error, try again: FtpFileSysSibSock::GetInfo: file/folder not found
2018-10-08 16:37:42: Cannot get file info after Sync: FtpFileSysSibSock::GetInfo: file/folder not found
2018-10-08 16:37:42: 新建复制 'F:/blog/public/lib/pace/pace-theme-bounce.min.css' -> 'ftp://v0.ftp.upyun.com/lib/pace/pace-theme-bounce.min.css' (3,607)
- 错误: Cannot get file info after Sync: FtpFileSysSibSock::GetInfo: file/folder not found
2018-10-08 16:37:43: 新建复制 'F:/blog/public/lib/pace/pace-theme-center-atom.min.css' -> 'ftp://v0.ftp.upyun.com/lib/pace/pace-theme-center-atom.min.css' (2,105)
- 错误: Cannot rename temp file to destination file: Server says: {"msg":"too many requests of the same uri","code":42900002,"id":"e5848fc124d1a3a05cd8d63f1232a28f"}, Deleting: Server says: {"msg":"too many requests of the same uri","code":42900002,"id":"dd75de928b968ae624f14c5739c093b0"}
2018-10-08 16:37:44: 覆盖复制 'F:/blog/public/lib/pace/pace-theme-center-circle.min.css' -> 'ftp://v0.ftp.upyun.com/lib/pace/pace-theme-center-circle.min.css' (1,730)
- 错误: Cannot rename temp file to destination file: Server says: {"msg":"too many requests of the same uri","code":42900002,"id":"1fa4e1d0fc6d5c5238066dcdb6c1922d"}, Deleting: Server says: {"msg":"file or directory not found","code":40400001,"id":"f6b6f0524407e2deceae8b84b871d163"}
2018-10-08 16:37:45: 新建复制 'F:/blog/public/lib/pace/pace-theme-center-radar.min.css' -> 'ftp://v0.ftp.upyun.com/lib/pace/pace-theme-center-radar.min.css' (1,000)
- 错误: Cannot rename temp file to destination file: Server says: {"msg":"too many requests of the same uri","code":42900002,"id":"118157b6a4d9a2ce383c8977e137c36b"}, Deleting: Server says: {"msg":"too many requests of the same uri","code":42900002,"id":"43b5559fcb4245fd0aedd941568c6206"}
2018-10-08 16:37:46: 新建复制 'F:/blog/public/lib/pace/pace-theme-center-simple.min.css' -> 'ftp://v0.ftp.upyun.com/lib/pace/pace-theme-center-simple.min.css' (731)
- 错误: Cannot rename temp file to destination file: Server says: {"msg":"too many requests of the same uri","code":42900002,"id":"a5b7af230a0a72aa84e6a399b694c8aa"}, Deleting: Server says: {"msg":"too many requests of the same uri","code":42900002,"id":"4fcef22b99133dba4afba7631241e07f"}
2018-10-08 16:37:46: 新建复制 'F:/blog/public/lib/pace/pace-theme-corner-indicator.min.css' -> 'ftp://v0.ftp.upyun.com/lib/pace/pace-theme-corner-indicator.min.css' (1,582)
- 错误: Cannot rename temp file to destination file: Server says: {"msg":"too many requests of the same uri","code":42900002,"id":"b11fd02cf4a8db629dcf03b7d5e31d6c"}, Deleting: Server says: {"msg":"too many requests of the same uri","code":42900002,"id":"871643d7afe1e423d323d5e2cd1321c7"}
2018-10-08 16:37:47: 覆盖复制 'F:/blog/public/lib/pace/pace-theme-fill-left.min.css' -> 'ftp://v0.ftp.upyun.com/lib/pace/pace-theme-fill-left.min.css' (283)
- 错误: Cannot rename temp file to destination file: Server says: {"msg":"too many requests of the same uri","code":42900002,"id":"2f2a412a830684ffad6ba6b6cc65f959"}, Deleting: Server says: {"msg":"file or directory not found","code":40400001,"id":"19c795e2abb261da7eb6518c04efddac"}
2018-10-08 16:37:48: 新建复制 'F:/blog/public/lib/pace/pace-theme-flash.min.css' -> 'ftp://v0.ftp.upyun.com/lib/pace/pace-theme-flash.min.css' (1,678)
2018-10-08 16:37:49: 新建复制 'F:/blog/public/lib/pace/pace-theme-loading-bar.min.css' -> 'ftp://v0.ftp.upyun.com/lib/pace/pace-theme-loading-bar.min.css' (8,442)
- 错误: Cannot rename temp file to destination file: Server says: {"msg":"too many requests of the same uri","code":42900002,"id":"e57639825ffcdb590ea665c2fb786ff2"}, Deleting: Server says: {"msg":"too many requests of the same uri","code":42900002,"id":"5df98934d698235344e929d393f82bf8"}
2018-10-08 16:37:49: 覆盖复制 'F:/blog/public/lib/pace/pace-theme-mac-osx.min.css' -> 'ftp://v0.ftp.upyun.com/lib/pace/pace-theme-mac-osx.min.css' (2,474)
- 错误: Server says: {"msg":"too many requests of the same uri","code":42900002,"id":"05a7dd12759c531bd3b4ae9845cb6ac3"}, Deleting: Server says: {"msg":"file or directory not found","code":40400001,"id":"9548abbe16df18b72f61a6bd406aa61e"}
2018-10-08 16:37:50: 新建复制 'F:/blog/public/lib/pace/pace-theme-minimal.min.css' -> 'ftp://v0.ftp.upyun.com/lib/pace/pace-theme-minimal.min.css' (250)
2018-10-08 16:37:51: 覆盖复制 'F:/blog/public/lib/pace/pace.min.js' -> 'ftp://v0.ftp.upyun.com/lib/pace/pace.min.js' (12,507)
- 错误: Server says: {"msg":"too many requests of the same uri","code":42900002,"id":"b755c61cf38e963a7f51d6e6e20809f3"}, Deleting: Server says: {"msg":"file or directory not found","code":40400001,"id":"cddb937592d8e5f1ebdb9698fb5ad900"}
2018-10-08 16:37:51: 覆盖复制 'F:/blog/public/lib/pace/README.html' -> 'ftp://v0.ftp.upyun.com/lib/pace/README.html' (1,124)
- 错误: Server says: {"msg":"too many requests of the same uri","code":42900002,"id":"f1e002ad1cd59ba170ac8c4b8a2faaf2"}, Deleting: Server says: {"msg":"file or directory not found","code":40400001,"id":"bf32a3b500e8f36a2c8032b8d15c1b57"}
2018-10-08 16:37:52: 新建复制 'F:/blog/public/lib/pangu/dist/pangu.js' -> 'ftp://v0.ftp.upyun.com/lib/pangu/dist/pangu.js' (20,237)
- 错误: Cannot rename temp file to destination file: Server says: {"msg":"too many requests of the same uri","code":42900002,"id":"a29c4f6c6ec38142a60931f2b06d7848"}, Deleting: Server says: {"msg":"too many requests of the same uri","code":42900002,"id":"ea0237003735a6c7f188b4f95f534134"}
2018-10-08 16:37:53: 新建复制 'F:/blog/public/lib/pangu/dist/pangu.js.map' -> 'ftp://v0.ftp.upyun.com/lib/pangu/dist/pangu.js.map' (23,033)
2018-10-08 16:37:54: 覆盖复制 'F:/blog/public/lib/pangu/dist/pangu.min.js' -> 'ftp://v0.ftp.upyun.com/lib/pangu/dist/pangu.min.js' (8,620)
- 错误: Server says: {"msg":"too many requests of the same uri","code":42900002,"id":"4f61052c6212e022c5e0fa62fa465c35"}, Deleting: Server says: {"msg":"file or directory not found","code":40400001,"id":"7882940b11fa8460c7c6476b46bb7cd4"}
2018-10-08 16:37:55: 覆盖复制 'F:/blog/public/lib/pangu/dist/pangu.min.js.map' -> 'ftp://v0.ftp.upyun.com/lib/pangu/dist/pangu.min.js.map' (45,857)
- 错误: Cannot rename temp file to destination file: Server says: {"msg":"too many requests of the same uri","code":42900002,"id":"59d70966b4282291cd4ea63a3cf467d7"}, Deleting: Server says: {"msg":"file or directory not found","code":40400001,"id":"165b0c48f77b82c9b27772199fc038d6"}
2018-10-08 16:37:55: 新建复制 'F:/blog/public/lib/pangu/LICENSE' -> 'ftp://v0.ftp.upyun.com/lib/pangu/LICENSE' (1,092)
- 错误: Cannot rename temp file to destination file: Server says: {"msg":"too many requests of the same uri","code":42900002,"id":"ccd6286b14528e9e43a8e7f2d17150ea"}, Deleting: Server says: {"msg":"too many requests of the same uri","code":42900002,"id":"1ffda20b2e41577cbe16259c960108ec"}
2018-10-08 16:37:56: 覆盖复制 'F:/blog/public/lib/pangu/README.html' -> 'ftp://v0.ftp.upyun.com/lib/pangu/README.html' (1,123)
- 错误: Server says: {"msg":"too many requests of the same uri","code":42900002,"id":"290118a6f54e4cf7b2eb15645ef9c101"}, Deleting: Server says: {"msg":"file or directory not found","code":40400001,"id":"2b973fcde9e08a26d3321218c73cbd64"}
2018-10-08 16:37:56: 新建复制 'F:/blog/public/lib/reading_progress/LICENSE' -> 'ftp://v0.ftp.upyun.com/lib/reading_progress/LICENSE' (1,084)
- 错误: Cannot rename temp file to destination file: Server says: {"msg":"too many requests of the same uri","code":42900002,"id":"6f2f0871a1d428ab78e98c752f9dee42"}, Deleting: Server says: {"msg":"too many requests of the same uri","code":42900002,"id":"3d8133a286b503d919e4649ff6cf7842"}
2018-10-08 16:37:58: 新建复制 'F:/blog/public/lib/reading_progress/package.json' -> 'ftp://v0.ftp.upyun.com/lib/reading_progress/package.json' (639)
2018-10-08 16:37:59: 覆盖复制 'F:/blog/public/lib/reading_progress/reading_progress.js' -> 'ftp://v0.ftp.upyun.com/lib/reading_progress/reading_progress.js' (927)
- 错误: Cannot rename temp file to destination file: Server says: {"msg":"too many requests of the same uri","code":42900002,"id":"191437c5d62a9c8544d5da1aaf2d99db"}, Deleting: Server says: {"msg":"file or directory not found","code":40400001,"id":"ed54c1404d2f59296ff20da4467fd68d"}
2018-10-08 16:38:00: 覆盖复制 'F:/blog/public/lib/reading_progress/reading_progress.min.js' -> 'ftp://v0.ftp.upyun.com/lib/reading_progress/reading_progress.min.js' (512)
- 错误: Server says: {"msg":"too many requests of the same uri","code":42900002,"id":"061df11b3e240793cc0413c11d277597"}, Deleting: Server says: {"msg":"file or directory not found","code":40400001,"id":"f84ab600249d8d5536e5d709bdb4145a"}
2018-10-08 16:38:01: 覆盖复制 'F:/blog/public/lib/reading_progress/README.html' -> 'ftp://v0.ftp.upyun.com/lib/reading_progress/README.html' (1,176)
- 错误: Server says: {"msg":"too many requests of the same uri","code":42900002,"id":"8ed6edb46784a53eac4d60d49c1950c7"}, Deleting: Server says: {"msg":"file or directory not found","code":40400001,"id":"50240bfbe1bcf316e5489062d196e320"}
2018-10-08 16:38:02: 新建复制 'F:/blog/public/lib/ua-parser-js/dist/ua-parser.min.js' -> 'ftp://v0.ftp.upyun.com/lib/ua-parser-js/dist/ua-parser.min.js' (12,949)
2018-10-08 16:38:03: 新建复制 'F:/blog/public/lib/ua-parser-js/dist/ua-parser.pack.js' -> 'ftp://v0.ftp.upyun.com/lib/ua-parser-js/dist/ua-parser.pack.js' (10,523)
2018-10-08 16:38:06: 覆盖复制 'F:/blog/public/lib/velocity/velocity.js' -> 'ftp://v0.ftp.upyun.com/lib/velocity/velocity.js' (213,757)
2018-10-08 16:38:07: 新建复制 'F:/blog/public/lib/velocity/velocity.min.js' -> 'ftp://v0.ftp.upyun.com/lib/velocity/velocity.min.js' (34,856)
2018-10-08 16:38:08: 新建复制 'F:/blog/public/lib/velocity/velocity.ui.js' -> 'ftp://v0.ftp.upyun.com/lib/velocity/velocity.ui.js' (34,762)
- 错误: Cannot rename temp file to destination file: Server says: {"msg":"too many requests of the same uri","code":42900002,"id":"dcf4d37edb45a9a43963ba3661eb50d2"}, Deleting: Server says: {"msg":"too many requests of the same uri","code":42900002,"id":"62159ecb47ce697a3fb5b85000372d3a"}
2018-10-08 16:38:09: 覆盖复制 'F:/blog/public/lib/velocity/velocity.ui.min.js' -> 'ftp://v0.ftp.upyun.com/lib/velocity/velocity.ui.min.js' (13,257)
- 错误: Server says: {"msg":"too many requests of the same uri","code":42900002,"id":"7058f972bff5e818ddcb8b13a782cc36"}, Deleting: Server says: {"msg":"file or directory not found","code":40400001,"id":"d28bfd314022ee1b7a8dfa4c8fb00e57"}
2018-10-08 16:38:10: 覆盖复制 'F:/blog/public/live2dw/assets/miku.model.json' -> 'ftp://v0.ftp.upyun.com/live2dw/assets/miku.model.json' (392)
- 错误: Server says: {"msg":"too many requests of the same uri","code":42900002,"id":"f32e1ab3407850996377acfa9a96255b"}, Deleting: Server says: {"msg":"file or directory not found","code":40400001,"id":"d6c05d4dd96e6ba1374a5bf010dc1e13"}
2018-10-08 16:38:11: 新建复制 'F:/blog/public/live2dw/assets/miku.physics.json' -> 'ftp://v0.ftp.upyun.com/live2dw/assets/miku.physics.json' (1,206)
2018-10-08 16:38:12: 新建复制 'F:/blog/public/live2dw/assets/moc/miku.2048/texture_00.png' -> 'ftp://v0.ftp.upyun.com/live2dw/assets/moc/miku.2048/texture_00.png' (776,587)
2018-10-08 16:38:13: 新建复制 'F:/blog/public/live2dw/assets/moc/miku.moc' -> 'ftp://v0.ftp.upyun.com/live2dw/assets/moc/miku.moc' (192,026)
- 错误: Cannot rename temp file to destination file: Server says: {"msg":"too many requests of the same uri","code":42900002,"id":"4345ca8033397174bd4b68d001262e06"}, Deleting: Server says: {"msg":"too many requests of the same uri","code":42900002,"id":"a1557ddad355703e628a9cddf0261ef4"}
2018-10-08 16:38:14: 新建复制 'F:/blog/public/live2dw/assets/mtn/miku_idle_01.mtn' -> 'ftp://v0.ftp.upyun.com/live2dw/assets/mtn/miku_idle_01.mtn' (12,276)
- 错误: Cannot rename temp file to destination file: Server says: {"msg":"too many requests of the same uri","code":42900002,"id":"de93929670b9e22aee237454c3f4c585"}, Deleting: Server says: {"msg":"too many requests of the same uri","code":42900002,"id":"22cbdec0378aa62db1f8c4691f2346a8"}
2018-10-08 16:38:14: 新建复制 'F:/blog/public/live2dw/assets/mtn/miku_m_01.mtn' -> 'ftp://v0.ftp.upyun.com/live2dw/assets/mtn/miku_m_01.mtn' (1,090)
- 错误: Cannot rename temp file to destination file: Server says: {"msg":"too many requests of the same uri","code":42900002,"id":"e1e7bd59fb6d2c31d6cf2c0efa52e7f6"}, Deleting: Server says: {"msg":"too many requests of the same uri","code":42900002,"id":"58e08d9742af37c2511f75acd093de68"}
2018-10-08 16:38:15: 新建复制 'F:/blog/public/live2dw/assets/mtn/miku_m_02.mtn' -> 'ftp://v0.ftp.upyun.com/live2dw/assets/mtn/miku_m_02.mtn' (2,682)
- 错误: Cannot rename temp file to destination file: Server says: {"msg":"too many requests of the same uri","code":42900002,"id":"0ba1cdeaceaa79756ad0f0b4f8eb8979"}, Deleting: Server says: {"msg":"too many requests of the same uri","code":42900002,"id":"d757aab2eae93a58fba9f2b05d13de60"}
2018-10-08 16:38:16: 新建复制 'F:/blog/public/live2dw/assets/mtn/miku_m_03.mtn' -> 'ftp://v0.ftp.upyun.com/live2dw/assets/mtn/miku_m_03.mtn' (1,844)
- 错误: Cannot rename temp file to destination file: Server says: {"msg":"too many requests of the same uri","code":42900002,"id":"0e04d74085d1b94a0acebd294fdaf567"}, Deleting: Server says: {"msg":"too many requests of the same uri","code":42900002,"id":"b75f7df5ebe22db0a1f1b62767024fc7"}
2018-10-08 16:38:17: Got error, try again: FtpFileSysSibSock::GetInfo: file/folder not found
2018-10-08 16:38:18: Got error, try again: FtpFileSysSibSock::GetInfo: file/folder not found
2018-10-08 16:38:21: Cannot get file info after Sync: FtpFileSysSibSock::GetInfo: file/folder not found
2018-10-08 16:38:21: 新建复制 'F:/blog/public/live2dw/assets/mtn/miku_m_04.mtn' -> 'ftp://v0.ftp.upyun.com/live2dw/assets/mtn/miku_m_04.mtn' (1,859)
- 错误: Cannot get file info after Sync: FtpFileSysSibSock::GetInfo: file/folder not found
2018-10-08 16:38:21: 新建复制 'F:/blog/public/live2dw/assets/mtn/miku_m_05.mtn' -> 'ftp://v0.ftp.upyun.com/live2dw/assets/mtn/miku_m_05.mtn' (3,980)
2018-10-08 16:38:22: 新建复制 'F:/blog/public/live2dw/assets/mtn/miku_m_06.mtn' -> 'ftp://v0.ftp.upyun.com/live2dw/assets/mtn/miku_m_06.mtn' (1,700)
- 错误: Cannot rename temp file to destination file: Server says: {"msg":"too many requests of the same uri","code":42900002,"id":"13e23cbf82487c5d19146a2632389b25"}, Deleting: Server says: {"msg":"too many requests of the same uri","code":42900002,"id":"82fd5652653d9b1d9cfaaaa1da24f4d5"}
2018-10-08 16:38:23: 新建复制 'F:/blog/public/live2dw/assets/mtn/miku_shake_01.mtn' -> 'ftp://v0.ftp.upyun.com/live2dw/assets/mtn/miku_shake_01.mtn' (4,134)
- 错误: Cannot rename temp file to destination file: Server says: {"msg":"too many requests of the same uri","code":42900002,"id":"1d7d1c02808a09a926af699d8ece5de2"}
2018-10-08 16:38:24: 新建复制 'F:/blog/public/live2dw/lib/L2Dwidget.0.min.js' -> 'ftp://v0.ftp.upyun.com/live2dw/lib/L2Dwidget.0.min.js' (149,036)
- 错误: Cannot rename temp file to destination file: Server says: {"msg":"too many requests of the same uri","code":42900002,"id":"1fb9e4a93de001ea5646658aec326f5e"}, Deleting: Server says: {"msg":"too many requests of the same uri","code":42900002,"id":"2b0179678c1b5365472ae56dbe02bc71"}
2018-10-08 16:38:25: 新建复制 'F:/blog/public/live2dw/lib/L2Dwidget.0.min.js.map' -> 'ftp://v0.ftp.upyun.com/live2dw/lib/L2Dwidget.0.min.js.map' (547,017)
2018-10-08 16:38:26: 覆盖复制 'F:/blog/public/live2dw/lib/L2Dwidget.min.js' -> 'ftp://v0.ftp.upyun.com/live2dw/lib/L2Dwidget.min.js' (32,560)
- 错误: Server says: {"msg":"too many requests of the same uri","code":42900002,"id":"f9a33750a6d519dceaf6d66c92c5e97a"}, Deleting: Server says: {"msg":"file or directory not found","code":40400001,"id":"eab03a595b711a2b16b83790f4432288"}
2018-10-08 16:38:27: 覆盖复制 'F:/blog/public/live2dw/lib/L2Dwidget.min.js.map' -> 'ftp://v0.ftp.upyun.com/live2dw/lib/L2Dwidget.min.js.map' (176,224)
- 错误: Server says: {"msg":"too many requests of the same uri","code":42900002,"id":"2f267d5d571d7886c20464d38aa321c3"}, Deleting: Server says: {"msg":"file or directory not found","code":40400001,"id":"35f25b487049938e6a783f97a15c59f6"}
2018-10-08 16:38:28: 新建复制 'F:/blog/public/page/2/index.html' -> 'ftp://v0.ftp.upyun.com/page/2/index.html' (86,357)
- 错误: Cannot rename temp file to destination file: Server says: {"msg":"too many requests of the same uri","code":42900002,"id":"49311a80ab8e5b5db70fbb8347b76023"}, Deleting: Server says: {"msg":"too many requests of the same uri","code":42900002,"id":"f796d72d4d08af5008b2d6a1249a8d2a"}
2018-10-08 16:38:29: 新建复制 'F:/blog/public/page/3/index.html' -> 'ftp://v0.ftp.upyun.com/page/3/index.html' (90,876)
2018-10-08 16:38:30: 新建复制 'F:/blog/public/page/4/index.html' -> 'ftp://v0.ftp.upyun.com/page/4/index.html' (88,733)
- 错误: Cannot rename temp file to destination file: Server says: {"msg":"too many requests of the same uri","code":42900002,"id":"e29a45a7a75de725b54c48dd7574a50f"}, Deleting: Server says: {"msg":"too many requests of the same uri","code":42900002,"id":"9154a26713354e0559f4d8ea4719a4c6"}
2018-10-08 16:38:31: 覆盖复制 'F:/blog/public/page/5/index.html' -> 'ftp://v0.ftp.upyun.com/page/5/index.html' (37,249)
- 错误: Cannot rename temp file to destination file: Server says: {"msg":"too many requests of the same uri","code":42900002,"id":"28d16bd976802295a388c282e35150c4"}, Deleting: Server says: {"msg":"file or directory not found","code":40400001,"id":"7921f09e4a1c4d82147902a8657ffd66"}
2018-10-08 16:38:32: 覆盖复制 'F:/blog/public/post/106fc1c3.html' -> 'ftp://v0.ftp.upyun.com/post/106fc1c3.html' (44,530)
- 错误: Server says: {"msg":"too many requests of the same uri","code":42900002,"id":"bfb560de240d2dc24f0020d37045ba4a"}, Deleting: Server says: {"msg":"file or directory not found","code":40400001,"id":"e88944f2b1b7e2d7ed51468a545f67f5"}
2018-10-08 16:38:33: 新建复制 'F:/blog/public/post/12acf01b.html' -> 'ftp://v0.ftp.upyun.com/post/12acf01b.html' (47,192)
- 错误: Cannot rename temp file to destination file: Server says: {"msg":"too many requests of the same uri","code":42900002,"id":"edd9049f72dd88ecbf34c8043e3dc67a"}
2018-10-08 16:38:34: 新建复制 'F:/blog/public/post/13c8d3a0.html' -> 'ftp://v0.ftp.upyun.com/post/13c8d3a0.html' (93,411)
- 错误: Cannot rename temp file to destination file: Server says: {"msg":"too many requests of the same uri","code":42900002,"id":"9337599f7a3a66a394c4cf80d5846156"}, Deleting: Server says: {"msg":"too many requests of the same uri","code":42900002,"id":"d65432c8ef3207d725f0b5cafcd8a411"}
2018-10-08 16:38:35: 新建复制 'F:/blog/public/post/16dd4349.html' -> 'ftp://v0.ftp.upyun.com/post/16dd4349.html' (46,482)
2018-10-08 16:38:36: 新建复制 'F:/blog/public/post/1bb05bfb.html' -> 'ftp://v0.ftp.upyun.com/post/1bb05bfb.html' (44,397)
2018-10-08 16:38:37: 新建复制 'F:/blog/public/post/23e28675.html' -> 'ftp://v0.ftp.upyun.com/post/23e28675.html' (45,715)
- 错误: Cannot rename temp file to destination file: Server says: {"msg":"too many requests of the same uri","code":42900002,"id":"ec2cf4407996504973669440ff2c1108"}, Deleting: Server says: {"msg":"too many requests of the same uri","code":42900002,"id":"f3f677f9263c971e26cf087d4d8b4ba6"}
2018-10-08 16:38:38: 覆盖复制 'F:/blog/public/post/29cebcea.html' -> 'ftp://v0.ftp.upyun.com/post/29cebcea.html' (59,695)
- 错误: Server says: {"msg":"too many requests of the same uri","code":42900002,"id":"cc341a80aba08ab931f39bbf75123858"}, Deleting: Server says: {"msg":"file or directory not found","code":40400001,"id":"bd5618abb9920160a4f6508fb44af28b"}
2018-10-08 16:38:39: 新建复制 'F:/blog/public/post/30631cd4.html' -> 'ftp://v0.ftp.upyun.com/post/30631cd4.html' (48,501)
2018-10-08 16:38:40: 新建复制 'F:/blog/public/post/38df1aba.html' -> 'ftp://v0.ftp.upyun.com/post/38df1aba.html' (49,234)
- 错误: Cannot rename temp file to destination file: Server says: {"msg":"too many requests of the same uri","code":42900002,"id":"0d1f6309834d4375c949a85f618e29ab"}
2018-10-08 16:38:41: 覆盖复制 'F:/blog/public/post/40ae08c3.html' -> 'ftp://v0.ftp.upyun.com/post/40ae08c3.html' (49,604)
- 错误: Cannot rename temp file to destination file: Server says: {"msg":"too many requests of the same uri","code":42900002,"id":"2fdf0ff34182ed3a1d296725d0b8b5fa"}, Deleting: Server says: {"msg":"file or directory not found","code":40400001,"id":"9329ce44330569cc6b2560d990cc6257"}
2018-10-08 16:38:42: 覆盖复制 'F:/blog/public/post/4546ca94.html' -> 'ftp://v0.ftp.upyun.com/post/4546ca94.html' (53,003)
- 错误: Cannot rename temp file to destination file: Server says: {"msg":"too many requests of the same uri","code":42900002,"id":"5bb92c513afb150e46a620f4b1a7a4c8"}, Deleting: Server says: {"msg":"file or directory not found","code":40400001,"id":"32a538a99e1e18cbc286b32a28a3ec65"}
2018-10-08 16:38:43: 新建复制 'F:/blog/public/post/47112e7a.html' -> 'ftp://v0.ftp.upyun.com/post/47112e7a.html' (51,219)
2018-10-08 16:38:44: Got error, try again: FtpFileSysSibSock::GetInfo: file/folder not found
2018-10-08 16:38:45: Got error, try again: FtpFileSysSibSock::GetInfo: file/folder not found
2018-10-08 16:38:47: Cannot get file info after Sync: FtpFileSysSibSock::GetInfo: file/folder not found
2018-10-08 16:38:47: 新建复制 'F:/blog/public/post/4a17b156.html' -> 'ftp://v0.ftp.upyun.com/post/4a17b156.html' (42,451)
- 错误: Cannot get file info after Sync: FtpFileSysSibSock::GetInfo: file/folder not found
2018-10-08 16:38:49: 新建复制 'F:/blog/public/post/5133767d.html' -> 'ftp://v0.ftp.upyun.com/post/5133767d.html' (42,255)
2018-10-08 16:38:50: 覆盖复制 'F:/blog/public/post/51937609.html' -> 'ftp://v0.ftp.upyun.com/post/51937609.html' (45,221)
- 错误: Cannot rename temp file to destination file: Server says: {"msg":"too many requests of the same uri","code":42900002,"id":"d0303074fb84995258a663d5e7e8a6cd"}, Deleting: Server says: {"msg":"file or directory not found","code":40400001,"id":"354ec558f7f6c375b5c3eb3e3b395d96"}
2018-10-08 16:38:51: 新建复制 'F:/blog/public/post/53b2030c.html' -> 'ftp://v0.ftp.upyun.com/post/53b2030c.html' (44,057)
2018-10-08 16:38:52: 覆盖复制 'F:/blog/public/post/60a25379.html' -> 'ftp://v0.ftp.upyun.com/post/60a25379.html' (58,654)
- 错误: Server says: {"msg":"too many requests of the same uri","code":42900002,"id":"a21e777b2556892f366e8125e5a33943"}, Deleting: Server says: {"msg":"file or directory not found","code":40400001,"id":"d382b631dc7f1818e1de74450d5a527c"}
2018-10-08 16:38:53: 新建复制 'F:/blog/public/post/60cd4fc4.html' -> 'ftp://v0.ftp.upyun.com/post/60cd4fc4.html' (43,466)
- 错误: Cannot rename temp file to destination file: Server says: {"msg":"too many requests of the same uri","code":42900002,"id":"0717fc43e3962bee8f80be3b42db7fff"}, Deleting: Server says: {"msg":"too many requests of the same uri","code":42900002,"id":"86bf1ddda814702ec5eae7dfcca7fe28"}
2018-10-08 16:38:54: 新建复制 'F:/blog/public/post/63840324.html' -> 'ftp://v0.ftp.upyun.com/post/63840324.html' (47,845)
- 错误: Cannot rename temp file to destination file: Server says: {"msg":"too many requests of the same uri","code":42900002,"id":"ef851cec81174c0aa90aa4f324f7f773"}, Deleting: Server says: {"msg":"too many requests of the same uri","code":42900002,"id":"fcf2cacfdaf4c8a9bb73301f1f683637"}
2018-10-08 16:38:55: 新建复制 'F:/blog/public/post/65a05ef.html' -> 'ftp://v0.ftp.upyun.com/post/65a05ef.html' (52,101)
- 错误: Cannot rename temp file to destination file: Server says: {"msg":"too many requests of the same uri","code":42900002,"id":"6b6aad6cceda8706aa14925a8c7fd045"}
2018-10-08 16:38:55: 新建复制 'F:/blog/public/post/6d7b9178.html' -> 'ftp://v0.ftp.upyun.com/post/6d7b9178.html' (60,154)
- 错误: Cannot rename temp file to destination file: Server says: {"msg":"too many requests of the same uri","code":42900002,"id":"51452e85a4f065e5abe31653bedb293a"}, Deleting: Server says: {"msg":"too many requests of the same uri","code":42900002,"id":"bd601168c4f1bff9b481c75cda3c9eea"}
2018-10-08 16:38:56: 新建复制 'F:/blog/public/post/72dd6893.html' -> 'ftp://v0.ftp.upyun.com/post/72dd6893.html' (54,007)
2018-10-08 16:38:57: 新建复制 'F:/blog/public/post/74b1112a.html' -> 'ftp://v0.ftp.upyun.com/post/74b1112a.html' (50,931)
2018-10-08 16:38:58: 覆盖复制 'F:/blog/public/post/8b3b02a7.html' -> 'ftp://v0.ftp.upyun.com/post/8b3b02a7.html' (46,850)
- 错误: Server says: {"msg":"too many requests of the same uri","code":42900002,"id":"17c2d21789ff06554da5133d6c160aab"}, Deleting: Server says: {"msg":"file or directory not found","code":40400001,"id":"60d54d2e3f44c8e2a99189e435ce7474"}
2018-10-08 16:38:59: 新建复制 'F:/blog/public/post/8c8e25d.html' -> 'ftp://v0.ftp.upyun.com/post/8c8e25d.html' (68,957)
- 错误: Cannot rename temp file to destination file: Server says: {"msg":"too many requests of the same uri","code":42900002,"id":"60a9cc472a7dfad56fae9eab2e9785a4"}, Deleting: Server says: {"msg":"too many requests of the same uri","code":42900002,"id":"b14c794afe8b142883e60b88472ade88"}
2018-10-08 16:39:00: 新建复制 'F:/blog/public/post/936c5fbe.html' -> 'ftp://v0.ftp.upyun.com/post/936c5fbe.html' (59,667)
- 错误: Cannot rename temp file to destination file: Server says: {"msg":"too many requests of the same uri","code":42900002,"id":"f3d050f72f49131dc2e80762692c671d"}, Deleting: Server says: {"msg":"too many requests of the same uri","code":42900002,"id":"b5deb7c347a72684f96c184896a82331"}
2018-10-08 16:39:00: 新建复制 'F:/blog/public/post/98bc273a.html' -> 'ftp://v0.ftp.upyun.com/post/98bc273a.html' (47,055)
- 错误: Cannot rename temp file to destination file: Server says: {"msg":"too many requests of the same uri","code":42900002,"id":"b9bd96e144c6b5d61b5f835f557153c5"}, Deleting: Server says: {"msg":"too many requests of the same uri","code":42900002,"id":"cd930650a5846c2b486dcefc026d5935"}
2018-10-08 16:39:01: 覆盖复制 'F:/blog/public/post/9a8cdc59.html' -> 'ftp://v0.ftp.upyun.com/post/9a8cdc59.html' (106,468)
- 错误: Server says: {"msg":"too many requests of the same uri","code":42900002,"id":"619d800b1f28142f83ba9da041276d44"}, Deleting: Server says: {"msg":"file or directory not found","code":40400001,"id":"4a34bad3b43ef7437fcf24972536cd4a"}
2018-10-08 16:39:02: 新建复制 'F:/blog/public/post/a033ab3f.html' -> 'ftp://v0.ftp.upyun.com/post/a033ab3f.html' (49,922)
2018-10-08 16:39:04: 新建复制 'F:/blog/public/post/a11ee691.html' -> 'ftp://v0.ftp.upyun.com/post/a11ee691.html' (41,069)
2018-10-08 16:39:06: 新建复制 'F:/blog/public/post/a84d1ef1.html' -> 'ftp://v0.ftp.upyun.com/post/a84d1ef1.html' (58,900)
2018-10-08 16:39:08: 覆盖复制 'F:/blog/public/post/b04d82e3.html' -> 'ftp://v0.ftp.upyun.com/post/b04d82e3.html' (44,027)
2018-10-08 16:39:09: 覆盖复制 'F:/blog/public/post/bfc7c122.html' -> 'ftp://v0.ftp.upyun.com/post/bfc7c122.html' (57,333)
2018-10-08 16:39:10: 新建复制 'F:/blog/public/post/c9feff90.html' -> 'ftp://v0.ftp.upyun.com/post/c9feff90.html' (43,165)
- 错误: Cannot rename temp file to destination file: Server says: {"msg":"too many requests of the same uri","code":42900002,"id":"c6b1f4a48ab7d208bf98603ab3cd14a3"}, Deleting: Server says: {"msg":"too many requests of the same uri","code":42900002,"id":"d6d097259089e3bd023629d3b3e7fde2"}
2018-10-08 16:39:11: 覆盖复制 'F:/blog/public/post/cd12463.html' -> 'ftp://v0.ftp.upyun.com/post/cd12463.html' (48,393)
- 错误: Server says: {"msg":"too many requests of the same uri","code":42900002,"id":"b49caf0fc4510fd5ac0ca320b9d6427b"}, Deleting: Server says: {"msg":"file or directory not found","code":40400001,"id":"05b35bb24787f3e463944118e357107e"}
2018-10-08 16:39:12: 新建复制 'F:/blog/public/post/cf1235a7.html' -> 'ftp://v0.ftp.upyun.com/post/cf1235a7.html' (43,855)
- 错误: Cannot rename temp file to destination file: Server says: {"msg":"too many requests of the same uri","code":42900002,"id":"b39d5bc103ce1ed734c4b6accf4915ba"}
2018-10-08 16:39:12: 新建复制 'F:/blog/public/post/d87f7e0c.html' -> 'ftp://v0.ftp.upyun.com/post/d87f7e0c.html' (42,286)
- 错误: Cannot rename temp file to destination file: Server says: {"msg":"too many requests of the same uri","code":42900002,"id":"c3e96e4fb7aa1350d768e28fac09ac78"}, Deleting: Server says: {"msg":"too many requests of the same uri","code":42900002,"id":"5757f2ca5f769fba79320c8d60e1e252"}
2018-10-08 16:39:13: 覆盖复制 'F:/blog/public/post/e07f2122.html' -> 'ftp://v0.ftp.upyun.com/post/e07f2122.html' (71,642)
- 错误: Server says: {"msg":"too many requests of the same uri","code":42900002,"id":"110db7f3a2f39ea02627669db3a6268a"}, Deleting: Server says: {"msg":"file or directory not found","code":40400001,"id":"03ed2771ce6675c4a28ebc7aa08108d8"}
2018-10-08 16:39:14: 新建复制 'F:/blog/public/post/fa0e7c88.html' -> 'ftp://v0.ftp.upyun.com/post/fa0e7c88.html' (47,935)
- 错误: Cannot rename temp file to destination file: Server says: {"msg":"too many requests of the same uri","code":42900002,"id":"42b17fd218096522bf62a9c1cdf5f5b4"}, Deleting: Server says: {"msg":"too many requests of the same uri","code":42900002,"id":"eb0b8960445f718b31aba03ea0d97f5b"}
2018-10-08 16:39:15: 新建复制 'F:/blog/public/post/fa20dd9d.html' -> 'ftp://v0.ftp.upyun.com/post/fa20dd9d.html' (69,526)
- 错误: Cannot rename temp file to destination file: Server says: {"msg":"too many requests of the same uri","code":42900002,"id":"666028b81e398f45027b50e7b3d538d3"}, Deleting: Server says: {"msg":"too many requests of the same uri","code":42900002,"id":"be0e69ced43965f4a0e2c530b92503fe"}
2018-10-08 16:39:16: 新建复制 'F:/blog/public/post/fdf0e152.html' -> 'ftp://v0.ftp.upyun.com/post/fdf0e152.html' (40,988)
2018-10-08 16:39:17: 覆盖复制 'F:/blog/public/post/fec62b1b.html' -> 'ftp://v0.ftp.upyun.com/post/fec62b1b.html' (49,055)
- 错误: Cannot rename temp file to destination file: Server says: {"msg":"too many requests of the same uri","code":42900002,"id":"e18d1705f84ed633e492ae70de603c0b"}, Deleting: Server says: {"msg":"file or directory not found","code":40400001,"id":"34ad2e91e5d4d3af6438695924bc4848"}
2018-10-08 16:39:18: 覆盖复制 'F:/blog/public/README.md' -> 'ftp://v0.ftp.upyun.com/README.md' (68)
- 错误: Cannot rename temp file to destination file: Server says: {"msg":"too many requests of the same uri","code":42900002,"id":"0c1fd614db03e2e83d68c51ff462d63b"}, Deleting: Server says: {"msg":"file or directory not found","code":40400001,"id":"a1c4930edc15dcc828ed2a204e787409"}
2018-10-08 16:39:19: 新建复制 'F:/blog/public/search.xml' -> 'ftp://v0.ftp.upyun.com/search.xml' (263,443)
- 错误: Cannot rename temp file to destination file: Server says: {"msg":"too many requests of the same uri","code":42900002,"id":"e62d09013b3ec10f7029cd81f3b04684"}, Deleting: Server says: {"msg":"too many requests of the same uri","code":42900002,"id":"e9c1a4d6e2873871f2a0eccd69ce688d"}
2018-10-08 16:39:19: 新建复制 'F:/blog/public/sitemap.xml' -> 'ftp://v0.ftp.upyun.com/sitemap.xml' (6,498)
- 错误: Cannot rename temp file to destination file: Server says: {"msg":"too many requests of the same uri","code":42900002,"id":"ea0200643ff785c1e6208489a79840ab"}, Deleting: Server says: {"msg":"too many requests of the same uri","code":42900002,"id":"671471530f256b19dbebea3eb64849fc"}
2018-10-08 16:39:20: 覆盖复制 'F:/blog/public/tags/Android/index.html' -> 'ftp://v0.ftp.upyun.com/tags/Android/index.html' (34,463)
- 错误: Server says: {"msg":"too many requests of the same uri","code":42900002,"id":"2d00fa6e3bfa538c9a8a76349d1da494"}, Deleting: Server says: {"msg":"file or directory not found","code":40400001,"id":"c55c17758454b7203c688b247ceb1559"}
2018-10-08 16:39:22: 新建复制 'F:/blog/public/tags/C语言/index.html' -> 'ftp://v0.ftp.upyun.com/tags/C语言/index.html' (32,988)
- 错误: Cannot rename temp file to destination file: Server says: {"msg":"too many requests of the same uri","code":42900002,"id":"321643055a7fadca539bb96dc5a07a2a"}, Deleting: Server says: {"msg":"too many requests of the same uri","code":42900002,"id":"3a80b6a75d35f7b81de87731bc03e6be"}
2018-10-08 16:39:22: 覆盖复制 'F:/blog/public/tags/eNSP/index.html' -> 'ftp://v0.ftp.upyun.com/tags/eNSP/index.html' (34,473)
- 错误: Server says: {"msg":"too many requests of the same uri","code":42900002,"id":"e4dfdc98710ca9ecd73ed063064361ba"}, Deleting: Server says: {"msg":"file or directory not found","code":40400001,"id":"0caaa98c7a8c33327dba0ecabf947d6c"}
2018-10-08 16:39:23: 覆盖复制 'F:/blog/public/tags/hexo/index.html' -> 'ftp://v0.ftp.upyun.com/tags/hexo/index.html' (37,847)
- 错误: Server says: {"msg":"too many requests of the same uri","code":42900002,"id":"f51454753cfd3865fa166a530a45e4b6"}, Deleting: Server says: {"msg":"file or directory not found","code":40400001,"id":"069c4de5a7e7f30bf3fa45c08de2bd6d"}
2018-10-08 16:39:24: 新建复制 'F:/blog/public/tags/ICT/index.html' -> 'ftp://v0.ftp.upyun.com/tags/ICT/index.html' (34,469)
- 错误: Cannot rename temp file to destination file: Server says: {"msg":"too many requests of the same uri","code":42900002,"id":"5951378f2c2cd9c4506eaaabd3f2f56d"}, Deleting: Server says: {"msg":"too many requests of the same uri","code":42900002,"id":"bc4245e62815c7b47d715ebb7a6536da"}
2018-10-08 16:39:24: 新建复制 'F:/blog/public/tags/index.html' -> 'ftp://v0.ftp.upyun.com/tags/index.html' (37,012)
- 错误: Cannot rename temp file to destination file: Server says: {"msg":"too many requests of the same uri","code":42900002,"id":"f79ab44115af079cd9eb55391fa9071c"}, Deleting: Server says: {"msg":"too many requests of the same uri","code":42900002,"id":"2d916e8eca2c49ffde3aa6a39a9ca953"}
2018-10-08 16:39:25: 新建复制 'F:/blog/public/tags/Java/index.html' -> 'ftp://v0.ftp.upyun.com/tags/Java/index.html' (33,684)
- 错误: Cannot rename temp file to destination file: Server says: {"msg":"too many requests of the same uri","code":42900002,"id":"13f08e2295ed01dcb54aab02b5dcff79"}, Deleting: Server says: {"msg":"too many requests of the same uri","code":42900002,"id":"eff5caf6f1a36ce729638a7bdc92243b"}
2018-10-08 16:39:26: 新建复制 'F:/blog/public/tags/Linux/index.html' -> 'ftp://v0.ftp.upyun.com/tags/Linux/index.html' (33,007)
- 错误: Cannot rename temp file to destination file: Server says: {"msg":"too many requests of the same uri","code":42900002,"id":"ce80c808b9183fbd88f3056d04140c62"}, Deleting: Server says: {"msg":"too many requests of the same uri","code":42900002,"id":"4ae73d67ee83cf739b42e1d1bf1612b6"}
2018-10-08 16:39:27: 覆盖复制 'F:/blog/public/tags/MySQL/index.html' -> 'ftp://v0.ftp.upyun.com/tags/MySQL/index.html' (32,999)
- 错误: Server says: {"msg":"too many requests of the same uri","code":42900002,"id":"a50fc680de032e0f7666bcf957596474"}, Deleting: Server says: {"msg":"file or directory not found","code":40400001,"id":"4a9918d81906d1d8b3898ce958502e70"}
2018-10-08 16:39:28: 新建复制 'F:/blog/public/tags/python/index.html' -> 'ftp://v0.ftp.upyun.com/tags/python/index.html' (35,774)
- 错误: Cannot rename temp file to destination file: Server says: {"msg":"too many requests of the same uri","code":42900002,"id":"7b43f820cb62adc13d3490c68234bd80"}, Deleting: Server says: {"msg":"too many requests of the same uri","code":42900002,"id":"937ce56b1ff4bca0ef3ff5806af86bf7"}
2018-10-08 16:39:29: 新建复制 'F:/blog/public/tags/Testing/index.html' -> 'ftp://v0.ftp.upyun.com/tags/Testing/index.html' (32,984)
2018-10-08 16:39:30: 覆盖复制 'F:/blog/public/tags/Ubuntu/index.html' -> 'ftp://v0.ftp.upyun.com/tags/Ubuntu/index.html' (33,011)
- 错误: Cannot rename temp file to destination file: Server says: {"msg":"too many requests of the same uri","code":42900002,"id":"437edf20ab81a6646e9704e37f3c6c46"}, Deleting: Server says: {"msg":"file or directory not found","code":40400001,"id":"c8fb514a5d1606fe523db4c522c54150"}
2018-10-08 16:39:31: 覆盖复制 'F:/blog/public/tags/uefi/index.html' -> 'ftp://v0.ftp.upyun.com/tags/uefi/index.html' (33,003)
- 错误: Cannot rename temp file to destination file: Server says: {"msg":"too many requests of the same uri","code":42900002,"id":"9266ff41ecdaffe89f04905934688372"}, Deleting: Server says: {"msg":"file or directory not found","code":40400001,"id":"7e24681b7fa5a8c3da16dd29fcf02a46"}
2018-10-08 16:39:32: 新建复制 'F:/blog/public/tags/vps/index.html' -> 'ftp://v0.ftp.upyun.com/tags/vps/index.html' (32,998)
2018-10-08 16:39:33: 覆盖复制 'F:/blog/public/tags/windows/index.html' -> 'ftp://v0.ftp.upyun.com/tags/windows/index.html' (33,040)
- 错误: Cannot rename temp file to destination file: Server says: {"msg":"too many requests of the same uri","code":42900002,"id":"c2111581850caad1969007bc908f6c01"}, Deleting: Server says: {"msg":"file or directory not found","code":40400001,"id":"916bf2d21acea71119aa21220f5ade79"}
2018-10-08 16:39:34: 新建复制 'F:/blog/public/tags/免流/index.html' -> 'ftp://v0.ftp.upyun.com/tags/免流/index.html' (32,984)
- 错误: Cannot rename temp file to destination file: Server says: {"msg":"too many requests of the same uri","code":42900002,"id":"371647f429d9d8ecbc186e35117e0f8f"}, Deleting: Server says: {"msg":"too many requests of the same uri","code":42900002,"id":"f553453a03d4cf77df3c0db545942338"}
2018-10-08 16:39:34: 覆盖复制 'F:/blog/public/tags/励志/index.html' -> 'ftp://v0.ftp.upyun.com/tags/励志/index.html' (33,007)
- 错误: Server says: {"msg":"too many requests of the same uri","code":42900002,"id":"e41fc74da0d929af74d83b29cffe90e7"}, Deleting: Server says: {"msg":"file or directory not found","code":40400001,"id":"357d3382b2ad61df4f2fe64210271905"}
2018-10-08 16:39:35: 覆盖复制 'F:/blog/public/tags/区块链/index.html' -> 'ftp://v0.ftp.upyun.com/tags/区块链/index.html' (33,026)
- 错误: Server says: {"msg":"too many requests of the same uri","code":42900002,"id":"021394905753eabfe285bf980cf5e3df"}, Deleting: Server says: {"msg":"file or directory not found","code":40400001,"id":"2f1449500d66fbcc75169c7524f40af7"}
2018-10-08 16:39:36: 新建复制 'F:/blog/public/tags/学习/index.html' -> 'ftp://v0.ftp.upyun.com/tags/学习/index.html' (33,020)
2018-10-08 16:39:37: 新建复制 'F:/blog/public/tags/情感/index.html' -> 'ftp://v0.ftp.upyun.com/tags/情感/index.html' (33,007)
- 错误: Cannot rename temp file to destination file: Server says: {"msg":"too many requests of the same uri","code":42900002,"id":"17be814d94d4137d959ecb51e37df2dd"}, Deleting: Server says: {"msg":"too many requests of the same uri","code":42900002,"id":"6d596f8339dda841ea39958ea4f8b90a"}
2018-10-08 16:39:38: 覆盖复制 'F:/blog/public/tags/教程/index.html' -> 'ftp://v0.ftp.upyun.com/tags/教程/index.html' (32,997)
- 错误: Cannot rename temp file to destination file: Server says: {"msg":"too many requests of the same uri","code":42900002,"id":"1c7fb7d355bf8812aff0b8cc8e4a3a01"}, Deleting: Server says: {"msg":"file or directory not found","code":40400001,"id":"8a9f546785a682c4aa2bdb6b9e1792d9"}
2018-10-08 16:39:39: 新建复制 'F:/blog/public/tags/数据库/index.html' -> 'ftp://v0.ftp.upyun.com/tags/数据库/index.html' (33,015)
- 错误: Cannot rename temp file to destination file: Server says: {"msg":"too many requests of the same uri","code":42900002,"id":"e009ad180bfc65b73eb3f2e62689c7aa"}, Deleting: Server says: {"msg":"too many requests of the same uri","code":42900002,"id":"2a6b7e1901a41b2d86e61bbcae2090fd"}
2018-10-08 16:39:40: 覆盖复制 'F:/blog/public/tags/数据通信/index.html' -> 'ftp://v0.ftp.upyun.com/tags/数据通信/index.html' (34,505)
- 错误: Server says: {"msg":"too many requests of the same uri","code":42900002,"id":"aa74f510a8d9b94c9892ce27a4f71548"}, Deleting: Server says: {"msg":"file or directory not found","code":40400001,"id":"4c62605cc2d4f034c825869691d1eca1"}
2018-10-08 16:39:41: 新建复制 'F:/blog/public/tags/梦想/index.html' -> 'ftp://v0.ftp.upyun.com/tags/梦想/index.html' (33,014)
2018-10-08 16:39:42: 覆盖复制 'F:/blog/public/tags/比特币/index.html' -> 'ftp://v0.ftp.upyun.com/tags/比特币/index.html' (33,026)
- 错误: Cannot rename temp file to destination file: Server says: {"msg":"too many requests of the same uri","code":42900002,"id":"6b629d7f9ded85097fbf5c986d1fbb8a"}, Deleting: Server says: {"msg":"file or directory not found","code":40400001,"id":"8dc166eb4691e2851ece8c609965993b"}
2018-10-08 16:39:43: 覆盖复制 'F:/blog/public/tags/汇编/index.html' -> 'ftp://v0.ftp.upyun.com/tags/汇编/index.html' (33,694)
- 错误: Cannot rename temp file to destination file: Server says: {"msg":"too many requests of the same uri","code":42900002,"id":"de0678defa7b2951a7a9de7b0294d514"}, Deleting: Server says: {"msg":"file or directory not found","code":40400001,"id":"1d32da3fc867124dec345501a4aa2832"}
2018-10-08 16:39:44: 新建复制 'F:/blog/public/tags/爬虫/index.html' -> 'ftp://v0.ftp.upyun.com/tags/爬虫/index.html' (34,371)
- 错误: Cannot rename temp file to destination file: Server says: {"msg":"too many requests of the same uri","code":42900002,"id":"f81321a7f246bac43b315f96eeabe33f"}, Deleting: Server says: {"msg":"too many requests of the same uri","code":42900002,"id":"927e26f096b536e56a27c9369141959c"}
2018-10-08 16:39:45: 新建复制 'F:/blog/public/tags/生活/index.html' -> 'ftp://v0.ftp.upyun.com/tags/生活/index.html' (33,014)
- 错误: Cannot rename temp file to destination file: Server says: {"msg":"too many requests of the same uri","code":42900002,"id":"28e12c1880ffcd3be22839b911abd507"}, Deleting: Server says: {"msg":"too many requests of the same uri","code":42900002,"id":"2d673c1940f02f2ae584fe2837e9dde8"}
2018-10-08 16:39:46: 新建复制 'F:/blog/public/tags/网络/index.html' -> 'ftp://v0.ftp.upyun.com/tags/网络/index.html' (32,984)
- 错误: Cannot rename temp file to destination file: Server says: {"msg":"too many requests of the same uri","code":42900002,"id":"bd4cfe7fa075a6020288a56aae1f818f"}
2018-10-08 16:39:47: 新建复制 'F:/blog/public/tags/课程设计/index.html' -> 'ftp://v0.ftp.upyun.com/tags/课程设计/index.html' (33,008)
2018-10-08 16:39:48: 新建复制 'F:/blog/public/top/index.html' -> 'ftp://v0.ftp.upyun.com/top/index.html' (32,849)
- 错误: Cannot rename temp file to destination file: Server says: {"msg":"too many requests of the same uri","code":42900002,"id":"9dacc4a00942c355653bd4e5ba1fb5c5"}, Deleting: Server says: {"msg":"too many requests of the same uri","code":42900002,"id":"072b05db6b8152a237604096bdec0d97"}
2018-10-08 16:39:50: == 同步完成. 历时: 00:04:16, 速度: 19.5 KB/s, 完成: 149, 错误: 171
2018-10-08 16:39:50: 
2018-10-08 16:39:56: == 同步开始由 User Command
2018-10-08 16:39:57: FTP [class 0]: Listing one file is not supported (returns nothing): cannot start transfer: 550: Not a directory
2018-10-08 16:39:59: 覆盖复制 'F:/blog/public/404.html' -> 'ftp://v0.ftp.upyun.com/404.html' (727)
- 错误: Cannot rename temp file to destination file: Server says: {"msg":"too many requests of the same uri","code":42900002,"id":"19ecd70fcd1fced83d72ae2d4335c4fc"}, Deleting: Server says: {"msg":"file or directory not found","code":40400001,"id":"5cf10ce8aa2ceb6eed2e92460e02f2b8"}
2018-10-08 16:40:01: 覆盖复制 'F:/blog/public/assets/css/APlayer.min.css' -> 'ftp://v0.ftp.upyun.com/assets/css/APlayer.min.css' (12,528)
2018-10-08 16:40:01: 新建复制 'F:/blog/public/assets/js/APlayer.min.js' -> 'ftp://v0.ftp.upyun.com/assets/js/APlayer.min.js' (59,325)
- 错误: Cannot rename temp file to destination file: Server says: {"msg":"too many requests of the same uri","code":42900002,"id":"b58f9fa1c8edcab296d41315abf663b3"}
2018-10-08 16:40:02: 新建复制 'F:/blog/public/assets/js/Meting.min.js' -> 'ftp://v0.ftp.upyun.com/assets/js/Meting.min.js' (1,795)
- 错误: Cannot rename temp file to destination file: Server says: {"msg":"too many requests of the same uri","code":42900002,"id":"d4836643ee3773e9b28faa2e850940ea"}
2018-10-08 16:40:03: Stop requested by Stop By User: #1
2018-10-08 16:40:03: 新建复制 'F:/blog/public/atom.xml' -> 'ftp://v0.ftp.upyun.com/atom.xml' (462,118)
- 错误: Cannot rename temp file to destination file: stopped by Stop By User
2018-10-08 16:40:03: 保持文件状态 
- ERROR: Cannot move state file temp to perm: Server says: {"msg":"too many requests of the same uri","code":42900002,"id":"6e8c2014c65bd4e98830ddb07b670d7d"}
2018-10-08 16:40:03: stopped by Stop By User
2018-10-08 16:40:03: 
