2018-08-16 17:51:34: == 分析比较具有相同大小但文件修改时间不同的文件校验和
2018-08-16 17:51:35: FTP [class 0]: Listing one file is not supported (returns nothing): cannot start transfer: 550: Not a directory
2018-08-16 17:51:35: -- 分析开始 User Command
2018-08-16 17:51:35: 左侧: State file does not exist: F:/blog/public/_gsdata_/_file_state_v4._gs
2018-08-16 17:53:02: 变更：226， 冲突：0， 复制时间：0， 复制状态：80， 错误： 0, All: 307
2018-08-16 17:53:02: Left to Right: Copy File: 226 
2018-08-16 17:53:02: -- 分析已结束。历时 00:01:28, 速度： 10 文件/秒
2018-08-16 17:53:02: 
2018-08-16 17:53:43: == 同步开始由 User Command
2018-08-16 17:53:43: FTP [class 0]: Listing one file is not supported (returns nothing): cannot start transfer: 550: Not a directory
2018-08-16 17:53:44: 创建文件夹 'ftp://v0.ftp.upyun.com/categories/音乐'
2018-08-16 17:53:44: 覆盖复制 'F:/blog/public/404.html' -> 'ftp://v0.ftp.upyun.com/404.html' (727)
- 错误: Copying file: server says after data transfer: 550: {"msg":"too many requests of the same uri","code":42900002,"id":"36cf789bf440d98defd9690d4966ef45"}
2018-08-16 17:53:45: Copy Confirmed by CheckSum: ftp://v0.ftp.upyun.com/about/index.html
2018-08-16 17:53:45: 覆盖复制 'F:/blog/public/about/index.html' -> 'ftp://v0.ftp.upyun.com/about/index.html' (35,223)
2018-08-16 17:53:45: 覆盖复制 'F:/blog/public/archives/index.html' -> 'ftp://v0.ftp.upyun.com/archives/index.html' (62,161)
- 错误: Copying file: server says after data transfer: 550: {"msg":"too many requests of the same uri","code":42900002,"id":"a6f366dc57800f82a2df8cc0d007bdc7"}
2018-08-16 17:53:46: 覆盖复制 'F:/blog/public/assets/css/APlayer.min.css' -> 'ftp://v0.ftp.upyun.com/assets/css/APlayer.min.css' (12,528)
- 错误: Copying file: server says after data transfer: 550: {"msg":"too many requests of the same uri","code":42900002,"id":"0dd526c360465abdbc8ebd95cc8dddfe"}
2018-08-16 17:53:46: 覆盖复制 'F:/blog/public/assets/js/APlayer.min.js' -> 'ftp://v0.ftp.upyun.com/assets/js/APlayer.min.js' (59,325)
- 错误: Copying file: server says after data transfer: 550: {"msg":"too many requests of the same uri","code":42900002,"id":"a37c2aca8cebb34177e4ff44137b5040"}
2018-08-16 17:53:46: 覆盖复制 'F:/blog/public/assets/js/Meting.min.js' -> 'ftp://v0.ftp.upyun.com/assets/js/Meting.min.js' (1,795)
- 错误: Copying file: server says after data transfer: 550: {"msg":"too many requests of the same uri","code":42900002,"id":"06b1f2c4561ae2ffad65001c3ba67398"}
2018-08-16 17:53:47: 覆盖复制 'F:/blog/public/atom.xml' -> 'ftp://v0.ftp.upyun.com/atom.xml' (397,209)
- 错误: Copying file: server says after data transfer: 550: {"msg":"too many requests of the same uri","code":42900002,"id":"1529d67995bdbf21b1ab6d83892949d4"}
2018-08-16 17:53:47: 覆盖复制 'F:/blog/public/baidusitemap.xml' -> 'ftp://v0.ftp.upyun.com/baidusitemap.xml' (18,419)
- 错误: Copying file: server says after data transfer: 550: {"msg":"too many requests of the same uri","code":42900002,"id":"bf6ae36f4ee52904b7c1d0a4a9163975"}
2018-08-16 17:53:48: Copy Confirmed by CheckSum: ftp://v0.ftp.upyun.com/categories/Android/index.html
2018-08-16 17:53:48: 覆盖复制 'F:/blog/public/categories/Android/index.html' -> 'ftp://v0.ftp.upyun.com/categories/Android/index.html' (34,765)
2018-08-16 17:53:48: 覆盖复制 'F:/blog/public/categories/C语言/index.html' -> 'ftp://v0.ftp.upyun.com/categories/C语言/index.html' (33,290)
- 错误: Copying file: server says after data transfer: 550: {"msg":"too many requests of the same uri","code":42900002,"id":"a88e98a08a07b0e55789ce5c50091a9d"}
2018-08-16 17:53:49: Copy Confirmed by CheckSum: ftp://v0.ftp.upyun.com/categories/hexo/index.html
2018-08-16 17:53:49: 覆盖复制 'F:/blog/public/categories/hexo/index.html' -> 'ftp://v0.ftp.upyun.com/categories/hexo/index.html' (38,149)
2018-08-16 17:53:50: Copy Confirmed by CheckSum: ftp://v0.ftp.upyun.com/categories/index.html
2018-08-16 17:53:50: 覆盖复制 'F:/blog/public/categories/index.html' -> 'ftp://v0.ftp.upyun.com/categories/index.html' (35,828)
2018-08-16 17:53:50: 覆盖复制 'F:/blog/public/categories/Java/index.html' -> 'ftp://v0.ftp.upyun.com/categories/Java/index.html' (33,289)
- 错误: Copying file: server says after data transfer: 550: {"msg":"too many requests of the same uri","code":42900002,"id":"ed47883a2d928ebb6c35e376d9200527"}
2018-08-16 17:53:50: 覆盖复制 'F:/blog/public/categories/python/index.html' -> 'ftp://v0.ftp.upyun.com/categories/python/index.html' (34,005)
- 错误: Copying file: server says after data transfer: 550: {"msg":"too many requests of the same uri","code":42900002,"id":"d8c3e3d1f06e7030fb8ec626bc37f748"}
2018-08-16 17:53:51: Copy Confirmed by CheckSum: ftp://v0.ftp.upyun.com/categories/vps/index.html
2018-08-16 17:53:51: 覆盖复制 'F:/blog/public/categories/vps/index.html' -> 'ftp://v0.ftp.upyun.com/categories/vps/index.html' (33,300)
2018-08-16 17:53:52: 覆盖复制 'F:/blog/public/categories/数据库/index.html' -> 'ftp://v0.ftp.upyun.com/categories/数据库/index.html' (33,317)
- 错误: Copying file: server says after data transfer: 550: {"msg":"too many requests of the same uri","code":42900002,"id":"ce406de27f593a8f4ade49c544d27c82"}
2018-08-16 17:53:52: 覆盖复制 'F:/blog/public/categories/比特币/index.html' -> 'ftp://v0.ftp.upyun.com/categories/比特币/index.html' (33,328)
- 错误: Copying file: server says after data transfer: 550: {"msg":"too many requests of the same uri","code":42900002,"id":"f82ec80f610f22c8fb053a7e574b6c6d"}
2018-08-16 17:53:52: 覆盖复制 'F:/blog/public/categories/系统/index.html' -> 'ftp://v0.ftp.upyun.com/categories/系统/index.html' (34,049)
- 错误: Copying file: server says after data transfer: 550: {"msg":"too many requests of the same uri","code":42900002,"id":"9d0faf452cd21950ea077658060ca7fa"}
2018-08-16 17:53:53: 覆盖复制 'F:/blog/public/categories/网络/index.html' -> 'ftp://v0.ftp.upyun.com/categories/网络/index.html' (35,467)
- 错误: Copying file: server says after data transfer: 550: {"msg":"too many requests of the same uri","code":42900002,"id":"b002d5e4db33c365034728ea9b78484a"}
2018-08-16 17:53:53: 覆盖复制 'F:/blog/public/categories/转载/index.html' -> 'ftp://v0.ftp.upyun.com/categories/转载/index.html' (33,372)
- 错误: Copying file: server says after data transfer: 550: {"msg":"too many requests of the same uri","code":42900002,"id":"3f64b13e135058d251af3ca070b85c47"}
2018-08-16 17:53:54: 覆盖复制 'F:/blog/public/categories/闲读/index.html' -> 'ftp://v0.ftp.upyun.com/categories/闲读/index.html' (34,024)
- 错误: Copying file: server says after data transfer: 550: {"msg":"too many requests of the same uri","code":42900002,"id":"7b87b29cc78050adf2ba4d998c224a51"}
2018-08-16 17:53:54: Copy Confirmed by CheckSum: ftp://v0.ftp.upyun.com/categories/音乐/index.html
2018-08-16 17:53:54: 新建复制 'F:/blog/public/categories/音乐/index.html' -> 'ftp://v0.ftp.upyun.com/categories/音乐/index.html' (33,285)
2018-08-16 17:53:55: 覆盖复制 'F:/blog/public/CNAME' -> 'ftp://v0.ftp.upyun.com/CNAME' (19)
- 错误: Copying file: server says after data transfer: 550: {"msg":"too many requests of the same uri","code":42900002,"id":"f3d9710f5c3eb80ced5ccaaa530dfa35"}
2018-08-16 17:53:55: 覆盖复制 'F:/blog/public/css/main.css' -> 'ftp://v0.ftp.upyun.com/css/main.css' (68,193)
- 错误: Copying file: server says after data transfer: 550: {"msg":"too many requests of the same uri","code":42900002,"id":"4b74a89e9827d0b41e2e2fcb9a6a6b0a"}
2018-08-16 17:53:55: 覆盖复制 'F:/blog/public/images/algolia_logo.svg' -> 'ftp://v0.ftp.upyun.com/images/algolia_logo.svg' (4,410)
- 错误: Copying file: server says after data transfer: 550: {"msg":"too many requests of the same uri","code":42900002,"id":"5ad69a47e39b9e3b224404c456edc4e1"}
2018-08-16 17:53:55: 覆盖复制 'F:/blog/public/images/apple-touch-icon-next.ico' -> 'ftp://v0.ftp.upyun.com/images/apple-touch-icon-next.ico' (67,646)
- 错误: Copying file: server says after data transfer: 550: {"msg":"too many requests of the same uri","code":42900002,"id":"f990b462109441fcf29d7ffc98b31497"}
2018-08-16 17:53:56: 覆盖复制 'F:/blog/public/images/apple-touch-icon-next.png' -> 'ftp://v0.ftp.upyun.com/images/apple-touch-icon-next.png' (1,544)
- 错误: Copying file: server says after data transfer: 550: {"msg":"too many requests of the same uri","code":42900002,"id":"7b90db3a0d3029f0a1d4b19e0414aae9"}
2018-08-16 17:53:56: 覆盖复制 'F:/blog/public/images/avatar.gif' -> 'ftp://v0.ftp.upyun.com/images/avatar.gif' (2,926)
- 错误: Copying file: server says after data transfer: 550: {"msg":"too many requests of the same uri","code":42900002,"id":"f5ba732699ff971511298cfa61c2c8d2"}
2018-08-16 17:53:56: 覆盖复制 'F:/blog/public/images/background1.jpg' -> 'ftp://v0.ftp.upyun.com/images/background1.jpg' (218,301)
- 错误: Copying file: server says after data transfer: 550: {"msg":"too many requests of the same uri","code":42900002,"id":"c5a1f266520a2610216f51f62afc3700"}
2018-08-16 17:53:56: 覆盖复制 'F:/blog/public/images/background2.jpg' -> 'ftp://v0.ftp.upyun.com/images/background2.jpg' (343,176)
- 错误: Copying file: server says after data transfer: 550: {"msg":"too many requests of the same uri","code":42900002,"id":"ea6477244b4bf2cb7f22322ac90ed663"}
2018-08-16 17:53:57: 覆盖复制 'F:/blog/public/images/background3.jpg' -> 'ftp://v0.ftp.upyun.com/images/background3.jpg' (443,034)
- 错误: Copying file: server says after data transfer: 550: {"msg":"too many requests of the same uri","code":42900002,"id":"d885f5328f7ce1c072ff7556fb6442bb"}
2018-08-16 17:53:57: 覆盖复制 'F:/blog/public/images/background4.jpg' -> 'ftp://v0.ftp.upyun.com/images/background4.jpg' (397,628)
- 错误: Copying file: server says after data transfer: 550: {"msg":"too many requests of the same uri","code":42900002,"id":"3ef0f75582a7ed5ea81eb0feae48e6d5"}
2018-08-16 17:53:57: 覆盖复制 'F:/blog/public/images/background5.jpg' -> 'ftp://v0.ftp.upyun.com/images/background5.jpg' (339,444)
- 错误: Copying file: server says after data transfer: 550: {"msg":"too many requests of the same uri","code":42900002,"id":"e63c7ca112242c416ffbbb8d0e419db2"}
2018-08-16 17:53:58: Copy Confirmed by CheckSum: ftp://v0.ftp.upyun.com/images/background6.jpg
2018-08-16 17:53:58: 覆盖复制 'F:/blog/public/images/background6.jpg' -> 'ftp://v0.ftp.upyun.com/images/background6.jpg' (321,373)
2018-08-16 17:53:58: 覆盖复制 'F:/blog/public/images/cc-by-nc-nd.svg' -> 'ftp://v0.ftp.upyun.com/images/cc-by-nc-nd.svg' (11,043)
- 错误: Copying file: server says after data transfer: 550: {"msg":"too many requests of the same uri","code":42900002,"id":"f4d81f760d9bca54804793f6184dadf4"}
2018-08-16 17:53:59: 覆盖复制 'F:/blog/public/images/cc-by-nc-sa.svg' -> 'ftp://v0.ftp.upyun.com/images/cc-by-nc-sa.svg' (11,780)
- 错误: Copying file: server says after data transfer: 550: {"msg":"too many requests of the same uri","code":42900002,"id":"e85d5f2de2a0743f2eace64a899cdeb4"}
2018-08-16 17:53:59: 覆盖复制 'F:/blog/public/images/cc-by-nc.svg' -> 'ftp://v0.ftp.upyun.com/images/cc-by-nc.svg' (9,794)
- 错误: Copying file: server says after data transfer: 550: {"msg":"too many requests of the same uri","code":42900002,"id":"fae2bcdae841f1afd022958c8f378952"}
2018-08-16 17:54:00: 覆盖复制 'F:/blog/public/images/cc-by-nd.svg' -> 'ftp://v0.ftp.upyun.com/images/cc-by-nd.svg' (9,500)
- 错误: Copying file: server says after data transfer: 550: {"msg":"too many requests of the same uri","code":42900002,"id":"cc62f02581600bf2ecb456d4014347a4"}
2018-08-16 17:54:00: 覆盖复制 'F:/blog/public/images/cc-by-sa.svg' -> 'ftp://v0.ftp.upyun.com/images/cc-by-sa.svg' (10,382)
- 错误: Copying file: server says after data transfer: 550: {"msg":"too many requests of the same uri","code":42900002,"id":"7e658111d23a7ebd0b040361e4e525d2"}
2018-08-16 17:54:00: 覆盖复制 'F:/blog/public/images/cc-by.svg' -> 'ftp://v0.ftp.upyun.com/images/cc-by.svg' (8,400)
- 错误: Copying file: server says after data transfer: 550: {"msg":"too many requests of the same uri","code":42900002,"id":"151386e10975ab04de5ce224d6c8d335"}
2018-08-16 17:54:01: Copy Confirmed by CheckSum: ftp://v0.ftp.upyun.com/images/cc-zero.svg
2018-08-16 17:54:01: 覆盖复制 'F:/blog/public/images/cc-zero.svg' -> 'ftp://v0.ftp.upyun.com/images/cc-zero.svg' (6,287)
2018-08-16 17:54:01: 覆盖复制 'F:/blog/public/images/favicon-16x16-next.ico' -> 'ftp://v0.ftp.upyun.com/images/favicon-16x16-next.ico' (1,150)
- 错误: Copying file: server says after data transfer: 550: {"msg":"too many requests of the same uri","code":42900002,"id":"c3d28f3c36a063319e4f9a6219a3478c"}
2018-08-16 17:54:02: Copy Confirmed by CheckSum: ftp://v0.ftp.upyun.com/images/favicon-16x16-next.png
2018-08-16 17:54:02: 覆盖复制 'F:/blog/public/images/favicon-16x16-next.png' -> 'ftp://v0.ftp.upyun.com/images/favicon-16x16-next.png' (435)
2018-08-16 17:54:02: Copy Confirmed by CheckSum: ftp://v0.ftp.upyun.com/images/favicon-32x32-next.ico
2018-08-16 17:54:02: 覆盖复制 'F:/blog/public/images/favicon-32x32-next.ico' -> 'ftp://v0.ftp.upyun.com/images/favicon-32x32-next.ico' (4,286)
2018-08-16 17:54:03: 覆盖复制 'F:/blog/public/images/favicon-32x32-next.png' -> 'ftp://v0.ftp.upyun.com/images/favicon-32x32-next.png' (640)
- 错误: Copying file: server says after data transfer: 550: {"msg":"too many requests of the same uri","code":42900002,"id":"3624e5df7651d1b911ea15bc3eee3e99"}
2018-08-16 17:54:03: 覆盖复制 'F:/blog/public/images/favicon-48x48-next.ico' -> 'ftp://v0.ftp.upyun.com/images/favicon-48x48-next.ico' (9,662)
- 错误: Copying file: server says after data transfer: 550: {"msg":"too many requests of the same uri","code":42900002,"id":"ac02e074cf9971947f5a902feef8b07f"}
2018-08-16 17:54:03: 覆盖复制 'F:/blog/public/images/head.png' -> 'ftp://v0.ftp.upyun.com/images/head.png' (31,689)
- 错误: Copying file: server says after data transfer: 550: {"msg":"too many requests of the same uri","code":42900002,"id":"2e9475819a4ce036ace07887c5754e21"}
2018-08-16 17:54:04: Copy Confirmed by CheckSum: ftp://v0.ftp.upyun.com/images/loading.gif
2018-08-16 17:54:04: 覆盖复制 'F:/blog/public/images/loading.gif' -> 'ftp://v0.ftp.upyun.com/images/loading.gif' (35)
2018-08-16 17:54:04: 覆盖复制 'F:/blog/public/images/logo.svg' -> 'ftp://v0.ftp.upyun.com/images/logo.svg' (1,059)
- 错误: Copying file: server says after data transfer: 550: {"msg":"too many requests of the same uri","code":42900002,"id":"ff16f22f9209e100fdd9c7e1b20c1273"}
2018-08-16 17:54:04: 覆盖复制 'F:/blog/public/images/placeholder.gif' -> 'ftp://v0.ftp.upyun.com/images/placeholder.gif' (35)
- 错误: Copying file: server says after data transfer: 550: {"msg":"too many requests of the same uri","code":42900002,"id":"a30b0fbfe53ffde8b16d7b9c74fdca88"}
2018-08-16 17:54:04: 覆盖复制 'F:/blog/public/images/quote-l.svg' -> 'ftp://v0.ftp.upyun.com/images/quote-l.svg' (892)
- 错误: Copying file: server says after data transfer: 550: {"msg":"too many requests of the same uri","code":42900002,"id":"e32e960750371030b615c9dadc2a28a5"}
2018-08-16 17:54:05: Copy Confirmed by CheckSum: ftp://v0.ftp.upyun.com/images/quote-r.svg
2018-08-16 17:54:05: 覆盖复制 'F:/blog/public/images/quote-r.svg' -> 'ftp://v0.ftp.upyun.com/images/quote-r.svg' (880)
2018-08-16 17:54:05: 覆盖复制 'F:/blog/public/images/searchicon.png' -> 'ftp://v0.ftp.upyun.com/images/searchicon.png' (766)
- 错误: Copying file: server says after data transfer: 550: {"msg":"too many requests of the same uri","code":42900002,"id":"16d36e526419ab7c44f00b3529007060"}
2018-08-16 17:54:06: 覆盖复制 'F:/blog/public/index.html' -> 'ftp://v0.ftp.upyun.com/index.html' (81,145)
- 错误: Copying file: server says after data transfer: 550: {"msg":"too many requests of the same uri","code":42900002,"id":"c8d3c3d95c09cb7ae0011c25a1a02753"}
2018-08-16 17:54:06: 覆盖复制 'F:/blog/public/js/src/affix.js' -> 'ftp://v0.ftp.upyun.com/js/src/affix.js' (5,100)
- 错误: Copying file: server says after data transfer: 550: {"msg":"too many requests of the same uri","code":42900002,"id":"b5babf0c813c08867b5ebc78561fd7fb"}
2018-08-16 17:54:06: 覆盖复制 'F:/blog/public/js/src/algolia-search.js' -> 'ftp://v0.ftp.upyun.com/js/src/algolia-search.js' (3,297)
- 错误: Copying file: server says after data transfer: 550: {"msg":"too many requests of the same uri","code":42900002,"id":"593994ab715277bbb38fab41be8cc613"}
2018-08-16 17:54:06: 覆盖复制 'F:/blog/public/js/src/av-min.js' -> 'ftp://v0.ftp.upyun.com/js/src/av-min.js' (142,297)
- 错误: Copying file: server says after data transfer: 550: {"msg":"too many requests of the same uri","code":42900002,"id":"ac896d98f576151ffbe1443613a68cc7"}
2018-08-16 17:54:07: 覆盖复制 'F:/blog/public/js/src/bootstrap.js' -> 'ftp://v0.ftp.upyun.com/js/src/bootstrap.js' (1,602)
- 错误: Copying file: server says after data transfer: 550: {"msg":"too many requests of the same uri","code":42900002,"id":"8267ca277a7bb8541a8bbb73bb6c59e9"}
2018-08-16 17:54:07: 覆盖复制 'F:/blog/public/js/src/clicklove.js' -> 'ftp://v0.ftp.upyun.com/js/src/clicklove.js' (1,559)
- 错误: Copying file: server says after data transfer: 550: {"msg":"too many requests of the same uri","code":42900002,"id":"d942e0a0a977ab8abd9549046149179b"}
2018-08-16 17:54:08: 覆盖复制 'F:/blog/public/js/src/exturl.js' -> 'ftp://v0.ftp.upyun.com/js/src/exturl.js' (1,846)
- 错误: Copying file: server says after data transfer: 550: {"msg":"too many requests of the same uri","code":42900002,"id":"4c0a16c86caea04a5b44accf25ef46eb"}
2018-08-16 17:54:08: 覆盖复制 'F:/blog/public/js/src/js.cookie.js' -> 'ftp://v0.ftp.upyun.com/js/src/js.cookie.js' (3,872)
- 错误: Copying file: server says after data transfer: 550: {"msg":"too many requests of the same uri","code":42900002,"id":"9d817b2dff541a16ede94ff229a8a2bd"}
2018-08-16 17:54:08: 覆盖复制 'F:/blog/public/js/src/motion.js' -> 'ftp://v0.ftp.upyun.com/js/src/motion.js' (10,560)
- 错误: Copying file: server says after data transfer: 550: {"msg":"too many requests of the same uri","code":42900002,"id":"fa17804bab5d4c6fbaabe0f490763ab5"}
2018-08-16 17:54:09: Copy Confirmed by CheckSum: ftp://v0.ftp.upyun.com/js/src/post-details.js
2018-08-16 17:54:09: 覆盖复制 'F:/blog/public/js/src/post-details.js' -> 'ftp://v0.ftp.upyun.com/js/src/post-details.js' (3,424)
2018-08-16 17:54:09: 覆盖复制 'F:/blog/public/js/src/schemes/pisces.js' -> 'ftp://v0.ftp.upyun.com/js/src/schemes/pisces.js' (1,596)
- 错误: Copying file: server says after data transfer: 550: {"msg":"too many requests of the same uri","code":42900002,"id":"8374cfef51da3fc1ae1e9949a4a31012"}
2018-08-16 17:54:10: Copy Confirmed by CheckSum: ftp://v0.ftp.upyun.com/js/src/scroll-cookie.js
2018-08-16 17:54:10: 覆盖复制 'F:/blog/public/js/src/scroll-cookie.js' -> 'ftp://v0.ftp.upyun.com/js/src/scroll-cookie.js' (671)
2018-08-16 17:54:10: 覆盖复制 'F:/blog/public/js/src/scrollspy.js' -> 'ftp://v0.ftp.upyun.com/js/src/scrollspy.js' (5,081)
- 错误: Copying file: server says after data transfer: 550: {"msg":"too many requests of the same uri","code":42900002,"id":"3306fc939029fc5900c9823da8f04b32"}
2018-08-16 17:54:11: Copy Confirmed by CheckSum: ftp://v0.ftp.upyun.com/js/src/utils.js
2018-08-16 17:54:11: 覆盖复制 'F:/blog/public/js/src/utils.js' -> 'ftp://v0.ftp.upyun.com/js/src/utils.js' (10,204)
2018-08-16 17:54:11: 覆盖复制 'F:/blog/public/js/src/Valine.min.js' -> 'ftp://v0.ftp.upyun.com/js/src/Valine.min.js' (71,806)
- 错误: Copying file: server says after data transfer: 550: {"msg":"too many requests of the same uri","code":42900002,"id":"f1ec6fed3044601ea38616ef89281697"}
2018-08-16 17:54:12: Copy Confirmed by CheckSum: ftp://v0.ftp.upyun.com/lib/bookmark/bookmark.min.js
2018-08-16 17:54:12: 覆盖复制 'F:/blog/public/lib/bookmark/bookmark.min.js' -> 'ftp://v0.ftp.upyun.com/lib/bookmark/bookmark.min.js' (1,742)
2018-08-16 17:54:12: 覆盖复制 'F:/blog/public/lib/bookmark/index.js' -> 'ftp://v0.ftp.upyun.com/lib/bookmark/index.js' (4,039)
- 错误: Copying file: server says after data transfer: 550: {"msg":"too many requests of the same uri","code":42900002,"id":"d976b983912721942790d353757fdf83"}
2018-08-16 17:54:12: 覆盖复制 'F:/blog/public/lib/bookmark/LICENSE' -> 'ftp://v0.ftp.upyun.com/lib/bookmark/LICENSE' (1,093)
- 错误: Copying file: server says after data transfer: 550: {"msg":"too many requests of the same uri","code":42900002,"id":"fde1674b85cd07b8bed4f479669bc65f"}
2018-08-16 17:54:12: 覆盖复制 'F:/blog/public/lib/bookmark/package.json' -> 'ftp://v0.ftp.upyun.com/lib/bookmark/package.json' (674)
- 错误: Copying file: server says after data transfer: 550: {"msg":"too many requests of the same uri","code":42900002,"id":"a10abea0e75929423662c153b9ce7b0a"}
2018-08-16 17:54:13: 覆盖复制 'F:/blog/public/lib/bookmark/README.html' -> 'ftp://v0.ftp.upyun.com/lib/bookmark/README.html' (1,794)
- 错误: Copying file: server says after data transfer: 550: {"msg":"too many requests of the same uri","code":42900002,"id":"724bf9d4a2c985002a80f89813aa6ed7"}
2018-08-16 17:54:13: Copy Confirmed by CheckSum: ftp://v0.ftp.upyun.com/lib/canvas-nest/canvas-nest.min.js
2018-08-16 17:54:13: 覆盖复制 'F:/blog/public/lib/canvas-nest/canvas-nest.min.js' -> 'ftp://v0.ftp.upyun.com/lib/canvas-nest/canvas-nest.min.js' (1,700)
2018-08-16 17:54:14: 覆盖复制 'F:/blog/public/lib/canvas-nest/LICENSE' -> 'ftp://v0.ftp.upyun.com/lib/canvas-nest/LICENSE' (1,084)
- 错误: Copying file: server says after data transfer: 550: {"msg":"too many requests of the same uri","code":42900002,"id":"0c59a42cb98d0cc038f3203fbfe07bba"}
2018-08-16 17:54:14: 覆盖复制 'F:/blog/public/lib/canvas-nest/README.html' -> 'ftp://v0.ftp.upyun.com/lib/canvas-nest/README.html' (1,156)
- 错误: Copying file: server says after data transfer: 550: {"msg":"too many requests of the same uri","code":42900002,"id":"d2d164b0bd4103fc2ca7076ff17ac645"}
2018-08-16 17:54:14: 覆盖复制 'F:/blog/public/lib/fancybox/LICENSE' -> 'ftp://v0.ftp.upyun.com/lib/fancybox/LICENSE' (35,821)
- 错误: Copying file: server says after data transfer: 550: {"msg":"too many requests of the same uri","code":42900002,"id":"18d58a3a5a5f1a58e54f4e13ab4d46cb"}
2018-08-16 17:54:15: Copy Confirmed by CheckSum: ftp://v0.ftp.upyun.com/lib/fancybox/README.html
2018-08-16 17:54:15: 覆盖复制 'F:/blog/public/lib/fancybox/README.html' -> 'ftp://v0.ftp.upyun.com/lib/fancybox/README.html' (1,475)
2018-08-16 17:54:15: 覆盖复制 'F:/blog/public/lib/fancybox/source/blank.gif' -> 'ftp://v0.ftp.upyun.com/lib/fancybox/source/blank.gif' (43)
- 错误: Copying file: server says after data transfer: 550: {"msg":"too many requests of the same uri","code":42900002,"id":"b1a4f53b6515ca7c09a5e94addecbcdf"}
2018-08-16 17:54:15: 覆盖复制 'F:/blog/public/lib/fancybox/source/fancybox_loading.gif' -> 'ftp://v0.ftp.upyun.com/lib/fancybox/source/fancybox_loading.gif' (6,567)
- 错误: Copying file: server says after data transfer: 550: {"msg":"too many requests of the same uri","code":42900002,"id":"3cb290f6cc98f5c2d9e78507626c27f7"}
2018-08-16 17:54:16: 覆盖复制 'F:/blog/public/lib/fancybox/source/fancybox_loading@2x.gif' -> 'ftp://v0.ftp.upyun.com/lib/fancybox/source/fancybox_loading@2x.gif' (13,984)
- 错误: Copying file: server says after data transfer: 550: {"msg":"too many requests of the same uri","code":42900002,"id":"f9487b9573fe4ecc0efc8a133a6f349b"}
2018-08-16 17:54:16: 覆盖复制 'F:/blog/public/lib/fancybox/source/fancybox_overlay.png' -> 'ftp://v0.ftp.upyun.com/lib/fancybox/source/fancybox_overlay.png' (1,003)
- 错误: Copying file: server says after data transfer: 550: {"msg":"too many requests of the same uri","code":42900002,"id":"54c699982bd8e6fe2a4b865a367d997e"}
2018-08-16 17:54:16: 覆盖复制 'F:/blog/public/lib/fancybox/source/fancybox_sprite.png' -> 'ftp://v0.ftp.upyun.com/lib/fancybox/source/fancybox_sprite.png' (1,362)
- 错误: Copying file: server says after data transfer: 550: {"msg":"too many requests of the same uri","code":42900002,"id":"5c91bd7e46acfb3a9b9047516310f27b"}
2018-08-16 17:54:16: 覆盖复制 'F:/blog/public/lib/fancybox/source/fancybox_sprite@2x.png' -> 'ftp://v0.ftp.upyun.com/lib/fancybox/source/fancybox_sprite@2x.png' (6,553)
- 错误: Copying file: server says after data transfer: 550: {"msg":"too many requests of the same uri","code":42900002,"id":"465602d8aec63916edce3f992c7f8d80"}
2018-08-16 17:54:17: 覆盖复制 'F:/blog/public/lib/fancybox/source/helpers/fancybox_buttons.png' -> 'ftp://v0.ftp.upyun.com/lib/fancybox/source/helpers/fancybox_buttons.png' (1,080)
- 错误: Copying file: server says after data transfer: 550: {"msg":"too many requests of the same uri","code":42900002,"id":"7867b7d35e03bc033b104f0290bda66a"}
2018-08-16 17:54:17: 覆盖复制 'F:/blog/public/lib/fancybox/source/helpers/jquery.fancybox-buttons.css' -> 'ftp://v0.ftp.upyun.com/lib/fancybox/source/helpers/jquery.fancybox-buttons.css' (2,447)
- 错误: Copying file: server says after data transfer: 550: {"msg":"too many requests of the same uri","code":42900002,"id":"340154a86fd0e01db2146dfdbaa6f106"}
2018-08-16 17:54:17: 覆盖复制 'F:/blog/public/lib/fancybox/source/helpers/jquery.fancybox-buttons.js' -> 'ftp://v0.ftp.upyun.com/lib/fancybox/source/helpers/jquery.fancybox-buttons.js' (3,041)
- 错误: Copying file: server says after data transfer: 550: {"msg":"too many requests of the same uri","code":42900002,"id":"8713054901d50695250958a73ff10ece"}
2018-08-16 17:54:17: 覆盖复制 'F:/blog/public/lib/fancybox/source/helpers/jquery.fancybox-media.js' -> 'ftp://v0.ftp.upyun.com/lib/fancybox/source/helpers/jquery.fancybox-media.js' (5,305)
- 错误: Copying file: server says after data transfer: 550: {"msg":"too many requests of the same uri","code":42900002,"id":"2c43753d98ab56a7edbb05689e8f88ec"}
2018-08-16 17:54:17: 覆盖复制 'F:/blog/public/lib/fancybox/source/helpers/jquery.fancybox-thumbs.css' -> 'ftp://v0.ftp.upyun.com/lib/fancybox/source/helpers/jquery.fancybox-thumbs.css' (735)
- 错误: Copying file: server says after data transfer: 550: {"msg":"too many requests of the same uri","code":42900002,"id":"64ff32d16f7a335a8cb892f5f62aa2a8"}
2018-08-16 17:54:18: 覆盖复制 'F:/blog/public/lib/fancybox/source/helpers/jquery.fancybox-thumbs.js' -> 'ftp://v0.ftp.upyun.com/lib/fancybox/source/helpers/jquery.fancybox-thumbs.js' (3,836)
- 错误: Copying file: server says after data transfer: 550: {"msg":"too many requests of the same uri","code":42900002,"id":"741b1224cb7b9e12b961e674b8939492"}
2018-08-16 17:54:18: 覆盖复制 'F:/blog/public/lib/fancybox/source/jquery.fancybox.css' -> 'ftp://v0.ftp.upyun.com/lib/fancybox/source/jquery.fancybox.css' (4,895)
- 错误: Copying file: server says after data transfer: 550: {"msg":"too many requests of the same uri","code":42900002,"id":"4fb5ad3a48b16ae311ea01e0c188ab42"}
2018-08-16 17:54:18: 覆盖复制 'F:/blog/public/lib/fancybox/source/jquery.fancybox.js' -> 'ftp://v0.ftp.upyun.com/lib/fancybox/source/jquery.fancybox.js' (48,706)
- 错误: Copying file: server says after data transfer: 550: {"msg":"too many requests of the same uri","code":42900002,"id":"165f68b10d44305c4175bca17568ccd9"}
2018-08-16 17:54:19: Copy Confirmed by CheckSum: ftp://v0.ftp.upyun.com/lib/fancybox/source/jquery.fancybox.pack.js
2018-08-16 17:54:19: 覆盖复制 'F:/blog/public/lib/fancybox/source/jquery.fancybox.pack.js' -> 'ftp://v0.ftp.upyun.com/lib/fancybox/source/jquery.fancybox.pack.js' (23,135)
2018-08-16 17:54:20: Copy Confirmed by CheckSum: ftp://v0.ftp.upyun.com/lib/font-awesome/bower.json
2018-08-16 17:54:20: 覆盖复制 'F:/blog/public/lib/font-awesome/bower.json' -> 'ftp://v0.ftp.upyun.com/lib/font-awesome/bower.json' (312)
2018-08-16 17:54:21: 覆盖复制 'F:/blog/public/lib/font-awesome/css/font-awesome.css' -> 'ftp://v0.ftp.upyun.com/lib/font-awesome/css/font-awesome.css' (37,414)
- 错误: Copying file: server says after data transfer: 550: {"msg":"too many requests of the same uri","code":42900002,"id":"9da5d38ea85df7bd64b95a01a9c9cfd6"}
2018-08-16 17:54:21: 覆盖复制 'F:/blog/public/lib/font-awesome/css/font-awesome.css.map' -> 'ftp://v0.ftp.upyun.com/lib/font-awesome/css/font-awesome.css.map' (21,785)
- 错误: Copying file: server says after data transfer: 550: {"msg":"too many requests of the same uri","code":42900002,"id":"725115eca174231f891fbe8da66f4757"}
2018-08-16 17:54:21: 覆盖复制 'F:/blog/public/lib/font-awesome/css/font-awesome.min.css' -> 'ftp://v0.ftp.upyun.com/lib/font-awesome/css/font-awesome.min.css' (31,000)
- 错误: Copying file: server says after data transfer: 550: {"msg":"too many requests of the same uri","code":42900002,"id":"53667a1fe1023db5022d19b950e04a06"}
2018-08-16 17:54:23: Copy Confirmed by CheckSum: ftp://v0.ftp.upyun.com/lib/font-awesome/fonts/fontawesome-webfont.eot
2018-08-16 17:54:23: 覆盖复制 'F:/blog/public/lib/font-awesome/fonts/fontawesome-webfont.eot' -> 'ftp://v0.ftp.upyun.com/lib/font-awesome/fonts/fontawesome-webfont.eot' (165,742)
2018-08-16 17:54:23: 覆盖复制 'F:/blog/public/lib/font-awesome/fonts/fontawesome-webfont.woff' -> 'ftp://v0.ftp.upyun.com/lib/font-awesome/fonts/fontawesome-webfont.woff' (98,024)
- 错误: Copying file: server says after data transfer: 550: {"msg":"too many requests of the same uri","code":42900002,"id":"def5f920700adc24ba8d91cc2252d6f1"}
2018-08-16 17:54:23: 覆盖复制 'F:/blog/public/lib/font-awesome/fonts/fontawesome-webfont.woff2' -> 'ftp://v0.ftp.upyun.com/lib/font-awesome/fonts/fontawesome-webfont.woff2' (77,160)
- 错误: Copying file: server says after data transfer: 550: {"msg":"too many requests of the same uri","code":42900002,"id":"d2c09b09e7f76487664a07c0cba27708"}
2018-08-16 17:54:24: 覆盖复制 'F:/blog/public/lib/font-awesome/HELP-US-OUT.txt' -> 'ftp://v0.ftp.upyun.com/lib/font-awesome/HELP-US-OUT.txt' (330)
- 错误: Copying file: server says after data transfer: 550: {"msg":"too many requests of the same uri","code":42900002,"id":"40097738b3f87d5325ceb0207d98c19c"}
2018-08-16 17:54:24: 覆盖复制 'F:/blog/public/lib/jquery/index.js' -> 'ftp://v0.ftp.upyun.com/lib/jquery/index.js' (84,320)
- 错误: Copying file: server says after data transfer: 550: {"msg":"too many requests of the same uri","code":42900002,"id":"3ede72c6f922a7a18aaa1f7b66086ba3"}
2018-08-16 17:54:25: Copy Confirmed by CheckSum: ftp://v0.ftp.upyun.com/lib/pace/LICENSE
2018-08-16 17:54:25: 覆盖复制 'F:/blog/public/lib/pace/LICENSE' -> 'ftp://v0.ftp.upyun.com/lib/pace/LICENSE' (1,084)
2018-08-16 17:54:26: Copy Confirmed by CheckSum: ftp://v0.ftp.upyun.com/lib/pace/pace-theme-barber-shop.min.css
2018-08-16 17:54:26: 覆盖复制 'F:/blog/public/lib/pace/pace-theme-barber-shop.min.css' -> 'ftp://v0.ftp.upyun.com/lib/pace/pace-theme-barber-shop.min.css' (2,714)
2018-08-16 17:54:26: Copy Confirmed by CheckSum: ftp://v0.ftp.upyun.com/lib/pace/pace-theme-big-counter.min.css
2018-08-16 17:54:26: 覆盖复制 'F:/blog/public/lib/pace/pace-theme-big-counter.min.css' -> 'ftp://v0.ftp.upyun.com/lib/pace/pace-theme-big-counter.min.css' (635)
2018-08-16 17:54:26: 覆盖复制 'F:/blog/public/lib/pace/pace-theme-bounce.min.css' -> 'ftp://v0.ftp.upyun.com/lib/pace/pace-theme-bounce.min.css' (3,607)
- 错误: Copying file: server says after data transfer: 550: {"msg":"too many requests of the same uri","code":42900002,"id":"f326e093af90ca5c0a4ac7904e3ed3a1"}
2018-08-16 17:54:27: 覆盖复制 'F:/blog/public/lib/pace/pace-theme-center-atom.min.css' -> 'ftp://v0.ftp.upyun.com/lib/pace/pace-theme-center-atom.min.css' (2,105)
- 错误: Copying file: server says after data transfer: 550: {"msg":"too many requests of the same uri","code":42900002,"id":"fd597535a47a7d56ee8d3003d0cdb306"}
2018-08-16 17:54:27: 覆盖复制 'F:/blog/public/lib/pace/pace-theme-center-circle.min.css' -> 'ftp://v0.ftp.upyun.com/lib/pace/pace-theme-center-circle.min.css' (1,730)
- 错误: Copying file: server says after data transfer: 550: {"msg":"too many requests of the same uri","code":42900002,"id":"1f4deb9f5829e60793362afca628017b"}
2018-08-16 17:54:28: Copy Confirmed by CheckSum: ftp://v0.ftp.upyun.com/lib/pace/pace-theme-center-radar.min.css
2018-08-16 17:54:28: 覆盖复制 'F:/blog/public/lib/pace/pace-theme-center-radar.min.css' -> 'ftp://v0.ftp.upyun.com/lib/pace/pace-theme-center-radar.min.css' (1,000)
2018-08-16 17:54:28: 覆盖复制 'F:/blog/public/lib/pace/pace-theme-center-simple.min.css' -> 'ftp://v0.ftp.upyun.com/lib/pace/pace-theme-center-simple.min.css' (731)
- 错误: Copying file: server says after data transfer: 550: {"msg":"too many requests of the same uri","code":42900002,"id":"842bff92567fc1bc852763bc1a362d9b"}
2018-08-16 17:54:28: 覆盖复制 'F:/blog/public/lib/pace/pace-theme-corner-indicator.min.css' -> 'ftp://v0.ftp.upyun.com/lib/pace/pace-theme-corner-indicator.min.css' (1,582)
- 错误: Copying file: server says after data transfer: 550: {"msg":"too many requests of the same uri","code":42900002,"id":"487a63e2722f2a27504a9ef9647a585d"}
2018-08-16 17:54:28: 覆盖复制 'F:/blog/public/lib/pace/pace-theme-fill-left.min.css' -> 'ftp://v0.ftp.upyun.com/lib/pace/pace-theme-fill-left.min.css' (283)
- 错误: Copying file: server says after data transfer: 550: {"msg":"too many requests of the same uri","code":42900002,"id":"8a253cf1bb8f18a415fdf56fbd89863d"}
2018-08-16 17:54:29: 覆盖复制 'F:/blog/public/lib/pace/pace-theme-flash.min.css' -> 'ftp://v0.ftp.upyun.com/lib/pace/pace-theme-flash.min.css' (1,678)
- 错误: Copying file: server says after data transfer: 550: {"msg":"too many requests of the same uri","code":42900002,"id":"0b994f33f24a6fb97dba3b9d50e98473"}
2018-08-16 17:54:29: 覆盖复制 'F:/blog/public/lib/pace/pace-theme-loading-bar.min.css' -> 'ftp://v0.ftp.upyun.com/lib/pace/pace-theme-loading-bar.min.css' (8,442)
- 错误: Copying file: server says after data transfer: 550: {"msg":"too many requests of the same uri","code":42900002,"id":"82ad6d4a1894222613f63f288879b05d"}
2018-08-16 17:54:29: 覆盖复制 'F:/blog/public/lib/pace/pace-theme-mac-osx.min.css' -> 'ftp://v0.ftp.upyun.com/lib/pace/pace-theme-mac-osx.min.css' (2,474)
- 错误: Copying file: server says after data transfer: 550: {"msg":"too many requests of the same uri","code":42900002,"id":"2c3e44d8f9edfe6a210df97256428fa2"}
2018-08-16 17:54:29: 覆盖复制 'F:/blog/public/lib/pace/pace-theme-minimal.min.css' -> 'ftp://v0.ftp.upyun.com/lib/pace/pace-theme-minimal.min.css' (250)
- 错误: Copying file: server says after data transfer: 550: {"msg":"too many requests of the same uri","code":42900002,"id":"98b97eeece5ceb01af9fabeb6988b4eb"}
2018-08-16 17:54:29: 覆盖复制 'F:/blog/public/lib/pace/pace.min.js' -> 'ftp://v0.ftp.upyun.com/lib/pace/pace.min.js' (12,507)
- 错误: Copying file: server says after data transfer: 550: {"msg":"too many requests of the same uri","code":42900002,"id":"4c7c5816a5299e0bcd908162782c3732"}
2018-08-16 17:54:30: 覆盖复制 'F:/blog/public/lib/pace/README.html' -> 'ftp://v0.ftp.upyun.com/lib/pace/README.html' (1,124)
- 错误: Copying file: server says after data transfer: 550: {"msg":"too many requests of the same uri","code":42900002,"id":"87f133a306e023af2d5038dbbcf977c2"}
2018-08-16 17:54:30: 覆盖复制 'F:/blog/public/lib/pangu/dist/pangu.js' -> 'ftp://v0.ftp.upyun.com/lib/pangu/dist/pangu.js' (20,237)
- 错误: Copying file: server says after data transfer: 550: {"msg":"too many requests of the same uri","code":42900002,"id":"977ef1fd963f87ab20a79e39d9b7bfb1"}
2018-08-16 17:54:30: 覆盖复制 'F:/blog/public/lib/pangu/dist/pangu.js.map' -> 'ftp://v0.ftp.upyun.com/lib/pangu/dist/pangu.js.map' (23,033)
- 错误: Copying file: server says after data transfer: 550: {"msg":"too many requests of the same uri","code":42900002,"id":"678e20b7f969b2dc21b0a0b82ae31903"}
2018-08-16 17:54:30: 覆盖复制 'F:/blog/public/lib/pangu/dist/pangu.min.js' -> 'ftp://v0.ftp.upyun.com/lib/pangu/dist/pangu.min.js' (8,620)
- 错误: Copying file: server says after data transfer: 550: {"msg":"too many requests of the same uri","code":42900002,"id":"75e29932f5a21996aabdd2b43b9a4ece"}
2018-08-16 17:54:31: 覆盖复制 'F:/blog/public/lib/pangu/dist/pangu.min.js.map' -> 'ftp://v0.ftp.upyun.com/lib/pangu/dist/pangu.min.js.map' (45,857)
- 错误: Copying file: server says after data transfer: 550: {"msg":"too many requests of the same uri","code":42900002,"id":"0b7f0821057cfc61c1f1530cbadbc191"}
2018-08-16 17:54:31: 覆盖复制 'F:/blog/public/lib/pangu/LICENSE' -> 'ftp://v0.ftp.upyun.com/lib/pangu/LICENSE' (1,092)
- 错误: Copying file: server says after data transfer: 550: {"msg":"too many requests of the same uri","code":42900002,"id":"1b69f7b3f5c99ef1dfb8f7021c931678"}
2018-08-16 17:54:31: 覆盖复制 'F:/blog/public/lib/pangu/README.html' -> 'ftp://v0.ftp.upyun.com/lib/pangu/README.html' (1,123)
- 错误: Copying file: server says after data transfer: 550: {"msg":"too many requests of the same uri","code":42900002,"id":"3e64e7cfd118e5731671ab2316958056"}
2018-08-16 17:54:32: Copy Confirmed by CheckSum: ftp://v0.ftp.upyun.com/lib/reading_progress/LICENSE
2018-08-16 17:54:32: 覆盖复制 'F:/blog/public/lib/reading_progress/LICENSE' -> 'ftp://v0.ftp.upyun.com/lib/reading_progress/LICENSE' (1,084)
2018-08-16 17:54:32: 覆盖复制 'F:/blog/public/lib/reading_progress/package.json' -> 'ftp://v0.ftp.upyun.com/lib/reading_progress/package.json' (639)
- 错误: Copying file: server says after data transfer: 550: {"msg":"too many requests of the same uri","code":42900002,"id":"3b05089fbf11defa502bacf71b43fc5b"}
2018-08-16 17:54:33: Copy Confirmed by CheckSum: ftp://v0.ftp.upyun.com/lib/reading_progress/reading_progress.js
2018-08-16 17:54:33: 覆盖复制 'F:/blog/public/lib/reading_progress/reading_progress.js' -> 'ftp://v0.ftp.upyun.com/lib/reading_progress/reading_progress.js' (927)
2018-08-16 17:54:33: 覆盖复制 'F:/blog/public/lib/reading_progress/reading_progress.min.js' -> 'ftp://v0.ftp.upyun.com/lib/reading_progress/reading_progress.min.js' (512)
- 错误: Copying file: server says after data transfer: 550: {"msg":"too many requests of the same uri","code":42900002,"id":"8caac0d404ab717105fc0fb447845837"}
2018-08-16 17:54:34: Copy Confirmed by CheckSum: ftp://v0.ftp.upyun.com/lib/reading_progress/README.html
2018-08-16 17:54:34: 覆盖复制 'F:/blog/public/lib/reading_progress/README.html' -> 'ftp://v0.ftp.upyun.com/lib/reading_progress/README.html' (1,176)
2018-08-16 17:54:34: 覆盖复制 'F:/blog/public/lib/ua-parser-js/dist/ua-parser.min.js' -> 'ftp://v0.ftp.upyun.com/lib/ua-parser-js/dist/ua-parser.min.js' (12,949)
- 错误: Copying file: server says after data transfer: 550: {"msg":"too many requests of the same uri","code":42900002,"id":"cea5b0ed9bc4c62d73ad50a5d0015fc7"}
2018-08-16 17:54:35: Copy Confirmed by CheckSum: ftp://v0.ftp.upyun.com/lib/ua-parser-js/dist/ua-parser.pack.js
2018-08-16 17:54:35: 覆盖复制 'F:/blog/public/lib/ua-parser-js/dist/ua-parser.pack.js' -> 'ftp://v0.ftp.upyun.com/lib/ua-parser-js/dist/ua-parser.pack.js' (10,523)
2018-08-16 17:54:35: 覆盖复制 'F:/blog/public/lib/velocity/velocity.js' -> 'ftp://v0.ftp.upyun.com/lib/velocity/velocity.js' (213,757)
- 错误: Copying file: server says after data transfer: 550: {"msg":"too many requests of the same uri","code":42900002,"id":"30325673aaa56f07d35d7b47c94ca0d1"}
2018-08-16 17:54:35: 覆盖复制 'F:/blog/public/lib/velocity/velocity.min.js' -> 'ftp://v0.ftp.upyun.com/lib/velocity/velocity.min.js' (34,856)
- 错误: Copying file: server says after data transfer: 550: {"msg":"too many requests of the same uri","code":42900002,"id":"03ba2d3e954e75c925194a267df9f0ea"}
2018-08-16 17:54:36: 覆盖复制 'F:/blog/public/lib/velocity/velocity.ui.js' -> 'ftp://v0.ftp.upyun.com/lib/velocity/velocity.ui.js' (34,762)
- 错误: Copying file: server says after data transfer: 550: {"msg":"too many requests of the same uri","code":42900002,"id":"e1e822bca954d51069bb62af9e6b1157"}
2018-08-16 17:54:36: 覆盖复制 'F:/blog/public/lib/velocity/velocity.ui.min.js' -> 'ftp://v0.ftp.upyun.com/lib/velocity/velocity.ui.min.js' (13,257)
- 错误: Copying file: server says after data transfer: 550: {"msg":"too many requests of the same uri","code":42900002,"id":"76a422e1c332c1955437cf84559bc84c"}
2018-08-16 17:54:37: Copy Confirmed by CheckSum: ftp://v0.ftp.upyun.com/live2dw/assets/miku.model.json
2018-08-16 17:54:37: 覆盖复制 'F:/blog/public/live2dw/assets/miku.model.json' -> 'ftp://v0.ftp.upyun.com/live2dw/assets/miku.model.json' (392)
2018-08-16 17:54:37: 覆盖复制 'F:/blog/public/live2dw/assets/miku.physics.json' -> 'ftp://v0.ftp.upyun.com/live2dw/assets/miku.physics.json' (1,206)
- 错误: Copying file: server says after data transfer: 550: {"msg":"too many requests of the same uri","code":42900002,"id":"4fa88113dd84fe89d254e6f665bdf7d2"}
2018-08-16 17:54:38: Copy Confirmed by CheckSum: ftp://v0.ftp.upyun.com/live2dw/assets/moc/miku.2048/texture_00.png
2018-08-16 17:54:38: 覆盖复制 'F:/blog/public/live2dw/assets/moc/miku.2048/texture_00.png' -> 'ftp://v0.ftp.upyun.com/live2dw/assets/moc/miku.2048/texture_00.png' (776,587)
2018-08-16 17:54:39: Copy Confirmed by CheckSum: ftp://v0.ftp.upyun.com/live2dw/assets/moc/miku.moc
2018-08-16 17:54:39: 覆盖复制 'F:/blog/public/live2dw/assets/moc/miku.moc' -> 'ftp://v0.ftp.upyun.com/live2dw/assets/moc/miku.moc' (192,026)
2018-08-16 17:54:39: 覆盖复制 'F:/blog/public/live2dw/assets/mtn/miku_idle_01.mtn' -> 'ftp://v0.ftp.upyun.com/live2dw/assets/mtn/miku_idle_01.mtn' (12,276)
- 错误: Copying file: server says after data transfer: 550: {"msg":"too many requests of the same uri","code":42900002,"id":"23d6cba3b6bfca6f4dad69775ca66324"}
2018-08-16 17:54:40: 覆盖复制 'F:/blog/public/live2dw/assets/mtn/miku_m_01.mtn' -> 'ftp://v0.ftp.upyun.com/live2dw/assets/mtn/miku_m_01.mtn' (1,090)
- 错误: Copying file: server says after data transfer: 550: {"msg":"too many requests of the same uri","code":42900002,"id":"e7a30c9c83801d33029ef589861d9667"}
2018-08-16 17:54:40: 覆盖复制 'F:/blog/public/live2dw/assets/mtn/miku_m_02.mtn' -> 'ftp://v0.ftp.upyun.com/live2dw/assets/mtn/miku_m_02.mtn' (2,682)
- 错误: Copying file: server says after data transfer: 550: {"msg":"too many requests of the same uri","code":42900002,"id":"b42c9bb39a82df370aa87f6f7ace7ac0"}
2018-08-16 17:54:40: 覆盖复制 'F:/blog/public/live2dw/assets/mtn/miku_m_03.mtn' -> 'ftp://v0.ftp.upyun.com/live2dw/assets/mtn/miku_m_03.mtn' (1,844)
- 错误: Copying file: server says after data transfer: 550: {"msg":"too many requests of the same uri","code":42900002,"id":"d912ee2fc6d2863ae985c8ac2fae5c1b"}
2018-08-16 17:54:40: 覆盖复制 'F:/blog/public/live2dw/assets/mtn/miku_m_04.mtn' -> 'ftp://v0.ftp.upyun.com/live2dw/assets/mtn/miku_m_04.mtn' (1,859)
- 错误: Copying file: server says after data transfer: 550: {"msg":"too many requests of the same uri","code":42900002,"id":"774b6a7d946a0623e406e9be31cd2f12"}
2018-08-16 17:54:41: 覆盖复制 'F:/blog/public/live2dw/assets/mtn/miku_m_05.mtn' -> 'ftp://v0.ftp.upyun.com/live2dw/assets/mtn/miku_m_05.mtn' (3,980)
- 错误: Copying file: server says after data transfer: 550: {"msg":"too many requests of the same uri","code":42900002,"id":"5664459aabb882d39a43111e9cadbff4"}
2018-08-16 17:54:41: 覆盖复制 'F:/blog/public/live2dw/assets/mtn/miku_m_06.mtn' -> 'ftp://v0.ftp.upyun.com/live2dw/assets/mtn/miku_m_06.mtn' (1,700)
- 错误: Copying file: server says after data transfer: 550: {"msg":"too many requests of the same uri","code":42900002,"id":"03a2e8ad205ee655e766530683f91089"}
2018-08-16 17:54:41: 覆盖复制 'F:/blog/public/live2dw/assets/mtn/miku_shake_01.mtn' -> 'ftp://v0.ftp.upyun.com/live2dw/assets/mtn/miku_shake_01.mtn' (4,134)
- 错误: Copying file: server says after data transfer: 550: {"msg":"too many requests of the same uri","code":42900002,"id":"361df2d6f6edeffbf12c78e6d4d70e2c"}
2018-08-16 17:54:41: 覆盖复制 'F:/blog/public/live2dw/lib/L2Dwidget.0.min.js' -> 'ftp://v0.ftp.upyun.com/live2dw/lib/L2Dwidget.0.min.js' (149,036)
- 错误: Copying file: server says after data transfer: 550: {"msg":"too many requests of the same uri","code":42900002,"id":"eab919f1ac59eb55731779dffe86cd3a"}
2018-08-16 17:54:42: 覆盖复制 'F:/blog/public/live2dw/lib/L2Dwidget.0.min.js.map' -> 'ftp://v0.ftp.upyun.com/live2dw/lib/L2Dwidget.0.min.js.map' (547,017)
- 错误: Copying file: server says after data transfer: 550: {"msg":"too many requests of the same uri","code":42900002,"id":"fd86a35309815e3fec34609b7b4a2108"}
2018-08-16 17:54:42: 覆盖复制 'F:/blog/public/live2dw/lib/L2Dwidget.min.js' -> 'ftp://v0.ftp.upyun.com/live2dw/lib/L2Dwidget.min.js' (32,560)
- 错误: Copying file: server says after data transfer: 550: {"msg":"too many requests of the same uri","code":42900002,"id":"c87ae90333c0b3073398c9a6a45f3c5e"}
2018-08-16 17:54:42: 覆盖复制 'F:/blog/public/live2dw/lib/L2Dwidget.min.js.map' -> 'ftp://v0.ftp.upyun.com/live2dw/lib/L2Dwidget.min.js.map' (176,224)
- 错误: Copying file: server says after data transfer: 550: {"msg":"too many requests of the same uri","code":42900002,"id":"98f7b401db5a731865b0d1074302c6c5"}
2018-08-16 17:54:43: Copy Confirmed by CheckSum: ftp://v0.ftp.upyun.com/page/2/index.html
2018-08-16 17:54:43: 覆盖复制 'F:/blog/public/page/2/index.html' -> 'ftp://v0.ftp.upyun.com/page/2/index.html' (87,741)
2018-08-16 17:54:44: Copy Confirmed by CheckSum: ftp://v0.ftp.upyun.com/page/3/index.html
2018-08-16 17:54:44: 覆盖复制 'F:/blog/public/page/3/index.html' -> 'ftp://v0.ftp.upyun.com/page/3/index.html' (90,568)
2018-08-16 17:54:44: 覆盖复制 'F:/blog/public/page/4/index.html' -> 'ftp://v0.ftp.upyun.com/page/4/index.html' (82,319)
- 错误: Copying file: server says after data transfer: 550: {"msg":"too many requests of the same uri","code":42900002,"id":"518c70891b1faeaa6aee2df82a0dc997"}
2018-08-16 17:54:45: Copy Confirmed by CheckSum: ftp://v0.ftp.upyun.com/post/106fc1c3.html
2018-08-16 17:54:45: 覆盖复制 'F:/blog/public/post/106fc1c3.html' -> 'ftp://v0.ftp.upyun.com/post/106fc1c3.html' (44,814)
2018-08-16 17:54:46: Copy Confirmed by CheckSum: ftp://v0.ftp.upyun.com/post/12acf01b.html
2018-08-16 17:54:46: 覆盖复制 'F:/blog/public/post/12acf01b.html' -> 'ftp://v0.ftp.upyun.com/post/12acf01b.html' (47,476)
2018-08-16 17:54:46: 覆盖复制 'F:/blog/public/post/13c8d3a0.html' -> 'ftp://v0.ftp.upyun.com/post/13c8d3a0.html' (93,695)
- 错误: Copying file: server says after data transfer: 550: {"msg":"too many requests of the same uri","code":42900002,"id":"949502cadb9ceb36dfca1bc66dc006ef"}
2018-08-16 17:54:46: 覆盖复制 'F:/blog/public/post/16dd4349.html' -> 'ftp://v0.ftp.upyun.com/post/16dd4349.html' (46,766)
- 错误: Copying file: server says after data transfer: 550: {"msg":"too many requests of the same uri","code":42900002,"id":"981486266e0be80bbf31a096b30e0467"}
2018-08-16 17:54:47: Copy Confirmed by CheckSum: ftp://v0.ftp.upyun.com/post/1bb05bfb.html
2018-08-16 17:54:47: 新建复制 'F:/blog/public/post/1bb05bfb.html' -> 'ftp://v0.ftp.upyun.com/post/1bb05bfb.html' (44,475)
2018-08-16 17:54:47: 覆盖复制 'F:/blog/public/post/23e28675.html' -> 'ftp://v0.ftp.upyun.com/post/23e28675.html' (45,999)
- 错误: Copying file: server says after data transfer: 550: {"msg":"too many requests of the same uri","code":42900002,"id":"3e4fedcb88fca07da380162a6003fdb2"}
2018-08-16 17:54:47: 覆盖复制 'F:/blog/public/post/29cebcea.html' -> 'ftp://v0.ftp.upyun.com/post/29cebcea.html' (59,979)
- 错误: Copying file: server says after data transfer: 550: {"msg":"too many requests of the same uri","code":42900002,"id":"91caff608d4c286c659eb02fe612d347"}
2018-08-16 17:54:48: 覆盖复制 'F:/blog/public/post/30631cd4.html' -> 'ftp://v0.ftp.upyun.com/post/30631cd4.html' (48,785)
- 错误: Copying file: server says after data transfer: 550: {"msg":"too many requests of the same uri","code":42900002,"id":"eb11028af3649397783db4f743ba68c0"}
2018-08-16 17:54:48: 覆盖复制 'F:/blog/public/post/40ae08c3.html' -> 'ftp://v0.ftp.upyun.com/post/40ae08c3.html' (49,888)
- 错误: Copying file: server says after data transfer: 550: {"msg":"too many requests of the same uri","code":42900002,"id":"71a492a8cfdc915a1d21fc23dadadbf5"}
2018-08-16 17:54:48: 覆盖复制 'F:/blog/public/post/47112e7a.html' -> 'ftp://v0.ftp.upyun.com/post/47112e7a.html' (51,503)
- 错误: Copying file: server says after data transfer: 550: {"msg":"too many requests of the same uri","code":42900002,"id":"c5860da7c122645c49fc8997d63a8cdb"}
2018-08-16 17:54:49: Copy Confirmed by CheckSum: ftp://v0.ftp.upyun.com/post/4a17b156.html
2018-08-16 17:54:49: 覆盖复制 'F:/blog/public/post/4a17b156.html' -> 'ftp://v0.ftp.upyun.com/post/4a17b156.html' (42,735)
2018-08-16 17:54:49: 覆盖复制 'F:/blog/public/post/5133767d.html' -> 'ftp://v0.ftp.upyun.com/post/5133767d.html' (42,539)
- 错误: Copying file: server says after data transfer: 550: {"msg":"too many requests of the same uri","code":42900002,"id":"62f9a4c3e049addaa1719aa9d933703d"}
2018-08-16 17:54:50: Copy Confirmed by CheckSum: ftp://v0.ftp.upyun.com/post/51937609.html
2018-08-16 17:54:50: 覆盖复制 'F:/blog/public/post/51937609.html' -> 'ftp://v0.ftp.upyun.com/post/51937609.html' (45,505)
2018-08-16 17:54:50: 覆盖复制 'F:/blog/public/post/53b2030c.html' -> 'ftp://v0.ftp.upyun.com/post/53b2030c.html' (44,341)
- 错误: Copying file: server says after data transfer: 550: {"msg":"too many requests of the same uri","code":42900002,"id":"c628fed9de4267dd2e9a26ce356edef7"}
2018-08-16 17:54:50: 覆盖复制 'F:/blog/public/post/60a25379.html' -> 'ftp://v0.ftp.upyun.com/post/60a25379.html' (58,938)
- 错误: Copying file: server says after data transfer: 550: {"msg":"too many requests of the same uri","code":42900002,"id":"2e1c7ba41e26008d4f468d678ee39bb3"}
2018-08-16 17:54:51: 覆盖复制 'F:/blog/public/post/60cd4fc4.html' -> 'ftp://v0.ftp.upyun.com/post/60cd4fc4.html' (43,750)
- 错误: Copying file: server says after data transfer: 550: {"msg":"too many requests of the same uri","code":42900002,"id":"0d592d9fbf8c5ecf5dfbedf2a322aaad"}
2018-08-16 17:54:51: 覆盖复制 'F:/blog/public/post/63840324.html' -> 'ftp://v0.ftp.upyun.com/post/63840324.html' (48,129)
- 错误: Copying file: server says after data transfer: 550: {"msg":"too many requests of the same uri","code":42900002,"id":"b17d079bc963e3c6bc2cb9e651b73849"}
2018-08-16 17:54:51: 覆盖复制 'F:/blog/public/post/65a05ef.html' -> 'ftp://v0.ftp.upyun.com/post/65a05ef.html' (52,385)
- 错误: Copying file: server says after data transfer: 550: {"msg":"too many requests of the same uri","code":42900002,"id":"bbc91bd36c296ad0c8f5e36500ea5973"}
2018-08-16 17:54:51: 覆盖复制 'F:/blog/public/post/6d7b9178.html' -> 'ftp://v0.ftp.upyun.com/post/6d7b9178.html' (60,438)
- 错误: Copying file: server says after data transfer: 550: {"msg":"too many requests of the same uri","code":42900002,"id":"2c5433fa93b9330b3cacaa4c1c1f38e6"}
2018-08-16 17:54:51: 覆盖复制 'F:/blog/public/post/72dd6893.html' -> 'ftp://v0.ftp.upyun.com/post/72dd6893.html' (44,377)
- 错误: Copying file: server says after data transfer: 550: {"msg":"too many requests of the same uri","code":42900002,"id":"625b5b0d95b7984bc34cb8a4ce4b185f"}
2018-08-16 17:54:52: 覆盖复制 'F:/blog/public/post/74b1112a.html' -> 'ftp://v0.ftp.upyun.com/post/74b1112a.html' (51,215)
- 错误: Copying file: server says after data transfer: 550: {"msg":"too many requests of the same uri","code":42900002,"id":"336b9102e8c5b27fd8651e5db50ee8e7"}
2018-08-16 17:54:52: 覆盖复制 'F:/blog/public/post/8b3b02a7.html' -> 'ftp://v0.ftp.upyun.com/post/8b3b02a7.html' (47,134)
- 错误: Copying file: server says after data transfer: 550: {"msg":"too many requests of the same uri","code":42900002,"id":"c22bf02f1545407caf7909dc663d1d66"}
2018-08-16 17:54:53: Copy Confirmed by CheckSum: ftp://v0.ftp.upyun.com/post/8c8e25d.html
2018-08-16 17:54:53: 覆盖复制 'F:/blog/public/post/8c8e25d.html' -> 'ftp://v0.ftp.upyun.com/post/8c8e25d.html' (71,276)
2018-08-16 17:54:53: 覆盖复制 'F:/blog/public/post/936c5fbe.html' -> 'ftp://v0.ftp.upyun.com/post/936c5fbe.html' (59,951)
- 错误: Copying file: server says after data transfer: 550: {"msg":"too many requests of the same uri","code":42900002,"id":"95bed64de1c9762b983f1bbe0cd1b03b"}
2018-08-16 17:54:53: 覆盖复制 'F:/blog/public/post/98bc273a.html' -> 'ftp://v0.ftp.upyun.com/post/98bc273a.html' (47,339)
- 错误: Copying file: server says after data transfer: 550: {"msg":"too many requests of the same uri","code":42900002,"id":"421edf577f5b0602b0d1a0093558b5c0"}
2018-08-16 17:54:53: 覆盖复制 'F:/blog/public/post/9a8cdc59.html' -> 'ftp://v0.ftp.upyun.com/post/9a8cdc59.html' (106,752)
- 错误: Copying file: server says after data transfer: 550: {"msg":"too many requests of the same uri","code":42900002,"id":"773df1eee7abef1f82e5b50122017d25"}
2018-08-16 17:54:54: 覆盖复制 'F:/blog/public/post/a033ab3f.html' -> 'ftp://v0.ftp.upyun.com/post/a033ab3f.html' (50,206)
- 错误: Copying file: server says after data transfer: 550: {"msg":"too many requests of the same uri","code":42900002,"id":"c1dd3d3bc279d46e799b748a7d0f16f8"}
2018-08-16 17:54:54: 覆盖复制 'F:/blog/public/post/a11ee691.html' -> 'ftp://v0.ftp.upyun.com/post/a11ee691.html' (41,353)
- 错误: Copying file: server says after data transfer: 550: {"msg":"too many requests of the same uri","code":42900002,"id":"45e6ee45abbf79b7d7ebfd06ebeaa6fc"}
2018-08-16 17:54:55: Copy Confirmed by CheckSum: ftp://v0.ftp.upyun.com/post/a84d1ef1.html
2018-08-16 17:54:55: 覆盖复制 'F:/blog/public/post/a84d1ef1.html' -> 'ftp://v0.ftp.upyun.com/post/a84d1ef1.html' (59,184)
2018-08-16 17:54:55: 覆盖复制 'F:/blog/public/post/b04d82e3.html' -> 'ftp://v0.ftp.upyun.com/post/b04d82e3.html' (44,311)
- 错误: Copying file: server says after data transfer: 550: {"msg":"too many requests of the same uri","code":42900002,"id":"2b4dd13a3a4d656503e38e9f825c6ce9"}
2018-08-16 17:54:55: 覆盖复制 'F:/blog/public/post/c9feff90.html' -> 'ftp://v0.ftp.upyun.com/post/c9feff90.html' (43,449)
- 错误: Copying file: server says after data transfer: 550: {"msg":"too many requests of the same uri","code":42900002,"id":"a9ea49c8f714d81f17023a8c60fefe97"}
2018-08-16 17:54:55: 覆盖复制 'F:/blog/public/post/cd12463.html' -> 'ftp://v0.ftp.upyun.com/post/cd12463.html' (48,677)
- 错误: Copying file: server says after data transfer: 550: {"msg":"too many requests of the same uri","code":42900002,"id":"e1376e67bc113e6ab601182186ffceae"}
2018-08-16 17:54:56: 覆盖复制 'F:/blog/public/post/cf1235a7.html' -> 'ftp://v0.ftp.upyun.com/post/cf1235a7.html' (44,139)
- 错误: Copying file: server says after data transfer: 550: {"msg":"too many requests of the same uri","code":42900002,"id":"a2058616ec1e7476ae0109ed7270a35c"}
2018-08-16 17:54:56: 覆盖复制 'F:/blog/public/post/d87f7e0c.html' -> 'ftp://v0.ftp.upyun.com/post/d87f7e0c.html' (42,570)
- 错误: Copying file: server says after data transfer: 550: {"msg":"too many requests of the same uri","code":42900002,"id":"fcfed5bc87b1a54e1a57c73f0a76c41b"}
2018-08-16 17:54:56: 覆盖复制 'F:/blog/public/post/e07f2122.html' -> 'ftp://v0.ftp.upyun.com/post/e07f2122.html' (50,155)
- 错误: Copying file: server says after data transfer: 550: {"msg":"too many requests of the same uri","code":42900002,"id":"24859a69b7194c185868935cc5a82c93"}
2018-08-16 17:54:57: Copy Confirmed by CheckSum: ftp://v0.ftp.upyun.com/post/fa0e7c88.html
2018-08-16 17:54:57: 覆盖复制 'F:/blog/public/post/fa0e7c88.html' -> 'ftp://v0.ftp.upyun.com/post/fa0e7c88.html' (48,219)
2018-08-16 17:54:57: 覆盖复制 'F:/blog/public/post/fa20dd9d.html' -> 'ftp://v0.ftp.upyun.com/post/fa20dd9d.html' (69,810)
- 错误: Copying file: server says after data transfer: 550: {"msg":"too many requests of the same uri","code":42900002,"id":"e199a857e5a031e76852c7e823084b40"}
2018-08-16 17:54:57: 覆盖复制 'F:/blog/public/post/fdf0e152.html' -> 'ftp://v0.ftp.upyun.com/post/fdf0e152.html' (41,272)
- 错误: Copying file: server says after data transfer: 550: {"msg":"too many requests of the same uri","code":42900002,"id":"37469a89c7b290c429fc79602caa3c5f"}
2018-08-16 17:54:58: 覆盖复制 'F:/blog/public/post/fec62b1b.html' -> 'ftp://v0.ftp.upyun.com/post/fec62b1b.html' (49,339)
- 错误: Copying file: server says after data transfer: 550: {"msg":"too many requests of the same uri","code":42900002,"id":"b31c1541db98b4e57d948625bfa30b0a"}
2018-08-16 17:54:58: 覆盖复制 'F:/blog/public/README.md' -> 'ftp://v0.ftp.upyun.com/README.md' (68)
- 错误: Copying file: server says after data transfer: 550: {"msg":"too many requests of the same uri","code":42900002,"id":"205083d3621202d470a92ef65c3eeefa"}
2018-08-16 17:54:59: Copy Confirmed by CheckSum: ftp://v0.ftp.upyun.com/search.xml
2018-08-16 17:54:59: 覆盖复制 'F:/blog/public/search.xml' -> 'ftp://v0.ftp.upyun.com/search.xml' (208,570)
2018-08-16 17:55:00: Copy Confirmed by CheckSum: ftp://v0.ftp.upyun.com/sitemap.xml
2018-08-16 17:55:00: 覆盖复制 'F:/blog/public/sitemap.xml' -> 'ftp://v0.ftp.upyun.com/sitemap.xml' (6,081)
2018-08-16 17:55:00: 覆盖复制 'F:/blog/public/tags/Android/index.html' -> 'ftp://v0.ftp.upyun.com/tags/Android/index.html' (34,747)
- 错误: Copying file: server says after data transfer: 550: {"msg":"too many requests of the same uri","code":42900002,"id":"0ddd2a2837566ee5ca18ef72b755094e"}
2018-08-16 17:55:00: 覆盖复制 'F:/blog/public/tags/C语言/index.html' -> 'ftp://v0.ftp.upyun.com/tags/C语言/index.html' (33,272)
- 错误: Copying file: server says after data transfer: 550: {"msg":"too many requests of the same uri","code":42900002,"id":"5d68252a200d5587f12f9c1af5d13922"}
2018-08-16 17:55:00: 覆盖复制 'F:/blog/public/tags/eNSP/index.html' -> 'ftp://v0.ftp.upyun.com/tags/eNSP/index.html' (34,757)
- 错误: Copying file: server says after data transfer: 550: {"msg":"too many requests of the same uri","code":42900002,"id":"d5ed8086f0486e05996a836a884946c7"}
2018-08-16 17:55:01: 覆盖复制 'F:/blog/public/tags/hexo/index.html' -> 'ftp://v0.ftp.upyun.com/tags/hexo/index.html' (38,131)
- 错误: Copying file: server says after data transfer: 550: {"msg":"too many requests of the same uri","code":42900002,"id":"c900bf1e5a03449972e48d444f22fb8d"}
2018-08-16 17:55:01: 覆盖复制 'F:/blog/public/tags/ICT/index.html' -> 'ftp://v0.ftp.upyun.com/tags/ICT/index.html' (34,753)
- 错误: Copying file: server says after data transfer: 550: {"msg":"too many requests of the same uri","code":42900002,"id":"71f6d3ffbf047ef568574ebc3c1ce7f9"}
2018-08-16 17:55:02: Copy Confirmed by CheckSum: ftp://v0.ftp.upyun.com/tags/index.html
2018-08-16 17:55:02: 覆盖复制 'F:/blog/public/tags/index.html' -> 'ftp://v0.ftp.upyun.com/tags/index.html' (37,012)
2018-08-16 17:55:02: 覆盖复制 'F:/blog/public/tags/Java/index.html' -> 'ftp://v0.ftp.upyun.com/tags/Java/index.html' (33,271)
- 错误: Copying file: server says after data transfer: 550: {"msg":"too many requests of the same uri","code":42900002,"id":"7fd1b1d2af7e92e71f9fce19cca5181f"}
2018-08-16 17:55:02: 覆盖复制 'F:/blog/public/tags/Linux/index.html' -> 'ftp://v0.ftp.upyun.com/tags/Linux/index.html' (33,291)
- 错误: Copying file: server says after data transfer: 550: {"msg":"too many requests of the same uri","code":42900002,"id":"35e80d22f3b721c9629ed9d0384de98b"}
2018-08-16 17:55:03: Copy Confirmed by CheckSum: ftp://v0.ftp.upyun.com/tags/MySQL/index.html
2018-08-16 17:55:03: 覆盖复制 'F:/blog/public/tags/MySQL/index.html' -> 'ftp://v0.ftp.upyun.com/tags/MySQL/index.html' (33,283)
2018-08-16 17:55:04: Copy Confirmed by CheckSum: ftp://v0.ftp.upyun.com/tags/python/index.html
2018-08-16 17:55:04: 覆盖复制 'F:/blog/public/tags/python/index.html' -> 'ftp://v0.ftp.upyun.com/tags/python/index.html' (36,058)
2018-08-16 17:55:04: 覆盖复制 'F:/blog/public/tags/Testing/index.html' -> 'ftp://v0.ftp.upyun.com/tags/Testing/index.html' (33,268)
- 错误: Copying file: server says after data transfer: 550: {"msg":"too many requests of the same uri","code":42900002,"id":"54b1f2be467ab5ab82a9053538d7c0d6"}
2018-08-16 17:55:05: Copy Confirmed by CheckSum: ftp://v0.ftp.upyun.com/tags/Ubuntu/index.html
2018-08-16 17:55:05: 覆盖复制 'F:/blog/public/tags/Ubuntu/index.html' -> 'ftp://v0.ftp.upyun.com/tags/Ubuntu/index.html' (33,295)
2018-08-16 17:55:05: 覆盖复制 'F:/blog/public/tags/uefi/index.html' -> 'ftp://v0.ftp.upyun.com/tags/uefi/index.html' (33,287)
- 错误: Copying file: server says after data transfer: 550: {"msg":"too many requests of the same uri","code":42900002,"id":"3293338318ebc4d46443391a483791e4"}
2018-08-16 17:55:06: 覆盖复制 'F:/blog/public/tags/vps/index.html' -> 'ftp://v0.ftp.upyun.com/tags/vps/index.html' (33,282)
- 错误: Copying file: server says after data transfer: 550: {"msg":"too many requests of the same uri","code":42900002,"id":"428278921399f8fc0b0257da9b804e17"}
2018-08-16 17:55:06: 覆盖复制 'F:/blog/public/tags/windows/index.html' -> 'ftp://v0.ftp.upyun.com/tags/windows/index.html' (33,324)
- 错误: Copying file: server says after data transfer: 550: {"msg":"too many requests of the same uri","code":42900002,"id":"755ba04a4fa41f6dcbf9edfe34c60b39"}
2018-08-16 17:55:06: 覆盖复制 'F:/blog/public/tags/免流/index.html' -> 'ftp://v0.ftp.upyun.com/tags/免流/index.html' (33,268)
- 错误: Copying file: server says after data transfer: 550: {"msg":"too many requests of the same uri","code":42900002,"id":"e5815fa2ac2f9b5c403d20b2b5e65cb2"}
2018-08-16 17:55:07: 覆盖复制 'F:/blog/public/tags/励志/index.html' -> 'ftp://v0.ftp.upyun.com/tags/励志/index.html' (33,291)
- 错误: Copying file: server says after data transfer: 550: {"msg":"too many requests of the same uri","code":42900002,"id":"6e265b0c4bd8e82e17073afc43d7298c"}
2018-08-16 17:55:07: 覆盖复制 'F:/blog/public/tags/区块链/index.html' -> 'ftp://v0.ftp.upyun.com/tags/区块链/index.html' (33,310)
- 错误: Copying file: server says after data transfer: 550: {"msg":"too many requests of the same uri","code":42900002,"id":"c0f543857b7409d4cab4062b5cd1ee78"}
2018-08-16 17:55:07: 覆盖复制 'F:/blog/public/tags/学习/index.html' -> 'ftp://v0.ftp.upyun.com/tags/学习/index.html' (33,304)
- 错误: Copying file: server says after data transfer: 550: {"msg":"too many requests of the same uri","code":42900002,"id":"695f5ea9699055cdfdf9d75263ec72c6"}
2018-08-16 17:55:07: 覆盖复制 'F:/blog/public/tags/情感/index.html' -> 'ftp://v0.ftp.upyun.com/tags/情感/index.html' (33,291)
- 错误: Copying file: server says after data transfer: 550: {"msg":"too many requests of the same uri","code":42900002,"id":"f0012ae0226420402456c7ea5ec63e66"}
2018-08-16 17:55:08: 覆盖复制 'F:/blog/public/tags/数据库/index.html' -> 'ftp://v0.ftp.upyun.com/tags/数据库/index.html' (33,299)
- 错误: Copying file: server says after data transfer: 550: {"msg":"too many requests of the same uri","code":42900002,"id":"ec62b9b5fd89fe25410675372368e471"}
2018-08-16 17:55:08: 覆盖复制 'F:/blog/public/tags/数据通信/index.html' -> 'ftp://v0.ftp.upyun.com/tags/数据通信/index.html' (34,789)
- 错误: Copying file: server says after data transfer: 550: {"msg":"too many requests of the same uri","code":42900002,"id":"9646607fb88c77bda4b4576693bfa2c7"}
2018-08-16 17:55:08: 覆盖复制 'F:/blog/public/tags/梦想/index.html' -> 'ftp://v0.ftp.upyun.com/tags/梦想/index.html' (33,298)
- 错误: Copying file: server says after data transfer: 550: {"msg":"too many requests of the same uri","code":42900002,"id":"51226321d5995d3e91e282e27a32d1e3"}
2018-08-16 17:55:09: Copy Confirmed by CheckSum: ftp://v0.ftp.upyun.com/tags/比特币/index.html
2018-08-16 17:55:09: 覆盖复制 'F:/blog/public/tags/比特币/index.html' -> 'ftp://v0.ftp.upyun.com/tags/比特币/index.html' (33,310)
2018-08-16 17:55:10: 覆盖复制 'F:/blog/public/tags/爬虫/index.html' -> 'ftp://v0.ftp.upyun.com/tags/爬虫/index.html' (34,655)
- 错误: Copying file: server says after data transfer: 550: {"msg":"too many requests of the same uri","code":42900002,"id":"3a8fa40ef23584199ad06154269371a8"}
2018-08-16 17:55:10: 覆盖复制 'F:/blog/public/tags/生活/index.html' -> 'ftp://v0.ftp.upyun.com/tags/生活/index.html' (33,298)
- 错误: Copying file: server says after data transfer: 550: {"msg":"too many requests of the same uri","code":42900002,"id":"9d8782a3fb156db98015e7a9ef66afe6"}
2018-08-16 17:55:10: 覆盖复制 'F:/blog/public/tags/网络/index.html' -> 'ftp://v0.ftp.upyun.com/tags/网络/index.html' (33,268)
- 错误: Copying file: server says after data transfer: 550: {"msg":"too many requests of the same uri","code":42900002,"id":"56542603a0a625a627a808ba8b53f01d"}
2018-08-16 17:55:10: 覆盖复制 'F:/blog/public/tags/课程设计/index.html' -> 'ftp://v0.ftp.upyun.com/tags/课程设计/index.html' (33,292)
- 错误: Copying file: server says after data transfer: 550: {"msg":"too many requests of the same uri","code":42900002,"id":"4c203583338e4993a5c18db526a44b3c"}
2018-08-16 17:55:11: 覆盖复制 'F:/blog/public/top/index.html' -> 'ftp://v0.ftp.upyun.com/top/index.html' (33,133)
- 错误: Copying file: server says after data transfer: 550: {"msg":"too many requests of the same uri","code":42900002,"id":"ec0c337575e778f6d5228b1f5b8ebe36"}
2018-08-16 17:55:11: == 同步完成. 历时: 00:01:28, 速度: 39.2 KB/s, 完成: 130, 错误: 176
2018-08-16 17:55:11: 
