2018-09-05 09:22:10: == 分析比较具有相同大小但文件修改时间不同的文件校验和
2018-09-05 09:22:10: FTP [class 0]: Listing one file is not supported (returns nothing): cannot start transfer: 550: Not a directory
2018-09-05 09:22:10: -- 分析开始 User Command
2018-09-05 09:23:26: 变更：124， 冲突：0， 复制时间：0， 复制状态：0， 错误： 0, All: 313
2018-09-05 09:23:26: Left to Right: Copy File: 124 
2018-09-05 09:23:26: -- 分析已结束。历时 00:01:17, 速度： 18 文件/秒
2018-09-05 09:23:26: 
2018-09-05 09:28:21: == 同步开始由 User Command
2018-09-05 09:28:22: FTP [class 0]: Listing one file is not supported (returns nothing): cannot start transfer: 550: Not a directory
2018-09-05 09:28:23: Copy Confirmed by CheckSum: ftp://v0.ftp.upyun.com/404.html
2018-09-05 09:28:23: 新建复制 'F:/blog/public/404.html' -> 'ftp://v0.ftp.upyun.com/404.html' (727)
2018-09-05 09:28:24: Copy Confirmed by CheckSum: ftp://v0.ftp.upyun.com/about/index.html
2018-09-05 09:28:24: 新建复制 'F:/blog/public/about/index.html' -> 'ftp://v0.ftp.upyun.com/about/index.html' (34,851)
2018-09-05 09:28:25: Copy Confirmed by CheckSum: ftp://v0.ftp.upyun.com/assets/css/APlayer.min.css
2018-09-05 09:28:25: 新建复制 'F:/blog/public/assets/css/APlayer.min.css' -> 'ftp://v0.ftp.upyun.com/assets/css/APlayer.min.css' (12,528)
2018-09-05 09:28:26: Copy Confirmed by CheckSum: ftp://v0.ftp.upyun.com/assets/js/APlayer.min.js
2018-09-05 09:28:26: 新建复制 'F:/blog/public/assets/js/APlayer.min.js' -> 'ftp://v0.ftp.upyun.com/assets/js/APlayer.min.js' (59,325)
2018-09-05 09:28:27: Copy Confirmed by CheckSum: ftp://v0.ftp.upyun.com/assets/js/Meting.min.js
2018-09-05 09:28:27: 新建复制 'F:/blog/public/assets/js/Meting.min.js' -> 'ftp://v0.ftp.upyun.com/assets/js/Meting.min.js' (1,795)
2018-09-05 09:28:28: Copy Confirmed by CheckSum: ftp://v0.ftp.upyun.com/atom.xml
2018-09-05 09:28:28: 新建复制 'F:/blog/public/atom.xml' -> 'ftp://v0.ftp.upyun.com/atom.xml' (437,983)
2018-09-05 09:28:29: Copy Confirmed by CheckSum: ftp://v0.ftp.upyun.com/baidusitemap.xml
2018-09-05 09:28:29: 新建复制 'F:/blog/public/baidusitemap.xml' -> 'ftp://v0.ftp.upyun.com/baidusitemap.xml' (18,934)
2018-09-05 09:28:30: Copy Confirmed by CheckSum: ftp://v0.ftp.upyun.com/categories/C语言/index.html
2018-09-05 09:28:30: 新建复制 'F:/blog/public/categories/C语言/index.html' -> 'ftp://v0.ftp.upyun.com/categories/C语言/index.html' (32,918)
2018-09-05 09:28:31: Copy Confirmed by CheckSum: ftp://v0.ftp.upyun.com/categories/Java/index.html
2018-09-05 09:28:31: 新建复制 'F:/blog/public/categories/Java/index.html' -> 'ftp://v0.ftp.upyun.com/categories/Java/index.html' (33,614)
2018-09-05 09:28:32: Copy Confirmed by CheckSum: ftp://v0.ftp.upyun.com/categories/python/index.html
2018-09-05 09:28:32: 新建复制 'F:/blog/public/categories/python/index.html' -> 'ftp://v0.ftp.upyun.com/categories/python/index.html' (33,633)
2018-09-05 09:28:32: Copy Confirmed by CheckSum: ftp://v0.ftp.upyun.com/categories/vps/index.html
2018-09-05 09:28:32: 新建复制 'F:/blog/public/categories/vps/index.html' -> 'ftp://v0.ftp.upyun.com/categories/vps/index.html' (32,928)
2018-09-05 09:28:33: Copy Confirmed by CheckSum: ftp://v0.ftp.upyun.com/categories/数据库/index.html
2018-09-05 09:28:33: 新建复制 'F:/blog/public/categories/数据库/index.html' -> 'ftp://v0.ftp.upyun.com/categories/数据库/index.html' (32,945)
2018-09-05 09:28:34: Copy Confirmed by CheckSum: ftp://v0.ftp.upyun.com/categories/转载/index.html
2018-09-05 09:28:34: 新建复制 'F:/blog/public/categories/转载/index.html' -> 'ftp://v0.ftp.upyun.com/categories/转载/index.html' (33,000)
2018-09-05 09:28:35: Copy Confirmed by CheckSum: ftp://v0.ftp.upyun.com/categories/音乐/index.html
2018-09-05 09:28:35: 新建复制 'F:/blog/public/categories/音乐/index.html' -> 'ftp://v0.ftp.upyun.com/categories/音乐/index.html' (32,913)
2018-09-05 09:28:36: Copy Confirmed by CheckSum: ftp://v0.ftp.upyun.com/images/apple-touch-icon-next.ico
2018-09-05 09:28:36: 新建复制 'F:/blog/public/images/apple-touch-icon-next.ico' -> 'ftp://v0.ftp.upyun.com/images/apple-touch-icon-next.ico' (67,646)
2018-09-05 09:28:37: Copy Confirmed by CheckSum: ftp://v0.ftp.upyun.com/images/apple-touch-icon-next.png
2018-09-05 09:28:37: 新建复制 'F:/blog/public/images/apple-touch-icon-next.png' -> 'ftp://v0.ftp.upyun.com/images/apple-touch-icon-next.png' (1,544)
2018-09-05 09:28:38: Copy Confirmed by CheckSum: ftp://v0.ftp.upyun.com/images/background2.jpg
2018-09-05 09:28:38: 新建复制 'F:/blog/public/images/background2.jpg' -> 'ftp://v0.ftp.upyun.com/images/background2.jpg' (343,176)
2018-09-05 09:28:39: Copy Confirmed by CheckSum: ftp://v0.ftp.upyun.com/images/background3.jpg
2018-09-05 09:28:39: 新建复制 'F:/blog/public/images/background3.jpg' -> 'ftp://v0.ftp.upyun.com/images/background3.jpg' (443,034)
2018-09-05 09:28:41: Copy Confirmed by CheckSum: ftp://v0.ftp.upyun.com/images/background4.jpg
2018-09-05 09:28:41: 新建复制 'F:/blog/public/images/background4.jpg' -> 'ftp://v0.ftp.upyun.com/images/background4.jpg' (397,628)
2018-09-05 09:28:42: Copy Confirmed by CheckSum: ftp://v0.ftp.upyun.com/images/background5.jpg
2018-09-05 09:28:42: 新建复制 'F:/blog/public/images/background5.jpg' -> 'ftp://v0.ftp.upyun.com/images/background5.jpg' (339,444)
2018-09-05 09:28:43: Copy Confirmed by CheckSum: ftp://v0.ftp.upyun.com/images/background6.jpg
2018-09-05 09:28:43: 新建复制 'F:/blog/public/images/background6.jpg' -> 'ftp://v0.ftp.upyun.com/images/background6.jpg' (321,373)
2018-09-05 09:28:44: Copy Confirmed by CheckSum: ftp://v0.ftp.upyun.com/images/cc-by-nc-nd.svg
2018-09-05 09:28:44: 新建复制 'F:/blog/public/images/cc-by-nc-nd.svg' -> 'ftp://v0.ftp.upyun.com/images/cc-by-nc-nd.svg' (11,043)
2018-09-05 09:28:44: Copy Confirmed by CheckSum: ftp://v0.ftp.upyun.com/images/cc-by-nc.svg
2018-09-05 09:28:44: 新建复制 'F:/blog/public/images/cc-by-nc.svg' -> 'ftp://v0.ftp.upyun.com/images/cc-by-nc.svg' (9,794)
2018-09-05 09:28:45: Copy Confirmed by CheckSum: ftp://v0.ftp.upyun.com/images/cc-by-nd.svg
2018-09-05 09:28:45: 新建复制 'F:/blog/public/images/cc-by-nd.svg' -> 'ftp://v0.ftp.upyun.com/images/cc-by-nd.svg' (9,500)
2018-09-05 09:28:46: Copy Confirmed by CheckSum: ftp://v0.ftp.upyun.com/images/cc-by-sa.svg
2018-09-05 09:28:46: 新建复制 'F:/blog/public/images/cc-by-sa.svg' -> 'ftp://v0.ftp.upyun.com/images/cc-by-sa.svg' (10,382)
2018-09-05 09:28:47: Copy Confirmed by CheckSum: ftp://v0.ftp.upyun.com/images/cc-by.svg
2018-09-05 09:28:47: 新建复制 'F:/blog/public/images/cc-by.svg' -> 'ftp://v0.ftp.upyun.com/images/cc-by.svg' (8,400)
2018-09-05 09:28:48: Copy Confirmed by CheckSum: ftp://v0.ftp.upyun.com/images/cc-zero.svg
2018-09-05 09:28:48: 新建复制 'F:/blog/public/images/cc-zero.svg' -> 'ftp://v0.ftp.upyun.com/images/cc-zero.svg' (6,287)
2018-09-05 09:28:48: Copy Confirmed by CheckSum: ftp://v0.ftp.upyun.com/images/favicon-16x16-next.ico
2018-09-05 09:28:48: 新建复制 'F:/blog/public/images/favicon-16x16-next.ico' -> 'ftp://v0.ftp.upyun.com/images/favicon-16x16-next.ico' (1,150)
2018-09-05 09:28:49: Copy Confirmed by CheckSum: ftp://v0.ftp.upyun.com/images/favicon-16x16-next.png
2018-09-05 09:28:49: 新建复制 'F:/blog/public/images/favicon-16x16-next.png' -> 'ftp://v0.ftp.upyun.com/images/favicon-16x16-next.png' (435)
2018-09-05 09:28:50: Copy Confirmed by CheckSum: ftp://v0.ftp.upyun.com/images/favicon-32x32-next.png
2018-09-05 09:28:50: 新建复制 'F:/blog/public/images/favicon-32x32-next.png' -> 'ftp://v0.ftp.upyun.com/images/favicon-32x32-next.png' (640)
2018-09-05 09:28:51: Copy Confirmed by CheckSum: ftp://v0.ftp.upyun.com/images/favicon-48x48-next.ico
2018-09-05 09:28:51: 新建复制 'F:/blog/public/images/favicon-48x48-next.ico' -> 'ftp://v0.ftp.upyun.com/images/favicon-48x48-next.ico' (9,662)
2018-09-05 09:28:52: Copy Confirmed by CheckSum: ftp://v0.ftp.upyun.com/images/loading.gif
2018-09-05 09:28:52: 新建复制 'F:/blog/public/images/loading.gif' -> 'ftp://v0.ftp.upyun.com/images/loading.gif' (35)
2018-09-05 09:28:52: Copy Confirmed by CheckSum: ftp://v0.ftp.upyun.com/images/logo.svg
2018-09-05 09:28:52: 新建复制 'F:/blog/public/images/logo.svg' -> 'ftp://v0.ftp.upyun.com/images/logo.svg' (1,059)
2018-09-05 09:28:53: Copy Confirmed by CheckSum: ftp://v0.ftp.upyun.com/images/placeholder.gif
2018-09-05 09:28:53: 新建复制 'F:/blog/public/images/placeholder.gif' -> 'ftp://v0.ftp.upyun.com/images/placeholder.gif' (35)
2018-09-05 09:28:54: Copy Confirmed by CheckSum: ftp://v0.ftp.upyun.com/images/quote-l.svg
2018-09-05 09:28:54: 新建复制 'F:/blog/public/images/quote-l.svg' -> 'ftp://v0.ftp.upyun.com/images/quote-l.svg' (892)
2018-09-05 09:28:55: Copy Confirmed by CheckSum: ftp://v0.ftp.upyun.com/js/src/algolia-search.js
2018-09-05 09:28:55: 新建复制 'F:/blog/public/js/src/algolia-search.js' -> 'ftp://v0.ftp.upyun.com/js/src/algolia-search.js' (3,297)
2018-09-05 09:28:56: Copy Confirmed by CheckSum: ftp://v0.ftp.upyun.com/js/src/av-min.js
2018-09-05 09:28:56: 新建复制 'F:/blog/public/js/src/av-min.js' -> 'ftp://v0.ftp.upyun.com/js/src/av-min.js' (142,297)
2018-09-05 09:28:57: Copy Confirmed by CheckSum: ftp://v0.ftp.upyun.com/js/src/clicklove.js
2018-09-05 09:28:57: 新建复制 'F:/blog/public/js/src/clicklove.js' -> 'ftp://v0.ftp.upyun.com/js/src/clicklove.js' (1,559)
2018-09-05 09:28:58: Copy Confirmed by CheckSum: ftp://v0.ftp.upyun.com/js/src/post-details.js
2018-09-05 09:28:58: 新建复制 'F:/blog/public/js/src/post-details.js' -> 'ftp://v0.ftp.upyun.com/js/src/post-details.js' (3,424)
2018-09-05 09:28:59: Copy Confirmed by CheckSum: ftp://v0.ftp.upyun.com/js/src/schemes/pisces.js
2018-09-05 09:28:59: 新建复制 'F:/blog/public/js/src/schemes/pisces.js' -> 'ftp://v0.ftp.upyun.com/js/src/schemes/pisces.js' (1,596)
2018-09-05 09:29:00: Copy Confirmed by CheckSum: ftp://v0.ftp.upyun.com/js/src/scroll-cookie.js
2018-09-05 09:29:00: 新建复制 'F:/blog/public/js/src/scroll-cookie.js' -> 'ftp://v0.ftp.upyun.com/js/src/scroll-cookie.js' (671)
2018-09-05 09:29:01: Copy Confirmed by CheckSum: ftp://v0.ftp.upyun.com/js/src/scrollspy.js
2018-09-05 09:29:01: 新建复制 'F:/blog/public/js/src/scrollspy.js' -> 'ftp://v0.ftp.upyun.com/js/src/scrollspy.js' (5,081)
2018-09-05 09:29:01: Copy Confirmed by CheckSum: ftp://v0.ftp.upyun.com/js/src/utils.js
2018-09-05 09:29:01: 新建复制 'F:/blog/public/js/src/utils.js' -> 'ftp://v0.ftp.upyun.com/js/src/utils.js' (10,204)
2018-09-05 09:29:02: Copy Confirmed by CheckSum: ftp://v0.ftp.upyun.com/js/src/Valine.min.js
2018-09-05 09:29:02: 新建复制 'F:/blog/public/js/src/Valine.min.js' -> 'ftp://v0.ftp.upyun.com/js/src/Valine.min.js' (71,806)
2018-09-05 09:29:03: Copy Confirmed by CheckSum: ftp://v0.ftp.upyun.com/lib/bookmark/package.json
2018-09-05 09:29:03: 新建复制 'F:/blog/public/lib/bookmark/package.json' -> 'ftp://v0.ftp.upyun.com/lib/bookmark/package.json' (674)
2018-09-05 09:29:04: Copy Confirmed by CheckSum: ftp://v0.ftp.upyun.com/lib/canvas-nest/LICENSE
2018-09-05 09:29:04: 新建复制 'F:/blog/public/lib/canvas-nest/LICENSE' -> 'ftp://v0.ftp.upyun.com/lib/canvas-nest/LICENSE' (1,084)
2018-09-05 09:29:05: Copy Confirmed by CheckSum: ftp://v0.ftp.upyun.com/lib/canvas-nest/README.html
2018-09-05 09:29:05: 新建复制 'F:/blog/public/lib/canvas-nest/README.html' -> 'ftp://v0.ftp.upyun.com/lib/canvas-nest/README.html' (1,156)
2018-09-05 09:29:05: Copy Confirmed by CheckSum: ftp://v0.ftp.upyun.com/lib/fancybox/source/blank.gif
2018-09-05 09:29:05: 新建复制 'F:/blog/public/lib/fancybox/source/blank.gif' -> 'ftp://v0.ftp.upyun.com/lib/fancybox/source/blank.gif' (43)
2018-09-05 09:29:06: Copy Confirmed by CheckSum: ftp://v0.ftp.upyun.com/lib/fancybox/source/fancybox_loading@2x.gif
2018-09-05 09:29:06: 新建复制 'F:/blog/public/lib/fancybox/source/fancybox_loading@2x.gif' -> 'ftp://v0.ftp.upyun.com/lib/fancybox/source/fancybox_loading@2x.gif' (13,984)
2018-09-05 09:29:07: Copy Confirmed by CheckSum: ftp://v0.ftp.upyun.com/lib/fancybox/source/fancybox_overlay.png
2018-09-05 09:29:07: 新建复制 'F:/blog/public/lib/fancybox/source/fancybox_overlay.png' -> 'ftp://v0.ftp.upyun.com/lib/fancybox/source/fancybox_overlay.png' (1,003)
2018-09-05 09:29:08: Copy Confirmed by CheckSum: ftp://v0.ftp.upyun.com/lib/fancybox/source/helpers/jquery.fancybox-buttons.css
2018-09-05 09:29:08: 新建复制 'F:/blog/public/lib/fancybox/source/helpers/jquery.fancybox-buttons.css' -> 'ftp://v0.ftp.upyun.com/lib/fancybox/source/helpers/jquery.fancybox-buttons.css' (2,447)
2018-09-05 09:29:09: Copy Confirmed by CheckSum: ftp://v0.ftp.upyun.com/lib/fancybox/source/helpers/jquery.fancybox-buttons.js
2018-09-05 09:29:09: 新建复制 'F:/blog/public/lib/fancybox/source/helpers/jquery.fancybox-buttons.js' -> 'ftp://v0.ftp.upyun.com/lib/fancybox/source/helpers/jquery.fancybox-buttons.js' (3,041)
2018-09-05 09:29:09: Copy Confirmed by CheckSum: ftp://v0.ftp.upyun.com/lib/fancybox/source/helpers/jquery.fancybox-media.js
2018-09-05 09:29:09: 新建复制 'F:/blog/public/lib/fancybox/source/helpers/jquery.fancybox-media.js' -> 'ftp://v0.ftp.upyun.com/lib/fancybox/source/helpers/jquery.fancybox-media.js' (5,305)
2018-09-05 09:29:10: Copy Confirmed by CheckSum: ftp://v0.ftp.upyun.com/lib/fancybox/source/helpers/jquery.fancybox-thumbs.js
2018-09-05 09:29:10: 新建复制 'F:/blog/public/lib/fancybox/source/helpers/jquery.fancybox-thumbs.js' -> 'ftp://v0.ftp.upyun.com/lib/fancybox/source/helpers/jquery.fancybox-thumbs.js' (3,836)
2018-09-05 09:29:11: Copy Confirmed by CheckSum: ftp://v0.ftp.upyun.com/lib/fancybox/source/jquery.fancybox.css
2018-09-05 09:29:11: 新建复制 'F:/blog/public/lib/fancybox/source/jquery.fancybox.css' -> 'ftp://v0.ftp.upyun.com/lib/fancybox/source/jquery.fancybox.css' (4,895)
2018-09-05 09:29:12: Copy Confirmed by CheckSum: ftp://v0.ftp.upyun.com/lib/fancybox/source/jquery.fancybox.js
2018-09-05 09:29:12: 新建复制 'F:/blog/public/lib/fancybox/source/jquery.fancybox.js' -> 'ftp://v0.ftp.upyun.com/lib/fancybox/source/jquery.fancybox.js' (48,706)
2018-09-05 09:29:13: Copy Confirmed by CheckSum: ftp://v0.ftp.upyun.com/lib/fancybox/source/jquery.fancybox.pack.js
2018-09-05 09:29:13: 新建复制 'F:/blog/public/lib/fancybox/source/jquery.fancybox.pack.js' -> 'ftp://v0.ftp.upyun.com/lib/fancybox/source/jquery.fancybox.pack.js' (23,135)
2018-09-05 09:29:14: Copy Confirmed by CheckSum: ftp://v0.ftp.upyun.com/lib/font-awesome/bower.json
2018-09-05 09:29:14: 新建复制 'F:/blog/public/lib/font-awesome/bower.json' -> 'ftp://v0.ftp.upyun.com/lib/font-awesome/bower.json' (312)
2018-09-05 09:29:15: Copy Confirmed by CheckSum: ftp://v0.ftp.upyun.com/lib/font-awesome/css/font-awesome.css.map
2018-09-05 09:29:15: 新建复制 'F:/blog/public/lib/font-awesome/css/font-awesome.css.map' -> 'ftp://v0.ftp.upyun.com/lib/font-awesome/css/font-awesome.css.map' (21,785)
2018-09-05 09:29:16: Copy Confirmed by CheckSum: ftp://v0.ftp.upyun.com/lib/font-awesome/css/font-awesome.min.css
2018-09-05 09:29:16: 新建复制 'F:/blog/public/lib/font-awesome/css/font-awesome.min.css' -> 'ftp://v0.ftp.upyun.com/lib/font-awesome/css/font-awesome.min.css' (31,000)
2018-09-05 09:29:17: Copy Confirmed by CheckSum: ftp://v0.ftp.upyun.com/lib/font-awesome/fonts/fontawesome-webfont.eot
2018-09-05 09:29:17: 新建复制 'F:/blog/public/lib/font-awesome/fonts/fontawesome-webfont.eot' -> 'ftp://v0.ftp.upyun.com/lib/font-awesome/fonts/fontawesome-webfont.eot' (165,742)
2018-09-05 09:29:18: Copy Confirmed by CheckSum: ftp://v0.ftp.upyun.com/lib/font-awesome/fonts/fontawesome-webfont.woff
2018-09-05 09:29:18: 新建复制 'F:/blog/public/lib/font-awesome/fonts/fontawesome-webfont.woff' -> 'ftp://v0.ftp.upyun.com/lib/font-awesome/fonts/fontawesome-webfont.woff' (98,024)
2018-09-05 09:29:19: Copy Confirmed by CheckSum: ftp://v0.ftp.upyun.com/lib/font-awesome/fonts/fontawesome-webfont.woff2
2018-09-05 09:29:19: 新建复制 'F:/blog/public/lib/font-awesome/fonts/fontawesome-webfont.woff2' -> 'ftp://v0.ftp.upyun.com/lib/font-awesome/fonts/fontawesome-webfont.woff2' (77,160)
2018-09-05 09:29:19: Copy Confirmed by CheckSum: ftp://v0.ftp.upyun.com/lib/pace/pace-theme-bounce.min.css
2018-09-05 09:29:19: 新建复制 'F:/blog/public/lib/pace/pace-theme-bounce.min.css' -> 'ftp://v0.ftp.upyun.com/lib/pace/pace-theme-bounce.min.css' (3,607)
2018-09-05 09:29:20: Copy Confirmed by CheckSum: ftp://v0.ftp.upyun.com/lib/pace/pace-theme-center-atom.min.css
2018-09-05 09:29:20: 新建复制 'F:/blog/public/lib/pace/pace-theme-center-atom.min.css' -> 'ftp://v0.ftp.upyun.com/lib/pace/pace-theme-center-atom.min.css' (2,105)
2018-09-05 09:29:21: Copy Confirmed by CheckSum: ftp://v0.ftp.upyun.com/lib/pace/pace-theme-center-radar.min.css
2018-09-05 09:29:21: 新建复制 'F:/blog/public/lib/pace/pace-theme-center-radar.min.css' -> 'ftp://v0.ftp.upyun.com/lib/pace/pace-theme-center-radar.min.css' (1,000)
2018-09-05 09:29:22: Copy Confirmed by CheckSum: ftp://v0.ftp.upyun.com/lib/pace/pace-theme-center-simple.min.css
2018-09-05 09:29:22: 新建复制 'F:/blog/public/lib/pace/pace-theme-center-simple.min.css' -> 'ftp://v0.ftp.upyun.com/lib/pace/pace-theme-center-simple.min.css' (731)
2018-09-05 09:29:23: Copy Confirmed by CheckSum: ftp://v0.ftp.upyun.com/lib/pace/pace-theme-corner-indicator.min.css
2018-09-05 09:29:23: 新建复制 'F:/blog/public/lib/pace/pace-theme-corner-indicator.min.css' -> 'ftp://v0.ftp.upyun.com/lib/pace/pace-theme-corner-indicator.min.css' (1,582)
2018-09-05 09:29:23: Copy Confirmed by CheckSum: ftp://v0.ftp.upyun.com/lib/pace/pace-theme-loading-bar.min.css
2018-09-05 09:29:23: 新建复制 'F:/blog/public/lib/pace/pace-theme-loading-bar.min.css' -> 'ftp://v0.ftp.upyun.com/lib/pace/pace-theme-loading-bar.min.css' (8,442)
2018-09-05 09:29:24: Copy Confirmed by CheckSum: ftp://v0.ftp.upyun.com/lib/pace/pace-theme-minimal.min.css
2018-09-05 09:29:24: 新建复制 'F:/blog/public/lib/pace/pace-theme-minimal.min.css' -> 'ftp://v0.ftp.upyun.com/lib/pace/pace-theme-minimal.min.css' (250)
2018-09-05 09:29:25: Copy Confirmed by CheckSum: ftp://v0.ftp.upyun.com/lib/pace/pace.min.js
2018-09-05 09:29:25: 新建复制 'F:/blog/public/lib/pace/pace.min.js' -> 'ftp://v0.ftp.upyun.com/lib/pace/pace.min.js' (12,507)
2018-09-05 09:29:26: Copy Confirmed by CheckSum: ftp://v0.ftp.upyun.com/lib/pangu/dist/pangu.min.js
2018-09-05 09:29:26: 新建复制 'F:/blog/public/lib/pangu/dist/pangu.min.js' -> 'ftp://v0.ftp.upyun.com/lib/pangu/dist/pangu.min.js' (8,620)
2018-09-05 09:29:27: Copy Confirmed by CheckSum: ftp://v0.ftp.upyun.com/lib/pangu/dist/pangu.min.js.map
2018-09-05 09:29:27: 新建复制 'F:/blog/public/lib/pangu/dist/pangu.min.js.map' -> 'ftp://v0.ftp.upyun.com/lib/pangu/dist/pangu.min.js.map' (45,857)
2018-09-05 09:29:27: Copy Confirmed by CheckSum: ftp://v0.ftp.upyun.com/lib/pangu/README.html
2018-09-05 09:29:27: 新建复制 'F:/blog/public/lib/pangu/README.html' -> 'ftp://v0.ftp.upyun.com/lib/pangu/README.html' (1,123)
2018-09-05 09:29:28: Copy Confirmed by CheckSum: ftp://v0.ftp.upyun.com/lib/reading_progress/LICENSE
2018-09-05 09:29:28: 新建复制 'F:/blog/public/lib/reading_progress/LICENSE' -> 'ftp://v0.ftp.upyun.com/lib/reading_progress/LICENSE' (1,084)
2018-09-05 09:29:29: Copy Confirmed by CheckSum: ftp://v0.ftp.upyun.com/lib/reading_progress/package.json
2018-09-05 09:29:29: 新建复制 'F:/blog/public/lib/reading_progress/package.json' -> 'ftp://v0.ftp.upyun.com/lib/reading_progress/package.json' (639)
2018-09-05 09:29:30: Copy Confirmed by CheckSum: ftp://v0.ftp.upyun.com/lib/reading_progress/reading_progress.js
2018-09-05 09:29:30: 新建复制 'F:/blog/public/lib/reading_progress/reading_progress.js' -> 'ftp://v0.ftp.upyun.com/lib/reading_progress/reading_progress.js' (927)
2018-09-05 09:29:31: Copy Confirmed by CheckSum: ftp://v0.ftp.upyun.com/lib/reading_progress/reading_progress.min.js
2018-09-05 09:29:31: 新建复制 'F:/blog/public/lib/reading_progress/reading_progress.min.js' -> 'ftp://v0.ftp.upyun.com/lib/reading_progress/reading_progress.min.js' (512)
2018-09-05 09:29:31: Copy Confirmed by CheckSum: ftp://v0.ftp.upyun.com/lib/reading_progress/README.html
2018-09-05 09:29:31: 新建复制 'F:/blog/public/lib/reading_progress/README.html' -> 'ftp://v0.ftp.upyun.com/lib/reading_progress/README.html' (1,176)
2018-09-05 09:29:32: Copy Confirmed by CheckSum: ftp://v0.ftp.upyun.com/lib/ua-parser-js/dist/ua-parser.min.js
2018-09-05 09:29:32: 新建复制 'F:/blog/public/lib/ua-parser-js/dist/ua-parser.min.js' -> 'ftp://v0.ftp.upyun.com/lib/ua-parser-js/dist/ua-parser.min.js' (12,949)
2018-09-05 09:29:33: Copy Confirmed by CheckSum: ftp://v0.ftp.upyun.com/lib/ua-parser-js/dist/ua-parser.pack.js
2018-09-05 09:29:33: 新建复制 'F:/blog/public/lib/ua-parser-js/dist/ua-parser.pack.js' -> 'ftp://v0.ftp.upyun.com/lib/ua-parser-js/dist/ua-parser.pack.js' (10,523)
2018-09-05 09:29:34: Copy Confirmed by CheckSum: ftp://v0.ftp.upyun.com/lib/velocity/velocity.min.js
2018-09-05 09:29:34: 新建复制 'F:/blog/public/lib/velocity/velocity.min.js' -> 'ftp://v0.ftp.upyun.com/lib/velocity/velocity.min.js' (34,856)
2018-09-05 09:29:35: Copy Confirmed by CheckSum: ftp://v0.ftp.upyun.com/lib/velocity/velocity.ui.js
2018-09-05 09:29:35: 新建复制 'F:/blog/public/lib/velocity/velocity.ui.js' -> 'ftp://v0.ftp.upyun.com/lib/velocity/velocity.ui.js' (34,762)
2018-09-05 09:29:36: Copy Confirmed by CheckSum: ftp://v0.ftp.upyun.com/lib/velocity/velocity.ui.min.js
2018-09-05 09:29:36: 新建复制 'F:/blog/public/lib/velocity/velocity.ui.min.js' -> 'ftp://v0.ftp.upyun.com/lib/velocity/velocity.ui.min.js' (13,257)
2018-09-05 09:29:36: Copy Confirmed by CheckSum: ftp://v0.ftp.upyun.com/live2dw/assets/miku.model.json
2018-09-05 09:29:36: 新建复制 'F:/blog/public/live2dw/assets/miku.model.json' -> 'ftp://v0.ftp.upyun.com/live2dw/assets/miku.model.json' (392)
2018-09-05 09:29:38: Copy Confirmed by CheckSum: ftp://v0.ftp.upyun.com/live2dw/assets/moc/miku.2048/texture_00.png
2018-09-05 09:29:38: 新建复制 'F:/blog/public/live2dw/assets/moc/miku.2048/texture_00.png' -> 'ftp://v0.ftp.upyun.com/live2dw/assets/moc/miku.2048/texture_00.png' (776,587)
2018-09-05 09:29:39: Copy Confirmed by CheckSum: ftp://v0.ftp.upyun.com/live2dw/assets/moc/miku.moc
2018-09-05 09:29:39: 新建复制 'F:/blog/public/live2dw/assets/moc/miku.moc' -> 'ftp://v0.ftp.upyun.com/live2dw/assets/moc/miku.moc' (192,026)
2018-09-05 09:29:40: Copy Confirmed by CheckSum: ftp://v0.ftp.upyun.com/live2dw/assets/mtn/miku_m_01.mtn
2018-09-05 09:29:40: 新建复制 'F:/blog/public/live2dw/assets/mtn/miku_m_01.mtn' -> 'ftp://v0.ftp.upyun.com/live2dw/assets/mtn/miku_m_01.mtn' (1,090)
2018-09-05 09:29:41: Copy Confirmed by CheckSum: ftp://v0.ftp.upyun.com/live2dw/assets/mtn/miku_m_02.mtn
2018-09-05 09:29:41: 新建复制 'F:/blog/public/live2dw/assets/mtn/miku_m_02.mtn' -> 'ftp://v0.ftp.upyun.com/live2dw/assets/mtn/miku_m_02.mtn' (2,682)
2018-09-05 09:29:41: Copy Confirmed by CheckSum: ftp://v0.ftp.upyun.com/live2dw/assets/mtn/miku_m_04.mtn
2018-09-05 09:29:41: 新建复制 'F:/blog/public/live2dw/assets/mtn/miku_m_04.mtn' -> 'ftp://v0.ftp.upyun.com/live2dw/assets/mtn/miku_m_04.mtn' (1,859)
2018-09-05 09:29:42: Copy Confirmed by CheckSum: ftp://v0.ftp.upyun.com/live2dw/assets/mtn/miku_m_05.mtn
2018-09-05 09:29:42: 新建复制 'F:/blog/public/live2dw/assets/mtn/miku_m_05.mtn' -> 'ftp://v0.ftp.upyun.com/live2dw/assets/mtn/miku_m_05.mtn' (3,980)
2018-09-05 09:29:43: Copy Confirmed by CheckSum: ftp://v0.ftp.upyun.com/live2dw/assets/mtn/miku_m_06.mtn
2018-09-05 09:29:43: 新建复制 'F:/blog/public/live2dw/assets/mtn/miku_m_06.mtn' -> 'ftp://v0.ftp.upyun.com/live2dw/assets/mtn/miku_m_06.mtn' (1,700)
2018-09-05 09:29:44: Copy Confirmed by CheckSum: ftp://v0.ftp.upyun.com/live2dw/assets/mtn/miku_shake_01.mtn
2018-09-05 09:29:44: 新建复制 'F:/blog/public/live2dw/assets/mtn/miku_shake_01.mtn' -> 'ftp://v0.ftp.upyun.com/live2dw/assets/mtn/miku_shake_01.mtn' (4,134)
2018-09-05 09:29:45: Copy Confirmed by CheckSum: ftp://v0.ftp.upyun.com/live2dw/lib/L2Dwidget.0.min.js.map
2018-09-05 09:29:45: 新建复制 'F:/blog/public/live2dw/lib/L2Dwidget.0.min.js.map' -> 'ftp://v0.ftp.upyun.com/live2dw/lib/L2Dwidget.0.min.js.map' (547,017)
2018-09-05 09:29:46: Copy Confirmed by CheckSum: ftp://v0.ftp.upyun.com/live2dw/lib/L2Dwidget.min.js
2018-09-05 09:29:46: 新建复制 'F:/blog/public/live2dw/lib/L2Dwidget.min.js' -> 'ftp://v0.ftp.upyun.com/live2dw/lib/L2Dwidget.min.js' (32,560)
2018-09-05 09:29:47: Copy Confirmed by CheckSum: ftp://v0.ftp.upyun.com/live2dw/lib/L2Dwidget.min.js.map
2018-09-05 09:29:47: 新建复制 'F:/blog/public/live2dw/lib/L2Dwidget.min.js.map' -> 'ftp://v0.ftp.upyun.com/live2dw/lib/L2Dwidget.min.js.map' (176,224)
2018-09-05 09:29:48: Copy Confirmed by CheckSum: ftp://v0.ftp.upyun.com/post/12acf01b.html
2018-09-05 09:29:48: 新建复制 'F:/blog/public/post/12acf01b.html' -> 'ftp://v0.ftp.upyun.com/post/12acf01b.html' (47,104)
2018-09-05 09:29:49: Copy Confirmed by CheckSum: ftp://v0.ftp.upyun.com/post/13c8d3a0.html
2018-09-05 09:29:49: 新建复制 'F:/blog/public/post/13c8d3a0.html' -> 'ftp://v0.ftp.upyun.com/post/13c8d3a0.html' (93,323)
2018-09-05 09:29:50: Copy Confirmed by CheckSum: ftp://v0.ftp.upyun.com/post/16dd4349.html
2018-09-05 09:29:50: 新建复制 'F:/blog/public/post/16dd4349.html' -> 'ftp://v0.ftp.upyun.com/post/16dd4349.html' (46,394)
2018-09-05 09:29:51: Copy Confirmed by CheckSum: ftp://v0.ftp.upyun.com/post/1bb05bfb.html
2018-09-05 09:29:51: 新建复制 'F:/blog/public/post/1bb05bfb.html' -> 'ftp://v0.ftp.upyun.com/post/1bb05bfb.html' (44,309)
2018-09-05 09:29:52: Copy Confirmed by CheckSum: ftp://v0.ftp.upyun.com/post/47112e7a.html
2018-09-05 09:29:52: 新建复制 'F:/blog/public/post/47112e7a.html' -> 'ftp://v0.ftp.upyun.com/post/47112e7a.html' (51,131)
2018-09-05 09:29:53: Copy Confirmed by CheckSum: ftp://v0.ftp.upyun.com/post/4a17b156.html
2018-09-05 09:29:53: 新建复制 'F:/blog/public/post/4a17b156.html' -> 'ftp://v0.ftp.upyun.com/post/4a17b156.html' (42,363)
2018-09-05 09:29:54: Copy Confirmed by CheckSum: ftp://v0.ftp.upyun.com/post/53b2030c.html
2018-09-05 09:29:54: 新建复制 'F:/blog/public/post/53b2030c.html' -> 'ftp://v0.ftp.upyun.com/post/53b2030c.html' (43,969)
2018-09-05 09:29:54: Copy Confirmed by CheckSum: ftp://v0.ftp.upyun.com/post/60a25379.html
2018-09-05 09:29:54: 新建复制 'F:/blog/public/post/60a25379.html' -> 'ftp://v0.ftp.upyun.com/post/60a25379.html' (58,566)
2018-09-05 09:29:55: Copy Confirmed by CheckSum: ftp://v0.ftp.upyun.com/post/6d7b9178.html
2018-09-05 09:29:55: 新建复制 'F:/blog/public/post/6d7b9178.html' -> 'ftp://v0.ftp.upyun.com/post/6d7b9178.html' (60,066)
2018-09-05 09:29:56: Copy Confirmed by CheckSum: ftp://v0.ftp.upyun.com/post/72dd6893.html
2018-09-05 09:29:56: 新建复制 'F:/blog/public/post/72dd6893.html' -> 'ftp://v0.ftp.upyun.com/post/72dd6893.html' (53,919)
2018-09-05 09:29:57: Copy Confirmed by CheckSum: ftp://v0.ftp.upyun.com/post/a11ee691.html
2018-09-05 09:29:57: 新建复制 'F:/blog/public/post/a11ee691.html' -> 'ftp://v0.ftp.upyun.com/post/a11ee691.html' (40,981)
2018-09-05 09:29:58: Copy Confirmed by CheckSum: ftp://v0.ftp.upyun.com/post/a84d1ef1.html
2018-09-05 09:29:58: 新建复制 'F:/blog/public/post/a84d1ef1.html' -> 'ftp://v0.ftp.upyun.com/post/a84d1ef1.html' (58,812)
2018-09-05 09:29:59: Copy Confirmed by CheckSum: ftp://v0.ftp.upyun.com/post/c9feff90.html
2018-09-05 09:29:59: 新建复制 'F:/blog/public/post/c9feff90.html' -> 'ftp://v0.ftp.upyun.com/post/c9feff90.html' (43,077)
2018-09-05 09:30:00: Copy Confirmed by CheckSum: ftp://v0.ftp.upyun.com/post/fa20dd9d.html
2018-09-05 09:30:00: 新建复制 'F:/blog/public/post/fa20dd9d.html' -> 'ftp://v0.ftp.upyun.com/post/fa20dd9d.html' (69,438)
2018-09-05 09:30:01: Copy Confirmed by CheckSum: ftp://v0.ftp.upyun.com/post/fdf0e152.html
2018-09-05 09:30:01: 新建复制 'F:/blog/public/post/fdf0e152.html' -> 'ftp://v0.ftp.upyun.com/post/fdf0e152.html' (40,900)
2018-09-05 09:30:02: Copy Confirmed by CheckSum: ftp://v0.ftp.upyun.com/post/fec62b1b.html
2018-09-05 09:30:02: 新建复制 'F:/blog/public/post/fec62b1b.html' -> 'ftp://v0.ftp.upyun.com/post/fec62b1b.html' (48,967)
2018-09-05 09:30:03: Copy Confirmed by CheckSum: ftp://v0.ftp.upyun.com/README.md
2018-09-05 09:30:03: 新建复制 'F:/blog/public/README.md' -> 'ftp://v0.ftp.upyun.com/README.md' (68)
2018-09-05 09:30:04: Copy Confirmed by CheckSum: ftp://v0.ftp.upyun.com/search.xml
2018-09-05 09:30:04: 新建复制 'F:/blog/public/search.xml' -> 'ftp://v0.ftp.upyun.com/search.xml' (247,610)
2018-09-05 09:30:05: Copy Confirmed by CheckSum: ftp://v0.ftp.upyun.com/tags/C语言/index.html
2018-09-05 09:30:05: 新建复制 'F:/blog/public/tags/C语言/index.html' -> 'ftp://v0.ftp.upyun.com/tags/C语言/index.html' (32,900)
2018-09-05 09:30:06: Copy Confirmed by CheckSum: ftp://v0.ftp.upyun.com/tags/ICT/index.html
2018-09-05 09:30:06: 新建复制 'F:/blog/public/tags/ICT/index.html' -> 'ftp://v0.ftp.upyun.com/tags/ICT/index.html' (34,381)
2018-09-05 09:30:07: Copy Confirmed by CheckSum: ftp://v0.ftp.upyun.com/tags/Java/index.html
2018-09-05 09:30:07: 新建复制 'F:/blog/public/tags/Java/index.html' -> 'ftp://v0.ftp.upyun.com/tags/Java/index.html' (33,596)
2018-09-05 09:30:07: Copy Confirmed by CheckSum: ftp://v0.ftp.upyun.com/tags/uefi/index.html
2018-09-05 09:30:07: 新建复制 'F:/blog/public/tags/uefi/index.html' -> 'ftp://v0.ftp.upyun.com/tags/uefi/index.html' (32,915)
2018-09-05 09:30:08: Copy Confirmed by CheckSum: ftp://v0.ftp.upyun.com/tags/vps/index.html
2018-09-05 09:30:08: 新建复制 'F:/blog/public/tags/vps/index.html' -> 'ftp://v0.ftp.upyun.com/tags/vps/index.html' (32,910)
2018-09-05 09:30:09: Copy Confirmed by CheckSum: ftp://v0.ftp.upyun.com/tags/数据库/index.html
2018-09-05 09:30:09: 新建复制 'F:/blog/public/tags/数据库/index.html' -> 'ftp://v0.ftp.upyun.com/tags/数据库/index.html' (32,927)
2018-09-05 09:30:10: Copy Confirmed by CheckSum: ftp://v0.ftp.upyun.com/tags/数据通信/index.html
2018-09-05 09:30:10: 新建复制 'F:/blog/public/tags/数据通信/index.html' -> 'ftp://v0.ftp.upyun.com/tags/数据通信/index.html' (34,417)
2018-09-05 09:30:11: Copy Confirmed by CheckSum: ftp://v0.ftp.upyun.com/tags/网络/index.html
2018-09-05 09:30:11: 新建复制 'F:/blog/public/tags/网络/index.html' -> 'ftp://v0.ftp.upyun.com/tags/网络/index.html' (32,896)
2018-09-05 09:30:12: Copy Confirmed by CheckSum: ftp://v0.ftp.upyun.com/tags/课程设计/index.html
2018-09-05 09:30:12: 新建复制 'F:/blog/public/tags/课程设计/index.html' -> 'ftp://v0.ftp.upyun.com/tags/课程设计/index.html' (32,920)
2018-09-05 09:30:13: Copy Confirmed by CheckSum: ftp://v0.ftp.upyun.com/top/index.html
2018-09-05 09:30:13: 新建复制 'F:/blog/public/top/index.html' -> 'ftp://v0.ftp.upyun.com/top/index.html' (32,761)
2018-09-05 09:30:14: == 同步完成. 历时: 00:01:53, 速度: 62.7 KB/s, 完成: 124, 错误: 0
2018-09-05 09:30:14: 
